[ 2015-04-16T18:36:00+08:00 ] 16.165.4.52 /thinkaaron/index.php/home/index/insert
INFO: [ app_init ] --START--
INFO: Run Behavior\BuildLiteBehavior [ RunTime:0.000041s ]
INFO: [ app_init ] --END-- [ RunTime:0.000758s ]
INFO: [ app_begin ] --START--
INFO: Run Behavior\ReadHtmlCacheBehavior [ RunTime:0.001159s ]
INFO: [ app_begin ] --END-- [ RunTime:0.001390s ]
SQL: SELECT   column_name,   data_type,   column_default,   is_nullable
        FROM    information_schema.tables AS t
        JOIN    information_schema.columns AS c
        ON  t.table_catalog = c.table_catalog
        AND t.table_schema  = c.table_schema
        AND t.table_name    = c.table_name
        WHERE   t.table_name = 'dbo.option__view' [ RunTime:0.000319s ]
NOTIC: [2] mssql_query() [<a href='function.mssql-query'>function.mssql-query</a>]: message: Violation of PRIMARY KEY constraint 'PK_Option_View'. Cannot insert duplicate key in object 'dbo.Option_view'. (severity 14) C:\wamp\www\thinkaaron\Optionkitting\Home\Controller\IndexController.class.php 第 34 行.
NOTIC: [2] mssql_query() [<a href='function.mssql-query'>function.mssql-query</a>]: Query failed C:\wamp\www\thinkaaron\Optionkitting\Home\Controller\IndexController.class.php 第 34 行.
NOTIC: [2] mssql_query() [<a href='function.mssql-query'>function.mssql-query</a>]: message: Violation of PRIMARY KEY constraint 'PK_Option_SKU'. Cannot insert duplicate key in object 'dbo.Option_SKU'. (severity 14) C:\wamp\www\thinkaaron\Optionkitting\Home\Controller\IndexController.class.php 第 43 行.
NOTIC: [2] mssql_query() [<a href='function.mssql-query'>function.mssql-query</a>]: Query failed C:\wamp\www\thinkaaron\Optionkitting\Home\Controller\IndexController.class.php 第 43 行.
NOTIC: [2] mssql_query() [<a href='function.mssql-query'>function.mssql-query</a>]: message: Violation of PRIMARY KEY constraint 'PK_Option_View'. Cannot insert duplicate key in object 'dbo.Option_view'. (severity 14) C:\wamp\www\thinkaaron\Optionkitting\Home\Controller\IndexController.class.php 第 34 行.
NOTIC: [2] mssql_query() [<a href='function.mssql-query'>function.mssql-query</a>]: Query failed C:\wamp\www\thinkaaron\Optionkitting\Home\Controller\IndexController.class.php 第 34 行.
NOTIC: [2] mssql_query() [<a href='function.mssql-query'>function.mssql-query</a>]: message: Violation of PRIMARY KEY constraint 'PK_Option_SKU'. Cannot insert duplicate key in object 'dbo.Option_SKU'. (severity 14) C:\wamp\www\thinkaaron\Optionkitting\Home\Controller\IndexController.class.php 第 43 行.
NOTIC: [2] mssql_query() [<a href='function.mssql-query'>function.mssql-query</a>]: Query failed C:\wamp\www\thinkaaron\Optionkitting\Home\Controller\IndexController.class.php 第 43 行.
NOTIC: [2] mssql_query() [<a href='function.mssql-query'>function.mssql-query</a>]: message: Violation of PRIMARY KEY constraint 'PK_Option_View'. Cannot insert duplicate key in object 'dbo.Option_view'. (severity 14) C:\wamp\www\thinkaaron\Optionkitting\Home\Controller\IndexController.class.php 第 34 行.
NOTIC: [2] mssql_query() [<a href='function.mssql-query'>function.mssql-query</a>]: Query failed C:\wamp\www\thinkaaron\Optionkitting\Home\Controller\IndexController.class.php 第 34 行.
NOTIC: [2] mssql_query() [<a href='function.mssql-query'>function.mssql-query</a>]: message: Violation of PRIMARY KEY constraint 'PK_Option_SKU'. Cannot insert duplicate key in object 'dbo.Option_SKU'. (severity 14) C:\wamp\www\thinkaaron\Optionkitting\Home\Controller\IndexController.class.php 第 43 行.
NOTIC: [2] mssql_query() [<a href='function.mssql-query'>function.mssql-query</a>]: Query failed C:\wamp\www\thinkaaron\Optionkitting\Home\Controller\IndexController.class.php 第 43 行.
NOTIC: [2] mssql_query() [<a href='function.mssql-query'>function.mssql-query</a>]: message: Violation of PRIMARY KEY constraint 'PK_Option_View'. Cannot insert duplicate key in object 'dbo.Option_view'. (severity 14) C:\wamp\www\thinkaaron\Optionkitting\Home\Controller\IndexController.class.php 第 34 行.
NOTIC: [2] mssql_query() [<a href='function.mssql-query'>function.mssql-query</a>]: Query failed C:\wamp\www\thinkaaron\Optionkitting\Home\Controller\IndexController.class.php 第 34 行.
NOTIC: [2] mssql_query() [<a href='function.mssql-query'>function.mssql-query</a>]: message: Violation of PRIMARY KEY constraint 'PK_Option_SKU'. Cannot insert duplicate key in object 'dbo.Option_SKU'. (severity 14) C:\wamp\www\thinkaaron\Optionkitting\Home\Controller\IndexController.class.php 第 43 行.
NOTIC: [2] mssql_query() [<a href='function.mssql-query'>function.mssql-query</a>]: Query failed C:\wamp\www\thinkaaron\Optionkitting\Home\Controller\IndexController.class.php 第 43 行.
NOTIC: [2] mssql_query() [<a href='function.mssql-query'>function.mssql-query</a>]: message: Violation of PRIMARY KEY constraint 'PK_Option_View'. Cannot insert duplicate key in object 'dbo.Option_view'. (severity 14) C:\wamp\www\thinkaaron\Optionkitting\Home\Controller\IndexController.class.php 第 34 行.
NOTIC: [2] mssql_query() [<a href='function.mssql-query'>function.mssql-query</a>]: Query failed C:\wamp\www\thinkaaron\Optionkitting\Home\Controller\IndexController.class.php 第 34 行.
NOTIC: [2] mssql_query() [<a href='function.mssql-query'>function.mssql-query</a>]: message: Violation of PRIMARY KEY constraint 'PK_Option_SKU'. Cannot insert duplicate key in object 'dbo.Option_SKU'. (severity 14) C:\wamp\www\thinkaaron\Optionkitting\Home\Controller\IndexController.class.php 第 43 行.
NOTIC: [2] mssql_query() [<a href='function.mssql-query'>function.mssql-query</a>]: Query failed C:\wamp\www\thinkaaron\Optionkitting\Home\Controller\IndexController.class.php 第 43 行.
NOTIC: [2] mssql_query() [<a href='function.mssql-query'>function.mssql-query</a>]: message: Violation of PRIMARY KEY constraint 'PK_Option_View'. Cannot insert duplicate key in object 'dbo.Option_view'. (severity 14) C:\wamp\www\thinkaaron\Optionkitting\Home\Controller\IndexController.class.php 第 34 行.
NOTIC: [2] mssql_query() [<a href='function.mssql-query'>function.mssql-query</a>]: Query failed C:\wamp\www\thinkaaron\Optionkitting\Home\Controller\IndexController.class.php 第 34 行.
NOTIC: [2] mssql_query() [<a href='function.mssql-query'>function.mssql-query</a>]: message: Violation of PRIMARY KEY constraint 'PK_Option_SKU'. Cannot insert duplicate key in object 'dbo.Option_SKU'. (severity 14) C:\wamp\www\thinkaaron\Optionkitting\Home\Controller\IndexController.class.php 第 43 行.
NOTIC: [2] mssql_query() [<a href='function.mssql-query'>function.mssql-query</a>]: Query failed C:\wamp\www\thinkaaron\Optionkitting\Home\Controller\IndexController.class.php 第 43 行.
NOTIC: [2] mssql_query() [<a href='function.mssql-query'>function.mssql-query</a>]: message: Violation of PRIMARY KEY constraint 'PK_Option_View'. Cannot insert duplicate key in object 'dbo.Option_view'. (severity 14) C:\wamp\www\thinkaaron\Optionkitting\Home\Controller\IndexController.class.php 第 34 行.
NOTIC: [2] mssql_query() [<a href='function.mssql-query'>function.mssql-query</a>]: Query failed C:\wamp\www\thinkaaron\Optionkitting\Home\Controller\IndexController.class.php 第 34 行.
NOTIC: [2] mssql_query() [<a href='function.mssql-query'>function.mssql-query</a>]: message: Violation of PRIMARY KEY constraint 'PK_Option_SKU'. Cannot insert duplicate key in object 'dbo.Option_SKU'. (severity 14) C:\wamp\www\thinkaaron\Optionkitting\Home\Controller\IndexController.class.php 第 43 行.
NOTIC: [2] mssql_query() [<a href='function.mssql-query'>function.mssql-query</a>]: Query failed C:\wamp\www\thinkaaron\Optionkitting\Home\Controller\IndexController.class.php 第 43 行.
NOTIC: [2] mssql_query() [<a href='function.mssql-query'>function.mssql-query</a>]: message: Violation of PRIMARY KEY constraint 'PK_Option_View'. Cannot insert duplicate key in object 'dbo.Option_view'. (severity 14) C:\wamp\www\thinkaaron\Optionkitting\Home\Controller\IndexController.class.php 第 34 行.
NOTIC: [2] mssql_query() [<a href='function.mssql-query'>function.mssql-query</a>]: Query failed C:\wamp\www\thinkaaron\Optionkitting\Home\Controller\IndexController.class.php 第 34 行.
NOTIC: [2] mssql_query() [<a href='function.mssql-query'>function.mssql-query</a>]: message: Violation of PRIMARY KEY constraint 'PK_Option_SKU'. Cannot insert duplicate key in object 'dbo.Option_SKU'. (severity 14) C:\wamp\www\thinkaaron\Optionkitting\Home\Controller\IndexController.class.php 第 43 行.
NOTIC: [2] mssql_query() [<a href='function.mssql-query'>function.mssql-query</a>]: Query failed C:\wamp\www\thinkaaron\Optionkitting\Home\Controller\IndexController.class.php 第 43 行.
NOTIC: [8] iconv() [<a href='function.iconv'>function.iconv</a>]: Detected an illegal character in input string C:\wamp\www\thinkaaron\Optionkitting\Home\Controller\IndexController.class.php 第 32 行.
NOTIC: [2] mssql_query() [<a href='function.mssql-query'>function.mssql-query</a>]: message: Unclosed quotation mark after the character string '?'. (severity 15) C:\wamp\www\thinkaaron\Optionkitting\Home\Controller\IndexController.class.php 第 34 行.
NOTIC: [2] mssql_query() [<a href='function.mssql-query'>function.mssql-query</a>]: message: Incorrect syntax near '?'. (severity 15) C:\wamp\www\thinkaaron\Optionkitting\Home\Controller\IndexController.class.php 第 34 行.
NOTIC: [2] mssql_query() [<a href='function.mssql-query'>function.mssql-query</a>]: Query failed C:\wamp\www\thinkaaron\Optionkitting\Home\Controller\IndexController.class.php 第 34 行.
NOTIC: [8] iconv() [<a href='function.iconv'>function.iconv</a>]: Detected an illegal character in input string C:\wamp\www\thinkaaron\Optionkitting\Home\Controller\IndexController.class.php 第 42 行.
NOTIC: [2] mssql_query() [<a href='function.mssql-query'>function.mssql-query</a>]: message: Unclosed quotation mark after the character string '?'. (severity 15) C:\wamp\www\thinkaaron\Optionkitting\Home\Controller\IndexController.class.php 第 43 行.
NOTIC: [2] mssql_query() [<a href='function.mssql-query'>function.mssql-query</a>]: message: Incorrect syntax near '?'. (severity 15) C:\wamp\www\thinkaaron\Optionkitting\Home\Controller\IndexController.class.php 第 43 行.
NOTIC: [2] mssql_query() [<a href='function.mssql-query'>function.mssql-query</a>]: Query failed C:\wamp\www\thinkaaron\Optionkitting\Home\Controller\IndexController.class.php 第 43 行.
NOTIC: [2] mssql_query() [<a href='function.mssql-query'>function.mssql-query</a>]: message: Violation of PRIMARY KEY constraint 'PK_Option_View'. Cannot insert duplicate key in object 'dbo.Option_view'. (severity 14) C:\wamp\www\thinkaaron\Optionkitting\Home\Controller\IndexController.class.php 第 34 行.
NOTIC: [2] mssql_query() [<a href='function.mssql-query'>function.mssql-query</a>]: Query failed C:\wamp\www\thinkaaron\Optionkitting\Home\Controller\IndexController.class.php 第 34 行.
NOTIC: [2] mssql_query() [<a href='function.mssql-query'>function.mssql-query</a>]: message: Violation of PRIMARY KEY constraint 'PK_Option_SKU'. Cannot insert duplicate key in object 'dbo.Option_SKU'. (severity 14) C:\wamp\www\thinkaaron\Optionkitting\Home\Controller\IndexController.class.php 第 43 行.
NOTIC: [2] mssql_query() [<a href='function.mssql-query'>function.mssql-query</a>]: Query failed C:\wamp\www\thinkaaron\Optionkitting\Home\Controller\IndexController.class.php 第 43 行.
NOTIC: [2] mssql_query() [<a href='function.mssql-query'>function.mssql-query</a>]: message: Violation of PRIMARY KEY constraint 'PK_Option_View'. Cannot insert duplicate key in object 'dbo.Option_view'. (severity 14) C:\wamp\www\thinkaaron\Optionkitting\Home\Controller\IndexController.class.php 第 34 行.
NOTIC: [2] mssql_query() [<a href='function.mssql-query'>function.mssql-query</a>]: Query failed C:\wamp\www\thinkaaron\Optionkitting\Home\Controller\IndexController.class.php 第 34 行.
NOTIC: [2] mssql_query() [<a href='function.mssql-query'>function.mssql-query</a>]: message: Violation of PRIMARY KEY constraint 'PK_Option_SKU'. Cannot insert duplicate key in object 'dbo.Option_SKU'. (severity 14) C:\wamp\www\thinkaaron\Optionkitting\Home\Controller\IndexController.class.php 第 43 行.
NOTIC: [2] mssql_query() [<a href='function.mssql-query'>function.mssql-query</a>]: Query failed C:\wamp\www\thinkaaron\Optionkitting\Home\Controller\IndexController.class.php 第 43 行.
NOTIC: [2] mssql_query() [<a href='function.mssql-query'>function.mssql-query</a>]: message: Violation of PRIMARY KEY constraint 'PK_Option_View'. Cannot insert duplicate key in object 'dbo.Option_view'. (severity 14) C:\wamp\www\thinkaaron\Optionkitting\Home\Controller\IndexController.class.php 第 34 行.
NOTIC: [2] mssql_query() [<a href='function.mssql-query'>function.mssql-query</a>]: Query failed C:\wamp\www\thinkaaron\Optionkitting\Home\Controller\IndexController.class.php 第 34 行.
NOTIC: [2] mssql_query() [<a href='function.mssql-query'>function.mssql-query</a>]: message: Violation of PRIMARY KEY constraint 'PK_Option_SKU'. Cannot insert duplicate key in object 'dbo.Option_SKU'. (severity 14) C:\wamp\www\thinkaaron\Optionkitting\Home\Controller\IndexController.class.php 第 43 行.
NOTIC: [2] mssql_query() [<a href='function.mssql-query'>function.mssql-query</a>]: Query failed C:\wamp\www\thinkaaron\Optionkitting\Home\Controller\IndexController.class.php 第 43 行.
INFO: [ app_end ] --START--
INFO: Run Behavior\ShowPageTraceBehavior [ RunTime:0.001386s ]
INFO: [ app_end ] --END-- [ RunTime:0.001597s ]

[ 2015-04-16T18:37:08+08:00 ] 16.165.4.52 /thinkaaron/index.php/home/index/delete
INFO: [ app_init ] --START--
INFO: Run Behavior\BuildLiteBehavior [ RunTime:0.000040s ]
INFO: [ app_init ] --END-- [ RunTime:0.000755s ]
INFO: [ app_begin ] --START--
INFO: Run Behavior\ReadHtmlCacheBehavior [ RunTime:0.001083s ]
INFO: [ app_begin ] --END-- [ RunTime:0.001312s ]
SQL: SELECT   column_name,   data_type,   column_default,   is_nullable
        FROM    information_schema.tables AS t
        JOIN    information_schema.columns AS c
        ON  t.table_catalog = c.table_catalog
        AND t.table_schema  = c.table_schema
        AND t.table_name    = c.table_name
        WHERE   t.table_name = 'dbo.option__s_k_u' [ RunTime:0.000438s ]
INFO: [ app_end ] --START--
INFO: Run Behavior\ShowPageTraceBehavior [ RunTime:0.001157s ]
INFO: [ app_end ] --END-- [ RunTime:0.001359s ]

