[ 2015-04-01T16:26:43+08:00 ] 16.165.4.135 /thinkaaron/index.php/home/index/insert
INFO: [ app_init ] --START--
INFO: Run Behavior\BuildLiteBehavior [ RunTime:0.000036s ]
INFO: [ app_init ] --END-- [ RunTime:0.000623s ]
INFO: [ app_begin ] --START--
INFO: Run Behavior\ReadHtmlCacheBehavior [ RunTime:0.000825s ]
INFO: [ app_begin ] --END-- [ RunTime:0.001003s ]
SQL: SELECT   column_name,   data_type,   column_default,   is_nullable
        FROM    information_schema.tables AS t
        JOIN    information_schema.columns AS c
        ON  t.table_catalog = c.table_catalog
        AND t.table_schema  = c.table_schema
        AND t.table_name    = c.table_name
        WHERE   t.table_name = 'dbo.option__view' [ RunTime:0.000462s ]
NOTIC: [2] mssql_query() [<a href='function.mssql-query'>function.mssql-query</a>]: message: Violation of PRIMARY KEY constraint 'PK_Option_View'. Cannot insert duplicate key in object 'dbo.Option_view'. (severity 14) C:\wamp\www\thinkaaron\Optionkitting\Home\Controller\IndexController.class.php 第 34 行.
NOTIC: [2] mssql_query() [<a href='function.mssql-query'>function.mssql-query</a>]: Query failed C:\wamp\www\thinkaaron\Optionkitting\Home\Controller\IndexController.class.php 第 34 行.
NOTIC: [2] mssql_query() [<a href='function.mssql-query'>function.mssql-query</a>]: message: Violation of PRIMARY KEY constraint 'PK_Option_SKU'. Cannot insert duplicate key in object 'dbo.Option_SKU'. (severity 14) C:\wamp\www\thinkaaron\Optionkitting\Home\Controller\IndexController.class.php 第 43 行.
NOTIC: [2] mssql_query() [<a href='function.mssql-query'>function.mssql-query</a>]: Query failed C:\wamp\www\thinkaaron\Optionkitting\Home\Controller\IndexController.class.php 第 43 行.
NOTIC: [2] mssql_query() [<a href='function.mssql-query'>function.mssql-query</a>]: message: Violation of PRIMARY KEY constraint 'PK_Option_View'. Cannot insert duplicate key in object 'dbo.Option_view'. (severity 14) C:\wamp\www\thinkaaron\Optionkitting\Home\Controller\IndexController.class.php 第 34 行.
NOTIC: [2] mssql_query() [<a href='function.mssql-query'>function.mssql-query</a>]: Query failed C:\wamp\www\thinkaaron\Optionkitting\Home\Controller\IndexController.class.php 第 34 行.
NOTIC: [2] mssql_query() [<a href='function.mssql-query'>function.mssql-query</a>]: message: Violation of PRIMARY KEY constraint 'PK_Option_SKU'. Cannot insert duplicate key in object 'dbo.Option_SKU'. (severity 14) C:\wamp\www\thinkaaron\Optionkitting\Home\Controller\IndexController.class.php 第 43 行.
NOTIC: [2] mssql_query() [<a href='function.mssql-query'>function.mssql-query</a>]: Query failed C:\wamp\www\thinkaaron\Optionkitting\Home\Controller\IndexController.class.php 第 43 行.
NOTIC: [2] mssql_query() [<a href='function.mssql-query'>function.mssql-query</a>]: message: Violation of PRIMARY KEY constraint 'PK_Option_View'. Cannot insert duplicate key in object 'dbo.Option_view'. (severity 14) C:\wamp\www\thinkaaron\Optionkitting\Home\Controller\IndexController.class.php 第 34 行.
NOTIC: [2] mssql_query() [<a href='function.mssql-query'>function.mssql-query</a>]: Query failed C:\wamp\www\thinkaaron\Optionkitting\Home\Controller\IndexController.class.php 第 34 行.
NOTIC: [2] mssql_query() [<a href='function.mssql-query'>function.mssql-query</a>]: message: Violation of PRIMARY KEY constraint 'PK_Option_SKU'. Cannot insert duplicate key in object 'dbo.Option_SKU'. (severity 14) C:\wamp\www\thinkaaron\Optionkitting\Home\Controller\IndexController.class.php 第 43 行.
NOTIC: [2] mssql_query() [<a href='function.mssql-query'>function.mssql-query</a>]: Query failed C:\wamp\www\thinkaaron\Optionkitting\Home\Controller\IndexController.class.php 第 43 行.
NOTIC: [2] mssql_query() [<a href='function.mssql-query'>function.mssql-query</a>]: message: Violation of PRIMARY KEY constraint 'PK_Option_View'. Cannot insert duplicate key in object 'dbo.Option_view'. (severity 14) C:\wamp\www\thinkaaron\Optionkitting\Home\Controller\IndexController.class.php 第 34 行.
NOTIC: [2] mssql_query() [<a href='function.mssql-query'>function.mssql-query</a>]: Query failed C:\wamp\www\thinkaaron\Optionkitting\Home\Controller\IndexController.class.php 第 34 行.
NOTIC: [2] mssql_query() [<a href='function.mssql-query'>function.mssql-query</a>]: message: Violation of PRIMARY KEY constraint 'PK_Option_SKU'. Cannot insert duplicate key in object 'dbo.Option_SKU'. (severity 14) C:\wamp\www\thinkaaron\Optionkitting\Home\Controller\IndexController.class.php 第 43 行.
NOTIC: [2] mssql_query() [<a href='function.mssql-query'>function.mssql-query</a>]: Query failed C:\wamp\www\thinkaaron\Optionkitting\Home\Controller\IndexController.class.php 第 43 行.
NOTIC: [2] mssql_query() [<a href='function.mssql-query'>function.mssql-query</a>]: message: Violation of PRIMARY KEY constraint 'PK_Option_View'. Cannot insert duplicate key in object 'dbo.Option_view'. (severity 14) C:\wamp\www\thinkaaron\Optionkitting\Home\Controller\IndexController.class.php 第 34 行.
NOTIC: [2] mssql_query() [<a href='function.mssql-query'>function.mssql-query</a>]: Query failed C:\wamp\www\thinkaaron\Optionkitting\Home\Controller\IndexController.class.php 第 34 行.
NOTIC: [2] mssql_query() [<a href='function.mssql-query'>function.mssql-query</a>]: message: Violation of PRIMARY KEY constraint 'PK_Option_SKU'. Cannot insert duplicate key in object 'dbo.Option_SKU'. (severity 14) C:\wamp\www\thinkaaron\Optionkitting\Home\Controller\IndexController.class.php 第 43 行.
NOTIC: [2] mssql_query() [<a href='function.mssql-query'>function.mssql-query</a>]: Query failed C:\wamp\www\thinkaaron\Optionkitting\Home\Controller\IndexController.class.php 第 43 行.
NOTIC: [2] mssql_query() [<a href='function.mssql-query'>function.mssql-query</a>]: message: Violation of PRIMARY KEY constraint 'PK_Option_View'. Cannot insert duplicate key in object 'dbo.Option_view'. (severity 14) C:\wamp\www\thinkaaron\Optionkitting\Home\Controller\IndexController.class.php 第 34 行.
NOTIC: [2] mssql_query() [<a href='function.mssql-query'>function.mssql-query</a>]: Query failed C:\wamp\www\thinkaaron\Optionkitting\Home\Controller\IndexController.class.php 第 34 行.
NOTIC: [2] mssql_query() [<a href='function.mssql-query'>function.mssql-query</a>]: message: Violation of PRIMARY KEY constraint 'PK_Option_SKU'. Cannot insert duplicate key in object 'dbo.Option_SKU'. (severity 14) C:\wamp\www\thinkaaron\Optionkitting\Home\Controller\IndexController.class.php 第 43 行.
NOTIC: [2] mssql_query() [<a href='function.mssql-query'>function.mssql-query</a>]: Query failed C:\wamp\www\thinkaaron\Optionkitting\Home\Controller\IndexController.class.php 第 43 行.
NOTIC: [2] mssql_query() [<a href='function.mssql-query'>function.mssql-query</a>]: message: Violation of PRIMARY KEY constraint 'PK_Option_View'. Cannot insert duplicate key in object 'dbo.Option_view'. (severity 14) C:\wamp\www\thinkaaron\Optionkitting\Home\Controller\IndexController.class.php 第 34 行.
NOTIC: [2] mssql_query() [<a href='function.mssql-query'>function.mssql-query</a>]: Query failed C:\wamp\www\thinkaaron\Optionkitting\Home\Controller\IndexController.class.php 第 34 行.
NOTIC: [2] mssql_query() [<a href='function.mssql-query'>function.mssql-query</a>]: message: Violation of PRIMARY KEY constraint 'PK_Option_SKU'. Cannot insert duplicate key in object 'dbo.Option_SKU'. (severity 14) C:\wamp\www\thinkaaron\Optionkitting\Home\Controller\IndexController.class.php 第 43 行.
NOTIC: [2] mssql_query() [<a href='function.mssql-query'>function.mssql-query</a>]: Query failed C:\wamp\www\thinkaaron\Optionkitting\Home\Controller\IndexController.class.php 第 43 行.
NOTIC: [2] mssql_query() [<a href='function.mssql-query'>function.mssql-query</a>]: message: Violation of PRIMARY KEY constraint 'PK_Option_View'. Cannot insert duplicate key in object 'dbo.Option_view'. (severity 14) C:\wamp\www\thinkaaron\Optionkitting\Home\Controller\IndexController.class.php 第 34 行.
NOTIC: [2] mssql_query() [<a href='function.mssql-query'>function.mssql-query</a>]: Query failed C:\wamp\www\thinkaaron\Optionkitting\Home\Controller\IndexController.class.php 第 34 行.
NOTIC: [2] mssql_query() [<a href='function.mssql-query'>function.mssql-query</a>]: message: Violation of PRIMARY KEY constraint 'PK_Option_SKU'. Cannot insert duplicate key in object 'dbo.Option_SKU'. (severity 14) C:\wamp\www\thinkaaron\Optionkitting\Home\Controller\IndexController.class.php 第 43 行.
NOTIC: [2] mssql_query() [<a href='function.mssql-query'>function.mssql-query</a>]: Query failed C:\wamp\www\thinkaaron\Optionkitting\Home\Controller\IndexController.class.php 第 43 行.
NOTIC: [2] mssql_query() [<a href='function.mssql-query'>function.mssql-query</a>]: message: Violation of PRIMARY KEY constraint 'PK_Option_View'. Cannot insert duplicate key in object 'dbo.Option_view'. (severity 14) C:\wamp\www\thinkaaron\Optionkitting\Home\Controller\IndexController.class.php 第 34 行.
NOTIC: [2] mssql_query() [<a href='function.mssql-query'>function.mssql-query</a>]: Query failed C:\wamp\www\thinkaaron\Optionkitting\Home\Controller\IndexController.class.php 第 34 行.
NOTIC: [2] mssql_query() [<a href='function.mssql-query'>function.mssql-query</a>]: message: Violation of PRIMARY KEY constraint 'PK_Option_SKU'. Cannot insert duplicate key in object 'dbo.Option_SKU'. (severity 14) C:\wamp\www\thinkaaron\Optionkitting\Home\Controller\IndexController.class.php 第 43 行.
NOTIC: [2] mssql_query() [<a href='function.mssql-query'>function.mssql-query</a>]: Query failed C:\wamp\www\thinkaaron\Optionkitting\Home\Controller\IndexController.class.php 第 43 行.
NOTIC: [2] mssql_query() [<a href='function.mssql-query'>function.mssql-query</a>]: message: Violation of PRIMARY KEY constraint 'PK_Option_View'. Cannot insert duplicate key in object 'dbo.Option_view'. (severity 14) C:\wamp\www\thinkaaron\Optionkitting\Home\Controller\IndexController.class.php 第 34 行.
NOTIC: [2] mssql_query() [<a href='function.mssql-query'>function.mssql-query</a>]: Query failed C:\wamp\www\thinkaaron\Optionkitting\Home\Controller\IndexController.class.php 第 34 行.
NOTIC: [2] mssql_query() [<a href='function.mssql-query'>function.mssql-query</a>]: message: Violation of PRIMARY KEY constraint 'PK_Option_SKU'. Cannot insert duplicate key in object 'dbo.Option_SKU'. (severity 14) C:\wamp\www\thinkaaron\Optionkitting\Home\Controller\IndexController.class.php 第 43 行.
NOTIC: [2] mssql_query() [<a href='function.mssql-query'>function.mssql-query</a>]: Query failed C:\wamp\www\thinkaaron\Optionkitting\Home\Controller\IndexController.class.php 第 43 行.
NOTIC: [2] mssql_query() [<a href='function.mssql-query'>function.mssql-query</a>]: message: Violation of PRIMARY KEY constraint 'PK_Option_View'. Cannot insert duplicate key in object 'dbo.Option_view'. (severity 14) C:\wamp\www\thinkaaron\Optionkitting\Home\Controller\IndexController.class.php 第 34 行.
NOTIC: [2] mssql_query() [<a href='function.mssql-query'>function.mssql-query</a>]: Query failed C:\wamp\www\thinkaaron\Optionkitting\Home\Controller\IndexController.class.php 第 34 行.
NOTIC: [2] mssql_query() [<a href='function.mssql-query'>function.mssql-query</a>]: message: Violation of PRIMARY KEY constraint 'PK_Option_SKU'. Cannot insert duplicate key in object 'dbo.Option_SKU'. (severity 14) C:\wamp\www\thinkaaron\Optionkitting\Home\Controller\IndexController.class.php 第 43 行.
NOTIC: [2] mssql_query() [<a href='function.mssql-query'>function.mssql-query</a>]: Query failed C:\wamp\www\thinkaaron\Optionkitting\Home\Controller\IndexController.class.php 第 43 行.
NOTIC: [2] mssql_query() [<a href='function.mssql-query'>function.mssql-query</a>]: message: Violation of PRIMARY KEY constraint 'PK_Option_View'. Cannot insert duplicate key in object 'dbo.Option_view'. (severity 14) C:\wamp\www\thinkaaron\Optionkitting\Home\Controller\IndexController.class.php 第 34 行.
NOTIC: [2] mssql_query() [<a href='function.mssql-query'>function.mssql-query</a>]: Query failed C:\wamp\www\thinkaaron\Optionkitting\Home\Controller\IndexController.class.php 第 34 行.
NOTIC: [2] mssql_query() [<a href='function.mssql-query'>function.mssql-query</a>]: message: Violation of PRIMARY KEY constraint 'PK_Option_SKU'. Cannot insert duplicate key in object 'dbo.Option_SKU'. (severity 14) C:\wamp\www\thinkaaron\Optionkitting\Home\Controller\IndexController.class.php 第 43 行.
NOTIC: [2] mssql_query() [<a href='function.mssql-query'>function.mssql-query</a>]: Query failed C:\wamp\www\thinkaaron\Optionkitting\Home\Controller\IndexController.class.php 第 43 行.
NOTIC: [2] mssql_query() [<a href='function.mssql-query'>function.mssql-query</a>]: message: Violation of PRIMARY KEY constraint 'PK_Option_View'. Cannot insert duplicate key in object 'dbo.Option_view'. (severity 14) C:\wamp\www\thinkaaron\Optionkitting\Home\Controller\IndexController.class.php 第 34 行.
NOTIC: [2] mssql_query() [<a href='function.mssql-query'>function.mssql-query</a>]: Query failed C:\wamp\www\thinkaaron\Optionkitting\Home\Controller\IndexController.class.php 第 34 行.
NOTIC: [2] mssql_query() [<a href='function.mssql-query'>function.mssql-query</a>]: message: Violation of PRIMARY KEY constraint 'PK_Option_SKU'. Cannot insert duplicate key in object 'dbo.Option_SKU'. (severity 14) C:\wamp\www\thinkaaron\Optionkitting\Home\Controller\IndexController.class.php 第 43 行.
NOTIC: [2] mssql_query() [<a href='function.mssql-query'>function.mssql-query</a>]: Query failed C:\wamp\www\thinkaaron\Optionkitting\Home\Controller\IndexController.class.php 第 43 行.
NOTIC: [2] mssql_query() [<a href='function.mssql-query'>function.mssql-query</a>]: message: Violation of PRIMARY KEY constraint 'PK_Option_View'. Cannot insert duplicate key in object 'dbo.Option_view'. (severity 14) C:\wamp\www\thinkaaron\Optionkitting\Home\Controller\IndexController.class.php 第 34 行.
NOTIC: [2] mssql_query() [<a href='function.mssql-query'>function.mssql-query</a>]: Query failed C:\wamp\www\thinkaaron\Optionkitting\Home\Controller\IndexController.class.php 第 34 行.
NOTIC: [2] mssql_query() [<a href='function.mssql-query'>function.mssql-query</a>]: message: Violation of PRIMARY KEY constraint 'PK_Option_SKU'. Cannot insert duplicate key in object 'dbo.Option_SKU'. (severity 14) C:\wamp\www\thinkaaron\Optionkitting\Home\Controller\IndexController.class.php 第 43 行.
NOTIC: [2] mssql_query() [<a href='function.mssql-query'>function.mssql-query</a>]: Query failed C:\wamp\www\thinkaaron\Optionkitting\Home\Controller\IndexController.class.php 第 43 行.
NOTIC: [2] mssql_query() [<a href='function.mssql-query'>function.mssql-query</a>]: message: Violation of PRIMARY KEY constraint 'PK_Option_View'. Cannot insert duplicate key in object 'dbo.Option_view'. (severity 14) C:\wamp\www\thinkaaron\Optionkitting\Home\Controller\IndexController.class.php 第 34 行.
NOTIC: [2] mssql_query() [<a href='function.mssql-query'>function.mssql-query</a>]: Query failed C:\wamp\www\thinkaaron\Optionkitting\Home\Controller\IndexController.class.php 第 34 行.
NOTIC: [2] mssql_query() [<a href='function.mssql-query'>function.mssql-query</a>]: message: Violation of PRIMARY KEY constraint 'PK_Option_SKU'. Cannot insert duplicate key in object 'dbo.Option_SKU'. (severity 14) C:\wamp\www\thinkaaron\Optionkitting\Home\Controller\IndexController.class.php 第 43 行.
NOTIC: [2] mssql_query() [<a href='function.mssql-query'>function.mssql-query</a>]: Query failed C:\wamp\www\thinkaaron\Optionkitting\Home\Controller\IndexController.class.php 第 43 行.
NOTIC: [2] mssql_query() [<a href='function.mssql-query'>function.mssql-query</a>]: message: Violation of PRIMARY KEY constraint 'PK_Option_View'. Cannot insert duplicate key in object 'dbo.Option_view'. (severity 14) C:\wamp\www\thinkaaron\Optionkitting\Home\Controller\IndexController.class.php 第 34 行.
NOTIC: [2] mssql_query() [<a href='function.mssql-query'>function.mssql-query</a>]: Query failed C:\wamp\www\thinkaaron\Optionkitting\Home\Controller\IndexController.class.php 第 34 行.
NOTIC: [2] mssql_query() [<a href='function.mssql-query'>function.mssql-query</a>]: message: Violation of PRIMARY KEY constraint 'PK_Option_SKU'. Cannot insert duplicate key in object 'dbo.Option_SKU'. (severity 14) C:\wamp\www\thinkaaron\Optionkitting\Home\Controller\IndexController.class.php 第 43 行.
NOTIC: [2] mssql_query() [<a href='function.mssql-query'>function.mssql-query</a>]: Query failed C:\wamp\www\thinkaaron\Optionkitting\Home\Controller\IndexController.class.php 第 43 行.
NOTIC: [2] mssql_query() [<a href='function.mssql-query'>function.mssql-query</a>]: message: Violation of PRIMARY KEY constraint 'PK_Option_View'. Cannot insert duplicate key in object 'dbo.Option_view'. (severity 14) C:\wamp\www\thinkaaron\Optionkitting\Home\Controller\IndexController.class.php 第 34 行.
NOTIC: [2] mssql_query() [<a href='function.mssql-query'>function.mssql-query</a>]: Query failed C:\wamp\www\thinkaaron\Optionkitting\Home\Controller\IndexController.class.php 第 34 行.
NOTIC: [2] mssql_query() [<a href='function.mssql-query'>function.mssql-query</a>]: message: Violation of PRIMARY KEY constraint 'PK_Option_SKU'. Cannot insert duplicate key in object 'dbo.Option_SKU'. (severity 14) C:\wamp\www\thinkaaron\Optionkitting\Home\Controller\IndexController.class.php 第 43 行.
NOTIC: [2] mssql_query() [<a href='function.mssql-query'>function.mssql-query</a>]: Query failed C:\wamp\www\thinkaaron\Optionkitting\Home\Controller\IndexController.class.php 第 43 行.
NOTIC: [2] mssql_query() [<a href='function.mssql-query'>function.mssql-query</a>]: message: Violation of PRIMARY KEY constraint 'PK_Option_View'. Cannot insert duplicate key in object 'dbo.Option_view'. (severity 14) C:\wamp\www\thinkaaron\Optionkitting\Home\Controller\IndexController.class.php 第 34 行.
NOTIC: [2] mssql_query() [<a href='function.mssql-query'>function.mssql-query</a>]: Query failed C:\wamp\www\thinkaaron\Optionkitting\Home\Controller\IndexController.class.php 第 34 行.
NOTIC: [2] mssql_query() [<a href='function.mssql-query'>function.mssql-query</a>]: message: Violation of PRIMARY KEY constraint 'PK_Option_SKU'. Cannot insert duplicate key in object 'dbo.Option_SKU'. (severity 14) C:\wamp\www\thinkaaron\Optionkitting\Home\Controller\IndexController.class.php 第 43 行.
NOTIC: [2] mssql_query() [<a href='function.mssql-query'>function.mssql-query</a>]: Query failed C:\wamp\www\thinkaaron\Optionkitting\Home\Controller\IndexController.class.php 第 43 行.
NOTIC: [2] mssql_query() [<a href='function.mssql-query'>function.mssql-query</a>]: message: Violation of PRIMARY KEY constraint 'PK_Option_View'. Cannot insert duplicate key in object 'dbo.Option_view'. (severity 14) C:\wamp\www\thinkaaron\Optionkitting\Home\Controller\IndexController.class.php 第 34 行.
NOTIC: [2] mssql_query() [<a href='function.mssql-query'>function.mssql-query</a>]: Query failed C:\wamp\www\thinkaaron\Optionkitting\Home\Controller\IndexController.class.php 第 34 行.
NOTIC: [2] mssql_query() [<a href='function.mssql-query'>function.mssql-query</a>]: message: Violation of PRIMARY KEY constraint 'PK_Option_SKU'. Cannot insert duplicate key in object 'dbo.Option_SKU'. (severity 14) C:\wamp\www\thinkaaron\Optionkitting\Home\Controller\IndexController.class.php 第 43 行.
NOTIC: [2] mssql_query() [<a href='function.mssql-query'>function.mssql-query</a>]: Query failed C:\wamp\www\thinkaaron\Optionkitting\Home\Controller\IndexController.class.php 第 43 行.
NOTIC: [2] mssql_query() [<a href='function.mssql-query'>function.mssql-query</a>]: message: Violation of PRIMARY KEY constraint 'PK_Option_View'. Cannot insert duplicate key in object 'dbo.Option_view'. (severity 14) C:\wamp\www\thinkaaron\Optionkitting\Home\Controller\IndexController.class.php 第 34 行.
NOTIC: [2] mssql_query() [<a href='function.mssql-query'>function.mssql-query</a>]: Query failed C:\wamp\www\thinkaaron\Optionkitting\Home\Controller\IndexController.class.php 第 34 行.
NOTIC: [2] mssql_query() [<a href='function.mssql-query'>function.mssql-query</a>]: message: Violation of PRIMARY KEY constraint 'PK_Option_SKU'. Cannot insert duplicate key in object 'dbo.Option_SKU'. (severity 14) C:\wamp\www\thinkaaron\Optionkitting\Home\Controller\IndexController.class.php 第 43 行.
NOTIC: [2] mssql_query() [<a href='function.mssql-query'>function.mssql-query</a>]: Query failed C:\wamp\www\thinkaaron\Optionkitting\Home\Controller\IndexController.class.php 第 43 行.
NOTIC: [2] mssql_query() [<a href='function.mssql-query'>function.mssql-query</a>]: message: Violation of PRIMARY KEY constraint 'PK_Option_View'. Cannot insert duplicate key in object 'dbo.Option_view'. (severity 14) C:\wamp\www\thinkaaron\Optionkitting\Home\Controller\IndexController.class.php 第 34 行.
NOTIC: [2] mssql_query() [<a href='function.mssql-query'>function.mssql-query</a>]: Query failed C:\wamp\www\thinkaaron\Optionkitting\Home\Controller\IndexController.class.php 第 34 行.
NOTIC: [2] mssql_query() [<a href='function.mssql-query'>function.mssql-query</a>]: message: Violation of PRIMARY KEY constraint 'PK_Option_SKU'. Cannot insert duplicate key in object 'dbo.Option_SKU'. (severity 14) C:\wamp\www\thinkaaron\Optionkitting\Home\Controller\IndexController.class.php 第 43 行.
NOTIC: [2] mssql_query() [<a href='function.mssql-query'>function.mssql-query</a>]: Query failed C:\wamp\www\thinkaaron\Optionkitting\Home\Controller\IndexController.class.php 第 43 行.
NOTIC: [2] mssql_query() [<a href='function.mssql-query'>function.mssql-query</a>]: message: Violation of PRIMARY KEY constraint 'PK_Option_View'. Cannot insert duplicate key in object 'dbo.Option_view'. (severity 14) C:\wamp\www\thinkaaron\Optionkitting\Home\Controller\IndexController.class.php 第 34 行.
NOTIC: [2] mssql_query() [<a href='function.mssql-query'>function.mssql-query</a>]: Query failed C:\wamp\www\thinkaaron\Optionkitting\Home\Controller\IndexController.class.php 第 34 行.
NOTIC: [2] mssql_query() [<a href='function.mssql-query'>function.mssql-query</a>]: message: Violation of PRIMARY KEY constraint 'PK_Option_SKU'. Cannot insert duplicate key in object 'dbo.Option_SKU'. (severity 14) C:\wamp\www\thinkaaron\Optionkitting\Home\Controller\IndexController.class.php 第 43 行.
NOTIC: [2] mssql_query() [<a href='function.mssql-query'>function.mssql-query</a>]: Query failed C:\wamp\www\thinkaaron\Optionkitting\Home\Controller\IndexController.class.php 第 43 行.
NOTIC: [2] mssql_query() [<a href='function.mssql-query'>function.mssql-query</a>]: message: Violation of PRIMARY KEY constraint 'PK_Option_View'. Cannot insert duplicate key in object 'dbo.Option_view'. (severity 14) C:\wamp\www\thinkaaron\Optionkitting\Home\Controller\IndexController.class.php 第 34 行.
NOTIC: [2] mssql_query() [<a href='function.mssql-query'>function.mssql-query</a>]: Query failed C:\wamp\www\thinkaaron\Optionkitting\Home\Controller\IndexController.class.php 第 34 行.
NOTIC: [2] mssql_query() [<a href='function.mssql-query'>function.mssql-query</a>]: message: Violation of PRIMARY KEY constraint 'PK_Option_SKU'. Cannot insert duplicate key in object 'dbo.Option_SKU'. (severity 14) C:\wamp\www\thinkaaron\Optionkitting\Home\Controller\IndexController.class.php 第 43 行.
NOTIC: [2] mssql_query() [<a href='function.mssql-query'>function.mssql-query</a>]: Query failed C:\wamp\www\thinkaaron\Optionkitting\Home\Controller\IndexController.class.php 第 43 行.
NOTIC: [2] mssql_query() [<a href='function.mssql-query'>function.mssql-query</a>]: message: Violation of PRIMARY KEY constraint 'PK_Option_View'. Cannot insert duplicate key in object 'dbo.Option_view'. (severity 14) C:\wamp\www\thinkaaron\Optionkitting\Home\Controller\IndexController.class.php 第 34 行.
NOTIC: [2] mssql_query() [<a href='function.mssql-query'>function.mssql-query</a>]: Query failed C:\wamp\www\thinkaaron\Optionkitting\Home\Controller\IndexController.class.php 第 34 行.
NOTIC: [2] mssql_query() [<a href='function.mssql-query'>function.mssql-query</a>]: message: Violation of PRIMARY KEY constraint 'PK_Option_SKU'. Cannot insert duplicate key in object 'dbo.Option_SKU'. (severity 14) C:\wamp\www\thinkaaron\Optionkitting\Home\Controller\IndexController.class.php 第 43 行.
NOTIC: [2] mssql_query() [<a href='function.mssql-query'>function.mssql-query</a>]: Query failed C:\wamp\www\thinkaaron\Optionkitting\Home\Controller\IndexController.class.php 第 43 行.
NOTIC: [2] mssql_query() [<a href='function.mssql-query'>function.mssql-query</a>]: message: Violation of PRIMARY KEY constraint 'PK_Option_View'. Cannot insert duplicate key in object 'dbo.Option_view'. (severity 14) C:\wamp\www\thinkaaron\Optionkitting\Home\Controller\IndexController.class.php 第 34 行.
NOTIC: [2] mssql_query() [<a href='function.mssql-query'>function.mssql-query</a>]: Query failed C:\wamp\www\thinkaaron\Optionkitting\Home\Controller\IndexController.class.php 第 34 行.
NOTIC: [2] mssql_query() [<a href='function.mssql-query'>function.mssql-query</a>]: message: Violation of PRIMARY KEY constraint 'PK_Option_SKU'. Cannot insert duplicate key in object 'dbo.Option_SKU'. (severity 14) C:\wamp\www\thinkaaron\Optionkitting\Home\Controller\IndexController.class.php 第 43 行.
NOTIC: [2] mssql_query() [<a href='function.mssql-query'>function.mssql-query</a>]: Query failed C:\wamp\www\thinkaaron\Optionkitting\Home\Controller\IndexController.class.php 第 43 行.
NOTIC: [2] mssql_query() [<a href='function.mssql-query'>function.mssql-query</a>]: message: Violation of PRIMARY KEY constraint 'PK_Option_View'. Cannot insert duplicate key in object 'dbo.Option_view'. (severity 14) C:\wamp\www\thinkaaron\Optionkitting\Home\Controller\IndexController.class.php 第 34 行.
NOTIC: [2] mssql_query() [<a href='function.mssql-query'>function.mssql-query</a>]: Query failed C:\wamp\www\thinkaaron\Optionkitting\Home\Controller\IndexController.class.php 第 34 行.
NOTIC: [2] mssql_query() [<a href='function.mssql-query'>function.mssql-query</a>]: message: Violation of PRIMARY KEY constraint 'PK_Option_SKU'. Cannot insert duplicate key in object 'dbo.Option_SKU'. (severity 14) C:\wamp\www\thinkaaron\Optionkitting\Home\Controller\IndexController.class.php 第 43 行.
NOTIC: [2] mssql_query() [<a href='function.mssql-query'>function.mssql-query</a>]: Query failed C:\wamp\www\thinkaaron\Optionkitting\Home\Controller\IndexController.class.php 第 43 行.
NOTIC: [2] mssql_query() [<a href='function.mssql-query'>function.mssql-query</a>]: message: Violation of PRIMARY KEY constraint 'PK_Option_View'. Cannot insert duplicate key in object 'dbo.Option_view'. (severity 14) C:\wamp\www\thinkaaron\Optionkitting\Home\Controller\IndexController.class.php 第 34 行.
NOTIC: [2] mssql_query() [<a href='function.mssql-query'>function.mssql-query</a>]: Query failed C:\wamp\www\thinkaaron\Optionkitting\Home\Controller\IndexController.class.php 第 34 行.
NOTIC: [2] mssql_query() [<a href='function.mssql-query'>function.mssql-query</a>]: message: Violation of PRIMARY KEY constraint 'PK_Option_SKU'. Cannot insert duplicate key in object 'dbo.Option_SKU'. (severity 14) C:\wamp\www\thinkaaron\Optionkitting\Home\Controller\IndexController.class.php 第 43 行.
NOTIC: [2] mssql_query() [<a href='function.mssql-query'>function.mssql-query</a>]: Query failed C:\wamp\www\thinkaaron\Optionkitting\Home\Controller\IndexController.class.php 第 43 行.
NOTIC: [2] mssql_query() [<a href='function.mssql-query'>function.mssql-query</a>]: message: Violation of PRIMARY KEY constraint 'PK_Option_View'. Cannot insert duplicate key in object 'dbo.Option_view'. (severity 14) C:\wamp\www\thinkaaron\Optionkitting\Home\Controller\IndexController.class.php 第 34 行.
NOTIC: [2] mssql_query() [<a href='function.mssql-query'>function.mssql-query</a>]: Query failed C:\wamp\www\thinkaaron\Optionkitting\Home\Controller\IndexController.class.php 第 34 行.
NOTIC: [2] mssql_query() [<a href='function.mssql-query'>function.mssql-query</a>]: message: Violation of PRIMARY KEY constraint 'PK_Option_SKU'. Cannot insert duplicate key in object 'dbo.Option_SKU'. (severity 14) C:\wamp\www\thinkaaron\Optionkitting\Home\Controller\IndexController.class.php 第 43 行.
NOTIC: [2] mssql_query() [<a href='function.mssql-query'>function.mssql-query</a>]: Query failed C:\wamp\www\thinkaaron\Optionkitting\Home\Controller\IndexController.class.php 第 43 行.
NOTIC: [2] mssql_query() [<a href='function.mssql-query'>function.mssql-query</a>]: message: Violation of PRIMARY KEY constraint 'PK_Option_View'. Cannot insert duplicate key in object 'dbo.Option_view'. (severity 14) C:\wamp\www\thinkaaron\Optionkitting\Home\Controller\IndexController.class.php 第 34 行.
NOTIC: [2] mssql_query() [<a href='function.mssql-query'>function.mssql-query</a>]: Query failed C:\wamp\www\thinkaaron\Optionkitting\Home\Controller\IndexController.class.php 第 34 行.
NOTIC: [2] mssql_query() [<a href='function.mssql-query'>function.mssql-query</a>]: message: Violation of PRIMARY KEY constraint 'PK_Option_SKU'. Cannot insert duplicate key in object 'dbo.Option_SKU'. (severity 14) C:\wamp\www\thinkaaron\Optionkitting\Home\Controller\IndexController.class.php 第 43 行.
NOTIC: [2] mssql_query() [<a href='function.mssql-query'>function.mssql-query</a>]: Query failed C:\wamp\www\thinkaaron\Optionkitting\Home\Controller\IndexController.class.php 第 43 行.
NOTIC: [2] mssql_query() [<a href='function.mssql-query'>function.mssql-query</a>]: message: Violation of PRIMARY KEY constraint 'PK_Option_View'. Cannot insert duplicate key in object 'dbo.Option_view'. (severity 14) C:\wamp\www\thinkaaron\Optionkitting\Home\Controller\IndexController.class.php 第 34 行.
NOTIC: [2] mssql_query() [<a href='function.mssql-query'>function.mssql-query</a>]: Query failed C:\wamp\www\thinkaaron\Optionkitting\Home\Controller\IndexController.class.php 第 34 行.
NOTIC: [2] mssql_query() [<a href='function.mssql-query'>function.mssql-query</a>]: message: Violation of PRIMARY KEY constraint 'PK_Option_SKU'. Cannot insert duplicate key in object 'dbo.Option_SKU'. (severity 14) C:\wamp\www\thinkaaron\Optionkitting\Home\Controller\IndexController.class.php 第 43 行.
NOTIC: [2] mssql_query() [<a href='function.mssql-query'>function.mssql-query</a>]: Query failed C:\wamp\www\thinkaaron\Optionkitting\Home\Controller\IndexController.class.php 第 43 行.
NOTIC: [2] mssql_query() [<a href='function.mssql-query'>function.mssql-query</a>]: message: Violation of PRIMARY KEY constraint 'PK_Option_View'. Cannot insert duplicate key in object 'dbo.Option_view'. (severity 14) C:\wamp\www\thinkaaron\Optionkitting\Home\Controller\IndexController.class.php 第 34 行.
NOTIC: [2] mssql_query() [<a href='function.mssql-query'>function.mssql-query</a>]: Query failed C:\wamp\www\thinkaaron\Optionkitting\Home\Controller\IndexController.class.php 第 34 行.
NOTIC: [2] mssql_query() [<a href='function.mssql-query'>function.mssql-query</a>]: message: Violation of PRIMARY KEY constraint 'PK_Option_SKU'. Cannot insert duplicate key in object 'dbo.Option_SKU'. (severity 14) C:\wamp\www\thinkaaron\Optionkitting\Home\Controller\IndexController.class.php 第 43 行.
NOTIC: [2] mssql_query() [<a href='function.mssql-query'>function.mssql-query</a>]: Query failed C:\wamp\www\thinkaaron\Optionkitting\Home\Controller\IndexController.class.php 第 43 行.
NOTIC: [2] mssql_query() [<a href='function.mssql-query'>function.mssql-query</a>]: message: Violation of PRIMARY KEY constraint 'PK_Option_View'. Cannot insert duplicate key in object 'dbo.Option_view'. (severity 14) C:\wamp\www\thinkaaron\Optionkitting\Home\Controller\IndexController.class.php 第 34 行.
NOTIC: [2] mssql_query() [<a href='function.mssql-query'>function.mssql-query</a>]: Query failed C:\wamp\www\thinkaaron\Optionkitting\Home\Controller\IndexController.class.php 第 34 行.
NOTIC: [2] mssql_query() [<a href='function.mssql-query'>function.mssql-query</a>]: message: Violation of PRIMARY KEY constraint 'PK_Option_SKU'. Cannot insert duplicate key in object 'dbo.Option_SKU'. (severity 14) C:\wamp\www\thinkaaron\Optionkitting\Home\Controller\IndexController.class.php 第 43 行.
NOTIC: [2] mssql_query() [<a href='function.mssql-query'>function.mssql-query</a>]: Query failed C:\wamp\www\thinkaaron\Optionkitting\Home\Controller\IndexController.class.php 第 43 行.
NOTIC: [2] mssql_query() [<a href='function.mssql-query'>function.mssql-query</a>]: message: Violation of PRIMARY KEY constraint 'PK_Option_View'. Cannot insert duplicate key in object 'dbo.Option_view'. (severity 14) C:\wamp\www\thinkaaron\Optionkitting\Home\Controller\IndexController.class.php 第 34 行.
NOTIC: [2] mssql_query() [<a href='function.mssql-query'>function.mssql-query</a>]: Query failed C:\wamp\www\thinkaaron\Optionkitting\Home\Controller\IndexController.class.php 第 34 行.
NOTIC: [2] mssql_query() [<a href='function.mssql-query'>function.mssql-query</a>]: message: Violation of PRIMARY KEY constraint 'PK_Option_SKU'. Cannot insert duplicate key in object 'dbo.Option_SKU'. (severity 14) C:\wamp\www\thinkaaron\Optionkitting\Home\Controller\IndexController.class.php 第 43 行.
NOTIC: [2] mssql_query() [<a href='function.mssql-query'>function.mssql-query</a>]: Query failed C:\wamp\www\thinkaaron\Optionkitting\Home\Controller\IndexController.class.php 第 43 行.
NOTIC: [2] mssql_query() [<a href='function.mssql-query'>function.mssql-query</a>]: message: Violation of PRIMARY KEY constraint 'PK_Option_View'. Cannot insert duplicate key in object 'dbo.Option_view'. (severity 14) C:\wamp\www\thinkaaron\Optionkitting\Home\Controller\IndexController.class.php 第 34 行.
NOTIC: [2] mssql_query() [<a href='function.mssql-query'>function.mssql-query</a>]: Query failed C:\wamp\www\thinkaaron\Optionkitting\Home\Controller\IndexController.class.php 第 34 行.
NOTIC: [2] mssql_query() [<a href='function.mssql-query'>function.mssql-query</a>]: message: Violation of PRIMARY KEY constraint 'PK_Option_SKU'. Cannot insert duplicate key in object 'dbo.Option_SKU'. (severity 14) C:\wamp\www\thinkaaron\Optionkitting\Home\Controller\IndexController.class.php 第 43 行.
NOTIC: [2] mssql_query() [<a href='function.mssql-query'>function.mssql-query</a>]: Query failed C:\wamp\www\thinkaaron\Optionkitting\Home\Controller\IndexController.class.php 第 43 行.
NOTIC: [2] mssql_query() [<a href='function.mssql-query'>function.mssql-query</a>]: message: Violation of PRIMARY KEY constraint 'PK_Option_View'. Cannot insert duplicate key in object 'dbo.Option_view'. (severity 14) C:\wamp\www\thinkaaron\Optionkitting\Home\Controller\IndexController.class.php 第 34 行.
NOTIC: [2] mssql_query() [<a href='function.mssql-query'>function.mssql-query</a>]: Query failed C:\wamp\www\thinkaaron\Optionkitting\Home\Controller\IndexController.class.php 第 34 行.
NOTIC: [2] mssql_query() [<a href='function.mssql-query'>function.mssql-query</a>]: message: Violation of PRIMARY KEY constraint 'PK_Option_SKU'. Cannot insert duplicate key in object 'dbo.Option_SKU'. (severity 14) C:\wamp\www\thinkaaron\Optionkitting\Home\Controller\IndexController.class.php 第 43 行.
NOTIC: [2] mssql_query() [<a href='function.mssql-query'>function.mssql-query</a>]: Query failed C:\wamp\www\thinkaaron\Optionkitting\Home\Controller\IndexController.class.php 第 43 行.
NOTIC: [2] mssql_query() [<a href='function.mssql-query'>function.mssql-query</a>]: message: Violation of PRIMARY KEY constraint 'PK_Option_View'. Cannot insert duplicate key in object 'dbo.Option_view'. (severity 14) C:\wamp\www\thinkaaron\Optionkitting\Home\Controller\IndexController.class.php 第 34 行.
NOTIC: [2] mssql_query() [<a href='function.mssql-query'>function.mssql-query</a>]: Query failed C:\wamp\www\thinkaaron\Optionkitting\Home\Controller\IndexController.class.php 第 34 行.
NOTIC: [2] mssql_query() [<a href='function.mssql-query'>function.mssql-query</a>]: message: Violation of PRIMARY KEY constraint 'PK_Option_SKU'. Cannot insert duplicate key in object 'dbo.Option_SKU'. (severity 14) C:\wamp\www\thinkaaron\Optionkitting\Home\Controller\IndexController.class.php 第 43 行.
NOTIC: [2] mssql_query() [<a href='function.mssql-query'>function.mssql-query</a>]: Query failed C:\wamp\www\thinkaaron\Optionkitting\Home\Controller\IndexController.class.php 第 43 行.
NOTIC: [2] mssql_query() [<a href='function.mssql-query'>function.mssql-query</a>]: message: Violation of PRIMARY KEY constraint 'PK_Option_View'. Cannot insert duplicate key in object 'dbo.Option_view'. (severity 14) C:\wamp\www\thinkaaron\Optionkitting\Home\Controller\IndexController.class.php 第 34 行.
NOTIC: [2] mssql_query() [<a href='function.mssql-query'>function.mssql-query</a>]: Query failed C:\wamp\www\thinkaaron\Optionkitting\Home\Controller\IndexController.class.php 第 34 行.
NOTIC: [2] mssql_query() [<a href='function.mssql-query'>function.mssql-query</a>]: message: Violation of PRIMARY KEY constraint 'PK_Option_SKU'. Cannot insert duplicate key in object 'dbo.Option_SKU'. (severity 14) C:\wamp\www\thinkaaron\Optionkitting\Home\Controller\IndexController.class.php 第 43 行.
NOTIC: [2] mssql_query() [<a href='function.mssql-query'>function.mssql-query</a>]: Query failed C:\wamp\www\thinkaaron\Optionkitting\Home\Controller\IndexController.class.php 第 43 行.
NOTIC: [2] mssql_query() [<a href='function.mssql-query'>function.mssql-query</a>]: message: Violation of PRIMARY KEY constraint 'PK_Option_View'. Cannot insert duplicate key in object 'dbo.Option_view'. (severity 14) C:\wamp\www\thinkaaron\Optionkitting\Home\Controller\IndexController.class.php 第 34 行.
NOTIC: [2] mssql_query() [<a href='function.mssql-query'>function.mssql-query</a>]: Query failed C:\wamp\www\thinkaaron\Optionkitting\Home\Controller\IndexController.class.php 第 34 行.
NOTIC: [2] mssql_query() [<a href='function.mssql-query'>function.mssql-query</a>]: message: Violation of PRIMARY KEY constraint 'PK_Option_SKU'. Cannot insert duplicate key in object 'dbo.Option_SKU'. (severity 14) C:\wamp\www\thinkaaron\Optionkitting\Home\Controller\IndexController.class.php 第 43 行.
NOTIC: [2] mssql_query() [<a href='function.mssql-query'>function.mssql-query</a>]: Query failed C:\wamp\www\thinkaaron\Optionkitting\Home\Controller\IndexController.class.php 第 43 行.
NOTIC: [2] mssql_query() [<a href='function.mssql-query'>function.mssql-query</a>]: message: Violation of PRIMARY KEY constraint 'PK_Option_View'. Cannot insert duplicate key in object 'dbo.Option_view'. (severity 14) C:\wamp\www\thinkaaron\Optionkitting\Home\Controller\IndexController.class.php 第 34 行.
NOTIC: [2] mssql_query() [<a href='function.mssql-query'>function.mssql-query</a>]: Query failed C:\wamp\www\thinkaaron\Optionkitting\Home\Controller\IndexController.class.php 第 34 行.
NOTIC: [2] mssql_query() [<a href='function.mssql-query'>function.mssql-query</a>]: message: Violation of PRIMARY KEY constraint 'PK_Option_SKU'. Cannot insert duplicate key in object 'dbo.Option_SKU'. (severity 14) C:\wamp\www\thinkaaron\Optionkitting\Home\Controller\IndexController.class.php 第 43 行.
NOTIC: [2] mssql_query() [<a href='function.mssql-query'>function.mssql-query</a>]: Query failed C:\wamp\www\thinkaaron\Optionkitting\Home\Controller\IndexController.class.php 第 43 行.
NOTIC: [2] mssql_query() [<a href='function.mssql-query'>function.mssql-query</a>]: message: Violation of PRIMARY KEY constraint 'PK_Option_View'. Cannot insert duplicate key in object 'dbo.Option_view'. (severity 14) C:\wamp\www\thinkaaron\Optionkitting\Home\Controller\IndexController.class.php 第 34 行.
NOTIC: [2] mssql_query() [<a href='function.mssql-query'>function.mssql-query</a>]: Query failed C:\wamp\www\thinkaaron\Optionkitting\Home\Controller\IndexController.class.php 第 34 行.
NOTIC: [2] mssql_query() [<a href='function.mssql-query'>function.mssql-query</a>]: message: Violation of PRIMARY KEY constraint 'PK_Option_SKU'. Cannot insert duplicate key in object 'dbo.Option_SKU'. (severity 14) C:\wamp\www\thinkaaron\Optionkitting\Home\Controller\IndexController.class.php 第 43 行.
NOTIC: [2] mssql_query() [<a href='function.mssql-query'>function.mssql-query</a>]: Query failed C:\wamp\www\thinkaaron\Optionkitting\Home\Controller\IndexController.class.php 第 43 行.
NOTIC: [2] mssql_query() [<a href='function.mssql-query'>function.mssql-query</a>]: message: Violation of PRIMARY KEY constraint 'PK_Option_View'. Cannot insert duplicate key in object 'dbo.Option_view'. (severity 14) C:\wamp\www\thinkaaron\Optionkitting\Home\Controller\IndexController.class.php 第 34 行.
NOTIC: [2] mssql_query() [<a href='function.mssql-query'>function.mssql-query</a>]: Query failed C:\wamp\www\thinkaaron\Optionkitting\Home\Controller\IndexController.class.php 第 34 行.
NOTIC: [2] mssql_query() [<a href='function.mssql-query'>function.mssql-query</a>]: message: Violation of PRIMARY KEY constraint 'PK_Option_SKU'. Cannot insert duplicate key in object 'dbo.Option_SKU'. (severity 14) C:\wamp\www\thinkaaron\Optionkitting\Home\Controller\IndexController.class.php 第 43 行.
NOTIC: [2] mssql_query() [<a href='function.mssql-query'>function.mssql-query</a>]: Query failed C:\wamp\www\thinkaaron\Optionkitting\Home\Controller\IndexController.class.php 第 43 行.
NOTIC: [2] mssql_query() [<a href='function.mssql-query'>function.mssql-query</a>]: message: Violation of PRIMARY KEY constraint 'PK_Option_View'. Cannot insert duplicate key in object 'dbo.Option_view'. (severity 14) C:\wamp\www\thinkaaron\Optionkitting\Home\Controller\IndexController.class.php 第 34 行.
NOTIC: [2] mssql_query() [<a href='function.mssql-query'>function.mssql-query</a>]: Query failed C:\wamp\www\thinkaaron\Optionkitting\Home\Controller\IndexController.class.php 第 34 行.
NOTIC: [2] mssql_query() [<a href='function.mssql-query'>function.mssql-query</a>]: message: Violation of PRIMARY KEY constraint 'PK_Option_SKU'. Cannot insert duplicate key in object 'dbo.Option_SKU'. (severity 14) C:\wamp\www\thinkaaron\Optionkitting\Home\Controller\IndexController.class.php 第 43 行.
NOTIC: [2] mssql_query() [<a href='function.mssql-query'>function.mssql-query</a>]: Query failed C:\wamp\www\thinkaaron\Optionkitting\Home\Controller\IndexController.class.php 第 43 行.
NOTIC: [2] mssql_query() [<a href='function.mssql-query'>function.mssql-query</a>]: message: Violation of PRIMARY KEY constraint 'PK_Option_View'. Cannot insert duplicate key in object 'dbo.Option_view'. (severity 14) C:\wamp\www\thinkaaron\Optionkitting\Home\Controller\IndexController.class.php 第 34 行.
NOTIC: [2] mssql_query() [<a href='function.mssql-query'>function.mssql-query</a>]: Query failed C:\wamp\www\thinkaaron\Optionkitting\Home\Controller\IndexController.class.php 第 34 行.
NOTIC: [2] mssql_query() [<a href='function.mssql-query'>function.mssql-query</a>]: message: Violation of PRIMARY KEY constraint 'PK_Option_SKU'. Cannot insert duplicate key in object 'dbo.Option_SKU'. (severity 14) C:\wamp\www\thinkaaron\Optionkitting\Home\Controller\IndexController.class.php 第 43 行.
NOTIC: [2] mssql_query() [<a href='function.mssql-query'>function.mssql-query</a>]: Query failed C:\wamp\www\thinkaaron\Optionkitting\Home\Controller\IndexController.class.php 第 43 行.
NOTIC: [2] mssql_query() [<a href='function.mssql-query'>function.mssql-query</a>]: message: Violation of PRIMARY KEY constraint 'PK_Option_View'. Cannot insert duplicate key in object 'dbo.Option_view'. (severity 14) C:\wamp\www\thinkaaron\Optionkitting\Home\Controller\IndexController.class.php 第 34 行.
NOTIC: [2] mssql_query() [<a href='function.mssql-query'>function.mssql-query</a>]: Query failed C:\wamp\www\thinkaaron\Optionkitting\Home\Controller\IndexController.class.php 第 34 行.
NOTIC: [2] mssql_query() [<a href='function.mssql-query'>function.mssql-query</a>]: message: Violation of PRIMARY KEY constraint 'PK_Option_SKU'. Cannot insert duplicate key in object 'dbo.Option_SKU'. (severity 14) C:\wamp\www\thinkaaron\Optionkitting\Home\Controller\IndexController.class.php 第 43 行.
NOTIC: [2] mssql_query() [<a href='function.mssql-query'>function.mssql-query</a>]: Query failed C:\wamp\www\thinkaaron\Optionkitting\Home\Controller\IndexController.class.php 第 43 行.
NOTIC: [2] mssql_query() [<a href='function.mssql-query'>function.mssql-query</a>]: message: Violation of PRIMARY KEY constraint 'PK_Option_View'. Cannot insert duplicate key in object 'dbo.Option_view'. (severity 14) C:\wamp\www\thinkaaron\Optionkitting\Home\Controller\IndexController.class.php 第 34 行.
NOTIC: [2] mssql_query() [<a href='function.mssql-query'>function.mssql-query</a>]: Query failed C:\wamp\www\thinkaaron\Optionkitting\Home\Controller\IndexController.class.php 第 34 行.
NOTIC: [2] mssql_query() [<a href='function.mssql-query'>function.mssql-query</a>]: message: Violation of PRIMARY KEY constraint 'PK_Option_SKU'. Cannot insert duplicate key in object 'dbo.Option_SKU'. (severity 14) C:\wamp\www\thinkaaron\Optionkitting\Home\Controller\IndexController.class.php 第 43 行.
NOTIC: [2] mssql_query() [<a href='function.mssql-query'>function.mssql-query</a>]: Query failed C:\wamp\www\thinkaaron\Optionkitting\Home\Controller\IndexController.class.php 第 43 行.
NOTIC: [2] mssql_query() [<a href='function.mssql-query'>function.mssql-query</a>]: message: Violation of PRIMARY KEY constraint 'PK_Option_View'. Cannot insert duplicate key in object 'dbo.Option_view'. (severity 14) C:\wamp\www\thinkaaron\Optionkitting\Home\Controller\IndexController.class.php 第 34 行.
NOTIC: [2] mssql_query() [<a href='function.mssql-query'>function.mssql-query</a>]: Query failed C:\wamp\www\thinkaaron\Optionkitting\Home\Controller\IndexController.class.php 第 34 行.
NOTIC: [2] mssql_query() [<a href='function.mssql-query'>function.mssql-query</a>]: message: Violation of PRIMARY KEY constraint 'PK_Option_SKU'. Cannot insert duplicate key in object 'dbo.Option_SKU'. (severity 14) C:\wamp\www\thinkaaron\Optionkitting\Home\Controller\IndexController.class.php 第 43 行.
NOTIC: [2] mssql_query() [<a href='function.mssql-query'>function.mssql-query</a>]: Query failed C:\wamp\www\thinkaaron\Optionkitting\Home\Controller\IndexController.class.php 第 43 行.
NOTIC: [2] mssql_query() [<a href='function.mssql-query'>function.mssql-query</a>]: message: Violation of PRIMARY KEY constraint 'PK_Option_View'. Cannot insert duplicate key in object 'dbo.Option_view'. (severity 14) C:\wamp\www\thinkaaron\Optionkitting\Home\Controller\IndexController.class.php 第 34 行.
NOTIC: [2] mssql_query() [<a href='function.mssql-query'>function.mssql-query</a>]: Query failed C:\wamp\www\thinkaaron\Optionkitting\Home\Controller\IndexController.class.php 第 34 行.
NOTIC: [2] mssql_query() [<a href='function.mssql-query'>function.mssql-query</a>]: message: Violation of PRIMARY KEY constraint 'PK_Option_SKU'. Cannot insert duplicate key in object 'dbo.Option_SKU'. (severity 14) C:\wamp\www\thinkaaron\Optionkitting\Home\Controller\IndexController.class.php 第 43 行.
NOTIC: [2] mssql_query() [<a href='function.mssql-query'>function.mssql-query</a>]: Query failed C:\wamp\www\thinkaaron\Optionkitting\Home\Controller\IndexController.class.php 第 43 行.
NOTIC: [2] mssql_query() [<a href='function.mssql-query'>function.mssql-query</a>]: message: Violation of PRIMARY KEY constraint 'PK_Option_View'. Cannot insert duplicate key in object 'dbo.Option_view'. (severity 14) C:\wamp\www\thinkaaron\Optionkitting\Home\Controller\IndexController.class.php 第 34 行.
NOTIC: [2] mssql_query() [<a href='function.mssql-query'>function.mssql-query</a>]: Query failed C:\wamp\www\thinkaaron\Optionkitting\Home\Controller\IndexController.class.php 第 34 行.
NOTIC: [2] mssql_query() [<a href='function.mssql-query'>function.mssql-query</a>]: message: Violation of PRIMARY KEY constraint 'PK_Option_SKU'. Cannot insert duplicate key in object 'dbo.Option_SKU'. (severity 14) C:\wamp\www\thinkaaron\Optionkitting\Home\Controller\IndexController.class.php 第 43 行.
NOTIC: [2] mssql_query() [<a href='function.mssql-query'>function.mssql-query</a>]: Query failed C:\wamp\www\thinkaaron\Optionkitting\Home\Controller\IndexController.class.php 第 43 行.
NOTIC: [2] mssql_query() [<a href='function.mssql-query'>function.mssql-query</a>]: message: Violation of PRIMARY KEY constraint 'PK_Option_View'. Cannot insert duplicate key in object 'dbo.Option_view'. (severity 14) C:\wamp\www\thinkaaron\Optionkitting\Home\Controller\IndexController.class.php 第 34 行.
NOTIC: [2] mssql_query() [<a href='function.mssql-query'>function.mssql-query</a>]: Query failed C:\wamp\www\thinkaaron\Optionkitting\Home\Controller\IndexController.class.php 第 34 行.
NOTIC: [2] mssql_query() [<a href='function.mssql-query'>function.mssql-query</a>]: message: Violation of PRIMARY KEY constraint 'PK_Option_SKU'. Cannot insert duplicate key in object 'dbo.Option_SKU'. (severity 14) C:\wamp\www\thinkaaron\Optionkitting\Home\Controller\IndexController.class.php 第 43 行.
NOTIC: [2] mssql_query() [<a href='function.mssql-query'>function.mssql-query</a>]: Query failed C:\wamp\www\thinkaaron\Optionkitting\Home\Controller\IndexController.class.php 第 43 行.
NOTIC: [2] mssql_query() [<a href='function.mssql-query'>function.mssql-query</a>]: message: Violation of PRIMARY KEY constraint 'PK_Option_View'. Cannot insert duplicate key in object 'dbo.Option_view'. (severity 14) C:\wamp\www\thinkaaron\Optionkitting\Home\Controller\IndexController.class.php 第 34 行.
NOTIC: [2] mssql_query() [<a href='function.mssql-query'>function.mssql-query</a>]: Query failed C:\wamp\www\thinkaaron\Optionkitting\Home\Controller\IndexController.class.php 第 34 行.
NOTIC: [2] mssql_query() [<a href='function.mssql-query'>function.mssql-query</a>]: message: Violation of PRIMARY KEY constraint 'PK_Option_SKU'. Cannot insert duplicate key in object 'dbo.Option_SKU'. (severity 14) C:\wamp\www\thinkaaron\Optionkitting\Home\Controller\IndexController.class.php 第 43 行.
NOTIC: [2] mssql_query() [<a href='function.mssql-query'>function.mssql-query</a>]: Query failed C:\wamp\www\thinkaaron\Optionkitting\Home\Controller\IndexController.class.php 第 43 行.
NOTIC: [2] mssql_query() [<a href='function.mssql-query'>function.mssql-query</a>]: message: Violation of PRIMARY KEY constraint 'PK_Option_View'. Cannot insert duplicate key in object 'dbo.Option_view'. (severity 14) C:\wamp\www\thinkaaron\Optionkitting\Home\Controller\IndexController.class.php 第 34 行.
NOTIC: [2] mssql_query() [<a href='function.mssql-query'>function.mssql-query</a>]: Query failed C:\wamp\www\thinkaaron\Optionkitting\Home\Controller\IndexController.class.php 第 34 行.
NOTIC: [2] mssql_query() [<a href='function.mssql-query'>function.mssql-query</a>]: message: Violation of PRIMARY KEY constraint 'PK_Option_SKU'. Cannot insert duplicate key in object 'dbo.Option_SKU'. (severity 14) C:\wamp\www\thinkaaron\Optionkitting\Home\Controller\IndexController.class.php 第 43 行.
NOTIC: [2] mssql_query() [<a href='function.mssql-query'>function.mssql-query</a>]: Query failed C:\wamp\www\thinkaaron\Optionkitting\Home\Controller\IndexController.class.php 第 43 行.
NOTIC: [2] mssql_query() [<a href='function.mssql-query'>function.mssql-query</a>]: message: Violation of PRIMARY KEY constraint 'PK_Option_View'. Cannot insert duplicate key in object 'dbo.Option_view'. (severity 14) C:\wamp\www\thinkaaron\Optionkitting\Home\Controller\IndexController.class.php 第 34 行.
NOTIC: [2] mssql_query() [<a href='function.mssql-query'>function.mssql-query</a>]: Query failed C:\wamp\www\thinkaaron\Optionkitting\Home\Controller\IndexController.class.php 第 34 行.
NOTIC: [2] mssql_query() [<a href='function.mssql-query'>function.mssql-query</a>]: message: Violation of PRIMARY KEY constraint 'PK_Option_SKU'. Cannot insert duplicate key in object 'dbo.Option_SKU'. (severity 14) C:\wamp\www\thinkaaron\Optionkitting\Home\Controller\IndexController.class.php 第 43 行.
NOTIC: [2] mssql_query() [<a href='function.mssql-query'>function.mssql-query</a>]: Query failed C:\wamp\www\thinkaaron\Optionkitting\Home\Controller\IndexController.class.php 第 43 行.
NOTIC: [2] mssql_query() [<a href='function.mssql-query'>function.mssql-query</a>]: message: Violation of PRIMARY KEY constraint 'PK_Option_View'. Cannot insert duplicate key in object 'dbo.Option_view'. (severity 14) C:\wamp\www\thinkaaron\Optionkitting\Home\Controller\IndexController.class.php 第 34 行.
NOTIC: [2] mssql_query() [<a href='function.mssql-query'>function.mssql-query</a>]: Query failed C:\wamp\www\thinkaaron\Optionkitting\Home\Controller\IndexController.class.php 第 34 行.
NOTIC: [2] mssql_query() [<a href='function.mssql-query'>function.mssql-query</a>]: message: Violation of PRIMARY KEY constraint 'PK_Option_SKU'. Cannot insert duplicate key in object 'dbo.Option_SKU'. (severity 14) C:\wamp\www\thinkaaron\Optionkitting\Home\Controller\IndexController.class.php 第 43 行.
NOTIC: [2] mssql_query() [<a href='function.mssql-query'>function.mssql-query</a>]: Query failed C:\wamp\www\thinkaaron\Optionkitting\Home\Controller\IndexController.class.php 第 43 行.
NOTIC: [2] mssql_query() [<a href='function.mssql-query'>function.mssql-query</a>]: message: Violation of PRIMARY KEY constraint 'PK_Option_View'. Cannot insert duplicate key in object 'dbo.Option_view'. (severity 14) C:\wamp\www\thinkaaron\Optionkitting\Home\Controller\IndexController.class.php 第 34 行.
NOTIC: [2] mssql_query() [<a href='function.mssql-query'>function.mssql-query</a>]: Query failed C:\wamp\www\thinkaaron\Optionkitting\Home\Controller\IndexController.class.php 第 34 行.
NOTIC: [2] mssql_query() [<a href='function.mssql-query'>function.mssql-query</a>]: message: Violation of PRIMARY KEY constraint 'PK_Option_SKU'. Cannot insert duplicate key in object 'dbo.Option_SKU'. (severity 14) C:\wamp\www\thinkaaron\Optionkitting\Home\Controller\IndexController.class.php 第 43 行.
NOTIC: [2] mssql_query() [<a href='function.mssql-query'>function.mssql-query</a>]: Query failed C:\wamp\www\thinkaaron\Optionkitting\Home\Controller\IndexController.class.php 第 43 行.
NOTIC: [2] mssql_query() [<a href='function.mssql-query'>function.mssql-query</a>]: message: Violation of PRIMARY KEY constraint 'PK_Option_View'. Cannot insert duplicate key in object 'dbo.Option_view'. (severity 14) C:\wamp\www\thinkaaron\Optionkitting\Home\Controller\IndexController.class.php 第 34 行.
NOTIC: [2] mssql_query() [<a href='function.mssql-query'>function.mssql-query</a>]: Query failed C:\wamp\www\thinkaaron\Optionkitting\Home\Controller\IndexController.class.php 第 34 行.
NOTIC: [2] mssql_query() [<a href='function.mssql-query'>function.mssql-query</a>]: message: Violation of PRIMARY KEY constraint 'PK_Option_SKU'. Cannot insert duplicate key in object 'dbo.Option_SKU'. (severity 14) C:\wamp\www\thinkaaron\Optionkitting\Home\Controller\IndexController.class.php 第 43 行.
NOTIC: [2] mssql_query() [<a href='function.mssql-query'>function.mssql-query</a>]: Query failed C:\wamp\www\thinkaaron\Optionkitting\Home\Controller\IndexController.class.php 第 43 行.
NOTIC: [2] mssql_query() [<a href='function.mssql-query'>function.mssql-query</a>]: message: Violation of PRIMARY KEY constraint 'PK_Option_View'. Cannot insert duplicate key in object 'dbo.Option_view'. (severity 14) C:\wamp\www\thinkaaron\Optionkitting\Home\Controller\IndexController.class.php 第 34 行.
NOTIC: [2] mssql_query() [<a href='function.mssql-query'>function.mssql-query</a>]: Query failed C:\wamp\www\thinkaaron\Optionkitting\Home\Controller\IndexController.class.php 第 34 行.
NOTIC: [2] mssql_query() [<a href='function.mssql-query'>function.mssql-query</a>]: message: Violation of PRIMARY KEY constraint 'PK_Option_SKU'. Cannot insert duplicate key in object 'dbo.Option_SKU'. (severity 14) C:\wamp\www\thinkaaron\Optionkitting\Home\Controller\IndexController.class.php 第 43 行.
NOTIC: [2] mssql_query() [<a href='function.mssql-query'>function.mssql-query</a>]: Query failed C:\wamp\www\thinkaaron\Optionkitting\Home\Controller\IndexController.class.php 第 43 行.
NOTIC: [2] mssql_query() [<a href='function.mssql-query'>function.mssql-query</a>]: message: Violation of PRIMARY KEY constraint 'PK_Option_View'. Cannot insert duplicate key in object 'dbo.Option_view'. (severity 14) C:\wamp\www\thinkaaron\Optionkitting\Home\Controller\IndexController.class.php 第 34 行.
NOTIC: [2] mssql_query() [<a href='function.mssql-query'>function.mssql-query</a>]: Query failed C:\wamp\www\thinkaaron\Optionkitting\Home\Controller\IndexController.class.php 第 34 行.
NOTIC: [2] mssql_query() [<a href='function.mssql-query'>function.mssql-query</a>]: message: Violation of PRIMARY KEY constraint 'PK_Option_SKU'. Cannot insert duplicate key in object 'dbo.Option_SKU'. (severity 14) C:\wamp\www\thinkaaron\Optionkitting\Home\Controller\IndexController.class.php 第 43 行.
NOTIC: [2] mssql_query() [<a href='function.mssql-query'>function.mssql-query</a>]: Query failed C:\wamp\www\thinkaaron\Optionkitting\Home\Controller\IndexController.class.php 第 43 行.
NOTIC: [2] mssql_query() [<a href='function.mssql-query'>function.mssql-query</a>]: message: Violation of PRIMARY KEY constraint 'PK_Option_View'. Cannot insert duplicate key in object 'dbo.Option_view'. (severity 14) C:\wamp\www\thinkaaron\Optionkitting\Home\Controller\IndexController.class.php 第 34 行.
NOTIC: [2] mssql_query() [<a href='function.mssql-query'>function.mssql-query</a>]: Query failed C:\wamp\www\thinkaaron\Optionkitting\Home\Controller\IndexController.class.php 第 34 行.
NOTIC: [2] mssql_query() [<a href='function.mssql-query'>function.mssql-query</a>]: message: Violation of PRIMARY KEY constraint 'PK_Option_SKU'. Cannot insert duplicate key in object 'dbo.Option_SKU'. (severity 14) C:\wamp\www\thinkaaron\Optionkitting\Home\Controller\IndexController.class.php 第 43 行.
NOTIC: [2] mssql_query() [<a href='function.mssql-query'>function.mssql-query</a>]: Query failed C:\wamp\www\thinkaaron\Optionkitting\Home\Controller\IndexController.class.php 第 43 行.
NOTIC: [2] mssql_query() [<a href='function.mssql-query'>function.mssql-query</a>]: message: Violation of PRIMARY KEY constraint 'PK_Option_View'. Cannot insert duplicate key in object 'dbo.Option_view'. (severity 14) C:\wamp\www\thinkaaron\Optionkitting\Home\Controller\IndexController.class.php 第 34 行.
NOTIC: [2] mssql_query() [<a href='function.mssql-query'>function.mssql-query</a>]: Query failed C:\wamp\www\thinkaaron\Optionkitting\Home\Controller\IndexController.class.php 第 34 行.
NOTIC: [2] mssql_query() [<a href='function.mssql-query'>function.mssql-query</a>]: message: Violation of PRIMARY KEY constraint 'PK_Option_SKU'. Cannot insert duplicate key in object 'dbo.Option_SKU'. (severity 14) C:\wamp\www\thinkaaron\Optionkitting\Home\Controller\IndexController.class.php 第 43 行.
NOTIC: [2] mssql_query() [<a href='function.mssql-query'>function.mssql-query</a>]: Query failed C:\wamp\www\thinkaaron\Optionkitting\Home\Controller\IndexController.class.php 第 43 行.
NOTIC: [2] mssql_query() [<a href='function.mssql-query'>function.mssql-query</a>]: message: Violation of PRIMARY KEY constraint 'PK_Option_View'. Cannot insert duplicate key in object 'dbo.Option_view'. (severity 14) C:\wamp\www\thinkaaron\Optionkitting\Home\Controller\IndexController.class.php 第 34 行.
NOTIC: [2] mssql_query() [<a href='function.mssql-query'>function.mssql-query</a>]: Query failed C:\wamp\www\thinkaaron\Optionkitting\Home\Controller\IndexController.class.php 第 34 行.
NOTIC: [2] mssql_query() [<a href='function.mssql-query'>function.mssql-query</a>]: message: Violation of PRIMARY KEY constraint 'PK_Option_SKU'. Cannot insert duplicate key in object 'dbo.Option_SKU'. (severity 14) C:\wamp\www\thinkaaron\Optionkitting\Home\Controller\IndexController.class.php 第 43 行.
NOTIC: [2] mssql_query() [<a href='function.mssql-query'>function.mssql-query</a>]: Query failed C:\wamp\www\thinkaaron\Optionkitting\Home\Controller\IndexController.class.php 第 43 行.
NOTIC: [2] mssql_query() [<a href='function.mssql-query'>function.mssql-query</a>]: message: Violation of PRIMARY KEY constraint 'PK_Option_View'. Cannot insert duplicate key in object 'dbo.Option_view'. (severity 14) C:\wamp\www\thinkaaron\Optionkitting\Home\Controller\IndexController.class.php 第 34 行.
NOTIC: [2] mssql_query() [<a href='function.mssql-query'>function.mssql-query</a>]: Query failed C:\wamp\www\thinkaaron\Optionkitting\Home\Controller\IndexController.class.php 第 34 行.
NOTIC: [2] mssql_query() [<a href='function.mssql-query'>function.mssql-query</a>]: message: Violation of PRIMARY KEY constraint 'PK_Option_SKU'. Cannot insert duplicate key in object 'dbo.Option_SKU'. (severity 14) C:\wamp\www\thinkaaron\Optionkitting\Home\Controller\IndexController.class.php 第 43 行.
NOTIC: [2] mssql_query() [<a href='function.mssql-query'>function.mssql-query</a>]: Query failed C:\wamp\www\thinkaaron\Optionkitting\Home\Controller\IndexController.class.php 第 43 行.
NOTIC: [2] mssql_query() [<a href='function.mssql-query'>function.mssql-query</a>]: message: Violation of PRIMARY KEY constraint 'PK_Option_View'. Cannot insert duplicate key in object 'dbo.Option_view'. (severity 14) C:\wamp\www\thinkaaron\Optionkitting\Home\Controller\IndexController.class.php 第 34 行.
NOTIC: [2] mssql_query() [<a href='function.mssql-query'>function.mssql-query</a>]: Query failed C:\wamp\www\thinkaaron\Optionkitting\Home\Controller\IndexController.class.php 第 34 行.
NOTIC: [2] mssql_query() [<a href='function.mssql-query'>function.mssql-query</a>]: message: Violation of PRIMARY KEY constraint 'PK_Option_SKU'. Cannot insert duplicate key in object 'dbo.Option_SKU'. (severity 14) C:\wamp\www\thinkaaron\Optionkitting\Home\Controller\IndexController.class.php 第 43 行.
NOTIC: [2] mssql_query() [<a href='function.mssql-query'>function.mssql-query</a>]: Query failed C:\wamp\www\thinkaaron\Optionkitting\Home\Controller\IndexController.class.php 第 43 行.
NOTIC: [2] mssql_query() [<a href='function.mssql-query'>function.mssql-query</a>]: message: Violation of PRIMARY KEY constraint 'PK_Option_View'. Cannot insert duplicate key in object 'dbo.Option_view'. (severity 14) C:\wamp\www\thinkaaron\Optionkitting\Home\Controller\IndexController.class.php 第 34 行.
NOTIC: [2] mssql_query() [<a href='function.mssql-query'>function.mssql-query</a>]: Query failed C:\wamp\www\thinkaaron\Optionkitting\Home\Controller\IndexController.class.php 第 34 行.
NOTIC: [2] mssql_query() [<a href='function.mssql-query'>function.mssql-query</a>]: message: Violation of PRIMARY KEY constraint 'PK_Option_SKU'. Cannot insert duplicate key in object 'dbo.Option_SKU'. (severity 14) C:\wamp\www\thinkaaron\Optionkitting\Home\Controller\IndexController.class.php 第 43 行.
NOTIC: [2] mssql_query() [<a href='function.mssql-query'>function.mssql-query</a>]: Query failed C:\wamp\www\thinkaaron\Optionkitting\Home\Controller\IndexController.class.php 第 43 行.
NOTIC: [2] mssql_query() [<a href='function.mssql-query'>function.mssql-query</a>]: message: Violation of PRIMARY KEY constraint 'PK_Option_View'. Cannot insert duplicate key in object 'dbo.Option_view'. (severity 14) C:\wamp\www\thinkaaron\Optionkitting\Home\Controller\IndexController.class.php 第 34 行.
NOTIC: [2] mssql_query() [<a href='function.mssql-query'>function.mssql-query</a>]: Query failed C:\wamp\www\thinkaaron\Optionkitting\Home\Controller\IndexController.class.php 第 34 行.
NOTIC: [2] mssql_query() [<a href='function.mssql-query'>function.mssql-query</a>]: message: Violation of PRIMARY KEY constraint 'PK_Option_SKU'. Cannot insert duplicate key in object 'dbo.Option_SKU'. (severity 14) C:\wamp\www\thinkaaron\Optionkitting\Home\Controller\IndexController.class.php 第 43 行.
NOTIC: [2] mssql_query() [<a href='function.mssql-query'>function.mssql-query</a>]: Query failed C:\wamp\www\thinkaaron\Optionkitting\Home\Controller\IndexController.class.php 第 43 行.
NOTIC: [2] mssql_query() [<a href='function.mssql-query'>function.mssql-query</a>]: message: Violation of PRIMARY KEY constraint 'PK_Option_View'. Cannot insert duplicate key in object 'dbo.Option_view'. (severity 14) C:\wamp\www\thinkaaron\Optionkitting\Home\Controller\IndexController.class.php 第 34 行.
NOTIC: [2] mssql_query() [<a href='function.mssql-query'>function.mssql-query</a>]: Query failed C:\wamp\www\thinkaaron\Optionkitting\Home\Controller\IndexController.class.php 第 34 行.
NOTIC: [2] mssql_query() [<a href='function.mssql-query'>function.mssql-query</a>]: message: Violation of PRIMARY KEY constraint 'PK_Option_SKU'. Cannot insert duplicate key in object 'dbo.Option_SKU'. (severity 14) C:\wamp\www\thinkaaron\Optionkitting\Home\Controller\IndexController.class.php 第 43 行.
NOTIC: [2] mssql_query() [<a href='function.mssql-query'>function.mssql-query</a>]: Query failed C:\wamp\www\thinkaaron\Optionkitting\Home\Controller\IndexController.class.php 第 43 行.
NOTIC: [2] mssql_query() [<a href='function.mssql-query'>function.mssql-query</a>]: message: Violation of PRIMARY KEY constraint 'PK_Option_View'. Cannot insert duplicate key in object 'dbo.Option_view'. (severity 14) C:\wamp\www\thinkaaron\Optionkitting\Home\Controller\IndexController.class.php 第 34 行.
NOTIC: [2] mssql_query() [<a href='function.mssql-query'>function.mssql-query</a>]: Query failed C:\wamp\www\thinkaaron\Optionkitting\Home\Controller\IndexController.class.php 第 34 行.
NOTIC: [2] mssql_query() [<a href='function.mssql-query'>function.mssql-query</a>]: message: Violation of PRIMARY KEY constraint 'PK_Option_SKU'. Cannot insert duplicate key in object 'dbo.Option_SKU'. (severity 14) C:\wamp\www\thinkaaron\Optionkitting\Home\Controller\IndexController.class.php 第 43 行.
NOTIC: [2] mssql_query() [<a href='function.mssql-query'>function.mssql-query</a>]: Query failed C:\wamp\www\thinkaaron\Optionkitting\Home\Controller\IndexController.class.php 第 43 行.
NOTIC: [2] mssql_query() [<a href='function.mssql-query'>function.mssql-query</a>]: message: Violation of PRIMARY KEY constraint 'PK_Option_View'. Cannot insert duplicate key in object 'dbo.Option_view'. (severity 14) C:\wamp\www\thinkaaron\Optionkitting\Home\Controller\IndexController.class.php 第 34 行.
NOTIC: [2] mssql_query() [<a href='function.mssql-query'>function.mssql-query</a>]: Query failed C:\wamp\www\thinkaaron\Optionkitting\Home\Controller\IndexController.class.php 第 34 行.
NOTIC: [2] mssql_query() [<a href='function.mssql-query'>function.mssql-query</a>]: message: Violation of PRIMARY KEY constraint 'PK_Option_SKU'. Cannot insert duplicate key in object 'dbo.Option_SKU'. (severity 14) C:\wamp\www\thinkaaron\Optionkitting\Home\Controller\IndexController.class.php 第 43 行.
NOTIC: [2] mssql_query() [<a href='function.mssql-query'>function.mssql-query</a>]: Query failed C:\wamp\www\thinkaaron\Optionkitting\Home\Controller\IndexController.class.php 第 43 行.
NOTIC: [2] mssql_query() [<a href='function.mssql-query'>function.mssql-query</a>]: message: Violation of PRIMARY KEY constraint 'PK_Option_View'. Cannot insert duplicate key in object 'dbo.Option_view'. (severity 14) C:\wamp\www\thinkaaron\Optionkitting\Home\Controller\IndexController.class.php 第 34 行.
NOTIC: [2] mssql_query() [<a href='function.mssql-query'>function.mssql-query</a>]: Query failed C:\wamp\www\thinkaaron\Optionkitting\Home\Controller\IndexController.class.php 第 34 行.
NOTIC: [2] mssql_query() [<a href='function.mssql-query'>function.mssql-query</a>]: message: Violation of PRIMARY KEY constraint 'PK_Option_SKU'. Cannot insert duplicate key in object 'dbo.Option_SKU'. (severity 14) C:\wamp\www\thinkaaron\Optionkitting\Home\Controller\IndexController.class.php 第 43 行.
NOTIC: [2] mssql_query() [<a href='function.mssql-query'>function.mssql-query</a>]: Query failed C:\wamp\www\thinkaaron\Optionkitting\Home\Controller\IndexController.class.php 第 43 行.
NOTIC: [2] mssql_query() [<a href='function.mssql-query'>function.mssql-query</a>]: message: Violation of PRIMARY KEY constraint 'PK_Option_View'. Cannot insert duplicate key in object 'dbo.Option_view'. (severity 14) C:\wamp\www\thinkaaron\Optionkitting\Home\Controller\IndexController.class.php 第 34 行.
NOTIC: [2] mssql_query() [<a href='function.mssql-query'>function.mssql-query</a>]: Query failed C:\wamp\www\thinkaaron\Optionkitting\Home\Controller\IndexController.class.php 第 34 行.
NOTIC: [2] mssql_query() [<a href='function.mssql-query'>function.mssql-query</a>]: message: Violation of PRIMARY KEY constraint 'PK_Option_SKU'. Cannot insert duplicate key in object 'dbo.Option_SKU'. (severity 14) C:\wamp\www\thinkaaron\Optionkitting\Home\Controller\IndexController.class.php 第 43 行.
NOTIC: [2] mssql_query() [<a href='function.mssql-query'>function.mssql-query</a>]: Query failed C:\wamp\www\thinkaaron\Optionkitting\Home\Controller\IndexController.class.php 第 43 行.
NOTIC: [2] mssql_query() [<a href='function.mssql-query'>function.mssql-query</a>]: message: Violation of PRIMARY KEY constraint 'PK_Option_View'. Cannot insert duplicate key in object 'dbo.Option_view'. (severity 14) C:\wamp\www\thinkaaron\Optionkitting\Home\Controller\IndexController.class.php 第 34 行.
NOTIC: [2] mssql_query() [<a href='function.mssql-query'>function.mssql-query</a>]: Query failed C:\wamp\www\thinkaaron\Optionkitting\Home\Controller\IndexController.class.php 第 34 行.
NOTIC: [2] mssql_query() [<a href='function.mssql-query'>function.mssql-query</a>]: message: Violation of PRIMARY KEY constraint 'PK_Option_SKU'. Cannot insert duplicate key in object 'dbo.Option_SKU'. (severity 14) C:\wamp\www\thinkaaron\Optionkitting\Home\Controller\IndexController.class.php 第 43 行.
NOTIC: [2] mssql_query() [<a href='function.mssql-query'>function.mssql-query</a>]: Query failed C:\wamp\www\thinkaaron\Optionkitting\Home\Controller\IndexController.class.php 第 43 行.
NOTIC: [2] mssql_query() [<a href='function.mssql-query'>function.mssql-query</a>]: message: Violation of PRIMARY KEY constraint 'PK_Option_View'. Cannot insert duplicate key in object 'dbo.Option_view'. (severity 14) C:\wamp\www\thinkaaron\Optionkitting\Home\Controller\IndexController.class.php 第 34 行.
NOTIC: [2] mssql_query() [<a href='function.mssql-query'>function.mssql-query</a>]: Query failed C:\wamp\www\thinkaaron\Optionkitting\Home\Controller\IndexController.class.php 第 34 行.
NOTIC: [2] mssql_query() [<a href='function.mssql-query'>function.mssql-query</a>]: message: Violation of PRIMARY KEY constraint 'PK_Option_SKU'. Cannot insert duplicate key in object 'dbo.Option_SKU'. (severity 14) C:\wamp\www\thinkaaron\Optionkitting\Home\Controller\IndexController.class.php 第 43 行.
NOTIC: [2] mssql_query() [<a href='function.mssql-query'>function.mssql-query</a>]: Query failed C:\wamp\www\thinkaaron\Optionkitting\Home\Controller\IndexController.class.php 第 43 行.
NOTIC: [2] mssql_query() [<a href='function.mssql-query'>function.mssql-query</a>]: message: Violation of PRIMARY KEY constraint 'PK_Option_View'. Cannot insert duplicate key in object 'dbo.Option_view'. (severity 14) C:\wamp\www\thinkaaron\Optionkitting\Home\Controller\IndexController.class.php 第 34 行.
NOTIC: [2] mssql_query() [<a href='function.mssql-query'>function.mssql-query</a>]: Query failed C:\wamp\www\thinkaaron\Optionkitting\Home\Controller\IndexController.class.php 第 34 行.
NOTIC: [2] mssql_query() [<a href='function.mssql-query'>function.mssql-query</a>]: message: Violation of PRIMARY KEY constraint 'PK_Option_SKU'. Cannot insert duplicate key in object 'dbo.Option_SKU'. (severity 14) C:\wamp\www\thinkaaron\Optionkitting\Home\Controller\IndexController.class.php 第 43 行.
NOTIC: [2] mssql_query() [<a href='function.mssql-query'>function.mssql-query</a>]: Query failed C:\wamp\www\thinkaaron\Optionkitting\Home\Controller\IndexController.class.php 第 43 行.
NOTIC: [2] mssql_query() [<a href='function.mssql-query'>function.mssql-query</a>]: message: Violation of PRIMARY KEY constraint 'PK_Option_View'. Cannot insert duplicate key in object 'dbo.Option_view'. (severity 14) C:\wamp\www\thinkaaron\Optionkitting\Home\Controller\IndexController.class.php 第 34 行.
NOTIC: [2] mssql_query() [<a href='function.mssql-query'>function.mssql-query</a>]: Query failed C:\wamp\www\thinkaaron\Optionkitting\Home\Controller\IndexController.class.php 第 34 行.
NOTIC: [2] mssql_query() [<a href='function.mssql-query'>function.mssql-query</a>]: message: Violation of PRIMARY KEY constraint 'PK_Option_SKU'. Cannot insert duplicate key in object 'dbo.Option_SKU'. (severity 14) C:\wamp\www\thinkaaron\Optionkitting\Home\Controller\IndexController.class.php 第 43 行.
NOTIC: [2] mssql_query() [<a href='function.mssql-query'>function.mssql-query</a>]: Query failed C:\wamp\www\thinkaaron\Optionkitting\Home\Controller\IndexController.class.php 第 43 行.
NOTIC: [2] mssql_query() [<a href='function.mssql-query'>function.mssql-query</a>]: message: Violation of PRIMARY KEY constraint 'PK_Option_View'. Cannot insert duplicate key in object 'dbo.Option_view'. (severity 14) C:\wamp\www\thinkaaron\Optionkitting\Home\Controller\IndexController.class.php 第 34 行.
NOTIC: [2] mssql_query() [<a href='function.mssql-query'>function.mssql-query</a>]: Query failed C:\wamp\www\thinkaaron\Optionkitting\Home\Controller\IndexController.class.php 第 34 行.
NOTIC: [2] mssql_query() [<a href='function.mssql-query'>function.mssql-query</a>]: message: Violation of PRIMARY KEY constraint 'PK_Option_SKU'. Cannot insert duplicate key in object 'dbo.Option_SKU'. (severity 14) C:\wamp\www\thinkaaron\Optionkitting\Home\Controller\IndexController.class.php 第 43 行.
NOTIC: [2] mssql_query() [<a href='function.mssql-query'>function.mssql-query</a>]: Query failed C:\wamp\www\thinkaaron\Optionkitting\Home\Controller\IndexController.class.php 第 43 行.
NOTIC: [2] mssql_query() [<a href='function.mssql-query'>function.mssql-query</a>]: message: Violation of PRIMARY KEY constraint 'PK_Option_View'. Cannot insert duplicate key in object 'dbo.Option_view'. (severity 14) C:\wamp\www\thinkaaron\Optionkitting\Home\Controller\IndexController.class.php 第 34 行.
NOTIC: [2] mssql_query() [<a href='function.mssql-query'>function.mssql-query</a>]: Query failed C:\wamp\www\thinkaaron\Optionkitting\Home\Controller\IndexController.class.php 第 34 行.
NOTIC: [2] mssql_query() [<a href='function.mssql-query'>function.mssql-query</a>]: message: Violation of PRIMARY KEY constraint 'PK_Option_SKU'. Cannot insert duplicate key in object 'dbo.Option_SKU'. (severity 14) C:\wamp\www\thinkaaron\Optionkitting\Home\Controller\IndexController.class.php 第 43 行.
NOTIC: [2] mssql_query() [<a href='function.mssql-query'>function.mssql-query</a>]: Query failed C:\wamp\www\thinkaaron\Optionkitting\Home\Controller\IndexController.class.php 第 43 行.
NOTIC: [2] mssql_query() [<a href='function.mssql-query'>function.mssql-query</a>]: message: Violation of PRIMARY KEY constraint 'PK_Option_View'. Cannot insert duplicate key in object 'dbo.Option_view'. (severity 14) C:\wamp\www\thinkaaron\Optionkitting\Home\Controller\IndexController.class.php 第 34 行.
NOTIC: [2] mssql_query() [<a href='function.mssql-query'>function.mssql-query</a>]: Query failed C:\wamp\www\thinkaaron\Optionkitting\Home\Controller\IndexController.class.php 第 34 行.
NOTIC: [2] mssql_query() [<a href='function.mssql-query'>function.mssql-query</a>]: message: Violation of PRIMARY KEY constraint 'PK_Option_SKU'. Cannot insert duplicate key in object 'dbo.Option_SKU'. (severity 14) C:\wamp\www\thinkaaron\Optionkitting\Home\Controller\IndexController.class.php 第 43 行.
NOTIC: [2] mssql_query() [<a href='function.mssql-query'>function.mssql-query</a>]: Query failed C:\wamp\www\thinkaaron\Optionkitting\Home\Controller\IndexController.class.php 第 43 行.
INFO: [ app_end ] --START--
INFO: Run Behavior\ShowPageTraceBehavior [ RunTime:0.000607s ]
INFO: [ app_end ] --END-- [ RunTime:0.000735s ]

[ 2015-04-01T17:03:52+08:00 ] 16.165.4.135 /thinkaaron/index.php/home/index/insert
INFO: [ app_init ] --START--
INFO: Run Behavior\BuildLiteBehavior [ RunTime:0.000036s ]
INFO: [ app_init ] --END-- [ RunTime:0.000620s ]
INFO: [ app_begin ] --START--
INFO: Run Behavior\ReadHtmlCacheBehavior [ RunTime:0.000878s ]
INFO: [ app_begin ] --END-- [ RunTime:0.001072s ]
SQL: SELECT   column_name,   data_type,   column_default,   is_nullable
        FROM    information_schema.tables AS t
        JOIN    information_schema.columns AS c
        ON  t.table_catalog = c.table_catalog
        AND t.table_schema  = c.table_schema
        AND t.table_name    = c.table_name
        WHERE   t.table_name = 'dbo.option__view' [ RunTime:0.000330s ]
NOTIC: [8] iconv() [<a href='function.iconv'>function.iconv</a>]: Detected an illegal character in input string C:\wamp\www\thinkaaron\Optionkitting\Home\Controller\IndexController.class.php 第 32 行.
NOTIC: [2] mssql_query() [<a href='function.mssql-query'>function.mssql-query</a>]: message: Unclosed quotation mark after the character string ''. (severity 15) C:\wamp\www\thinkaaron\Optionkitting\Home\Controller\IndexController.class.php 第 34 行.
NOTIC: [2] mssql_query() [<a href='function.mssql-query'>function.mssql-query</a>]: message: Incorrect syntax near ''. (severity 15) C:\wamp\www\thinkaaron\Optionkitting\Home\Controller\IndexController.class.php 第 34 行.
NOTIC: [2] mssql_query() [<a href='function.mssql-query'>function.mssql-query</a>]: Query failed C:\wamp\www\thinkaaron\Optionkitting\Home\Controller\IndexController.class.php 第 34 行.
NOTIC: [8] iconv() [<a href='function.iconv'>function.iconv</a>]: Detected an illegal character in input string C:\wamp\www\thinkaaron\Optionkitting\Home\Controller\IndexController.class.php 第 42 行.
NOTIC: [2] mssql_query() [<a href='function.mssql-query'>function.mssql-query</a>]: message: Unclosed quotation mark after the character string ''. (severity 15) C:\wamp\www\thinkaaron\Optionkitting\Home\Controller\IndexController.class.php 第 43 行.
NOTIC: [2] mssql_query() [<a href='function.mssql-query'>function.mssql-query</a>]: message: Incorrect syntax near ''. (severity 15) C:\wamp\www\thinkaaron\Optionkitting\Home\Controller\IndexController.class.php 第 43 行.
NOTIC: [2] mssql_query() [<a href='function.mssql-query'>function.mssql-query</a>]: Query failed C:\wamp\www\thinkaaron\Optionkitting\Home\Controller\IndexController.class.php 第 43 行.
INFO: [ app_end ] --START--
INFO: Run Behavior\ShowPageTraceBehavior [ RunTime:0.000883s ]
INFO: [ app_end ] --END-- [ RunTime:0.001055s ]

[ 2015-04-01T17:05:00+08:00 ] 16.165.4.135 /thinkaaron/index.php/home/index/insert
INFO: [ app_init ] --START--
INFO: Run Behavior\BuildLiteBehavior [ RunTime:0.000022s ]
INFO: [ app_init ] --END-- [ RunTime:0.000425s ]
INFO: [ app_begin ] --START--
INFO: Run Behavior\ReadHtmlCacheBehavior [ RunTime:0.000568s ]
INFO: [ app_begin ] --END-- [ RunTime:0.000693s ]
SQL: SELECT   column_name,   data_type,   column_default,   is_nullable
        FROM    information_schema.tables AS t
        JOIN    information_schema.columns AS c
        ON  t.table_catalog = c.table_catalog
        AND t.table_schema  = c.table_schema
        AND t.table_name    = c.table_name
        WHERE   t.table_name = 'dbo.option__view' [ RunTime:0.000409s ]
INFO: [ app_end ] --START--
INFO: Run Behavior\ShowPageTraceBehavior [ RunTime:0.000819s ]
INFO: [ app_end ] --END-- [ RunTime:0.000994s ]

[ 2015-04-01T17:17:00+08:00 ] 16.165.4.135 /thinkaaron/index.php/home/index/insert
INFO: [ app_init ] --START--
INFO: Run Behavior\BuildLiteBehavior [ RunTime:0.000034s ]
INFO: [ app_init ] --END-- [ RunTime:0.000621s ]
INFO: [ app_begin ] --START--
INFO: Run Behavior\ReadHtmlCacheBehavior [ RunTime:0.000953s ]
INFO: [ app_begin ] --END-- [ RunTime:0.001144s ]
SQL: SELECT   column_name,   data_type,   column_default,   is_nullable
        FROM    information_schema.tables AS t
        JOIN    information_schema.columns AS c
        ON  t.table_catalog = c.table_catalog
        AND t.table_schema  = c.table_schema
        AND t.table_name    = c.table_name
        WHERE   t.table_name = 'dbo.option__view' [ RunTime:0.000332s ]
INFO: [ app_end ] --START--
INFO: Run Behavior\ShowPageTraceBehavior [ RunTime:0.000949s ]
INFO: [ app_end ] --END-- [ RunTime:0.001123s ]

[ 2015-04-01T17:19:08+08:00 ] 16.165.4.135 /thinkaaron/index.php/home/index/insert
INFO: [ app_init ] --START--
INFO: Run Behavior\BuildLiteBehavior [ RunTime:0.000022s ]
INFO: [ app_init ] --END-- [ RunTime:0.000421s ]
INFO: [ app_begin ] --START--
INFO: Run Behavior\ReadHtmlCacheBehavior [ RunTime:0.000562s ]
INFO: [ app_begin ] --END-- [ RunTime:0.000689s ]
SQL: SELECT   column_name,   data_type,   column_default,   is_nullable
        FROM    information_schema.tables AS t
        JOIN    information_schema.columns AS c
        ON  t.table_catalog = c.table_catalog
        AND t.table_schema  = c.table_schema
        AND t.table_name    = c.table_name
        WHERE   t.table_name = 'dbo.option__view' [ RunTime:0.000262s ]
INFO: [ app_end ] --START--
INFO: Run Behavior\ShowPageTraceBehavior [ RunTime:0.000569s ]
INFO: [ app_end ] --END-- [ RunTime:0.000676s ]

[ 2015-04-01T17:48:01+08:00 ] 16.165.5.106 /thinkaaron/index.php/home/index/sqltool
INFO: [ app_init ] --START--
INFO: Run Behavior\BuildLiteBehavior [ RunTime:0.000034s ]
INFO: [ app_init ] --END-- [ RunTime:0.000621s ]
INFO: [ app_begin ] --START--
INFO: Run Behavior\ReadHtmlCacheBehavior [ RunTime:0.000952s ]
INFO: [ app_begin ] --END-- [ RunTime:0.001147s ]
INFO: [ app_end ] --START--
INFO: Run Behavior\ShowPageTraceBehavior [ RunTime:0.000906s ]
INFO: [ app_end ] --END-- [ RunTime:0.001084s ]

[ 2015-04-01T17:50:08+08:00 ] 16.165.5.106 /thinkaaron/index.php/home/index/insert
INFO: [ app_init ] --START--
INFO: Run Behavior\BuildLiteBehavior [ RunTime:0.000034s ]
INFO: [ app_init ] --END-- [ RunTime:0.000614s ]
INFO: [ app_begin ] --START--
INFO: Run Behavior\ReadHtmlCacheBehavior [ RunTime:0.000935s ]
INFO: [ app_begin ] --END-- [ RunTime:0.001128s ]
SQL: SELECT   column_name,   data_type,   column_default,   is_nullable
        FROM    information_schema.tables AS t
        JOIN    information_schema.columns AS c
        ON  t.table_catalog = c.table_catalog
        AND t.table_schema  = c.table_schema
        AND t.table_name    = c.table_name
        WHERE   t.table_name = 'dbo.option__view' [ RunTime:0.000296s ]
NOTIC: [8] iconv() [<a href='function.iconv'>function.iconv</a>]: Detected an illegal character in input string C:\wamp\www\thinkaaron\Optionkitting\Home\Controller\IndexController.class.php 第 32 行.
NOTIC: [2] mssql_query() [<a href='function.mssql-query'>function.mssql-query</a>]: message: Unclosed quotation mark after the character string ''. (severity 15) C:\wamp\www\thinkaaron\Optionkitting\Home\Controller\IndexController.class.php 第 34 行.
NOTIC: [2] mssql_query() [<a href='function.mssql-query'>function.mssql-query</a>]: message: Incorrect syntax near ''. (severity 15) C:\wamp\www\thinkaaron\Optionkitting\Home\Controller\IndexController.class.php 第 34 行.
NOTIC: [2] mssql_query() [<a href='function.mssql-query'>function.mssql-query</a>]: Query failed C:\wamp\www\thinkaaron\Optionkitting\Home\Controller\IndexController.class.php 第 34 行.
NOTIC: [8] iconv() [<a href='function.iconv'>function.iconv</a>]: Detected an illegal character in input string C:\wamp\www\thinkaaron\Optionkitting\Home\Controller\IndexController.class.php 第 42 行.
NOTIC: [2] mssql_query() [<a href='function.mssql-query'>function.mssql-query</a>]: message: Unclosed quotation mark after the character string ''. (severity 15) C:\wamp\www\thinkaaron\Optionkitting\Home\Controller\IndexController.class.php 第 43 行.
NOTIC: [2] mssql_query() [<a href='function.mssql-query'>function.mssql-query</a>]: message: Incorrect syntax near ''. (severity 15) C:\wamp\www\thinkaaron\Optionkitting\Home\Controller\IndexController.class.php 第 43 行.
NOTIC: [2] mssql_query() [<a href='function.mssql-query'>function.mssql-query</a>]: Query failed C:\wamp\www\thinkaaron\Optionkitting\Home\Controller\IndexController.class.php 第 43 行.
INFO: [ app_end ] --START--
INFO: Run Behavior\ShowPageTraceBehavior [ RunTime:0.000949s ]
INFO: [ app_end ] --END-- [ RunTime:0.001120s ]

