[ 2015-10-25T10:33:36+08:00 ] 16.168.2.91 /thinkaaron/index.php/home/index/insert
INFO: [ app_init ] --START--
INFO: Run Behavior\BuildLiteBehavior [ RunTime:0.000041s ]
INFO: [ app_init ] --END-- [ RunTime:0.000668s ]
INFO: [ app_begin ] --START--
INFO: Run Behavior\ReadHtmlCacheBehavior [ RunTime:0.000908s ]
INFO: [ app_begin ] --END-- [ RunTime:0.001134s ]
SQL: SELECT   column_name,   data_type,   column_default,   is_nullable
        FROM    information_schema.tables AS t
        JOIN    information_schema.columns AS c
        ON  t.table_catalog = c.table_catalog
        AND t.table_schema  = c.table_schema
        AND t.table_name    = c.table_name
        WHERE   t.table_name = 'dbo.option__view' [ RunTime:0.000336s ]
INFO: [ app_end ] --START--
INFO: Run Behavior\ShowPageTraceBehavior [ RunTime:0.000944s ]
INFO: [ app_end ] --END-- [ RunTime:0.001150s ]

[ 2015-10-25T10:34:17+08:00 ] 16.168.2.91 /thinkaaron/index.php/home/index/insert
INFO: [ app_init ] --START--
INFO: Run Behavior\BuildLiteBehavior [ RunTime:0.000041s ]
INFO: [ app_init ] --END-- [ RunTime:0.000665s ]
INFO: [ app_begin ] --START--
INFO: Run Behavior\ReadHtmlCacheBehavior [ RunTime:0.000874s ]
INFO: [ app_begin ] --END-- [ RunTime:0.001099s ]
SQL: SELECT   column_name,   data_type,   column_default,   is_nullable
        FROM    information_schema.tables AS t
        JOIN    information_schema.columns AS c
        ON  t.table_catalog = c.table_catalog
        AND t.table_schema  = c.table_schema
        AND t.table_name    = c.table_name
        WHERE   t.table_name = 'dbo.option__view' [ RunTime:0.000411s ]
NOTIC: [2] mssql_query() [<a href='function.mssql-query'>function.mssql-query</a>]: message: Violation of PRIMARY KEY constraint 'PK_Option_View'. Cannot insert duplicate key in object 'dbo.Option_view'. (severity 14) C:\wamp\www\thinkaaron\Optionkitting\Home\Controller\IndexController.class.php 第 37 行.
NOTIC: [2] mssql_query() [<a href='function.mssql-query'>function.mssql-query</a>]: Query failed C:\wamp\www\thinkaaron\Optionkitting\Home\Controller\IndexController.class.php 第 37 行.
NOTIC: [2] mssql_query() [<a href='function.mssql-query'>function.mssql-query</a>]: message: Violation of PRIMARY KEY constraint 'PK_Option_SKU'. Cannot insert duplicate key in object 'dbo.Option_SKU'. (severity 14) C:\wamp\www\thinkaaron\Optionkitting\Home\Controller\IndexController.class.php 第 47 行.
NOTIC: [2] mssql_query() [<a href='function.mssql-query'>function.mssql-query</a>]: Query failed C:\wamp\www\thinkaaron\Optionkitting\Home\Controller\IndexController.class.php 第 47 行.
INFO: [ app_end ] --START--
INFO: Run Behavior\ShowPageTraceBehavior [ RunTime:0.000909s ]
INFO: [ app_end ] --END-- [ RunTime:0.001107s ]

