[ 2015-08-13T20:59:29+08:00 ] 15.109.94.139 /thinkaaron/indexH3C.php/home/index/Warrantycard
INFO: [ app_init ] --START--
INFO: Run Behavior\BuildLiteBehavior [ RunTime:0.000041s ]
INFO: [ app_init ] --END-- [ RunTime:0.000765s ]
INFO: [ app_begin ] --START--
INFO: Run Behavior\ReadHtmlCacheBehavior [ RunTime:0.001164s ]
INFO: [ app_begin ] --END-- [ RunTime:0.001392s ]
SQL: SELECT   column_name,   data_type,   column_default,   is_nullable
        FROM    information_schema.tables AS t
        JOIN    information_schema.columns AS c
        ON  t.table_catalog = c.table_catalog
        AND t.table_schema  = c.table_schema
        AND t.table_name    = c.table_name
        WHERE   t.table_name = 'dbo.warrantycard' [ RunTime:0.000313s ]
NOTIC: [2] in_array() expects parameter 2 to be array, boolean given C:\wamp\www\thinkaaron\ThinkPHP\Library\Think\Model.class.php 第 918 行.
NOTIC: [2] in_array() expects parameter 2 to be array, boolean given C:\wamp\www\thinkaaron\ThinkPHP\Library\Think\Model.class.php 第 918 行.
NOTIC: [2] in_array() expects parameter 2 to be array, boolean given C:\wamp\www\thinkaaron\ThinkPHP\Library\Think\Model.class.php 第 918 行.
NOTIC: [2] in_array() expects parameter 2 to be array, boolean given C:\wamp\www\thinkaaron\ThinkPHP\Library\Think\Model.class.php 第 918 行.
SQL: INSERT INTO dbo.warrantycard (HPSKU,H3CPID,H3CBOMCODE) VALUES ('834683-B21','CTO SERVER','0200A008') [ RunTime:0.000513s ]
INFO: [ view_parse ] --START--
INFO: [ template_filter ] --START--
INFO: Run Behavior\ContentReplaceBehavior [ RunTime:0.000117s ]
INFO: [ template_filter ] --END-- [ RunTime:0.000331s ]
INFO: Run Behavior\ParseTemplateBehavior [ RunTime:0.030921s ]
INFO: [ view_parse ] --END-- [ RunTime:0.031134s ]
INFO: [ view_filter ] --START--
INFO: Run Behavior\WriteHtmlCacheBehavior [ RunTime:0.004421s ]
INFO: [ view_filter ] --END-- [ RunTime:0.004619s ]
INFO: [ app_end ] --START--
INFO: Run Behavior\ShowPageTraceBehavior [ RunTime:0.001234s ]
INFO: [ app_end ] --END-- [ RunTime:0.001436s ]

