[ 2015-11-26T00:48:50+08:00 ] 16.187.230.24 /thinkaaron/indexbuyer.php/home/prekit1/prekit2
INFO: [ app_init ] --START--
INFO: Run Behavior\BuildLiteBehavior [ RunTime:0.000041s ]
INFO: [ app_init ] --END-- [ RunTime:0.000689s ]
INFO: [ app_begin ] --START--
INFO: Run Behavior\ReadHtmlCacheBehavior [ RunTime:0.001033s ]
INFO: [ app_begin ] --END-- [ RunTime:0.001261s ]
SQL: SELECT   column_name,   data_type,   column_default,   is_nullable
        FROM    information_schema.tables AS t
        JOIN    information_schema.columns AS c
        ON  t.table_catalog = c.table_catalog
        AND t.table_schema  = c.table_schema
        AND t.table_name    = c.table_name
        WHERE   t.table_name = 'dbo.prekit1' [ RunTime:0.000563s ]
NOTIC: [2] mssql_result() [<a href='function.mssql-result'>function.mssql-result</a>]: Bad row offset (0) C:\wamp\www\thinkaaron\buyerteam\Home\Controller\Prekit1Controller.class.php 第 129 行.
NOTIC: [2] mssql_result() [<a href='function.mssql-result'>function.mssql-result</a>]: Bad row offset (1) C:\wamp\www\thinkaaron\buyerteam\Home\Controller\Prekit1Controller.class.php 第 130 行.
SQL: SELECT T1.* FROM (SELECT thinkphp.*, ROW_NUMBER() OVER ( ORDER BY rand()) AS ROW_NUMBER FROM (SELECT  * FROM dbo.prekit1 WHERE ( ZMODPN='' )) AS thinkphp) AS T1  [ RunTime:0.000295s ]
INFO: [ view_parse ] --START--
INFO: [ template_filter ] --START--
INFO: Run Behavior\ContentReplaceBehavior [ RunTime:0.000145s ]
INFO: [ template_filter ] --END-- [ RunTime:0.000347s ]
NOTIC: [8] Undefined variable: output1 C:\wamp\www\thinkaaron\buyerteam\Runtime\Cache\Home\b02b26698ed50d70e5089f98d63e0847.php 第 62 行.
NOTIC: [8] Undefined variable: output1 C:\wamp\www\thinkaaron\buyerteam\Runtime\Cache\Home\b02b26698ed50d70e5089f98d63e0847.php 第 97 行.
NOTIC: [8] Undefined offset: 1 C:\wamp\www\thinkaaron\buyerteam\Runtime\Cache\Home\b02b26698ed50d70e5089f98d63e0847.php 第 130 行.

[ 2015-11-26T01:18:05+08:00 ] 16.187.230.24 /thinkaaron/indexbuyer.php/home/prekit1/prekit2
INFO: [ app_init ] --START--
INFO: Run Behavior\BuildLiteBehavior [ RunTime:0.000040s ]
INFO: [ app_init ] --END-- [ RunTime:0.000718s ]
INFO: [ app_begin ] --START--
INFO: Run Behavior\ReadHtmlCacheBehavior [ RunTime:0.001025s ]
INFO: [ app_begin ] --END-- [ RunTime:0.001252s ]
SQL: SELECT   column_name,   data_type,   column_default,   is_nullable
        FROM    information_schema.tables AS t
        JOIN    information_schema.columns AS c
        ON  t.table_catalog = c.table_catalog
        AND t.table_schema  = c.table_schema
        AND t.table_name    = c.table_name
        WHERE   t.table_name = 'dbo.prekit1' [ RunTime:0.000307s ]
NOTIC: [2] mssql_result() [<a href='function.mssql-result'>function.mssql-result</a>]: Bad row offset (0) C:\wamp\www\thinkaaron\buyerteam\Home\Controller\Prekit1Controller.class.php 第 129 行.
NOTIC: [2] mssql_result() [<a href='function.mssql-result'>function.mssql-result</a>]: Bad row offset (1) C:\wamp\www\thinkaaron\buyerteam\Home\Controller\Prekit1Controller.class.php 第 130 行.
SQL: SELECT T1.* FROM (SELECT thinkphp.*, ROW_NUMBER() OVER ( ORDER BY rand()) AS ROW_NUMBER FROM (SELECT  * FROM dbo.prekit1 WHERE ( ZMODPN='' )) AS thinkphp) AS T1  [ RunTime:0.000202s ]
INFO: [ view_parse ] --START--
INFO: [ template_filter ] --START--
INFO: Run Behavior\ContentReplaceBehavior [ RunTime:0.000143s ]
INFO: [ template_filter ] --END-- [ RunTime:0.000348s ]
NOTIC: [8] Undefined variable: output1 C:\wamp\www\thinkaaron\buyerteam\Runtime\Cache\Home\b02b26698ed50d70e5089f98d63e0847.php 第 62 行.
NOTIC: [8] Undefined variable: output1 C:\wamp\www\thinkaaron\buyerteam\Runtime\Cache\Home\b02b26698ed50d70e5089f98d63e0847.php 第 97 行.
NOTIC: [8] Undefined offset: 1 C:\wamp\www\thinkaaron\buyerteam\Runtime\Cache\Home\b02b26698ed50d70e5089f98d63e0847.php 第 130 行.

[ 2015-11-26T01:18:19+08:00 ] 16.187.230.24 /thinkaaron/indexbuyer.php/home/prekit1/prekit2
INFO: [ app_init ] --START--
INFO: Run Behavior\BuildLiteBehavior [ RunTime:0.000041s ]
INFO: [ app_init ] --END-- [ RunTime:0.000729s ]
INFO: [ app_begin ] --START--
INFO: Run Behavior\ReadHtmlCacheBehavior [ RunTime:0.001021s ]
INFO: [ app_begin ] --END-- [ RunTime:0.001248s ]
SQL: SELECT   column_name,   data_type,   column_default,   is_nullable
        FROM    information_schema.tables AS t
        JOIN    information_schema.columns AS c
        ON  t.table_catalog = c.table_catalog
        AND t.table_schema  = c.table_schema
        AND t.table_name    = c.table_name
        WHERE   t.table_name = 'dbo.prekit1' [ RunTime:0.000246s ]
NOTIC: [2] mssql_result() [<a href='function.mssql-result'>function.mssql-result</a>]: Bad row offset (0) C:\wamp\www\thinkaaron\buyerteam\Home\Controller\Prekit1Controller.class.php 第 129 行.
NOTIC: [2] mssql_result() [<a href='function.mssql-result'>function.mssql-result</a>]: Bad row offset (1) C:\wamp\www\thinkaaron\buyerteam\Home\Controller\Prekit1Controller.class.php 第 130 行.
SQL: SELECT T1.* FROM (SELECT thinkphp.*, ROW_NUMBER() OVER ( ORDER BY rand()) AS ROW_NUMBER FROM (SELECT  * FROM dbo.prekit1 WHERE ( ZMODPN='' )) AS thinkphp) AS T1  [ RunTime:0.000187s ]
INFO: [ view_parse ] --START--
INFO: [ template_filter ] --START--
INFO: Run Behavior\ContentReplaceBehavior [ RunTime:0.000143s ]
INFO: [ template_filter ] --END-- [ RunTime:0.000348s ]
NOTIC: [8] Undefined variable: output1 C:\wamp\www\thinkaaron\buyerteam\Runtime\Cache\Home\b02b26698ed50d70e5089f98d63e0847.php 第 62 行.
NOTIC: [8] Undefined variable: output1 C:\wamp\www\thinkaaron\buyerteam\Runtime\Cache\Home\b02b26698ed50d70e5089f98d63e0847.php 第 97 行.
NOTIC: [8] Undefined offset: 1 C:\wamp\www\thinkaaron\buyerteam\Runtime\Cache\Home\b02b26698ed50d70e5089f98d63e0847.php 第 130 行.

[ 2015-11-26T01:18:31+08:00 ] 16.187.230.24 /thinkaaron/indexbuyer.php/home/prekit1/prekit2
INFO: [ app_init ] --START--
INFO: Run Behavior\BuildLiteBehavior [ RunTime:0.000040s ]
INFO: [ app_init ] --END-- [ RunTime:0.000717s ]
INFO: [ app_begin ] --START--
INFO: Run Behavior\ReadHtmlCacheBehavior [ RunTime:0.001035s ]
INFO: [ app_begin ] --END-- [ RunTime:0.001263s ]
SQL: SELECT   column_name,   data_type,   column_default,   is_nullable
        FROM    information_schema.tables AS t
        JOIN    information_schema.columns AS c
        ON  t.table_catalog = c.table_catalog
        AND t.table_schema  = c.table_schema
        AND t.table_name    = c.table_name
        WHERE   t.table_name = 'dbo.prekit1' [ RunTime:0.000259s ]
NOTIC: [2] mssql_result() [<a href='function.mssql-result'>function.mssql-result</a>]: Bad row offset (0) C:\wamp\www\thinkaaron\buyerteam\Home\Controller\Prekit1Controller.class.php 第 129 行.
NOTIC: [2] mssql_result() [<a href='function.mssql-result'>function.mssql-result</a>]: Bad row offset (1) C:\wamp\www\thinkaaron\buyerteam\Home\Controller\Prekit1Controller.class.php 第 130 行.
SQL: SELECT T1.* FROM (SELECT thinkphp.*, ROW_NUMBER() OVER ( ORDER BY rand()) AS ROW_NUMBER FROM (SELECT  * FROM dbo.prekit1 WHERE ( ZMODPN='' )) AS thinkphp) AS T1  [ RunTime:0.000194s ]
INFO: [ view_parse ] --START--
INFO: [ template_filter ] --START--
INFO: Run Behavior\ContentReplaceBehavior [ RunTime:0.000143s ]
INFO: [ template_filter ] --END-- [ RunTime:0.000347s ]
NOTIC: [8] Undefined variable: output1 C:\wamp\www\thinkaaron\buyerteam\Runtime\Cache\Home\b02b26698ed50d70e5089f98d63e0847.php 第 62 行.
NOTIC: [8] Undefined variable: output1 C:\wamp\www\thinkaaron\buyerteam\Runtime\Cache\Home\b02b26698ed50d70e5089f98d63e0847.php 第 97 行.
NOTIC: [8] Undefined offset: 1 C:\wamp\www\thinkaaron\buyerteam\Runtime\Cache\Home\b02b26698ed50d70e5089f98d63e0847.php 第 130 行.

[ 2015-11-26T01:18:52+08:00 ] 16.187.230.24 /thinkaaron/indexbuyer.php/home/prekit1/prekit2
INFO: [ app_init ] --START--
INFO: Run Behavior\BuildLiteBehavior [ RunTime:0.000040s ]
INFO: [ app_init ] --END-- [ RunTime:0.000718s ]
INFO: [ app_begin ] --START--
INFO: Run Behavior\ReadHtmlCacheBehavior [ RunTime:0.001035s ]
INFO: [ app_begin ] --END-- [ RunTime:0.001263s ]
SQL: SELECT   column_name,   data_type,   column_default,   is_nullable
        FROM    information_schema.tables AS t
        JOIN    information_schema.columns AS c
        ON  t.table_catalog = c.table_catalog
        AND t.table_schema  = c.table_schema
        AND t.table_name    = c.table_name
        WHERE   t.table_name = 'dbo.prekit1' [ RunTime:0.000265s ]
NOTIC: [2] mssql_result() [<a href='function.mssql-result'>function.mssql-result</a>]: Bad row offset (0) C:\wamp\www\thinkaaron\buyerteam\Home\Controller\Prekit1Controller.class.php 第 129 行.
NOTIC: [2] mssql_result() [<a href='function.mssql-result'>function.mssql-result</a>]: Bad row offset (1) C:\wamp\www\thinkaaron\buyerteam\Home\Controller\Prekit1Controller.class.php 第 130 行.
SQL: SELECT T1.* FROM (SELECT thinkphp.*, ROW_NUMBER() OVER ( ORDER BY rand()) AS ROW_NUMBER FROM (SELECT  * FROM dbo.prekit1 WHERE ( ZMODPN='' )) AS thinkphp) AS T1  [ RunTime:0.000196s ]
INFO: [ view_parse ] --START--
INFO: [ template_filter ] --START--
INFO: Run Behavior\ContentReplaceBehavior [ RunTime:0.000144s ]
INFO: [ template_filter ] --END-- [ RunTime:0.000350s ]
NOTIC: [8] Undefined variable: output1 C:\wamp\www\thinkaaron\buyerteam\Runtime\Cache\Home\b02b26698ed50d70e5089f98d63e0847.php 第 62 行.
NOTIC: [8] Undefined variable: output1 C:\wamp\www\thinkaaron\buyerteam\Runtime\Cache\Home\b02b26698ed50d70e5089f98d63e0847.php 第 97 行.
NOTIC: [8] Undefined offset: 1 C:\wamp\www\thinkaaron\buyerteam\Runtime\Cache\Home\b02b26698ed50d70e5089f98d63e0847.php 第 130 行.

[ 2015-11-26T01:19:18+08:00 ] 16.187.230.24 /thinkaaron/indexbuyer.php/home/prekit1/prekit2
INFO: [ app_init ] --START--
INFO: Run Behavior\BuildLiteBehavior [ RunTime:0.000040s ]
INFO: [ app_init ] --END-- [ RunTime:0.000719s ]
INFO: [ app_begin ] --START--
INFO: Run Behavior\ReadHtmlCacheBehavior [ RunTime:0.001022s ]
INFO: [ app_begin ] --END-- [ RunTime:0.001250s ]
SQL: SELECT   column_name,   data_type,   column_default,   is_nullable
        FROM    information_schema.tables AS t
        JOIN    information_schema.columns AS c
        ON  t.table_catalog = c.table_catalog
        AND t.table_schema  = c.table_schema
        AND t.table_name    = c.table_name
        WHERE   t.table_name = 'dbo.prekit1' [ RunTime:0.000259s ]
NOTIC: [2] mssql_result() [<a href='function.mssql-result'>function.mssql-result</a>]: Bad row offset (0) C:\wamp\www\thinkaaron\buyerteam\Home\Controller\Prekit1Controller.class.php 第 129 行.
NOTIC: [2] mssql_result() [<a href='function.mssql-result'>function.mssql-result</a>]: Bad row offset (1) C:\wamp\www\thinkaaron\buyerteam\Home\Controller\Prekit1Controller.class.php 第 130 行.
SQL: SELECT T1.* FROM (SELECT thinkphp.*, ROW_NUMBER() OVER ( ORDER BY rand()) AS ROW_NUMBER FROM (SELECT  * FROM dbo.prekit1 WHERE ( ZMODPN='' )) AS thinkphp) AS T1  [ RunTime:0.000189s ]
INFO: [ view_parse ] --START--
INFO: [ template_filter ] --START--
INFO: Run Behavior\ContentReplaceBehavior [ RunTime:0.000142s ]
INFO: [ template_filter ] --END-- [ RunTime:0.000347s ]
NOTIC: [8] Undefined variable: output1 C:\wamp\www\thinkaaron\buyerteam\Runtime\Cache\Home\b02b26698ed50d70e5089f98d63e0847.php 第 62 行.
NOTIC: [8] Undefined variable: output1 C:\wamp\www\thinkaaron\buyerteam\Runtime\Cache\Home\b02b26698ed50d70e5089f98d63e0847.php 第 97 行.
NOTIC: [8] Undefined offset: 1 C:\wamp\www\thinkaaron\buyerteam\Runtime\Cache\Home\b02b26698ed50d70e5089f98d63e0847.php 第 130 行.

[ 2015-11-26T01:19:32+08:00 ] 16.187.230.24 /thinkaaron/indexbuyer.php/home/prekit1/prekit2
INFO: [ app_init ] --START--
INFO: Run Behavior\BuildLiteBehavior [ RunTime:0.000041s ]
INFO: [ app_init ] --END-- [ RunTime:0.000717s ]
INFO: [ app_begin ] --START--
INFO: Run Behavior\ReadHtmlCacheBehavior [ RunTime:0.001023s ]
INFO: [ app_begin ] --END-- [ RunTime:0.001253s ]
SQL: SELECT   column_name,   data_type,   column_default,   is_nullable
        FROM    information_schema.tables AS t
        JOIN    information_schema.columns AS c
        ON  t.table_catalog = c.table_catalog
        AND t.table_schema  = c.table_schema
        AND t.table_name    = c.table_name
        WHERE   t.table_name = 'dbo.prekit1' [ RunTime:0.000251s ]
NOTIC: [2] mssql_result() [<a href='function.mssql-result'>function.mssql-result</a>]: Bad row offset (0) C:\wamp\www\thinkaaron\buyerteam\Home\Controller\Prekit1Controller.class.php 第 129 行.
NOTIC: [2] mssql_result() [<a href='function.mssql-result'>function.mssql-result</a>]: Bad row offset (1) C:\wamp\www\thinkaaron\buyerteam\Home\Controller\Prekit1Controller.class.php 第 130 行.
SQL: SELECT T1.* FROM (SELECT thinkphp.*, ROW_NUMBER() OVER ( ORDER BY rand()) AS ROW_NUMBER FROM (SELECT  * FROM dbo.prekit1 WHERE ( ZMODPN='' )) AS thinkphp) AS T1  [ RunTime:0.000192s ]
INFO: [ view_parse ] --START--
INFO: [ template_filter ] --START--
INFO: Run Behavior\ContentReplaceBehavior [ RunTime:0.000142s ]
INFO: [ template_filter ] --END-- [ RunTime:0.000346s ]
NOTIC: [8] Undefined variable: output1 C:\wamp\www\thinkaaron\buyerteam\Runtime\Cache\Home\b02b26698ed50d70e5089f98d63e0847.php 第 62 行.
NOTIC: [8] Undefined variable: output1 C:\wamp\www\thinkaaron\buyerteam\Runtime\Cache\Home\b02b26698ed50d70e5089f98d63e0847.php 第 97 行.
NOTIC: [8] Undefined offset: 1 C:\wamp\www\thinkaaron\buyerteam\Runtime\Cache\Home\b02b26698ed50d70e5089f98d63e0847.php 第 130 行.

[ 2015-11-26T01:20:00+08:00 ] 16.187.230.24 /thinkaaron/indexbuyer.php/home/prekit1/prekit2
INFO: [ app_init ] --START--
INFO: Run Behavior\BuildLiteBehavior [ RunTime:0.000041s ]
INFO: [ app_init ] --END-- [ RunTime:0.000722s ]
INFO: [ app_begin ] --START--
INFO: Run Behavior\ReadHtmlCacheBehavior [ RunTime:0.001022s ]
INFO: [ app_begin ] --END-- [ RunTime:0.001251s ]
SQL: SELECT   column_name,   data_type,   column_default,   is_nullable
        FROM    information_schema.tables AS t
        JOIN    information_schema.columns AS c
        ON  t.table_catalog = c.table_catalog
        AND t.table_schema  = c.table_schema
        AND t.table_name    = c.table_name
        WHERE   t.table_name = 'dbo.prekit1' [ RunTime:0.000257s ]
NOTIC: [2] mssql_result() [<a href='function.mssql-result'>function.mssql-result</a>]: Bad row offset (0) C:\wamp\www\thinkaaron\buyerteam\Home\Controller\Prekit1Controller.class.php 第 129 行.
NOTIC: [2] mssql_result() [<a href='function.mssql-result'>function.mssql-result</a>]: Bad row offset (1) C:\wamp\www\thinkaaron\buyerteam\Home\Controller\Prekit1Controller.class.php 第 130 行.
SQL: SELECT T1.* FROM (SELECT thinkphp.*, ROW_NUMBER() OVER ( ORDER BY rand()) AS ROW_NUMBER FROM (SELECT  * FROM dbo.prekit1 WHERE ( ZMODPN='' )) AS thinkphp) AS T1  [ RunTime:0.000190s ]
INFO: [ view_parse ] --START--
INFO: [ template_filter ] --START--
INFO: Run Behavior\ContentReplaceBehavior [ RunTime:0.000143s ]
INFO: [ template_filter ] --END-- [ RunTime:0.000348s ]
NOTIC: [8] Undefined variable: output1 C:\wamp\www\thinkaaron\buyerteam\Runtime\Cache\Home\b02b26698ed50d70e5089f98d63e0847.php 第 62 行.
NOTIC: [8] Undefined variable: output1 C:\wamp\www\thinkaaron\buyerteam\Runtime\Cache\Home\b02b26698ed50d70e5089f98d63e0847.php 第 97 行.
NOTIC: [8] Undefined offset: 1 C:\wamp\www\thinkaaron\buyerteam\Runtime\Cache\Home\b02b26698ed50d70e5089f98d63e0847.php 第 130 行.

[ 2015-11-26T01:20:44+08:00 ] 16.187.230.24 /thinkaaron/indexbuyer.php/home/prekit1/prekit2
INFO: [ app_init ] --START--
INFO: Run Behavior\BuildLiteBehavior [ RunTime:0.000040s ]
INFO: [ app_init ] --END-- [ RunTime:0.000720s ]
INFO: [ app_begin ] --START--
INFO: Run Behavior\ReadHtmlCacheBehavior [ RunTime:0.001021s ]
INFO: [ app_begin ] --END-- [ RunTime:0.001249s ]
SQL: SELECT   column_name,   data_type,   column_default,   is_nullable
        FROM    information_schema.tables AS t
        JOIN    information_schema.columns AS c
        ON  t.table_catalog = c.table_catalog
        AND t.table_schema  = c.table_schema
        AND t.table_name    = c.table_name
        WHERE   t.table_name = 'dbo.prekit1' [ RunTime:0.000279s ]
NOTIC: [2] mssql_result() [<a href='function.mssql-result'>function.mssql-result</a>]: Bad row offset (1) C:\wamp\www\thinkaaron\buyerteam\Home\Controller\Prekit1Controller.class.php 第 130 行.
SQL: SELECT T1.* FROM (SELECT thinkphp.*, ROW_NUMBER() OVER ( ORDER BY rand()) AS ROW_NUMBER FROM (SELECT  * FROM dbo.prekit1 WHERE ( ZMODPN='765256-B21' )) AS thinkphp) AS T1  [ RunTime:0.000218s ]
INFO: [ view_parse ] --START--
INFO: [ template_filter ] --START--
INFO: Run Behavior\ContentReplaceBehavior [ RunTime:0.000151s ]
INFO: [ template_filter ] --END-- [ RunTime:0.000356s ]
NOTIC: [8] Undefined variable: output1 C:\wamp\www\thinkaaron\buyerteam\Runtime\Cache\Home\b02b26698ed50d70e5089f98d63e0847.php 第 62 行.
NOTIC: [8] Undefined variable: output1 C:\wamp\www\thinkaaron\buyerteam\Runtime\Cache\Home\b02b26698ed50d70e5089f98d63e0847.php 第 97 行.
NOTIC: [8] Undefined offset: 1 C:\wamp\www\thinkaaron\buyerteam\Runtime\Cache\Home\b02b26698ed50d70e5089f98d63e0847.php 第 130 行.
NOTIC: [8] Undefined variable: output1 C:\wamp\www\thinkaaron\buyerteam\Runtime\Cache\Home\b02b26698ed50d70e5089f98d63e0847.php 第 174 行.
NOTIC: [8] Undefined offset: 1 C:\wamp\www\thinkaaron\buyerteam\Runtime\Cache\Home\b02b26698ed50d70e5089f98d63e0847.php 第 190 行.
INFO: Run Behavior\ParseTemplateBehavior [ RunTime:0.015492s ]
INFO: [ view_parse ] --END-- [ RunTime:0.015700s ]
INFO: [ view_filter ] --START--
INFO: Run Behavior\WriteHtmlCacheBehavior [ RunTime:0.000608s ]
INFO: [ view_filter ] --END-- [ RunTime:0.000801s ]
INFO: [ app_end ] --START--
INFO: Run Behavior\ShowPageTraceBehavior [ RunTime:0.001065s ]
INFO: [ app_end ] --END-- [ RunTime:0.001269s ]

[ 2015-11-26T01:31:08+08:00 ] 16.187.230.24 /thinkaaron/indexbuyer.php/home/prekit1/prekit2
INFO: [ app_init ] --START--
INFO: Run Behavior\BuildLiteBehavior [ RunTime:0.000041s ]
INFO: [ app_init ] --END-- [ RunTime:0.000691s ]
INFO: [ app_begin ] --START--
INFO: Run Behavior\ReadHtmlCacheBehavior [ RunTime:0.001029s ]
INFO: [ app_begin ] --END-- [ RunTime:0.001258s ]
SQL: SELECT   column_name,   data_type,   column_default,   is_nullable
        FROM    information_schema.tables AS t
        JOIN    information_schema.columns AS c
        ON  t.table_catalog = c.table_catalog
        AND t.table_schema  = c.table_schema
        AND t.table_name    = c.table_name
        WHERE   t.table_name = 'dbo.prekit1' [ RunTime:0.000292s ]
NOTIC: [2] mssql_result() [<a href='function.mssql-result'>function.mssql-result</a>]: Bad row offset (1) C:\wamp\www\thinkaaron\buyerteam\Home\Controller\Prekit1Controller.class.php 第 130 行.
SQL: SELECT T1.* FROM (SELECT thinkphp.*, ROW_NUMBER() OVER ( ORDER BY rand()) AS ROW_NUMBER FROM (SELECT  * FROM dbo.prekit1 WHERE ( ZMODPN='728713-B21' )) AS thinkphp) AS T1  [ RunTime:0.000213s ]
INFO: [ view_parse ] --START--
INFO: [ template_filter ] --START--
INFO: Run Behavior\ContentReplaceBehavior [ RunTime:0.000153s ]
INFO: [ template_filter ] --END-- [ RunTime:0.000360s ]
NOTIC: [8] Undefined variable: output1 C:\wamp\www\thinkaaron\buyerteam\Runtime\Cache\Home\b02b26698ed50d70e5089f98d63e0847.php 第 62 行.
NOTIC: [8] Undefined variable: output1 C:\wamp\www\thinkaaron\buyerteam\Runtime\Cache\Home\b02b26698ed50d70e5089f98d63e0847.php 第 97 行.
NOTIC: [8] Undefined offset: 1 C:\wamp\www\thinkaaron\buyerteam\Runtime\Cache\Home\b02b26698ed50d70e5089f98d63e0847.php 第 130 行.
NOTIC: [8] Undefined variable: output1 C:\wamp\www\thinkaaron\buyerteam\Runtime\Cache\Home\b02b26698ed50d70e5089f98d63e0847.php 第 174 行.
NOTIC: [8] Undefined offset: 1 C:\wamp\www\thinkaaron\buyerteam\Runtime\Cache\Home\b02b26698ed50d70e5089f98d63e0847.php 第 190 行.
INFO: Run Behavior\ParseTemplateBehavior [ RunTime:0.015333s ]
INFO: [ view_parse ] --END-- [ RunTime:0.015542s ]
INFO: [ view_filter ] --START--
INFO: Run Behavior\WriteHtmlCacheBehavior [ RunTime:0.000582s ]
INFO: [ view_filter ] --END-- [ RunTime:0.000775s ]
INFO: [ app_end ] --START--
INFO: Run Behavior\ShowPageTraceBehavior [ RunTime:0.001045s ]
INFO: [ app_end ] --END-- [ RunTime:0.001248s ]

[ 2015-11-26T08:42:22+08:00 ] 16.187.228.72 /thinkaaron/indexbuyer.php/home/prekit1/prekit2
INFO: [ app_init ] --START--
INFO: Run Behavior\BuildLiteBehavior [ RunTime:0.000041s ]
INFO: [ app_init ] --END-- [ RunTime:0.000696s ]
INFO: [ app_begin ] --START--
INFO: Run Behavior\ReadHtmlCacheBehavior [ RunTime:0.001032s ]
INFO: [ app_begin ] --END-- [ RunTime:0.001261s ]
SQL: SELECT   column_name,   data_type,   column_default,   is_nullable
        FROM    information_schema.tables AS t
        JOIN    information_schema.columns AS c
        ON  t.table_catalog = c.table_catalog
        AND t.table_schema  = c.table_schema
        AND t.table_name    = c.table_name
        WHERE   t.table_name = 'dbo.prekit1' [ RunTime:0.000279s ]
NOTIC: [2] mssql_result() [<a href='function.mssql-result'>function.mssql-result</a>]: Bad row offset (1) C:\wamp\www\thinkaaron\buyerteam\Home\Controller\Prekit1Controller.class.php 第 130 行.
SQL: SELECT T1.* FROM (SELECT thinkphp.*, ROW_NUMBER() OVER ( ORDER BY rand()) AS ROW_NUMBER FROM (SELECT  * FROM dbo.prekit1 WHERE ( ZMODPN='728713-B21' )) AS thinkphp) AS T1  [ RunTime:0.000213s ]
INFO: [ view_parse ] --START--
INFO: [ template_filter ] --START--
INFO: Run Behavior\ContentReplaceBehavior [ RunTime:0.000151s ]
INFO: [ template_filter ] --END-- [ RunTime:0.000357s ]
NOTIC: [8] Undefined variable: output1 C:\wamp\www\thinkaaron\buyerteam\Runtime\Cache\Home\b02b26698ed50d70e5089f98d63e0847.php 第 62 行.
NOTIC: [8] Undefined variable: output1 C:\wamp\www\thinkaaron\buyerteam\Runtime\Cache\Home\b02b26698ed50d70e5089f98d63e0847.php 第 97 行.
NOTIC: [8] Undefined offset: 1 C:\wamp\www\thinkaaron\buyerteam\Runtime\Cache\Home\b02b26698ed50d70e5089f98d63e0847.php 第 130 行.
NOTIC: [8] Undefined variable: output1 C:\wamp\www\thinkaaron\buyerteam\Runtime\Cache\Home\b02b26698ed50d70e5089f98d63e0847.php 第 174 行.
NOTIC: [8] Undefined offset: 1 C:\wamp\www\thinkaaron\buyerteam\Runtime\Cache\Home\b02b26698ed50d70e5089f98d63e0847.php 第 190 行.
INFO: Run Behavior\ParseTemplateBehavior [ RunTime:0.015375s ]
INFO: [ view_parse ] --END-- [ RunTime:0.015581s ]
INFO: [ view_filter ] --START--
INFO: Run Behavior\WriteHtmlCacheBehavior [ RunTime:0.000581s ]
INFO: [ view_filter ] --END-- [ RunTime:0.000773s ]
INFO: [ app_end ] --START--
INFO: Run Behavior\ShowPageTraceBehavior [ RunTime:0.001041s ]
INFO: [ app_end ] --END-- [ RunTime:0.001241s ]

[ 2015-11-26T11:51:52+08:00 ] 16.187.228.72 /thinkaaron/indexbuyer.php/home/prekit1/prekit2
INFO: [ app_init ] --START--
INFO: Run Behavior\BuildLiteBehavior [ RunTime:0.000041s ]
INFO: [ app_init ] --END-- [ RunTime:0.000701s ]
INFO: [ app_begin ] --START--
INFO: Run Behavior\ReadHtmlCacheBehavior [ RunTime:0.001033s ]
INFO: [ app_begin ] --END-- [ RunTime:0.001261s ]
SQL: SELECT   column_name,   data_type,   column_default,   is_nullable
        FROM    information_schema.tables AS t
        JOIN    information_schema.columns AS c
        ON  t.table_catalog = c.table_catalog
        AND t.table_schema  = c.table_schema
        AND t.table_name    = c.table_name
        WHERE   t.table_name = 'dbo.prekit1' [ RunTime:0.000283s ]
NOTIC: [2] mssql_result() [<a href='function.mssql-result'>function.mssql-result</a>]: Bad row offset (1) C:\wamp\www\thinkaaron\buyerteam\Home\Controller\Prekit1Controller.class.php 第 130 行.
SQL: SELECT T1.* FROM (SELECT thinkphp.*, ROW_NUMBER() OVER ( ORDER BY rand()) AS ROW_NUMBER FROM (SELECT  * FROM dbo.prekit1 WHERE ( ZMODPN='728713-B21' )) AS thinkphp) AS T1  [ RunTime:0.000214s ]
INFO: [ view_parse ] --START--
INFO: [ template_filter ] --START--
INFO: Run Behavior\ContentReplaceBehavior [ RunTime:0.000153s ]
INFO: [ template_filter ] --END-- [ RunTime:0.000358s ]
NOTIC: [8] Undefined variable: output1 C:\wamp\www\thinkaaron\buyerteam\Runtime\Cache\Home\b02b26698ed50d70e5089f98d63e0847.php 第 62 行.
NOTIC: [8] Undefined variable: output1 C:\wamp\www\thinkaaron\buyerteam\Runtime\Cache\Home\b02b26698ed50d70e5089f98d63e0847.php 第 97 行.
NOTIC: [8] Undefined offset: 1 C:\wamp\www\thinkaaron\buyerteam\Runtime\Cache\Home\b02b26698ed50d70e5089f98d63e0847.php 第 130 行.
NOTIC: [8] Undefined variable: output1 C:\wamp\www\thinkaaron\buyerteam\Runtime\Cache\Home\b02b26698ed50d70e5089f98d63e0847.php 第 174 行.
NOTIC: [8] Undefined offset: 1 C:\wamp\www\thinkaaron\buyerteam\Runtime\Cache\Home\b02b26698ed50d70e5089f98d63e0847.php 第 190 行.
INFO: Run Behavior\ParseTemplateBehavior [ RunTime:0.015514s ]
INFO: [ view_parse ] --END-- [ RunTime:0.015723s ]
INFO: [ view_filter ] --START--
INFO: Run Behavior\WriteHtmlCacheBehavior [ RunTime:0.000591s ]
INFO: [ view_filter ] --END-- [ RunTime:0.000785s ]
INFO: [ app_end ] --START--
INFO: Run Behavior\ShowPageTraceBehavior [ RunTime:0.001053s ]
INFO: [ app_end ] --END-- [ RunTime:0.001256s ]

[ 2015-11-26T23:42:28+08:00 ] 16.187.228.72 /thinkaaron/indexbuyer.php/home/prekit1/prekit2
INFO: [ app_init ] --START--
INFO: Run Behavior\BuildLiteBehavior [ RunTime:0.000041s ]
INFO: [ app_init ] --END-- [ RunTime:0.000683s ]
INFO: [ app_begin ] --START--
INFO: Run Behavior\ReadHtmlCacheBehavior [ RunTime:0.000863s ]
INFO: [ app_begin ] --END-- [ RunTime:0.001090s ]
SQL: SELECT   column_name,   data_type,   column_default,   is_nullable
        FROM    information_schema.tables AS t
        JOIN    information_schema.columns AS c
        ON  t.table_catalog = c.table_catalog
        AND t.table_schema  = c.table_schema
        AND t.table_name    = c.table_name
        WHERE   t.table_name = 'dbo.prekit1' [ RunTime:0.000585s ]
NOTIC: [2] mssql_result() [<a href='function.mssql-result'>function.mssql-result</a>]: Bad row offset (1) C:\wamp\www\thinkaaron\buyerteam\Home\Controller\Prekit1Controller.class.php 第 130 行.
SQL: SELECT T1.* FROM (SELECT thinkphp.*, ROW_NUMBER() OVER ( ORDER BY rand()) AS ROW_NUMBER FROM (SELECT  * FROM dbo.prekit1 WHERE ( ZMODPN='702285-B21' )) AS thinkphp) AS T1  [ RunTime:0.005018s ]
INFO: [ view_parse ] --START--
INFO: [ template_filter ] --START--
INFO: Run Behavior\ContentReplaceBehavior [ RunTime:0.000152s ]
INFO: [ template_filter ] --END-- [ RunTime:0.000360s ]
NOTIC: [8] Undefined variable: output1 C:\wamp\www\thinkaaron\buyerteam\Runtime\Cache\Home\b02b26698ed50d70e5089f98d63e0847.php 第 62 行.
NOTIC: [8] Undefined variable: output1 C:\wamp\www\thinkaaron\buyerteam\Runtime\Cache\Home\b02b26698ed50d70e5089f98d63e0847.php 第 97 行.
NOTIC: [8] Undefined offset: 1 C:\wamp\www\thinkaaron\buyerteam\Runtime\Cache\Home\b02b26698ed50d70e5089f98d63e0847.php 第 130 行.
NOTIC: [8] Undefined variable: output1 C:\wamp\www\thinkaaron\buyerteam\Runtime\Cache\Home\b02b26698ed50d70e5089f98d63e0847.php 第 174 行.
NOTIC: [8] Undefined offset: 1 C:\wamp\www\thinkaaron\buyerteam\Runtime\Cache\Home\b02b26698ed50d70e5089f98d63e0847.php 第 190 行.
INFO: Run Behavior\ParseTemplateBehavior [ RunTime:0.014747s ]
INFO: [ view_parse ] --END-- [ RunTime:0.014956s ]
INFO: [ view_filter ] --START--
INFO: Run Behavior\WriteHtmlCacheBehavior [ RunTime:0.000406s ]
INFO: [ view_filter ] --END-- [ RunTime:0.000599s ]
INFO: [ app_end ] --START--
INFO: Run Behavior\ShowPageTraceBehavior [ RunTime:0.000863s ]
INFO: [ app_end ] --END-- [ RunTime:0.001064s ]

