[ 2015-11-24T10:29:25+08:00 ] 16.187.228.72 /thinkaaron/indexbuyer.php/home/prekit1/prekit2
INFO: [ app_init ] --START--
INFO: Run Behavior\BuildLiteBehavior [ RunTime:0.000041s ]
INFO: [ app_init ] --END-- [ RunTime:0.000690s ]
INFO: [ app_begin ] --START--
INFO: Run Behavior\ReadHtmlCacheBehavior [ RunTime:0.000856s ]
INFO: [ app_begin ] --END-- [ RunTime:0.001086s ]
SQL: SELECT   column_name,   data_type,   column_default,   is_nullable
        FROM    information_schema.tables AS t
        JOIN    information_schema.columns AS c
        ON  t.table_catalog = c.table_catalog
        AND t.table_schema  = c.table_schema
        AND t.table_name    = c.table_name
        WHERE   t.table_name = 'dbo.prekit1' [ RunTime:0.008083s ]
NOTIC: [2] mssql_result() [<a href='function.mssql-result'>function.mssql-result</a>]: Bad row offset (1) C:\wamp\www\thinkaaron\buyerteam\Home\Controller\Prekit1Controller.class.php 第 130 行.
SQL: SELECT T1.* FROM (SELECT thinkphp.*, ROW_NUMBER() OVER ( ORDER BY rand()) AS ROW_NUMBER FROM (SELECT  * FROM dbo.prekit1 WHERE ( ZMODPN='728713-B21' )) AS thinkphp) AS T1  [ RunTime:0.000311s ]
INFO: [ view_parse ] --START--
INFO: [ template_filter ] --START--
INFO: Run Behavior\ContentReplaceBehavior [ RunTime:0.000154s ]
INFO: [ template_filter ] --END-- [ RunTime:0.000361s ]
NOTIC: [8] Undefined variable: output1 C:\wamp\www\thinkaaron\buyerteam\Runtime\Cache\Home\b02b26698ed50d70e5089f98d63e0847.php 第 62 行.
NOTIC: [8] Undefined variable: output1 C:\wamp\www\thinkaaron\buyerteam\Runtime\Cache\Home\b02b26698ed50d70e5089f98d63e0847.php 第 97 行.
NOTIC: [8] Undefined offset: 1 C:\wamp\www\thinkaaron\buyerteam\Runtime\Cache\Home\b02b26698ed50d70e5089f98d63e0847.php 第 130 行.
NOTIC: [8] Undefined variable: output1 C:\wamp\www\thinkaaron\buyerteam\Runtime\Cache\Home\b02b26698ed50d70e5089f98d63e0847.php 第 174 行.
NOTIC: [8] Undefined offset: 1 C:\wamp\www\thinkaaron\buyerteam\Runtime\Cache\Home\b02b26698ed50d70e5089f98d63e0847.php 第 190 行.
INFO: Run Behavior\ParseTemplateBehavior [ RunTime:0.014867s ]
INFO: [ view_parse ] --END-- [ RunTime:0.015076s ]
INFO: [ view_filter ] --START--
INFO: Run Behavior\WriteHtmlCacheBehavior [ RunTime:0.000401s ]
INFO: [ view_filter ] --END-- [ RunTime:0.000595s ]
INFO: [ app_end ] --START--
INFO: Run Behavior\ShowPageTraceBehavior [ RunTime:0.000854s ]
INFO: [ app_end ] --END-- [ RunTime:0.001056s ]

[ 2015-11-24T10:30:56+08:00 ] 16.187.228.72 /thinkaaron/indexbuyer.php/home/prekit1/prekit2
INFO: [ app_init ] --START--
INFO: Run Behavior\BuildLiteBehavior [ RunTime:0.000045s ]
INFO: [ app_init ] --END-- [ RunTime:0.000726s ]
INFO: [ app_begin ] --START--
INFO: Run Behavior\ReadHtmlCacheBehavior [ RunTime:0.000944s ]
INFO: [ app_begin ] --END-- [ RunTime:0.001176s ]
SQL: SELECT   column_name,   data_type,   column_default,   is_nullable
        FROM    information_schema.tables AS t
        JOIN    information_schema.columns AS c
        ON  t.table_catalog = c.table_catalog
        AND t.table_schema  = c.table_schema
        AND t.table_name    = c.table_name
        WHERE   t.table_name = 'dbo.prekit1' [ RunTime:0.000276s ]
NOTIC: [2] mssql_result() [<a href='function.mssql-result'>function.mssql-result</a>]: Bad row offset (1) C:\wamp\www\thinkaaron\buyerteam\Home\Controller\Prekit1Controller.class.php 第 130 行.
SQL: SELECT T1.* FROM (SELECT thinkphp.*, ROW_NUMBER() OVER ( ORDER BY rand()) AS ROW_NUMBER FROM (SELECT  * FROM dbo.prekit1 WHERE ( ZMODPN='728713-B21' )) AS thinkphp) AS T1  [ RunTime:0.000214s ]
INFO: [ view_parse ] --START--
INFO: [ template_filter ] --START--
INFO: Run Behavior\ContentReplaceBehavior [ RunTime:0.000151s ]
INFO: [ template_filter ] --END-- [ RunTime:0.000356s ]
NOTIC: [8] Undefined variable: output1 C:\wamp\www\thinkaaron\buyerteam\Runtime\Cache\Home\b02b26698ed50d70e5089f98d63e0847.php 第 62 行.
NOTIC: [8] Undefined variable: output1 C:\wamp\www\thinkaaron\buyerteam\Runtime\Cache\Home\b02b26698ed50d70e5089f98d63e0847.php 第 97 行.
NOTIC: [8] Undefined offset: 1 C:\wamp\www\thinkaaron\buyerteam\Runtime\Cache\Home\b02b26698ed50d70e5089f98d63e0847.php 第 130 行.
NOTIC: [8] Undefined variable: output1 C:\wamp\www\thinkaaron\buyerteam\Runtime\Cache\Home\b02b26698ed50d70e5089f98d63e0847.php 第 174 行.
NOTIC: [8] Undefined offset: 1 C:\wamp\www\thinkaaron\buyerteam\Runtime\Cache\Home\b02b26698ed50d70e5089f98d63e0847.php 第 190 行.
INFO: Run Behavior\ParseTemplateBehavior [ RunTime:0.015052s ]
INFO: [ view_parse ] --END-- [ RunTime:0.015260s ]
INFO: [ view_filter ] --START--
INFO: Run Behavior\WriteHtmlCacheBehavior [ RunTime:0.000418s ]
INFO: [ view_filter ] --END-- [ RunTime:0.000611s ]
INFO: [ app_end ] --START--
INFO: Run Behavior\ShowPageTraceBehavior [ RunTime:0.000877s ]
INFO: [ app_end ] --END-- [ RunTime:0.001081s ]

[ 2015-11-24T10:31:36+08:00 ] 16.187.228.72 /thinkaaron/indexbuyer.php/home/prekit1/prekit2
INFO: [ app_init ] --START--
INFO: Run Behavior\BuildLiteBehavior [ RunTime:0.000041s ]
INFO: [ app_init ] --END-- [ RunTime:0.000692s ]
INFO: [ app_begin ] --START--
INFO: Run Behavior\ReadHtmlCacheBehavior [ RunTime:0.000907s ]
INFO: [ app_begin ] --END-- [ RunTime:0.001135s ]
SQL: SELECT   column_name,   data_type,   column_default,   is_nullable
        FROM    information_schema.tables AS t
        JOIN    information_schema.columns AS c
        ON  t.table_catalog = c.table_catalog
        AND t.table_schema  = c.table_schema
        AND t.table_name    = c.table_name
        WHERE   t.table_name = 'dbo.prekit1' [ RunTime:0.000256s ]
NOTIC: [2] mssql_result() [<a href='function.mssql-result'>function.mssql-result</a>]: Bad row offset (1) C:\wamp\www\thinkaaron\buyerteam\Home\Controller\Prekit1Controller.class.php 第 130 行.
SQL: SELECT T1.* FROM (SELECT thinkphp.*, ROW_NUMBER() OVER ( ORDER BY rand()) AS ROW_NUMBER FROM (SELECT  * FROM dbo.prekit1 WHERE ( ZMODPN='728713-B21' )) AS thinkphp) AS T1  [ RunTime:0.000214s ]
INFO: [ view_parse ] --START--
INFO: [ template_filter ] --START--
INFO: Run Behavior\ContentReplaceBehavior [ RunTime:0.000154s ]
INFO: [ template_filter ] --END-- [ RunTime:0.000359s ]
NOTIC: [8] Undefined variable: output1 C:\wamp\www\thinkaaron\buyerteam\Runtime\Cache\Home\b02b26698ed50d70e5089f98d63e0847.php 第 62 行.
NOTIC: [8] Undefined variable: output1 C:\wamp\www\thinkaaron\buyerteam\Runtime\Cache\Home\b02b26698ed50d70e5089f98d63e0847.php 第 97 行.
NOTIC: [8] Undefined offset: 1 C:\wamp\www\thinkaaron\buyerteam\Runtime\Cache\Home\b02b26698ed50d70e5089f98d63e0847.php 第 130 行.
NOTIC: [8] Undefined variable: output1 C:\wamp\www\thinkaaron\buyerteam\Runtime\Cache\Home\b02b26698ed50d70e5089f98d63e0847.php 第 174 行.
NOTIC: [8] Undefined offset: 1 C:\wamp\www\thinkaaron\buyerteam\Runtime\Cache\Home\b02b26698ed50d70e5089f98d63e0847.php 第 190 行.
INFO: Run Behavior\ParseTemplateBehavior [ RunTime:0.014671s ]
INFO: [ view_parse ] --END-- [ RunTime:0.014883s ]
INFO: [ view_filter ] --START--
INFO: Run Behavior\WriteHtmlCacheBehavior [ RunTime:0.000321s ]
INFO: [ view_filter ] --END-- [ RunTime:0.000515s ]
INFO: [ app_end ] --START--
INFO: Run Behavior\ShowPageTraceBehavior [ RunTime:0.000781s ]
INFO: [ app_end ] --END-- [ RunTime:0.000985s ]

[ 2015-11-24T10:38:57+08:00 ] 16.187.228.72 /thinkaaron/indexbuyer.php/home/prekit1/prekit2
INFO: [ app_init ] --START--
INFO: Run Behavior\BuildLiteBehavior [ RunTime:0.000041s ]
INFO: [ app_init ] --END-- [ RunTime:0.000691s ]
INFO: [ app_begin ] --START--
INFO: Run Behavior\ReadHtmlCacheBehavior [ RunTime:0.000948s ]
INFO: [ app_begin ] --END-- [ RunTime:0.001178s ]
SQL: SELECT   column_name,   data_type,   column_default,   is_nullable
        FROM    information_schema.tables AS t
        JOIN    information_schema.columns AS c
        ON  t.table_catalog = c.table_catalog
        AND t.table_schema  = c.table_schema
        AND t.table_name    = c.table_name
        WHERE   t.table_name = 'dbo.prekit1' [ RunTime:0.000293s ]
NOTIC: [2] mssql_result() [<a href='function.mssql-result'>function.mssql-result</a>]: Bad row offset (1) C:\wamp\www\thinkaaron\buyerteam\Home\Controller\Prekit1Controller.class.php 第 130 行.
SQL: SELECT T1.* FROM (SELECT thinkphp.*, ROW_NUMBER() OVER ( ORDER BY rand()) AS ROW_NUMBER FROM (SELECT  * FROM dbo.prekit1 WHERE ( ZMODPN='728713-B21' )) AS thinkphp) AS T1  [ RunTime:0.000213s ]
INFO: [ view_parse ] --START--
INFO: [ template_filter ] --START--
INFO: Run Behavior\ContentReplaceBehavior [ RunTime:0.000151s ]
INFO: [ template_filter ] --END-- [ RunTime:0.000358s ]
NOTIC: [8] Undefined variable: output1 C:\wamp\www\thinkaaron\buyerteam\Runtime\Cache\Home\b02b26698ed50d70e5089f98d63e0847.php 第 62 行.
NOTIC: [8] Undefined variable: output1 C:\wamp\www\thinkaaron\buyerteam\Runtime\Cache\Home\b02b26698ed50d70e5089f98d63e0847.php 第 97 行.
NOTIC: [8] Undefined offset: 1 C:\wamp\www\thinkaaron\buyerteam\Runtime\Cache\Home\b02b26698ed50d70e5089f98d63e0847.php 第 130 行.
NOTIC: [8] Undefined variable: output1 C:\wamp\www\thinkaaron\buyerteam\Runtime\Cache\Home\b02b26698ed50d70e5089f98d63e0847.php 第 174 行.
NOTIC: [8] Undefined offset: 1 C:\wamp\www\thinkaaron\buyerteam\Runtime\Cache\Home\b02b26698ed50d70e5089f98d63e0847.php 第 190 行.
INFO: Run Behavior\ParseTemplateBehavior [ RunTime:0.014990s ]
INFO: [ view_parse ] --END-- [ RunTime:0.015213s ]
INFO: [ view_filter ] --START--
INFO: Run Behavior\WriteHtmlCacheBehavior [ RunTime:0.000416s ]
INFO: [ view_filter ] --END-- [ RunTime:0.000610s ]
INFO: [ app_end ] --START--
INFO: Run Behavior\ShowPageTraceBehavior [ RunTime:0.000873s ]
INFO: [ app_end ] --END-- [ RunTime:0.001081s ]

[ 2015-11-24T10:48:17+08:00 ] 16.187.195.4 /thinkaaron/indexbuyer.php/home/prekit1/prekit1
INFO: [ app_init ] --START--
INFO: Run Behavior\BuildLiteBehavior [ RunTime:0.000040s ]
INFO: [ app_init ] --END-- [ RunTime:0.000685s ]
INFO: [ app_begin ] --START--
INFO: Run Behavior\ReadHtmlCacheBehavior [ RunTime:0.000851s ]
INFO: [ app_begin ] --END-- [ RunTime:0.001079s ]
SQL: SELECT   column_name,   data_type,   column_default,   is_nullable
        FROM    information_schema.tables AS t
        JOIN    information_schema.columns AS c
        ON  t.table_catalog = c.table_catalog
        AND t.table_schema  = c.table_schema
        AND t.table_name    = c.table_name
        WHERE   t.table_name = 'dbo.prekit1' [ RunTime:0.000303s ]
NOTIC: [2] in_array() expects parameter 2 to be array, boolean given C:\wamp\www\thinkaaron\ThinkPHP\Library\Think\Model.class.php 第 918 行.
NOTIC: [2] in_array() expects parameter 2 to be array, boolean given C:\wamp\www\thinkaaron\ThinkPHP\Library\Think\Model.class.php 第 918 行.
NOTIC: [2] in_array() expects parameter 2 to be array, boolean given C:\wamp\www\thinkaaron\ThinkPHP\Library\Think\Model.class.php 第 918 行.
NOTIC: [2] in_array() expects parameter 2 to be array, boolean given C:\wamp\www\thinkaaron\ThinkPHP\Library\Think\Model.class.php 第 918 行.
NOTIC: [2] in_array() expects parameter 2 to be array, boolean given C:\wamp\www\thinkaaron\ThinkPHP\Library\Think\Model.class.php 第 918 行.
NOTIC: [2] in_array() expects parameter 2 to be array, boolean given C:\wamp\www\thinkaaron\ThinkPHP\Library\Think\Model.class.php 第 918 行.
NOTIC: [2] in_array() expects parameter 2 to be array, boolean given C:\wamp\www\thinkaaron\ThinkPHP\Library\Think\Model.class.php 第 918 行.
SQL: SELECT   column_name,   data_type,   column_default,   is_nullable
        FROM    information_schema.tables AS t
        JOIN    information_schema.columns AS c
        ON  t.table_catalog = c.table_catalog
        AND t.table_schema  = c.table_schema
        AND t.table_name    = c.table_name
        WHERE   t.table_name = 'dbo.prekit1' [ RunTime:0.000237s ]
SQL: SELECT T1.* FROM (SELECT thinkphp.*, ROW_NUMBER() OVER ( ORDER BY rand()) AS ROW_NUMBER FROM (SELECT  * FROM dbo.prekit1 WHERE ZMODPN = '834885-B21') AS thinkphp) AS T1 WHERE (T1.ROW_NUMBER BETWEEN 1 AND 1) [ RunTime:0.008498s ]
SQL: INSERT INTO dbo.prekit1 (ZMODPN,RAWPN,COMPN,SCREWPN,CARRIERPN,HOLDERPN,RECORDTIME) VALUES ('834885-B21','753873-001','835925-001','835201-001','835198-001','','2015-11-24 10:48') [ RunTime:0.000476s ]
INFO: [ view_parse ] --START--
INFO: [ template_filter ] --START--
INFO: Run Behavior\ContentReplaceBehavior [ RunTime:0.000112s ]
INFO: [ template_filter ] --END-- [ RunTime:0.000316s ]
INFO: Run Behavior\ParseTemplateBehavior [ RunTime:0.010572s ]
INFO: [ view_parse ] --END-- [ RunTime:0.010779s ]
INFO: [ view_filter ] --START--
INFO: Run Behavior\WriteHtmlCacheBehavior [ RunTime:0.000396s ]
INFO: [ view_filter ] --END-- [ RunTime:0.000587s ]
INFO: [ app_end ] --START--
INFO: Run Behavior\ShowPageTraceBehavior [ RunTime:0.000862s ]
INFO: [ app_end ] --END-- [ RunTime:0.001062s ]

[ 2015-11-24T10:48:38+08:00 ] 16.187.195.4 /thinkaaron/indexbuyer.php/home/prekit1/prekit3
INFO: [ app_init ] --START--
INFO: Run Behavior\BuildLiteBehavior [ RunTime:0.000040s ]
INFO: [ app_init ] --END-- [ RunTime:0.000686s ]
INFO: [ app_begin ] --START--
INFO: Run Behavior\ReadHtmlCacheBehavior [ RunTime:0.000855s ]
INFO: [ app_begin ] --END-- [ RunTime:0.001087s ]
SQL: SELECT   column_name,   data_type,   column_default,   is_nullable
        FROM    information_schema.tables AS t
        JOIN    information_schema.columns AS c
        ON  t.table_catalog = c.table_catalog
        AND t.table_schema  = c.table_schema
        AND t.table_name    = c.table_name
        WHERE   t.table_name = 'dbo.prekit3' [ RunTime:0.000281s ]
NOTIC: [2] in_array() expects parameter 2 to be array, boolean given C:\wamp\www\thinkaaron\ThinkPHP\Library\Think\Model.class.php 第 918 行.
NOTIC: [2] in_array() expects parameter 2 to be array, boolean given C:\wamp\www\thinkaaron\ThinkPHP\Library\Think\Model.class.php 第 918 行.
NOTIC: [2] in_array() expects parameter 2 to be array, boolean given C:\wamp\www\thinkaaron\ThinkPHP\Library\Think\Model.class.php 第 918 行.
SQL: INSERT INTO dbo.prekit3 (KEYPN,ZMODPN) VALUES ('835239-B21','834885-B21') [ RunTime:0.000465s ]
INFO: [ view_parse ] --START--
INFO: [ template_filter ] --START--
INFO: Run Behavior\ContentReplaceBehavior [ RunTime:0.000112s ]
INFO: [ template_filter ] --END-- [ RunTime:0.000321s ]
INFO: Run Behavior\ParseTemplateBehavior [ RunTime:0.010649s ]
INFO: [ view_parse ] --END-- [ RunTime:0.010863s ]
INFO: [ view_filter ] --START--
INFO: Run Behavior\WriteHtmlCacheBehavior [ RunTime:0.000401s ]
INFO: [ view_filter ] --END-- [ RunTime:0.000593s ]

[ 2015-11-24T10:48:44+08:00 ] 16.187.195.4 /thinkaaron/indexbuyer.php/home/prekit1/prekit2
INFO: [ app_init ] --START--
INFO: Run Behavior\BuildLiteBehavior [ RunTime:0.000040s ]
INFO: [ app_init ] --END-- [ RunTime:0.000685s ]
INFO: [ app_begin ] --START--
INFO: Run Behavior\ReadHtmlCacheBehavior [ RunTime:0.001020s ]
INFO: [ app_begin ] --END-- [ RunTime:0.001250s ]
SQL: SELECT   column_name,   data_type,   column_default,   is_nullable
        FROM    information_schema.tables AS t
        JOIN    information_schema.columns AS c
        ON  t.table_catalog = c.table_catalog
        AND t.table_schema  = c.table_schema
        AND t.table_name    = c.table_name
        WHERE   t.table_name = 'dbo.prekit1' [ RunTime:0.000262s ]
NOTIC: [2] mssql_result() [<a href='function.mssql-result'>function.mssql-result</a>]: Bad row offset (1) C:\wamp\www\thinkaaron\buyerteam\Home\Controller\Prekit1Controller.class.php 第 130 行.
SQL: SELECT T1.* FROM (SELECT thinkphp.*, ROW_NUMBER() OVER ( ORDER BY rand()) AS ROW_NUMBER FROM (SELECT  * FROM dbo.prekit1 WHERE ( ZMODPN='834885-B21' )) AS thinkphp) AS T1  [ RunTime:0.001367s ]
INFO: [ view_parse ] --START--
INFO: [ template_filter ] --START--
INFO: Run Behavior\ContentReplaceBehavior [ RunTime:0.000150s ]
INFO: [ template_filter ] --END-- [ RunTime:0.000356s ]
NOTIC: [8] Undefined variable: output1 C:\wamp\www\thinkaaron\buyerteam\Runtime\Cache\Home\b02b26698ed50d70e5089f98d63e0847.php 第 62 行.
NOTIC: [8] Undefined variable: output1 C:\wamp\www\thinkaaron\buyerteam\Runtime\Cache\Home\b02b26698ed50d70e5089f98d63e0847.php 第 97 行.
NOTIC: [8] Undefined offset: 1 C:\wamp\www\thinkaaron\buyerteam\Runtime\Cache\Home\b02b26698ed50d70e5089f98d63e0847.php 第 130 行.
NOTIC: [8] Undefined variable: output1 C:\wamp\www\thinkaaron\buyerteam\Runtime\Cache\Home\b02b26698ed50d70e5089f98d63e0847.php 第 174 行.
NOTIC: [8] Undefined offset: 1 C:\wamp\www\thinkaaron\buyerteam\Runtime\Cache\Home\b02b26698ed50d70e5089f98d63e0847.php 第 190 行.
INFO: Run Behavior\ParseTemplateBehavior [ RunTime:0.015266s ]
INFO: [ view_parse ] --END-- [ RunTime:0.015474s ]
INFO: [ view_filter ] --START--
INFO: Run Behavior\WriteHtmlCacheBehavior [ RunTime:0.000607s ]
INFO: [ view_filter ] --END-- [ RunTime:0.000802s ]
INFO: [ app_end ] --START--
INFO: Run Behavior\ShowPageTraceBehavior [ RunTime:0.001054s ]
INFO: [ app_end ] --END-- [ RunTime:0.001257s ]

[ 2015-11-24T10:49:05+08:00 ] 16.187.195.4 /thinkaaron/indexbuyer.php/home/prekit1/prekit2
INFO: [ app_init ] --START--
INFO: Run Behavior\BuildLiteBehavior [ RunTime:0.000041s ]
INFO: [ app_init ] --END-- [ RunTime:0.000691s ]
INFO: [ app_begin ] --START--
INFO: Run Behavior\ReadHtmlCacheBehavior [ RunTime:0.000853s ]
INFO: [ app_begin ] --END-- [ RunTime:0.001082s ]
SQL: SELECT   column_name,   data_type,   column_default,   is_nullable
        FROM    information_schema.tables AS t
        JOIN    information_schema.columns AS c
        ON  t.table_catalog = c.table_catalog
        AND t.table_schema  = c.table_schema
        AND t.table_name    = c.table_name
        WHERE   t.table_name = 'dbo.prekit1' [ RunTime:0.000252s ]
NOTIC: [2] mssql_result() [<a href='function.mssql-result'>function.mssql-result</a>]: Bad row offset (1) C:\wamp\www\thinkaaron\buyerteam\Home\Controller\Prekit1Controller.class.php 第 130 行.
SQL: SELECT T1.* FROM (SELECT thinkphp.*, ROW_NUMBER() OVER ( ORDER BY rand()) AS ROW_NUMBER FROM (SELECT  * FROM dbo.prekit1 WHERE ( ZMODPN='834884-B21' )) AS thinkphp) AS T1  [ RunTime:0.000212s ]
INFO: [ view_parse ] --START--
INFO: [ template_filter ] --START--
INFO: Run Behavior\ContentReplaceBehavior [ RunTime:0.000155s ]
INFO: [ template_filter ] --END-- [ RunTime:0.000361s ]
NOTIC: [8] Undefined variable: output1 C:\wamp\www\thinkaaron\buyerteam\Runtime\Cache\Home\b02b26698ed50d70e5089f98d63e0847.php 第 62 行.
NOTIC: [8] Undefined variable: output1 C:\wamp\www\thinkaaron\buyerteam\Runtime\Cache\Home\b02b26698ed50d70e5089f98d63e0847.php 第 97 行.
NOTIC: [8] Undefined offset: 1 C:\wamp\www\thinkaaron\buyerteam\Runtime\Cache\Home\b02b26698ed50d70e5089f98d63e0847.php 第 130 行.
NOTIC: [8] Undefined variable: output1 C:\wamp\www\thinkaaron\buyerteam\Runtime\Cache\Home\b02b26698ed50d70e5089f98d63e0847.php 第 174 行.
NOTIC: [8] Undefined offset: 1 C:\wamp\www\thinkaaron\buyerteam\Runtime\Cache\Home\b02b26698ed50d70e5089f98d63e0847.php 第 190 行.
INFO: Run Behavior\ParseTemplateBehavior [ RunTime:0.014999s ]
INFO: [ view_parse ] --END-- [ RunTime:0.015206s ]
INFO: [ view_filter ] --START--
INFO: Run Behavior\WriteHtmlCacheBehavior [ RunTime:0.000410s ]
INFO: [ view_filter ] --END-- [ RunTime:0.000604s ]
INFO: [ app_end ] --START--
INFO: Run Behavior\ShowPageTraceBehavior [ RunTime:0.000850s ]
INFO: [ app_end ] --END-- [ RunTime:0.001052s ]

[ 2015-11-24T10:49:12+08:00 ] 16.187.195.4 /thinkaaron/indexbuyer.php/home/prekit1/prekit2
INFO: [ app_init ] --START--
INFO: Run Behavior\BuildLiteBehavior [ RunTime:0.000041s ]
INFO: [ app_init ] --END-- [ RunTime:0.000687s ]
INFO: [ app_begin ] --START--
INFO: Run Behavior\ReadHtmlCacheBehavior [ RunTime:0.000845s ]
INFO: [ app_begin ] --END-- [ RunTime:0.001073s ]
SQL: SELECT   column_name,   data_type,   column_default,   is_nullable
        FROM    information_schema.tables AS t
        JOIN    information_schema.columns AS c
        ON  t.table_catalog = c.table_catalog
        AND t.table_schema  = c.table_schema
        AND t.table_name    = c.table_name
        WHERE   t.table_name = 'dbo.prekit1' [ RunTime:0.000277s ]
NOTIC: [2] mssql_result() [<a href='function.mssql-result'>function.mssql-result</a>]: Bad row offset (1) C:\wamp\www\thinkaaron\buyerteam\Home\Controller\Prekit1Controller.class.php 第 130 行.
SQL: SELECT T1.* FROM (SELECT thinkphp.*, ROW_NUMBER() OVER ( ORDER BY rand()) AS ROW_NUMBER FROM (SELECT  * FROM dbo.prekit1 WHERE ( ZMODPN='834885-B21' )) AS thinkphp) AS T1  [ RunTime:0.000215s ]
INFO: [ view_parse ] --START--
INFO: [ template_filter ] --START--
INFO: Run Behavior\ContentReplaceBehavior [ RunTime:0.000150s ]
INFO: [ template_filter ] --END-- [ RunTime:0.000356s ]
NOTIC: [8] Undefined variable: output1 C:\wamp\www\thinkaaron\buyerteam\Runtime\Cache\Home\b02b26698ed50d70e5089f98d63e0847.php 第 62 行.
NOTIC: [8] Undefined variable: output1 C:\wamp\www\thinkaaron\buyerteam\Runtime\Cache\Home\b02b26698ed50d70e5089f98d63e0847.php 第 97 行.
NOTIC: [8] Undefined offset: 1 C:\wamp\www\thinkaaron\buyerteam\Runtime\Cache\Home\b02b26698ed50d70e5089f98d63e0847.php 第 130 行.
NOTIC: [8] Undefined variable: output1 C:\wamp\www\thinkaaron\buyerteam\Runtime\Cache\Home\b02b26698ed50d70e5089f98d63e0847.php 第 174 行.
NOTIC: [8] Undefined offset: 1 C:\wamp\www\thinkaaron\buyerteam\Runtime\Cache\Home\b02b26698ed50d70e5089f98d63e0847.php 第 190 行.
INFO: Run Behavior\ParseTemplateBehavior [ RunTime:0.014627s ]
INFO: [ view_parse ] --END-- [ RunTime:0.014835s ]
INFO: [ view_filter ] --START--
INFO: Run Behavior\WriteHtmlCacheBehavior [ RunTime:0.000404s ]
INFO: [ view_filter ] --END-- [ RunTime:0.000596s ]
INFO: [ app_end ] --START--
INFO: Run Behavior\ShowPageTraceBehavior [ RunTime:0.000859s ]
INFO: [ app_end ] --END-- [ RunTime:0.001061s ]

[ 2015-11-24T11:17:56+08:00 ] 16.85.88.11 /thinkaaron/indexbuyer.php/home/prekit1/prekit2
INFO: [ app_init ] --START--
INFO: Run Behavior\BuildLiteBehavior [ RunTime:0.000040s ]
INFO: [ app_init ] --END-- [ RunTime:0.000690s ]
INFO: [ app_begin ] --START--
INFO: Run Behavior\ReadHtmlCacheBehavior [ RunTime:0.000860s ]
INFO: [ app_begin ] --END-- [ RunTime:0.001088s ]
SQL: SELECT   column_name,   data_type,   column_default,   is_nullable
        FROM    information_schema.tables AS t
        JOIN    information_schema.columns AS c
        ON  t.table_catalog = c.table_catalog
        AND t.table_schema  = c.table_schema
        AND t.table_name    = c.table_name
        WHERE   t.table_name = 'dbo.prekit1' [ RunTime:0.000329s ]
NOTIC: [2] mssql_result() [<a href='function.mssql-result'>function.mssql-result</a>]: Bad row offset (1) C:\wamp\www\thinkaaron\buyerteam\Home\Controller\Prekit1Controller.class.php 第 130 行.
SQL: SELECT T1.* FROM (SELECT thinkphp.*, ROW_NUMBER() OVER ( ORDER BY rand()) AS ROW_NUMBER FROM (SELECT  * FROM dbo.prekit1 WHERE ( ZMODPN='765254-B21' )) AS thinkphp) AS T1  [ RunTime:0.000317s ]
INFO: [ view_parse ] --START--
INFO: [ template_filter ] --START--
INFO: Run Behavior\ContentReplaceBehavior [ RunTime:0.000151s ]
INFO: [ template_filter ] --END-- [ RunTime:0.000361s ]
NOTIC: [8] Undefined variable: output1 C:\wamp\www\thinkaaron\buyerteam\Runtime\Cache\Home\b02b26698ed50d70e5089f98d63e0847.php 第 62 行.
NOTIC: [8] Undefined variable: output1 C:\wamp\www\thinkaaron\buyerteam\Runtime\Cache\Home\b02b26698ed50d70e5089f98d63e0847.php 第 97 行.
NOTIC: [8] Undefined offset: 1 C:\wamp\www\thinkaaron\buyerteam\Runtime\Cache\Home\b02b26698ed50d70e5089f98d63e0847.php 第 130 行.
NOTIC: [8] Undefined variable: output1 C:\wamp\www\thinkaaron\buyerteam\Runtime\Cache\Home\b02b26698ed50d70e5089f98d63e0847.php 第 174 行.
NOTIC: [8] Undefined offset: 1 C:\wamp\www\thinkaaron\buyerteam\Runtime\Cache\Home\b02b26698ed50d70e5089f98d63e0847.php 第 190 行.
INFO: Run Behavior\ParseTemplateBehavior [ RunTime:0.014687s ]
INFO: [ view_parse ] --END-- [ RunTime:0.014966s ]
INFO: [ view_filter ] --START--
INFO: Run Behavior\WriteHtmlCacheBehavior [ RunTime:0.000405s ]
INFO: [ view_filter ] --END-- [ RunTime:0.000599s ]
INFO: [ app_end ] --START--
INFO: Run Behavior\ShowPageTraceBehavior [ RunTime:0.000867s ]
INFO: [ app_end ] --END-- [ RunTime:0.001070s ]

[ 2015-11-24T12:49:44+08:00 ] 16.187.228.72 /thinkaaron/indexbuyer.php/home/prekit1/prekit2
INFO: [ app_init ] --START--
INFO: Run Behavior\BuildLiteBehavior [ RunTime:0.000040s ]
INFO: [ app_init ] --END-- [ RunTime:0.000688s ]
INFO: [ app_begin ] --START--
INFO: Run Behavior\ReadHtmlCacheBehavior [ RunTime:0.000862s ]
INFO: [ app_begin ] --END-- [ RunTime:0.001093s ]
SQL: SELECT   column_name,   data_type,   column_default,   is_nullable
        FROM    information_schema.tables AS t
        JOIN    information_schema.columns AS c
        ON  t.table_catalog = c.table_catalog
        AND t.table_schema  = c.table_schema
        AND t.table_name    = c.table_name
        WHERE   t.table_name = 'dbo.prekit1' [ RunTime:0.000299s ]
NOTIC: [2] mssql_result() [<a href='function.mssql-result'>function.mssql-result</a>]: Bad row offset (1) C:\wamp\www\thinkaaron\buyerteam\Home\Controller\Prekit1Controller.class.php 第 130 行.
SQL: SELECT T1.* FROM (SELECT thinkphp.*, ROW_NUMBER() OVER ( ORDER BY rand()) AS ROW_NUMBER FROM (SELECT  * FROM dbo.prekit1 WHERE ( ZMODPN='728713-B21' )) AS thinkphp) AS T1  [ RunTime:0.000235s ]
INFO: [ view_parse ] --START--
INFO: [ template_filter ] --START--
INFO: Run Behavior\ContentReplaceBehavior [ RunTime:0.000150s ]
INFO: [ template_filter ] --END-- [ RunTime:0.000358s ]
NOTIC: [8] Undefined variable: output1 C:\wamp\www\thinkaaron\buyerteam\Runtime\Cache\Home\b02b26698ed50d70e5089f98d63e0847.php 第 62 行.
NOTIC: [8] Undefined variable: output1 C:\wamp\www\thinkaaron\buyerteam\Runtime\Cache\Home\b02b26698ed50d70e5089f98d63e0847.php 第 97 行.
NOTIC: [8] Undefined offset: 1 C:\wamp\www\thinkaaron\buyerteam\Runtime\Cache\Home\b02b26698ed50d70e5089f98d63e0847.php 第 130 行.
NOTIC: [8] Undefined variable: output1 C:\wamp\www\thinkaaron\buyerteam\Runtime\Cache\Home\b02b26698ed50d70e5089f98d63e0847.php 第 174 行.
NOTIC: [8] Undefined offset: 1 C:\wamp\www\thinkaaron\buyerteam\Runtime\Cache\Home\b02b26698ed50d70e5089f98d63e0847.php 第 190 行.
INFO: Run Behavior\ParseTemplateBehavior [ RunTime:0.014842s ]
INFO: [ view_parse ] --END-- [ RunTime:0.015056s ]
INFO: [ view_filter ] --START--
INFO: Run Behavior\WriteHtmlCacheBehavior [ RunTime:0.000403s ]
INFO: [ view_filter ] --END-- [ RunTime:0.000597s ]
INFO: [ app_end ] --START--
INFO: Run Behavior\ShowPageTraceBehavior [ RunTime:0.000861s ]
INFO: [ app_end ] --END-- [ RunTime:0.001083s ]

[ 2015-11-24T13:21:23+08:00 ] 15.109.94.139 /thinkaaron/indexbuyer.php/home/login/login
INFO: [ app_init ] --START--
INFO: Run Behavior\BuildLiteBehavior [ RunTime:0.000041s ]
INFO: [ app_init ] --END-- [ RunTime:0.000693s ]
INFO: [ app_begin ] --START--
INFO: Run Behavior\ReadHtmlCacheBehavior [ RunTime:0.000861s ]
INFO: [ app_begin ] --END-- [ RunTime:0.001091s ]
SQL: SELECT   column_name,   data_type,   column_default,   is_nullable
        FROM    information_schema.tables AS t
        JOIN    information_schema.columns AS c
        ON  t.table_catalog = c.table_catalog
        AND t.table_schema  = c.table_schema
        AND t.table_name    = c.table_name
        WHERE   t.table_name = 'dbo.register' [ RunTime:0.000331s ]
NOTIC: [2] in_array() expects parameter 2 to be array, boolean given C:\wamp\www\thinkaaron\ThinkPHP\Library\Think\Model.class.php 第 918 行.
NOTIC: [2] in_array() expects parameter 2 to be array, boolean given C:\wamp\www\thinkaaron\ThinkPHP\Library\Think\Model.class.php 第 918 行.
NOTIC: [2] in_array() expects parameter 2 to be array, boolean given C:\wamp\www\thinkaaron\ThinkPHP\Library\Think\Model.class.php 第 918 行.
SQL: SELECT T1.* FROM (SELECT thinkphp.*, ROW_NUMBER() OVER ( ORDER BY rand()) AS ROW_NUMBER FROM (SELECT  * FROM dbo.register WHERE ( username='aaron'And password='aaron' )) AS thinkphp) AS T1  [ RunTime:0.006960s ]
INFO: [ app_end ] --START--
INFO: Run Behavior\ShowPageTraceBehavior [ RunTime:0.000907s ]
INFO: [ app_end ] --END-- [ RunTime:0.001108s ]

[ 2015-11-24T14:16:04+08:00 ] 16.187.228.72 /thinkaaron/indexbuyer.php/home/prekit1/prekit2
INFO: [ app_init ] --START--
INFO: Run Behavior\BuildLiteBehavior [ RunTime:0.000040s ]
INFO: [ app_init ] --END-- [ RunTime:0.000765s ]
INFO: [ app_begin ] --START--
INFO: Run Behavior\ReadHtmlCacheBehavior [ RunTime:0.000872s ]
INFO: [ app_begin ] --END-- [ RunTime:0.001104s ]
SQL: SELECT   column_name,   data_type,   column_default,   is_nullable
        FROM    information_schema.tables AS t
        JOIN    information_schema.columns AS c
        ON  t.table_catalog = c.table_catalog
        AND t.table_schema  = c.table_schema
        AND t.table_name    = c.table_name
        WHERE   t.table_name = 'dbo.prekit1' [ RunTime:0.000285s ]
NOTIC: [2] mssql_result() [<a href='function.mssql-result'>function.mssql-result</a>]: Bad row offset (1) C:\wamp\www\thinkaaron\buyerteam\Home\Controller\Prekit1Controller.class.php 第 130 行.
SQL: SELECT T1.* FROM (SELECT thinkphp.*, ROW_NUMBER() OVER ( ORDER BY rand()) AS ROW_NUMBER FROM (SELECT  * FROM dbo.prekit1 WHERE ( ZMODPN='728713-B21' )) AS thinkphp) AS T1  [ RunTime:0.000221s ]
INFO: [ view_parse ] --START--
INFO: [ template_filter ] --START--
INFO: Run Behavior\ContentReplaceBehavior [ RunTime:0.000151s ]
INFO: [ template_filter ] --END-- [ RunTime:0.000359s ]
NOTIC: [8] Undefined variable: output1 C:\wamp\www\thinkaaron\buyerteam\Runtime\Cache\Home\b02b26698ed50d70e5089f98d63e0847.php 第 62 行.
NOTIC: [8] Undefined variable: output1 C:\wamp\www\thinkaaron\buyerteam\Runtime\Cache\Home\b02b26698ed50d70e5089f98d63e0847.php 第 97 行.
NOTIC: [8] Undefined offset: 1 C:\wamp\www\thinkaaron\buyerteam\Runtime\Cache\Home\b02b26698ed50d70e5089f98d63e0847.php 第 130 行.
NOTIC: [8] Undefined variable: output1 C:\wamp\www\thinkaaron\buyerteam\Runtime\Cache\Home\b02b26698ed50d70e5089f98d63e0847.php 第 174 行.
NOTIC: [8] Undefined offset: 1 C:\wamp\www\thinkaaron\buyerteam\Runtime\Cache\Home\b02b26698ed50d70e5089f98d63e0847.php 第 190 行.
INFO: Run Behavior\ParseTemplateBehavior [ RunTime:0.015031s ]
INFO: [ view_parse ] --END-- [ RunTime:0.015238s ]
INFO: [ view_filter ] --START--
INFO: Run Behavior\WriteHtmlCacheBehavior [ RunTime:0.000484s ]
INFO: [ view_filter ] --END-- [ RunTime:0.000678s ]
INFO: [ app_end ] --START--
INFO: Run Behavior\ShowPageTraceBehavior [ RunTime:0.000981s ]
INFO: [ app_end ] --END-- [ RunTime:0.001202s ]

[ 2015-11-24T21:27:59+08:00 ] 16.187.228.72 /thinkaaron/indexbuyer.php/home/prekit1/prekit2
INFO: [ app_init ] --START--
INFO: Run Behavior\BuildLiteBehavior [ RunTime:0.000041s ]
INFO: [ app_init ] --END-- [ RunTime:0.000657s ]
INFO: [ app_begin ] --START--
INFO: Run Behavior\ReadHtmlCacheBehavior [ RunTime:0.000818s ]
INFO: [ app_begin ] --END-- [ RunTime:0.001047s ]
SQL: SELECT   column_name,   data_type,   column_default,   is_nullable
        FROM    information_schema.tables AS t
        JOIN    information_schema.columns AS c
        ON  t.table_catalog = c.table_catalog
        AND t.table_schema  = c.table_schema
        AND t.table_name    = c.table_name
        WHERE   t.table_name = 'dbo.prekit1' [ RunTime:0.000315s ]
NOTIC: [2] mssql_result() [<a href='function.mssql-result'>function.mssql-result</a>]: Bad row offset (1) C:\wamp\www\thinkaaron\buyerteam\Home\Controller\Prekit1Controller.class.php 第 130 行.
SQL: SELECT T1.* FROM (SELECT thinkphp.*, ROW_NUMBER() OVER ( ORDER BY rand()) AS ROW_NUMBER FROM (SELECT  * FROM dbo.prekit1 WHERE ( ZMODPN='765256-B21' )) AS thinkphp) AS T1  [ RunTime:0.001531s ]
INFO: [ view_parse ] --START--
INFO: [ template_filter ] --START--
INFO: Run Behavior\ContentReplaceBehavior [ RunTime:0.000150s ]
INFO: [ template_filter ] --END-- [ RunTime:0.000353s ]
NOTIC: [8] Undefined variable: output1 C:\wamp\www\thinkaaron\buyerteam\Runtime\Cache\Home\b02b26698ed50d70e5089f98d63e0847.php 第 62 行.
NOTIC: [8] Undefined variable: output1 C:\wamp\www\thinkaaron\buyerteam\Runtime\Cache\Home\b02b26698ed50d70e5089f98d63e0847.php 第 97 行.
NOTIC: [8] Undefined offset: 1 C:\wamp\www\thinkaaron\buyerteam\Runtime\Cache\Home\b02b26698ed50d70e5089f98d63e0847.php 第 130 行.
NOTIC: [8] Undefined variable: output1 C:\wamp\www\thinkaaron\buyerteam\Runtime\Cache\Home\b02b26698ed50d70e5089f98d63e0847.php 第 174 行.
NOTIC: [8] Undefined offset: 1 C:\wamp\www\thinkaaron\buyerteam\Runtime\Cache\Home\b02b26698ed50d70e5089f98d63e0847.php 第 190 行.
INFO: Run Behavior\ParseTemplateBehavior [ RunTime:0.014375s ]
INFO: [ view_parse ] --END-- [ RunTime:0.014580s ]
INFO: [ view_filter ] --START--
INFO: Run Behavior\WriteHtmlCacheBehavior [ RunTime:0.000528s ]
INFO: [ view_filter ] --END-- [ RunTime:0.000725s ]
INFO: [ app_end ] --START--
INFO: Run Behavior\ShowPageTraceBehavior [ RunTime:0.000841s ]
INFO: [ app_end ] --END-- [ RunTime:0.001041s ]

[ 2015-11-24T23:49:45+08:00 ] 16.187.228.72 /thinkaaron/indexbuyer.php/home/prekit1/prekit2
INFO: [ app_init ] --START--
INFO: Run Behavior\BuildLiteBehavior [ RunTime:0.000040s ]
INFO: [ app_init ] --END-- [ RunTime:0.000661s ]
INFO: [ app_begin ] --START--
INFO: Run Behavior\ReadHtmlCacheBehavior [ RunTime:0.000823s ]
INFO: [ app_begin ] --END-- [ RunTime:0.001046s ]
SQL: SELECT   column_name,   data_type,   column_default,   is_nullable
        FROM    information_schema.tables AS t
        JOIN    information_schema.columns AS c
        ON  t.table_catalog = c.table_catalog
        AND t.table_schema  = c.table_schema
        AND t.table_name    = c.table_name
        WHERE   t.table_name = 'dbo.prekit1' [ RunTime:0.000348s ]
NOTIC: [2] mssql_result() [<a href='function.mssql-result'>function.mssql-result</a>]: Bad row offset (1) C:\wamp\www\thinkaaron\buyerteam\Home\Controller\Prekit1Controller.class.php 第 130 行.
SQL: SELECT T1.* FROM (SELECT thinkphp.*, ROW_NUMBER() OVER ( ORDER BY rand()) AS ROW_NUMBER FROM (SELECT  * FROM dbo.prekit1 WHERE ( ZMODPN='765256-B21' )) AS thinkphp) AS T1  [ RunTime:0.000225s ]
INFO: [ view_parse ] --START--
INFO: [ template_filter ] --START--
INFO: Run Behavior\ContentReplaceBehavior [ RunTime:0.000147s ]
INFO: [ template_filter ] --END-- [ RunTime:0.000352s ]
NOTIC: [8] Undefined variable: output1 C:\wamp\www\thinkaaron\buyerteam\Runtime\Cache\Home\b02b26698ed50d70e5089f98d63e0847.php 第 62 行.
NOTIC: [8] Undefined variable: output1 C:\wamp\www\thinkaaron\buyerteam\Runtime\Cache\Home\b02b26698ed50d70e5089f98d63e0847.php 第 97 行.
NOTIC: [8] Undefined offset: 1 C:\wamp\www\thinkaaron\buyerteam\Runtime\Cache\Home\b02b26698ed50d70e5089f98d63e0847.php 第 130 行.
NOTIC: [8] Undefined variable: output1 C:\wamp\www\thinkaaron\buyerteam\Runtime\Cache\Home\b02b26698ed50d70e5089f98d63e0847.php 第 174 行.
NOTIC: [8] Undefined offset: 1 C:\wamp\www\thinkaaron\buyerteam\Runtime\Cache\Home\b02b26698ed50d70e5089f98d63e0847.php 第 190 行.
INFO: Run Behavior\ParseTemplateBehavior [ RunTime:0.014342s ]
INFO: [ view_parse ] --END-- [ RunTime:0.014545s ]
INFO: [ view_filter ] --START--
INFO: Run Behavior\WriteHtmlCacheBehavior [ RunTime:0.000402s ]
INFO: [ view_filter ] --END-- [ RunTime:0.000602s ]
INFO: [ app_end ] --START--
INFO: Run Behavior\ShowPageTraceBehavior [ RunTime:0.000836s ]
INFO: [ app_end ] --END-- [ RunTime:0.001034s ]

