[ 2015-12-08T08:46:15+08:00 ] 16.187.228.72 /thinkaaron/indexbuyer.php/home/prekit1/prekit2
INFO: [ app_init ] --START--
INFO: Run Behavior\BuildLiteBehavior [ RunTime:0.000041s ]
INFO: [ app_init ] --END-- [ RunTime:0.000687s ]
INFO: [ app_begin ] --START--
INFO: Run Behavior\ReadHtmlCacheBehavior [ RunTime:0.000868s ]
INFO: [ app_begin ] --END-- [ RunTime:0.001096s ]
SQL: SELECT   column_name,   data_type,   column_default,   is_nullable
        FROM    information_schema.tables AS t
        JOIN    information_schema.columns AS c
        ON  t.table_catalog = c.table_catalog
        AND t.table_schema  = c.table_schema
        AND t.table_name    = c.table_name
        WHERE   t.table_name = 'dbo.prekit1' [ RunTime:0.000435s ]
NOTIC: [2] mssql_result() [<a href='function.mssql-result'>function.mssql-result</a>]: Bad row offset (1) C:\wamp\www\thinkaaron\buyerteam\Home\Controller\Prekit1Controller.class.php 第 130 行.
SQL: SELECT T1.* FROM (SELECT thinkphp.*, ROW_NUMBER() OVER ( ORDER BY rand()) AS ROW_NUMBER FROM (SELECT  * FROM dbo.prekit1 WHERE ( ZMODPN='728713-B21' )) AS thinkphp) AS T1  [ RunTime:0.003531s ]
INFO: [ view_parse ] --START--
INFO: [ template_filter ] --START--
INFO: Run Behavior\ContentReplaceBehavior [ RunTime:0.000144s ]
INFO: [ template_filter ] --END-- [ RunTime:0.000349s ]
NOTIC: [8] Undefined variable: output1 C:\wamp\www\thinkaaron\buyerteam\Runtime\Cache\Home\b02b26698ed50d70e5089f98d63e0847.php 第 62 行.
NOTIC: [8] Undefined variable: output1 C:\wamp\www\thinkaaron\buyerteam\Runtime\Cache\Home\b02b26698ed50d70e5089f98d63e0847.php 第 97 行.
NOTIC: [8] Undefined offset: 1 C:\wamp\www\thinkaaron\buyerteam\Runtime\Cache\Home\b02b26698ed50d70e5089f98d63e0847.php 第 130 行.
NOTIC: [8] Undefined variable: output1 C:\wamp\www\thinkaaron\buyerteam\Runtime\Cache\Home\b02b26698ed50d70e5089f98d63e0847.php 第 174 行.
NOTIC: [8] Undefined offset: 1 C:\wamp\www\thinkaaron\buyerteam\Runtime\Cache\Home\b02b26698ed50d70e5089f98d63e0847.php 第 190 行.
INFO: Run Behavior\ParseTemplateBehavior [ RunTime:0.015071s ]
INFO: [ view_parse ] --END-- [ RunTime:0.015279s ]
INFO: [ view_filter ] --START--
INFO: Run Behavior\WriteHtmlCacheBehavior [ RunTime:0.000401s ]
INFO: [ view_filter ] --END-- [ RunTime:0.000596s ]
INFO: [ app_end ] --START--
INFO: Run Behavior\ShowPageTraceBehavior [ RunTime:0.000860s ]
INFO: [ app_end ] --END-- [ RunTime:0.001063s ]

[ 2015-12-08T09:04:22+08:00 ] 16.187.228.72 /thinkaaron/indexbuyer.php/home/prekit1/prekit2
INFO: [ app_init ] --START--
INFO: Run Behavior\BuildLiteBehavior [ RunTime:0.000040s ]
INFO: [ app_init ] --END-- [ RunTime:0.000672s ]
INFO: [ app_begin ] --START--
INFO: Run Behavior\ReadHtmlCacheBehavior [ RunTime:0.000844s ]
INFO: [ app_begin ] --END-- [ RunTime:0.001076s ]
SQL: SELECT   column_name,   data_type,   column_default,   is_nullable
        FROM    information_schema.tables AS t
        JOIN    information_schema.columns AS c
        ON  t.table_catalog = c.table_catalog
        AND t.table_schema  = c.table_schema
        AND t.table_name    = c.table_name
        WHERE   t.table_name = 'dbo.prekit1' [ RunTime:0.000301s ]
NOTIC: [2] mssql_result() [<a href='function.mssql-result'>function.mssql-result</a>]: Bad row offset (1) C:\wamp\www\thinkaaron\buyerteam\Home\Controller\Prekit1Controller.class.php 第 130 行.
SQL: SELECT T1.* FROM (SELECT thinkphp.*, ROW_NUMBER() OVER ( ORDER BY rand()) AS ROW_NUMBER FROM (SELECT  * FROM dbo.prekit1 WHERE ( ZMODPN='728713-B21' )) AS thinkphp) AS T1  [ RunTime:0.000231s ]
INFO: [ view_parse ] --START--
INFO: [ template_filter ] --START--
INFO: Run Behavior\ContentReplaceBehavior [ RunTime:0.000142s ]
INFO: [ template_filter ] --END-- [ RunTime:0.000347s ]
NOTIC: [8] Undefined variable: output1 C:\wamp\www\thinkaaron\buyerteam\Runtime\Cache\Home\b02b26698ed50d70e5089f98d63e0847.php 第 62 行.
NOTIC: [8] Undefined variable: output1 C:\wamp\www\thinkaaron\buyerteam\Runtime\Cache\Home\b02b26698ed50d70e5089f98d63e0847.php 第 97 行.
NOTIC: [8] Undefined offset: 1 C:\wamp\www\thinkaaron\buyerteam\Runtime\Cache\Home\b02b26698ed50d70e5089f98d63e0847.php 第 130 行.
NOTIC: [8] Undefined variable: output1 C:\wamp\www\thinkaaron\buyerteam\Runtime\Cache\Home\b02b26698ed50d70e5089f98d63e0847.php 第 174 行.
NOTIC: [8] Undefined offset: 1 C:\wamp\www\thinkaaron\buyerteam\Runtime\Cache\Home\b02b26698ed50d70e5089f98d63e0847.php 第 190 行.
INFO: Run Behavior\ParseTemplateBehavior [ RunTime:0.014929s ]
INFO: [ view_parse ] --END-- [ RunTime:0.015136s ]
INFO: [ view_filter ] --START--
INFO: Run Behavior\WriteHtmlCacheBehavior [ RunTime:0.000405s ]
INFO: [ view_filter ] --END-- [ RunTime:0.000598s ]
INFO: [ app_end ] --START--
INFO: Run Behavior\ShowPageTraceBehavior [ RunTime:0.000853s ]
INFO: [ app_end ] --END-- [ RunTime:0.001054s ]

[ 2015-12-08T18:22:02+08:00 ] 15.109.94.139 /thinkaaron/indexbuyer.php/home/prekit1/Option_GPN
INFO: [ app_init ] --START--
INFO: Run Behavior\BuildLiteBehavior [ RunTime:0.000040s ]
INFO: [ app_init ] --END-- [ RunTime:0.000654s ]
INFO: [ app_begin ] --START--
INFO: Run Behavior\ReadHtmlCacheBehavior [ RunTime:0.000834s ]
INFO: [ app_begin ] --END-- [ RunTime:0.001061s ]
NOTIC: [2] file_get_contents(https://onehp-idp.external.hp.com/idp/startSSO.ping?PartnerSpId=smemppartner&amp;TargetResource=&lt;script&gt;document.write(star);&lt;/script&gt;) [<a href='function.file-get-contents'>function.file-get-contents</a>]: failed to open stream: HTTP request failed! HTTP/1.1 500 Server Error
 C:\wamp\www\thinkaaron\buyerteam\Home\Controller\Prekit1Controller.class.php 第 201 行.
INFO: [ app_end ] --START--
INFO: Run Behavior\ShowPageTraceBehavior [ RunTime:0.000904s ]
INFO: [ app_end ] --END-- [ RunTime:0.001108s ]

[ 2015-12-08T18:22:32+08:00 ] 15.109.94.139 /thinkaaron/indexbuyer.php/home/prekit1/Option_GPN
INFO: [ app_init ] --START--
INFO: Run Behavior\BuildLiteBehavior [ RunTime:0.000040s ]
INFO: [ app_init ] --END-- [ RunTime:0.000655s ]
INFO: [ app_begin ] --START--
INFO: Run Behavior\ReadHtmlCacheBehavior [ RunTime:0.000833s ]
INFO: [ app_begin ] --END-- [ RunTime:0.001057s ]
NOTIC: [2] file_get_contents(https://onehp-idp.external.hp.com/idp/startSSO.ping?PartnerSpId=smemppartner&amp;TargetResource=&lt;script&gt;document.write(star);&lt;/script&gt;) [<a href='function.file-get-contents'>function.file-get-contents</a>]: failed to open stream: HTTP request failed! HTTP/1.1 500 Server Error
 C:\wamp\www\thinkaaron\buyerteam\Home\Controller\Prekit1Controller.class.php 第 201 行.
INFO: [ app_end ] --START--
INFO: Run Behavior\ShowPageTraceBehavior [ RunTime:0.000894s ]
INFO: [ app_end ] --END-- [ RunTime:0.001101s ]

[ 2015-12-08T18:23:05+08:00 ] 15.109.94.139 /thinkaaron/indexbuyer.php/home/prekit1/Option_GPN
INFO: [ app_init ] --START--
INFO: Run Behavior\BuildLiteBehavior [ RunTime:0.000041s ]
INFO: [ app_init ] --END-- [ RunTime:0.000653s ]
INFO: [ app_begin ] --START--
INFO: Run Behavior\ReadHtmlCacheBehavior [ RunTime:0.000835s ]
INFO: [ app_begin ] --END-- [ RunTime:0.001070s ]
NOTIC: [8] Undefined variable: RAW1 C:\wamp\www\thinkaaron\buyerteam\Home\Controller\Prekit1Controller.class.php 第 191 行.
NOTIC: [2] file_get_contents(https://onehp-idp.external.hp.com/idp/startSSO.ping?PartnerSpId=smemppartner&amp;TargetResource=&lt;script&gt;document.write(star);&lt;/script&gt;) [<a href='function.file-get-contents'>function.file-get-contents</a>]: failed to open stream: HTTP request failed! HTTP/1.1 500 Server Error
 C:\wamp\www\thinkaaron\buyerteam\Home\Controller\Prekit1Controller.class.php 第 201 行.
INFO: [ app_end ] --START--
INFO: Run Behavior\ShowPageTraceBehavior [ RunTime:0.000894s ]
INFO: [ app_end ] --END-- [ RunTime:0.001098s ]

[ 2015-12-08T18:26:08+08:00 ] 15.109.94.139 /thinkaaron/indexbuyer.php/home/prekit1/Option_GPN
INFO: [ app_init ] --START--
INFO: Run Behavior\BuildLiteBehavior [ RunTime:0.000041s ]
INFO: [ app_init ] --END-- [ RunTime:0.000656s ]
INFO: [ app_begin ] --START--
INFO: Run Behavior\ReadHtmlCacheBehavior [ RunTime:0.000832s ]
INFO: [ app_begin ] --END-- [ RunTime:0.001055s ]
NOTIC: [8] Undefined variable: RAW1 C:\wamp\www\thinkaaron\buyerteam\Home\Controller\Prekit1Controller.class.php 第 191 行.
NOTIC: [2] file_get_contents(http://www.baidu.com/) [<a href='function.file-get-contents'>function.file-get-contents</a>]: failed to open stream: A connection attempt failed because the connected party did not properly respond after a period of time, or established connection failed because connected host has failed to respond.
 C:\wamp\www\thinkaaron\buyerteam\Home\Controller\Prekit1Controller.class.php 第 202 行.
INFO: [ app_end ] --START--
INFO: Run Behavior\ShowPageTraceBehavior [ RunTime:0.000954s ]
INFO: [ app_end ] --END-- [ RunTime:0.001164s ]

[ 2015-12-08T18:27:08+08:00 ] 15.109.94.139 /thinkaaron/indexbuyer.php/home/prekit1/Option_GPN
INFO: [ app_init ] --START--
INFO: Run Behavior\BuildLiteBehavior [ RunTime:0.000040s ]
INFO: [ app_init ] --END-- [ RunTime:0.000614s ]
INFO: [ app_begin ] --START--
INFO: Run Behavior\ReadHtmlCacheBehavior [ RunTime:0.000719s ]
INFO: [ app_begin ] --END-- [ RunTime:0.000940s ]

[ 2015-12-08T18:28:10+08:00 ] 15.109.94.139 /thinkaaron/indexbuyer.php/home/prekit1/Option_GPN
INFO: [ app_init ] --START--
INFO: Run Behavior\BuildLiteBehavior [ RunTime:0.000040s ]
INFO: [ app_init ] --END-- [ RunTime:0.000651s ]
INFO: [ app_begin ] --START--
INFO: Run Behavior\ReadHtmlCacheBehavior [ RunTime:0.000831s ]
INFO: [ app_begin ] --END-- [ RunTime:0.001055s ]

[ 2015-12-08T18:29:25+08:00 ] 15.109.94.139 /thinkaaron/indexbuyer.php/home/prekit1/Option_GPN
INFO: [ app_init ] --START--
INFO: Run Behavior\BuildLiteBehavior [ RunTime:0.000040s ]
INFO: [ app_init ] --END-- [ RunTime:0.000610s ]
INFO: [ app_begin ] --START--
INFO: Run Behavior\ReadHtmlCacheBehavior [ RunTime:0.000721s ]
INFO: [ app_begin ] --END-- [ RunTime:0.000944s ]

[ 2015-12-08T18:29:32+08:00 ] 15.109.94.139 /thinkaaron/indexbuyer.php/home/prekit1/Option_GPN
INFO: [ app_init ] --START--
INFO: Run Behavior\BuildLiteBehavior [ RunTime:0.000040s ]
INFO: [ app_init ] --END-- [ RunTime:0.000609s ]
INFO: [ app_begin ] --START--
INFO: Run Behavior\ReadHtmlCacheBehavior [ RunTime:0.000716s ]
INFO: [ app_begin ] --END-- [ RunTime:0.000940s ]

[ 2015-12-08T18:29:33+08:00 ] 15.109.94.139 /thinkaaron/indexbuyer.php/home/prekit1/Option_GPN
INFO: [ app_init ] --START--
INFO: Run Behavior\BuildLiteBehavior [ RunTime:0.000039s ]
INFO: [ app_init ] --END-- [ RunTime:0.000603s ]
INFO: [ app_begin ] --START--
INFO: Run Behavior\ReadHtmlCacheBehavior [ RunTime:0.000715s ]
INFO: [ app_begin ] --END-- [ RunTime:0.000935s ]

[ 2015-12-08T18:29:34+08:00 ] 15.109.94.139 /thinkaaron/indexbuyer.php/home/prekit1/Option_GPN
INFO: [ app_init ] --START--
INFO: Run Behavior\BuildLiteBehavior [ RunTime:0.000039s ]
INFO: [ app_init ] --END-- [ RunTime:0.000602s ]
INFO: [ app_begin ] --START--
INFO: Run Behavior\ReadHtmlCacheBehavior [ RunTime:0.000713s ]
INFO: [ app_begin ] --END-- [ RunTime:0.000932s ]

[ 2015-12-08T18:29:34+08:00 ] 15.109.94.139 /thinkaaron/indexbuyer.php/home/prekit1/Option_GPN
INFO: [ app_init ] --START--
INFO: Run Behavior\BuildLiteBehavior [ RunTime:0.000039s ]
INFO: [ app_init ] --END-- [ RunTime:0.000602s ]
INFO: [ app_begin ] --START--
INFO: Run Behavior\ReadHtmlCacheBehavior [ RunTime:0.000713s ]
INFO: [ app_begin ] --END-- [ RunTime:0.000932s ]

[ 2015-12-08T18:31:27+08:00 ] 15.109.94.139 /thinkaaron/indexbuyer.php/home/prekit1/Option_GPN
INFO: [ app_init ] --START--
INFO: Run Behavior\BuildLiteBehavior [ RunTime:0.000040s ]
INFO: [ app_init ] --END-- [ RunTime:0.000651s ]
INFO: [ app_begin ] --START--
INFO: Run Behavior\ReadHtmlCacheBehavior [ RunTime:0.000836s ]
INFO: [ app_begin ] --END-- [ RunTime:0.001058s ]

[ 2015-12-08T18:31:28+08:00 ] 15.109.94.139 /thinkaaron/indexbuyer.php/home/prekit1/Option_GPN
INFO: [ app_init ] --START--
INFO: Run Behavior\BuildLiteBehavior [ RunTime:0.000039s ]
INFO: [ app_init ] --END-- [ RunTime:0.000602s ]
INFO: [ app_begin ] --START--
INFO: Run Behavior\ReadHtmlCacheBehavior [ RunTime:0.000715s ]
INFO: [ app_begin ] --END-- [ RunTime:0.000934s ]

[ 2015-12-08T18:31:28+08:00 ] 15.109.94.139 /thinkaaron/indexbuyer.php/home/prekit1/Option_GPN
INFO: [ app_init ] --START--
INFO: Run Behavior\BuildLiteBehavior [ RunTime:0.000039s ]
INFO: [ app_init ] --END-- [ RunTime:0.000602s ]
INFO: [ app_begin ] --START--
INFO: Run Behavior\ReadHtmlCacheBehavior [ RunTime:0.000714s ]
INFO: [ app_begin ] --END-- [ RunTime:0.000936s ]

[ 2015-12-08T18:31:56+08:00 ] 15.109.94.139 /thinkaaron/indexbuyer.php/home/prekit1/Option_GPN
INFO: [ app_init ] --START--
INFO: Run Behavior\BuildLiteBehavior [ RunTime:0.000040s ]
INFO: [ app_init ] --END-- [ RunTime:0.000610s ]
INFO: [ app_begin ] --START--
INFO: Run Behavior\ReadHtmlCacheBehavior [ RunTime:0.000719s ]
INFO: [ app_begin ] --END-- [ RunTime:0.000943s ]

[ 2015-12-08T18:31:58+08:00 ] 15.109.94.139 /thinkaaron/indexbuyer.php/home/prekit1/Option_GPN
INFO: [ app_init ] --START--
INFO: Run Behavior\BuildLiteBehavior [ RunTime:0.000041s ]
INFO: [ app_init ] --END-- [ RunTime:0.000606s ]
INFO: [ app_begin ] --START--
INFO: Run Behavior\ReadHtmlCacheBehavior [ RunTime:0.000717s ]
INFO: [ app_begin ] --END-- [ RunTime:0.000937s ]

[ 2015-12-08T18:32:26+08:00 ] 15.109.94.139 /thinkaaron/indexbuyer.php/home/prekit1/Option_GPN
INFO: [ app_init ] --START--
INFO: Run Behavior\BuildLiteBehavior [ RunTime:0.000044s ]
INFO: [ app_init ] --END-- [ RunTime:0.000614s ]
INFO: [ app_begin ] --START--
INFO: Run Behavior\ReadHtmlCacheBehavior [ RunTime:0.000717s ]
INFO: [ app_begin ] --END-- [ RunTime:0.000942s ]

[ 2015-12-08T18:32:27+08:00 ] 15.109.94.139 /thinkaaron/indexbuyer.php/home/prekit1/Option_GPN
INFO: [ app_init ] --START--
INFO: Run Behavior\BuildLiteBehavior [ RunTime:0.000039s ]
INFO: [ app_init ] --END-- [ RunTime:0.000601s ]
INFO: [ app_begin ] --START--
INFO: Run Behavior\ReadHtmlCacheBehavior [ RunTime:0.000715s ]
INFO: [ app_begin ] --END-- [ RunTime:0.000935s ]

[ 2015-12-08T18:32:28+08:00 ] 15.109.94.139 /thinkaaron/indexbuyer.php/home/prekit1/Option_GPN
INFO: [ app_init ] --START--
INFO: Run Behavior\BuildLiteBehavior [ RunTime:0.000040s ]
INFO: [ app_init ] --END-- [ RunTime:0.000600s ]
INFO: [ app_begin ] --START--
INFO: Run Behavior\ReadHtmlCacheBehavior [ RunTime:0.000714s ]
INFO: [ app_begin ] --END-- [ RunTime:0.000933s ]

[ 2015-12-08T18:32:28+08:00 ] 15.109.94.139 /thinkaaron/indexbuyer.php/home/prekit1/Option_GPN
INFO: [ app_init ] --START--
INFO: Run Behavior\BuildLiteBehavior [ RunTime:0.000039s ]
INFO: [ app_init ] --END-- [ RunTime:0.000598s ]
INFO: [ app_begin ] --START--
INFO: Run Behavior\ReadHtmlCacheBehavior [ RunTime:0.000711s ]
INFO: [ app_begin ] --END-- [ RunTime:0.000930s ]

[ 2015-12-08T18:32:29+08:00 ] 15.109.94.139 /thinkaaron/indexbuyer.php/home/prekit1/Option_GPN
INFO: [ app_init ] --START--
INFO: Run Behavior\BuildLiteBehavior [ RunTime:0.000039s ]
INFO: [ app_init ] --END-- [ RunTime:0.000601s ]
INFO: [ app_begin ] --START--
INFO: Run Behavior\ReadHtmlCacheBehavior [ RunTime:0.000712s ]
INFO: [ app_begin ] --END-- [ RunTime:0.000930s ]

[ 2015-12-08T18:32:29+08:00 ] 15.109.94.139 /thinkaaron/indexbuyer.php/home/prekit1/Option_GPN
INFO: [ app_init ] --START--
INFO: Run Behavior\BuildLiteBehavior [ RunTime:0.000039s ]
INFO: [ app_init ] --END-- [ RunTime:0.000599s ]
INFO: [ app_begin ] --START--
INFO: Run Behavior\ReadHtmlCacheBehavior [ RunTime:0.000712s ]
INFO: [ app_begin ] --END-- [ RunTime:0.000931s ]

[ 2015-12-08T18:32:29+08:00 ] 15.109.94.139 /thinkaaron/indexbuyer.php/home/prekit1/Option_GPN
INFO: [ app_init ] --START--
INFO: Run Behavior\BuildLiteBehavior [ RunTime:0.000039s ]
INFO: [ app_init ] --END-- [ RunTime:0.000602s ]
INFO: [ app_begin ] --START--
INFO: Run Behavior\ReadHtmlCacheBehavior [ RunTime:0.000711s ]
INFO: [ app_begin ] --END-- [ RunTime:0.000930s ]

[ 2015-12-08T18:32:29+08:00 ] 15.109.94.139 /thinkaaron/indexbuyer.php/home/prekit1/Option_GPN
INFO: [ app_init ] --START--
INFO: Run Behavior\BuildLiteBehavior [ RunTime:0.000040s ]
INFO: [ app_init ] --END-- [ RunTime:0.000599s ]
INFO: [ app_begin ] --START--
INFO: Run Behavior\ReadHtmlCacheBehavior [ RunTime:0.000712s ]
INFO: [ app_begin ] --END-- [ RunTime:0.000931s ]

[ 2015-12-08T18:32:29+08:00 ] 15.109.94.139 /thinkaaron/indexbuyer.php/home/prekit1/Option_GPN
INFO: [ app_init ] --START--
INFO: Run Behavior\BuildLiteBehavior [ RunTime:0.000039s ]
INFO: [ app_init ] --END-- [ RunTime:0.000598s ]
INFO: [ app_begin ] --START--
INFO: Run Behavior\ReadHtmlCacheBehavior [ RunTime:0.000713s ]
INFO: [ app_begin ] --END-- [ RunTime:0.000933s ]

[ 2015-12-08T18:32:30+08:00 ] 15.109.94.139 /thinkaaron/indexbuyer.php/home/prekit1/Option_GPN
INFO: [ app_init ] --START--
INFO: Run Behavior\BuildLiteBehavior [ RunTime:0.000039s ]
INFO: [ app_init ] --END-- [ RunTime:0.000599s ]
INFO: [ app_begin ] --START--
INFO: Run Behavior\ReadHtmlCacheBehavior [ RunTime:0.000711s ]
INFO: [ app_begin ] --END-- [ RunTime:0.000930s ]

[ 2015-12-08T18:32:30+08:00 ] 15.109.94.139 /thinkaaron/indexbuyer.php/home/prekit1/Option_GPN
INFO: [ app_init ] --START--
INFO: Run Behavior\BuildLiteBehavior [ RunTime:0.000039s ]
INFO: [ app_init ] --END-- [ RunTime:0.000603s ]
INFO: [ app_begin ] --START--
INFO: Run Behavior\ReadHtmlCacheBehavior [ RunTime:0.000712s ]
INFO: [ app_begin ] --END-- [ RunTime:0.000930s ]

[ 2015-12-08T18:32:30+08:00 ] 15.109.94.139 /thinkaaron/indexbuyer.php/home/prekit1/Option_GPN
INFO: [ app_init ] --START--
INFO: Run Behavior\BuildLiteBehavior [ RunTime:0.000039s ]
INFO: [ app_init ] --END-- [ RunTime:0.000598s ]
INFO: [ app_begin ] --START--
INFO: Run Behavior\ReadHtmlCacheBehavior [ RunTime:0.000711s ]
INFO: [ app_begin ] --END-- [ RunTime:0.000931s ]

[ 2015-12-08T18:34:11+08:00 ] 15.109.94.139 /thinkaaron/indexbuyer.php/home/prekit1/Option_GPN
INFO: [ app_init ] --START--
INFO: Run Behavior\BuildLiteBehavior [ RunTime:0.000040s ]
INFO: [ app_init ] --END-- [ RunTime:0.000652s ]
INFO: [ app_begin ] --START--
INFO: Run Behavior\ReadHtmlCacheBehavior [ RunTime:0.000830s ]
INFO: [ app_begin ] --END-- [ RunTime:0.001051s ]

[ 2015-12-08T18:34:12+08:00 ] 15.109.94.139 /thinkaaron/indexbuyer.php/home/prekit1/Option_GPN
INFO: [ app_init ] --START--
INFO: Run Behavior\BuildLiteBehavior [ RunTime:0.000039s ]
INFO: [ app_init ] --END-- [ RunTime:0.000602s ]
INFO: [ app_begin ] --START--
INFO: Run Behavior\ReadHtmlCacheBehavior [ RunTime:0.000712s ]
INFO: [ app_begin ] --END-- [ RunTime:0.000931s ]

[ 2015-12-08T18:34:12+08:00 ] 15.109.94.139 /thinkaaron/indexbuyer.php/home/prekit1/Option_GPN
INFO: [ app_init ] --START--
INFO: Run Behavior\BuildLiteBehavior [ RunTime:0.000039s ]
INFO: [ app_init ] --END-- [ RunTime:0.000599s ]
INFO: [ app_begin ] --START--
INFO: Run Behavior\ReadHtmlCacheBehavior [ RunTime:0.000710s ]
INFO: [ app_begin ] --END-- [ RunTime:0.000930s ]

[ 2015-12-08T18:34:13+08:00 ] 15.109.94.139 /thinkaaron/indexbuyer.php/home/prekit1/Option_GPN
INFO: [ app_init ] --START--
INFO: Run Behavior\BuildLiteBehavior [ RunTime:0.000039s ]
INFO: [ app_init ] --END-- [ RunTime:0.000602s ]
INFO: [ app_begin ] --START--
INFO: Run Behavior\ReadHtmlCacheBehavior [ RunTime:0.000713s ]
INFO: [ app_begin ] --END-- [ RunTime:0.000935s ]

[ 2015-12-08T18:34:14+08:00 ] 15.109.94.139 /thinkaaron/indexbuyer.php/home/prekit1/Option_GPN
INFO: [ app_init ] --START--
INFO: Run Behavior\BuildLiteBehavior [ RunTime:0.000039s ]
INFO: [ app_init ] --END-- [ RunTime:0.000599s ]
INFO: [ app_begin ] --START--
INFO: Run Behavior\ReadHtmlCacheBehavior [ RunTime:0.000713s ]
INFO: [ app_begin ] --END-- [ RunTime:0.000932s ]

[ 2015-12-08T18:34:14+08:00 ] 15.109.94.139 /thinkaaron/indexbuyer.php/home/prekit1/Option_GPN
INFO: [ app_init ] --START--
INFO: Run Behavior\BuildLiteBehavior [ RunTime:0.000040s ]
INFO: [ app_init ] --END-- [ RunTime:0.000599s ]
INFO: [ app_begin ] --START--
INFO: Run Behavior\ReadHtmlCacheBehavior [ RunTime:0.000712s ]
INFO: [ app_begin ] --END-- [ RunTime:0.000930s ]

[ 2015-12-08T18:34:14+08:00 ] 15.109.94.139 /thinkaaron/indexbuyer.php/home/prekit1/Option_GPN
INFO: [ app_init ] --START--
INFO: Run Behavior\BuildLiteBehavior [ RunTime:0.000039s ]
INFO: [ app_init ] --END-- [ RunTime:0.000598s ]
INFO: [ app_begin ] --START--
INFO: Run Behavior\ReadHtmlCacheBehavior [ RunTime:0.000712s ]
INFO: [ app_begin ] --END-- [ RunTime:0.000931s ]

[ 2015-12-08T18:34:14+08:00 ] 15.109.94.139 /thinkaaron/indexbuyer.php/home/prekit1/Option_GPN
INFO: [ app_init ] --START--
INFO: Run Behavior\BuildLiteBehavior [ RunTime:0.000039s ]
INFO: [ app_init ] --END-- [ RunTime:0.000599s ]
INFO: [ app_begin ] --START--
INFO: Run Behavior\ReadHtmlCacheBehavior [ RunTime:0.000716s ]
INFO: [ app_begin ] --END-- [ RunTime:0.000934s ]

[ 2015-12-08T18:34:14+08:00 ] 15.109.94.139 /thinkaaron/indexbuyer.php/home/prekit1/Option_GPN
INFO: [ app_init ] --START--
INFO: Run Behavior\BuildLiteBehavior [ RunTime:0.000039s ]
INFO: [ app_init ] --END-- [ RunTime:0.000599s ]
INFO: [ app_begin ] --START--
INFO: Run Behavior\ReadHtmlCacheBehavior [ RunTime:0.000711s ]
INFO: [ app_begin ] --END-- [ RunTime:0.000931s ]

[ 2015-12-08T18:34:15+08:00 ] 15.109.94.139 /thinkaaron/indexbuyer.php/home/prekit1/Option_GPN
INFO: [ app_init ] --START--
INFO: Run Behavior\BuildLiteBehavior [ RunTime:0.000039s ]
INFO: [ app_init ] --END-- [ RunTime:0.000600s ]
INFO: [ app_begin ] --START--
INFO: Run Behavior\ReadHtmlCacheBehavior [ RunTime:0.000711s ]
INFO: [ app_begin ] --END-- [ RunTime:0.000929s ]

[ 2015-12-08T18:34:15+08:00 ] 15.109.94.139 /thinkaaron/indexbuyer.php/home/prekit1/Option_GPN
INFO: [ app_init ] --START--
INFO: Run Behavior\BuildLiteBehavior [ RunTime:0.000039s ]
INFO: [ app_init ] --END-- [ RunTime:0.000597s ]
INFO: [ app_begin ] --START--
INFO: Run Behavior\ReadHtmlCacheBehavior [ RunTime:0.000711s ]
INFO: [ app_begin ] --END-- [ RunTime:0.000928s ]

[ 2015-12-08T18:34:15+08:00 ] 15.109.94.139 /thinkaaron/indexbuyer.php/home/prekit1/Option_GPN
INFO: [ app_init ] --START--
INFO: Run Behavior\BuildLiteBehavior [ RunTime:0.000039s ]
INFO: [ app_init ] --END-- [ RunTime:0.000599s ]
INFO: [ app_begin ] --START--
INFO: Run Behavior\ReadHtmlCacheBehavior [ RunTime:0.000710s ]
INFO: [ app_begin ] --END-- [ RunTime:0.000929s ]

[ 2015-12-08T18:34:15+08:00 ] 15.109.94.139 /thinkaaron/indexbuyer.php/home/prekit1/Option_GPN
INFO: [ app_init ] --START--
INFO: Run Behavior\BuildLiteBehavior [ RunTime:0.000039s ]
INFO: [ app_init ] --END-- [ RunTime:0.000599s ]
INFO: [ app_begin ] --START--
INFO: Run Behavior\ReadHtmlCacheBehavior [ RunTime:0.000711s ]
INFO: [ app_begin ] --END-- [ RunTime:0.000929s ]

[ 2015-12-08T18:34:41+08:00 ] 15.109.94.139 /thinkaaron/indexbuyer.php/home/prekit1/Option_GPN
INFO: [ app_init ] --START--
INFO: Run Behavior\BuildLiteBehavior [ RunTime:0.000040s ]
INFO: [ app_init ] --END-- [ RunTime:0.000610s ]
INFO: [ app_begin ] --START--
INFO: Run Behavior\ReadHtmlCacheBehavior [ RunTime:0.000717s ]
INFO: [ app_begin ] --END-- [ RunTime:0.000941s ]

[ 2015-12-08T18:34:42+08:00 ] 15.109.94.139 /thinkaaron/indexbuyer.php/home/prekit1/Option_GPN
INFO: [ app_init ] --START--
INFO: Run Behavior\BuildLiteBehavior [ RunTime:0.000039s ]
INFO: [ app_init ] --END-- [ RunTime:0.000603s ]
INFO: [ app_begin ] --START--
INFO: Run Behavior\ReadHtmlCacheBehavior [ RunTime:0.000713s ]
INFO: [ app_begin ] --END-- [ RunTime:0.000932s ]

[ 2015-12-08T18:34:43+08:00 ] 15.109.94.139 /thinkaaron/indexbuyer.php/home/prekit1/Option_GPN
INFO: [ app_init ] --START--
INFO: Run Behavior\BuildLiteBehavior [ RunTime:0.000040s ]
INFO: [ app_init ] --END-- [ RunTime:0.000724s ]
INFO: [ app_begin ] --START--
INFO: Run Behavior\ReadHtmlCacheBehavior [ RunTime:0.000713s ]
INFO: [ app_begin ] --END-- [ RunTime:0.000934s ]

[ 2015-12-08T18:37:43+08:00 ] 15.109.94.139 /thinkaaron/indexbuyer.php/home/prekit1/Option_GPN
INFO: [ app_init ] --START--
INFO: Run Behavior\BuildLiteBehavior [ RunTime:0.000040s ]
INFO: [ app_init ] --END-- [ RunTime:0.000654s ]
INFO: [ app_begin ] --START--
INFO: Run Behavior\ReadHtmlCacheBehavior [ RunTime:0.000833s ]
INFO: [ app_begin ] --END-- [ RunTime:0.001054s ]

[ 2015-12-08T18:37:44+08:00 ] 15.109.94.139 /thinkaaron/indexbuyer.php/home/prekit1/Option_GPN
INFO: [ app_init ] --START--
INFO: Run Behavior\BuildLiteBehavior [ RunTime:0.000039s ]
INFO: [ app_init ] --END-- [ RunTime:0.000600s ]
INFO: [ app_begin ] --START--
INFO: Run Behavior\ReadHtmlCacheBehavior [ RunTime:0.000715s ]
INFO: [ app_begin ] --END-- [ RunTime:0.000936s ]

[ 2015-12-08T18:37:53+08:00 ] 15.109.94.139 /thinkaaron/indexbuyer.php/home/prekit1/Option_GPN
INFO: [ app_init ] --START--
INFO: Run Behavior\BuildLiteBehavior [ RunTime:0.000040s ]
INFO: [ app_init ] --END-- [ RunTime:0.000608s ]
INFO: [ app_begin ] --START--
INFO: Run Behavior\ReadHtmlCacheBehavior [ RunTime:0.000714s ]
INFO: [ app_begin ] --END-- [ RunTime:0.000938s ]
NOTIC: [8] Undefined variable: RAW1 C:\wamp\www\thinkaaron\buyerteam\Home\Controller\Prekit1Controller.class.php 第 191 行.
INFO: [ app_end ] --START--
INFO: Run Behavior\ShowPageTraceBehavior [ RunTime:0.000882s ]
INFO: [ app_end ] --END-- [ RunTime:0.001099s ]

[ 2015-12-08T18:38:12+08:00 ] 15.109.94.139 /thinkaaron/indexbuyer.php/home/prekit1/Option_GPN
INFO: [ app_init ] --START--
INFO: Run Behavior\BuildLiteBehavior [ RunTime:0.000040s ]
INFO: [ app_init ] --END-- [ RunTime:0.000613s ]
INFO: [ app_begin ] --START--
INFO: Run Behavior\ReadHtmlCacheBehavior [ RunTime:0.000717s ]
INFO: [ app_begin ] --END-- [ RunTime:0.000933s ]
NOTIC: [8] Undefined variable: RAW1 C:\wamp\www\thinkaaron\buyerteam\Home\Controller\Prekit1Controller.class.php 第 191 行.
NOTIC: [2] file_get_contents(https://onehp-idp.external.hp.com/idp/startSSO.ping?PartnerSpId=smemppartner&amp;TargetResource=&lt;script&gt;document.write(star);&lt;/script&gt;) [<a href='function.file-get-contents'>function.file-get-contents</a>]: failed to open stream: HTTP request failed! HTTP/1.1 500 Server Error
 C:\wamp\www\thinkaaron\buyerteam\Home\Controller\Prekit1Controller.class.php 第 202 行.
INFO: [ app_end ] --START--
INFO: Run Behavior\ShowPageTraceBehavior [ RunTime:0.000795s ]
INFO: [ app_end ] --END-- [ RunTime:0.000995s ]

[ 2015-12-08T18:38:40+08:00 ] 15.109.94.139 /thinkaaron/indexbuyer.php/home/prekit1/Option_GPN
INFO: [ app_init ] --START--
INFO: Run Behavior\BuildLiteBehavior [ RunTime:0.000040s ]
INFO: [ app_init ] --END-- [ RunTime:0.000654s ]
INFO: [ app_begin ] --START--
INFO: Run Behavior\ReadHtmlCacheBehavior [ RunTime:0.000833s ]
INFO: [ app_begin ] --END-- [ RunTime:0.001055s ]

[ 2015-12-08T18:38:41+08:00 ] 15.109.94.139 /thinkaaron/indexbuyer.php/home/prekit1/Option_GPN
INFO: [ app_init ] --START--
INFO: Run Behavior\BuildLiteBehavior [ RunTime:0.000039s ]
INFO: [ app_init ] --END-- [ RunTime:0.000603s ]
INFO: [ app_begin ] --START--
INFO: Run Behavior\ReadHtmlCacheBehavior [ RunTime:0.000714s ]
INFO: [ app_begin ] --END-- [ RunTime:0.000932s ]

[ 2015-12-08T18:40:29+08:00 ] 15.109.94.139 /thinkaaron/indexbuyer.php/home/prekit1/Option_GPN
INFO: [ app_init ] --START--
INFO: Run Behavior\BuildLiteBehavior [ RunTime:0.000040s ]
INFO: [ app_init ] --END-- [ RunTime:0.000655s ]
INFO: [ app_begin ] --START--
INFO: Run Behavior\ReadHtmlCacheBehavior [ RunTime:0.000835s ]
INFO: [ app_begin ] --END-- [ RunTime:0.001059s ]

[ 2015-12-08T18:40:30+08:00 ] 15.109.94.139 /thinkaaron/indexbuyer.php/home/prekit1/Option_GPN
INFO: [ app_init ] --START--
INFO: Run Behavior\BuildLiteBehavior [ RunTime:0.000040s ]
INFO: [ app_init ] --END-- [ RunTime:0.000608s ]
INFO: [ app_begin ] --START--
INFO: Run Behavior\ReadHtmlCacheBehavior [ RunTime:0.000724s ]
INFO: [ app_begin ] --END-- [ RunTime:0.000945s ]

[ 2015-12-08T18:40:30+08:00 ] 15.109.94.139 /thinkaaron/indexbuyer.php/home/prekit1/Option_GPN
INFO: [ app_init ] --START--
INFO: Run Behavior\BuildLiteBehavior [ RunTime:0.000040s ]
INFO: [ app_init ] --END-- [ RunTime:0.000604s ]
INFO: [ app_begin ] --START--
INFO: Run Behavior\ReadHtmlCacheBehavior [ RunTime:0.000718s ]
INFO: [ app_begin ] --END-- [ RunTime:0.000938s ]

[ 2015-12-08T18:40:31+08:00 ] 15.109.94.139 /thinkaaron/indexbuyer.php/home/prekit1/Option_GPN
INFO: [ app_init ] --START--
INFO: Run Behavior\BuildLiteBehavior [ RunTime:0.000039s ]
INFO: [ app_init ] --END-- [ RunTime:0.000605s ]
INFO: [ app_begin ] --START--
INFO: Run Behavior\ReadHtmlCacheBehavior [ RunTime:0.000724s ]
INFO: [ app_begin ] --END-- [ RunTime:0.000944s ]

[ 2015-12-08T18:41:08+08:00 ] 15.109.94.139 /thinkaaron/indexbuyer.php/home/prekit1/Option_GPN
INFO: [ app_init ] --START--
INFO: Run Behavior\BuildLiteBehavior [ RunTime:0.000040s ]
INFO: [ app_init ] --END-- [ RunTime:0.000614s ]
INFO: [ app_begin ] --START--
INFO: Run Behavior\ReadHtmlCacheBehavior [ RunTime:0.000727s ]
INFO: [ app_begin ] --END-- [ RunTime:0.000950s ]
NOTIC: [8] Undefined variable: RAW1 C:\wamp\www\thinkaaron\buyerteam\Home\Controller\Prekit1Controller.class.php 第 191 行.
INFO: [ app_end ] --START--
INFO: Run Behavior\ShowPageTraceBehavior [ RunTime:0.000870s ]
INFO: [ app_end ] --END-- [ RunTime:0.001086s ]

[ 2015-12-08T18:41:26+08:00 ] 15.109.94.139 /thinkaaron/indexbuyer.php/home/prekit1/Option_GPN
INFO: [ app_init ] --START--
INFO: Run Behavior\BuildLiteBehavior [ RunTime:0.000040s ]
INFO: [ app_init ] --END-- [ RunTime:0.000616s ]
INFO: [ app_begin ] --START--
INFO: Run Behavior\ReadHtmlCacheBehavior [ RunTime:0.000836s ]
INFO: [ app_begin ] --END-- [ RunTime:0.001062s ]
NOTIC: [8] Undefined variable: RAW1 C:\wamp\www\thinkaaron\buyerteam\Home\Controller\Prekit1Controller.class.php 第 191 行.
NOTIC: [2] file_get_contents(https://onehp-idp.external.hp.com/idp/startSSO.ping?PartnerSpId=smemppartner&amp;TargetResource=&lt;script&gt;document.write(star);&lt;/script&gt;) [<a href='function.file-get-contents'>function.file-get-contents</a>]: failed to open stream: HTTP request failed! HTTP/1.1 500 Server Error
 C:\wamp\www\thinkaaron\buyerteam\Home\Controller\Prekit1Controller.class.php 第 202 行.
INFO: [ app_end ] --START--
INFO: Run Behavior\ShowPageTraceBehavior [ RunTime:0.000933s ]
INFO: [ app_end ] --END-- [ RunTime:0.001145s ]

[ 2015-12-08T18:44:27+08:00 ] 15.109.94.139 /thinkaaron/indexbuyer.php/home/prekit1/Option_GPN
INFO: [ app_init ] --START--
INFO: Run Behavior\BuildLiteBehavior [ RunTime:0.000040s ]
INFO: [ app_init ] --END-- [ RunTime:0.000653s ]
INFO: [ app_begin ] --START--
INFO: Run Behavior\ReadHtmlCacheBehavior [ RunTime:0.000832s ]
INFO: [ app_begin ] --END-- [ RunTime:0.001053s ]

[ 2015-12-08T18:45:51+08:00 ] 15.109.94.139 /thinkaaron/indexbuyer.php/home/prekit1/Option_GPN
INFO: [ app_init ] --START--
INFO: Run Behavior\BuildLiteBehavior [ RunTime:0.000040s ]
INFO: [ app_init ] --END-- [ RunTime:0.000685s ]
INFO: [ app_begin ] --START--
INFO: Run Behavior\ReadHtmlCacheBehavior [ RunTime:0.000883s ]
INFO: [ app_begin ] --END-- [ RunTime:0.001112s ]

[ 2015-12-08T18:45:52+08:00 ] 15.109.94.139 /thinkaaron/indexbuyer.php/home/prekit1/Option_GPN
INFO: [ app_init ] --START--
INFO: Run Behavior\BuildLiteBehavior [ RunTime:0.000040s ]
INFO: [ app_init ] --END-- [ RunTime:0.000637s ]
INFO: [ app_begin ] --START--
INFO: Run Behavior\ReadHtmlCacheBehavior [ RunTime:0.000756s ]
INFO: [ app_begin ] --END-- [ RunTime:0.000984s ]

[ 2015-12-08T18:45:52+08:00 ] 15.109.94.139 /thinkaaron/indexbuyer.php/home/prekit1/Option_GPN
INFO: [ app_init ] --START--
INFO: Run Behavior\BuildLiteBehavior [ RunTime:0.000039s ]
INFO: [ app_init ] --END-- [ RunTime:0.000644s ]
INFO: [ app_begin ] --START--
INFO: Run Behavior\ReadHtmlCacheBehavior [ RunTime:0.000752s ]
INFO: [ app_begin ] --END-- [ RunTime:0.000979s ]

[ 2015-12-08T18:45:52+08:00 ] 15.109.94.139 /thinkaaron/indexbuyer.php/home/prekit1/Option_GPN
INFO: [ app_init ] --START--
INFO: Run Behavior\BuildLiteBehavior [ RunTime:0.000039s ]
INFO: [ app_init ] --END-- [ RunTime:0.000636s ]
INFO: [ app_begin ] --START--
INFO: Run Behavior\ReadHtmlCacheBehavior [ RunTime:0.000754s ]
INFO: [ app_begin ] --END-- [ RunTime:0.000982s ]

[ 2015-12-08T18:46:34+08:00 ] 15.109.94.139 /thinkaaron/indexbuyer.php/home/prekit1/Option_GPN
INFO: [ app_init ] --START--
INFO: Run Behavior\BuildLiteBehavior [ RunTime:0.000041s ]
INFO: [ app_init ] --END-- [ RunTime:0.000686s ]
INFO: [ app_begin ] --START--
INFO: Run Behavior\ReadHtmlCacheBehavior [ RunTime:0.000883s ]
INFO: [ app_begin ] --END-- [ RunTime:0.001114s ]

[ 2015-12-08T18:46:34+08:00 ] 15.109.94.139 /thinkaaron/indexbuyer.php/home/prekit1/Option_GPN
INFO: [ app_init ] --START--
INFO: Run Behavior\BuildLiteBehavior [ RunTime:0.000040s ]
INFO: [ app_init ] --END-- [ RunTime:0.000636s ]
INFO: [ app_begin ] --START--
INFO: Run Behavior\ReadHtmlCacheBehavior [ RunTime:0.000753s ]
INFO: [ app_begin ] --END-- [ RunTime:0.000980s ]

[ 2015-12-08T18:46:35+08:00 ] 15.109.94.139 /thinkaaron/indexbuyer.php/home/prekit1/Option_GPN
INFO: [ app_init ] --START--
INFO: Run Behavior\BuildLiteBehavior [ RunTime:0.000039s ]
INFO: [ app_init ] --END-- [ RunTime:0.000630s ]
INFO: [ app_begin ] --START--
INFO: Run Behavior\ReadHtmlCacheBehavior [ RunTime:0.000751s ]
INFO: [ app_begin ] --END-- [ RunTime:0.000978s ]

[ 2015-12-08T18:46:35+08:00 ] 15.109.94.139 /thinkaaron/indexbuyer.php/home/prekit1/Option_GPN
INFO: [ app_init ] --START--
INFO: Run Behavior\BuildLiteBehavior [ RunTime:0.000039s ]
INFO: [ app_init ] --END-- [ RunTime:0.000630s ]
INFO: [ app_begin ] --START--
INFO: Run Behavior\ReadHtmlCacheBehavior [ RunTime:0.000754s ]
INFO: [ app_begin ] --END-- [ RunTime:0.000981s ]

[ 2015-12-08T18:46:35+08:00 ] 15.109.94.139 /thinkaaron/indexbuyer.php/home/prekit1/Option_GPN
INFO: [ app_init ] --START--
INFO: Run Behavior\BuildLiteBehavior [ RunTime:0.000040s ]
INFO: [ app_init ] --END-- [ RunTime:0.000640s ]
INFO: [ app_begin ] --START--
INFO: Run Behavior\ReadHtmlCacheBehavior [ RunTime:0.000988s ]
INFO: [ app_begin ] --END-- [ RunTime:0.001328s ]

[ 2015-12-08T18:46:35+08:00 ] 15.109.94.139 /thinkaaron/indexbuyer.php/home/prekit1/Option_GPN
INFO: [ app_init ] --START--
INFO: Run Behavior\BuildLiteBehavior [ RunTime:0.000040s ]
INFO: [ app_init ] --END-- [ RunTime:0.000633s ]
INFO: [ app_begin ] --START--
INFO: Run Behavior\ReadHtmlCacheBehavior [ RunTime:0.000751s ]
INFO: [ app_begin ] --END-- [ RunTime:0.000978s ]

[ 2015-12-08T18:46:35+08:00 ] 15.109.94.139 /thinkaaron/indexbuyer.php/home/prekit1/Option_GPN
INFO: [ app_init ] --START--
INFO: Run Behavior\BuildLiteBehavior [ RunTime:0.000039s ]
INFO: [ app_init ] --END-- [ RunTime:0.000634s ]
INFO: [ app_begin ] --START--
INFO: Run Behavior\ReadHtmlCacheBehavior [ RunTime:0.000749s ]
INFO: [ app_begin ] --END-- [ RunTime:0.000974s ]

[ 2015-12-08T18:46:36+08:00 ] 15.109.94.139 /thinkaaron/indexbuyer.php/home/prekit1/Option_GPN
INFO: [ app_init ] --START--
INFO: Run Behavior\BuildLiteBehavior [ RunTime:0.000040s ]
INFO: [ app_init ] --END-- [ RunTime:0.000629s ]
INFO: [ app_begin ] --START--
INFO: Run Behavior\ReadHtmlCacheBehavior [ RunTime:0.000752s ]
INFO: [ app_begin ] --END-- [ RunTime:0.000980s ]

[ 2015-12-08T18:47:18+08:00 ] 15.109.94.139 /thinkaaron/indexbuyer.php/home/prekit1/Option_GPN
INFO: [ app_init ] --START--
INFO: Run Behavior\BuildLiteBehavior [ RunTime:0.000040s ]
INFO: [ app_init ] --END-- [ RunTime:0.000641s ]
INFO: [ app_begin ] --START--
INFO: Run Behavior\ReadHtmlCacheBehavior [ RunTime:0.000753s ]
INFO: [ app_begin ] --END-- [ RunTime:0.000982s ]

[ 2015-12-08T18:47:24+08:00 ] 15.109.94.139 /thinkaaron/indexbuyer.php/home/prekit1/Option_GPN
INFO: [ app_init ] --START--
INFO: Run Behavior\BuildLiteBehavior [ RunTime:0.000039s ]
INFO: [ app_init ] --END-- [ RunTime:0.000638s ]
INFO: [ app_begin ] --START--
INFO: Run Behavior\ReadHtmlCacheBehavior [ RunTime:0.000754s ]
INFO: [ app_begin ] --END-- [ RunTime:0.000982s ]

[ 2015-12-08T18:47:25+08:00 ] 15.109.94.139 /thinkaaron/indexbuyer.php/home/prekit1/Option_GPN
INFO: [ app_init ] --START--
INFO: Run Behavior\BuildLiteBehavior [ RunTime:0.000039s ]
INFO: [ app_init ] --END-- [ RunTime:0.000633s ]
INFO: [ app_begin ] --START--
INFO: Run Behavior\ReadHtmlCacheBehavior [ RunTime:0.000751s ]
INFO: [ app_begin ] --END-- [ RunTime:0.000979s ]

[ 2015-12-08T18:47:25+08:00 ] 15.109.94.139 /thinkaaron/indexbuyer.php/home/prekit1/Option_GPN
INFO: [ app_init ] --START--
INFO: Run Behavior\BuildLiteBehavior [ RunTime:0.000040s ]
INFO: [ app_init ] --END-- [ RunTime:0.000629s ]
INFO: [ app_begin ] --START--
INFO: Run Behavior\ReadHtmlCacheBehavior [ RunTime:0.000749s ]
INFO: [ app_begin ] --END-- [ RunTime:0.000974s ]

[ 2015-12-08T18:47:25+08:00 ] 15.109.94.139 /thinkaaron/indexbuyer.php/home/prekit1/Option_GPN
INFO: [ app_init ] --START--
INFO: Run Behavior\BuildLiteBehavior [ RunTime:0.000040s ]
INFO: [ app_init ] --END-- [ RunTime:0.000632s ]
INFO: [ app_begin ] --START--
INFO: Run Behavior\ReadHtmlCacheBehavior [ RunTime:0.000750s ]
INFO: [ app_begin ] --END-- [ RunTime:0.000976s ]

[ 2015-12-08T18:47:34+08:00 ] 15.109.94.139 /thinkaaron/indexbuyer.php/home/prekit1/Option_GPN
INFO: [ app_init ] --START--
INFO: Run Behavior\BuildLiteBehavior [ RunTime:0.000040s ]
INFO: [ app_init ] --END-- [ RunTime:0.000642s ]
INFO: [ app_begin ] --START--
INFO: Run Behavior\ReadHtmlCacheBehavior [ RunTime:0.000759s ]
INFO: [ app_begin ] --END-- [ RunTime:0.000996s ]

[ 2015-12-08T18:47:35+08:00 ] 15.109.94.139 /thinkaaron/indexbuyer.php/home/prekit1/Option_GPN
INFO: [ app_init ] --START--
INFO: Run Behavior\BuildLiteBehavior [ RunTime:0.000040s ]
INFO: [ app_init ] --END-- [ RunTime:0.000632s ]
INFO: [ app_begin ] --START--
INFO: Run Behavior\ReadHtmlCacheBehavior [ RunTime:0.000752s ]
INFO: [ app_begin ] --END-- [ RunTime:0.000979s ]

[ 2015-12-08T18:47:35+08:00 ] 15.109.94.139 /thinkaaron/indexbuyer.php/home/prekit1/Option_GPN
INFO: [ app_init ] --START--
INFO: Run Behavior\BuildLiteBehavior [ RunTime:0.000039s ]
INFO: [ app_init ] --END-- [ RunTime:0.000633s ]
INFO: [ app_begin ] --START--
INFO: Run Behavior\ReadHtmlCacheBehavior [ RunTime:0.000752s ]
INFO: [ app_begin ] --END-- [ RunTime:0.000980s ]

[ 2015-12-08T18:47:36+08:00 ] 15.109.94.139 /thinkaaron/indexbuyer.php/home/prekit1/Option_GPN
INFO: [ app_init ] --START--
INFO: Run Behavior\BuildLiteBehavior [ RunTime:0.000039s ]
INFO: [ app_init ] --END-- [ RunTime:0.000628s ]
INFO: [ app_begin ] --START--
INFO: Run Behavior\ReadHtmlCacheBehavior [ RunTime:0.000749s ]
INFO: [ app_begin ] --END-- [ RunTime:0.000977s ]

[ 2015-12-08T18:47:36+08:00 ] 15.109.94.139 /thinkaaron/indexbuyer.php/home/prekit1/Option_GPN
INFO: [ app_init ] --START--
INFO: Run Behavior\BuildLiteBehavior [ RunTime:0.000040s ]
INFO: [ app_init ] --END-- [ RunTime:0.000627s ]
INFO: [ app_begin ] --START--
INFO: Run Behavior\ReadHtmlCacheBehavior [ RunTime:0.000748s ]
INFO: [ app_begin ] --END-- [ RunTime:0.000973s ]

[ 2015-12-08T18:47:51+08:00 ] 15.109.94.139 /thinkaaron/indexbuyer.php/home/prekit1/Option_GPN
INFO: [ app_init ] --START--
INFO: Run Behavior\BuildLiteBehavior [ RunTime:0.000041s ]
INFO: [ app_init ] --END-- [ RunTime:0.000642s ]
INFO: [ app_begin ] --START--
INFO: Run Behavior\ReadHtmlCacheBehavior [ RunTime:0.000753s ]
INFO: [ app_begin ] --END-- [ RunTime:0.000982s ]
NOTIC: [8] Undefined variable: RAW1 C:\wamp\www\thinkaaron\buyerteam\Home\Controller\Prekit1Controller.class.php 第 191 行.
NOTIC: [2] file_get_contents(https://onehp-idp.external.hp.com/idp/startSSO.ping?PartnerSpId=smemppartner&amp;TargetResource=&lt;script&gt;document.write(star);&lt;/script&gt;) [<a href='function.file-get-contents'>function.file-get-contents</a>]: failed to open stream: HTTP request failed! HTTP/1.1 500 Server Error
 C:\wamp\www\thinkaaron\buyerteam\Home\Controller\Prekit1Controller.class.php 第 202 行.
INFO: [ app_end ] --START--
INFO: Run Behavior\ShowPageTraceBehavior [ RunTime:0.000939s ]
INFO: [ app_end ] --END-- [ RunTime:0.001149s ]

[ 2015-12-08T21:35:29+08:00 ] 16.187.228.72 /thinkaaron/indexbuyer.php/home/prekit1/prekit2
INFO: [ app_init ] --START--
INFO: Run Behavior\BuildLiteBehavior [ RunTime:0.000040s ]
INFO: [ app_init ] --END-- [ RunTime:0.000685s ]
INFO: [ app_begin ] --START--
INFO: Run Behavior\ReadHtmlCacheBehavior [ RunTime:0.000852s ]
INFO: [ app_begin ] --END-- [ RunTime:0.001083s ]
SQL: SELECT   column_name,   data_type,   column_default,   is_nullable
        FROM    information_schema.tables AS t
        JOIN    information_schema.columns AS c
        ON  t.table_catalog = c.table_catalog
        AND t.table_schema  = c.table_schema
        AND t.table_name    = c.table_name
        WHERE   t.table_name = 'dbo.prekit1' [ RunTime:0.000302s ]
NOTIC: [2] mssql_result() [<a href='function.mssql-result'>function.mssql-result</a>]: Bad row offset (1) C:\wamp\www\thinkaaron\buyerteam\Home\Controller\Prekit1Controller.class.php 第 130 行.
SQL: SELECT T1.* FROM (SELECT thinkphp.*, ROW_NUMBER() OVER ( ORDER BY rand()) AS ROW_NUMBER FROM (SELECT  * FROM dbo.prekit1 WHERE ( ZMODPN='765258-B21' )) AS thinkphp) AS T1  [ RunTime:0.008117s ]
INFO: [ view_parse ] --START--
INFO: [ template_filter ] --START--
INFO: Run Behavior\ContentReplaceBehavior [ RunTime:0.000147s ]
INFO: [ template_filter ] --END-- [ RunTime:0.000352s ]
NOTIC: [8] Undefined variable: output1 C:\wamp\www\thinkaaron\buyerteam\Runtime\Cache\Home\b02b26698ed50d70e5089f98d63e0847.php 第 62 行.
NOTIC: [8] Undefined variable: output1 C:\wamp\www\thinkaaron\buyerteam\Runtime\Cache\Home\b02b26698ed50d70e5089f98d63e0847.php 第 97 行.
NOTIC: [8] Undefined offset: 1 C:\wamp\www\thinkaaron\buyerteam\Runtime\Cache\Home\b02b26698ed50d70e5089f98d63e0847.php 第 130 行.
NOTIC: [8] Undefined variable: output1 C:\wamp\www\thinkaaron\buyerteam\Runtime\Cache\Home\b02b26698ed50d70e5089f98d63e0847.php 第 174 行.
NOTIC: [8] Undefined offset: 1 C:\wamp\www\thinkaaron\buyerteam\Runtime\Cache\Home\b02b26698ed50d70e5089f98d63e0847.php 第 190 行.
INFO: Run Behavior\ParseTemplateBehavior [ RunTime:0.015134s ]
INFO: [ view_parse ] --END-- [ RunTime:0.015342s ]
INFO: [ view_filter ] --START--
INFO: Run Behavior\WriteHtmlCacheBehavior [ RunTime:0.000404s ]
INFO: [ view_filter ] --END-- [ RunTime:0.000598s ]
INFO: [ app_end ] --START--
INFO: Run Behavior\ShowPageTraceBehavior [ RunTime:0.000856s ]
INFO: [ app_end ] --END-- [ RunTime:0.001057s ]

[ 2015-12-08T21:39:45+08:00 ] 16.187.228.72 /thinkaaron/indexbuyer.php/home/prekit1/prekit2
INFO: [ app_init ] --START--
INFO: Run Behavior\BuildLiteBehavior [ RunTime:0.000040s ]
INFO: [ app_init ] --END-- [ RunTime:0.000687s ]
INFO: [ app_begin ] --START--
INFO: Run Behavior\ReadHtmlCacheBehavior [ RunTime:0.000866s ]
INFO: [ app_begin ] --END-- [ RunTime:0.001099s ]
SQL: SELECT   column_name,   data_type,   column_default,   is_nullable
        FROM    information_schema.tables AS t
        JOIN    information_schema.columns AS c
        ON  t.table_catalog = c.table_catalog
        AND t.table_schema  = c.table_schema
        AND t.table_name    = c.table_name
        WHERE   t.table_name = 'dbo.prekit1' [ RunTime:0.000298s ]
NOTIC: [2] mssql_result() [<a href='function.mssql-result'>function.mssql-result</a>]: Bad row offset (0) C:\wamp\www\thinkaaron\buyerteam\Home\Controller\Prekit1Controller.class.php 第 129 行.
NOTIC: [2] mssql_result() [<a href='function.mssql-result'>function.mssql-result</a>]: Bad row offset (1) C:\wamp\www\thinkaaron\buyerteam\Home\Controller\Prekit1Controller.class.php 第 130 行.
SQL: SELECT T1.* FROM (SELECT thinkphp.*, ROW_NUMBER() OVER ( ORDER BY rand()) AS ROW_NUMBER FROM (SELECT  * FROM dbo.prekit1 WHERE ( ZMODPN='' )) AS thinkphp) AS T1  [ RunTime:0.000204s ]
INFO: [ view_parse ] --START--
INFO: [ template_filter ] --START--
INFO: Run Behavior\ContentReplaceBehavior [ RunTime:0.000154s ]
INFO: [ template_filter ] --END-- [ RunTime:0.000368s ]
NOTIC: [8] Undefined variable: output1 C:\wamp\www\thinkaaron\buyerteam\Runtime\Cache\Home\b02b26698ed50d70e5089f98d63e0847.php 第 62 行.
NOTIC: [8] Undefined variable: output1 C:\wamp\www\thinkaaron\buyerteam\Runtime\Cache\Home\b02b26698ed50d70e5089f98d63e0847.php 第 97 行.
NOTIC: [8] Undefined offset: 1 C:\wamp\www\thinkaaron\buyerteam\Runtime\Cache\Home\b02b26698ed50d70e5089f98d63e0847.php 第 130 行.

[ 2015-12-08T21:40:05+08:00 ] 16.187.228.72 /thinkaaron/indexbuyer.php/home/prekit1/prekit2
INFO: [ app_init ] --START--
INFO: Run Behavior\BuildLiteBehavior [ RunTime:0.000041s ]
INFO: [ app_init ] --END-- [ RunTime:0.000646s ]
INFO: [ app_begin ] --START--
INFO: Run Behavior\ReadHtmlCacheBehavior [ RunTime:0.000737s ]
INFO: [ app_begin ] --END-- [ RunTime:0.000968s ]
SQL: SELECT   column_name,   data_type,   column_default,   is_nullable
        FROM    information_schema.tables AS t
        JOIN    information_schema.columns AS c
        ON  t.table_catalog = c.table_catalog
        AND t.table_schema  = c.table_schema
        AND t.table_name    = c.table_name
        WHERE   t.table_name = 'dbo.prekit1' [ RunTime:0.000298s ]
NOTIC: [2] mssql_result() [<a href='function.mssql-result'>function.mssql-result</a>]: Bad row offset (0) C:\wamp\www\thinkaaron\buyerteam\Home\Controller\Prekit1Controller.class.php 第 129 行.
NOTIC: [2] mssql_result() [<a href='function.mssql-result'>function.mssql-result</a>]: Bad row offset (1) C:\wamp\www\thinkaaron\buyerteam\Home\Controller\Prekit1Controller.class.php 第 130 行.
SQL: SELECT T1.* FROM (SELECT thinkphp.*, ROW_NUMBER() OVER ( ORDER BY rand()) AS ROW_NUMBER FROM (SELECT  * FROM dbo.prekit1 WHERE ( ZMODPN='' )) AS thinkphp) AS T1  [ RunTime:0.000206s ]
INFO: [ view_parse ] --START--
INFO: [ template_filter ] --START--
INFO: Run Behavior\ContentReplaceBehavior [ RunTime:0.000151s ]
INFO: [ template_filter ] --END-- [ RunTime:0.000357s ]
NOTIC: [8] Undefined variable: output1 C:\wamp\www\thinkaaron\buyerteam\Runtime\Cache\Home\b02b26698ed50d70e5089f98d63e0847.php 第 62 行.
NOTIC: [8] Undefined variable: output1 C:\wamp\www\thinkaaron\buyerteam\Runtime\Cache\Home\b02b26698ed50d70e5089f98d63e0847.php 第 97 行.
NOTIC: [8] Undefined offset: 1 C:\wamp\www\thinkaaron\buyerteam\Runtime\Cache\Home\b02b26698ed50d70e5089f98d63e0847.php 第 130 行.

[ 2015-12-08T21:40:22+08:00 ] 16.187.228.72 /thinkaaron/indexbuyer.php/home/prekit1/prekit2
INFO: [ app_init ] --START--
INFO: Run Behavior\BuildLiteBehavior [ RunTime:0.000041s ]
INFO: [ app_init ] --END-- [ RunTime:0.000646s ]
INFO: [ app_begin ] --START--
INFO: Run Behavior\ReadHtmlCacheBehavior [ RunTime:0.000738s ]
INFO: [ app_begin ] --END-- [ RunTime:0.000970s ]
SQL: SELECT   column_name,   data_type,   column_default,   is_nullable
        FROM    information_schema.tables AS t
        JOIN    information_schema.columns AS c
        ON  t.table_catalog = c.table_catalog
        AND t.table_schema  = c.table_schema
        AND t.table_name    = c.table_name
        WHERE   t.table_name = 'dbo.prekit1' [ RunTime:0.000289s ]
NOTIC: [2] mssql_result() [<a href='function.mssql-result'>function.mssql-result</a>]: Bad row offset (0) C:\wamp\www\thinkaaron\buyerteam\Home\Controller\Prekit1Controller.class.php 第 129 行.
NOTIC: [2] mssql_result() [<a href='function.mssql-result'>function.mssql-result</a>]: Bad row offset (1) C:\wamp\www\thinkaaron\buyerteam\Home\Controller\Prekit1Controller.class.php 第 130 行.
SQL: SELECT T1.* FROM (SELECT thinkphp.*, ROW_NUMBER() OVER ( ORDER BY rand()) AS ROW_NUMBER FROM (SELECT  * FROM dbo.prekit1 WHERE ( ZMODPN='' )) AS thinkphp) AS T1  [ RunTime:0.000198s ]
INFO: [ view_parse ] --START--
INFO: [ template_filter ] --START--
INFO: Run Behavior\ContentReplaceBehavior [ RunTime:0.000150s ]
INFO: [ template_filter ] --END-- [ RunTime:0.000355s ]
NOTIC: [8] Undefined variable: output1 C:\wamp\www\thinkaaron\buyerteam\Runtime\Cache\Home\b02b26698ed50d70e5089f98d63e0847.php 第 62 行.
NOTIC: [8] Undefined variable: output1 C:\wamp\www\thinkaaron\buyerteam\Runtime\Cache\Home\b02b26698ed50d70e5089f98d63e0847.php 第 97 行.
NOTIC: [8] Undefined offset: 1 C:\wamp\www\thinkaaron\buyerteam\Runtime\Cache\Home\b02b26698ed50d70e5089f98d63e0847.php 第 130 行.

[ 2015-12-08T21:40:32+08:00 ] 16.187.228.72 /thinkaaron/indexbuyer.php/home/prekit1/prekit2
INFO: [ app_init ] --START--
INFO: Run Behavior\BuildLiteBehavior [ RunTime:0.000041s ]
INFO: [ app_init ] --END-- [ RunTime:0.000646s ]
INFO: [ app_begin ] --START--
INFO: Run Behavior\ReadHtmlCacheBehavior [ RunTime:0.000738s ]
INFO: [ app_begin ] --END-- [ RunTime:0.000970s ]
SQL: SELECT   column_name,   data_type,   column_default,   is_nullable
        FROM    information_schema.tables AS t
        JOIN    information_schema.columns AS c
        ON  t.table_catalog = c.table_catalog
        AND t.table_schema  = c.table_schema
        AND t.table_name    = c.table_name
        WHERE   t.table_name = 'dbo.prekit1' [ RunTime:0.000280s ]
NOTIC: [2] mssql_result() [<a href='function.mssql-result'>function.mssql-result</a>]: Bad row offset (0) C:\wamp\www\thinkaaron\buyerteam\Home\Controller\Prekit1Controller.class.php 第 129 行.
NOTIC: [2] mssql_result() [<a href='function.mssql-result'>function.mssql-result</a>]: Bad row offset (1) C:\wamp\www\thinkaaron\buyerteam\Home\Controller\Prekit1Controller.class.php 第 130 行.
SQL: SELECT T1.* FROM (SELECT thinkphp.*, ROW_NUMBER() OVER ( ORDER BY rand()) AS ROW_NUMBER FROM (SELECT  * FROM dbo.prekit1 WHERE ( ZMODPN='' )) AS thinkphp) AS T1  [ RunTime:0.000198s ]
INFO: [ view_parse ] --START--
INFO: [ template_filter ] --START--
INFO: Run Behavior\ContentReplaceBehavior [ RunTime:0.000153s ]
INFO: [ template_filter ] --END-- [ RunTime:0.000362s ]
NOTIC: [8] Undefined variable: output1 C:\wamp\www\thinkaaron\buyerteam\Runtime\Cache\Home\b02b26698ed50d70e5089f98d63e0847.php 第 62 行.
NOTIC: [8] Undefined variable: output1 C:\wamp\www\thinkaaron\buyerteam\Runtime\Cache\Home\b02b26698ed50d70e5089f98d63e0847.php 第 97 行.
NOTIC: [8] Undefined offset: 1 C:\wamp\www\thinkaaron\buyerteam\Runtime\Cache\Home\b02b26698ed50d70e5089f98d63e0847.php 第 130 行.

[ 2015-12-08T21:44:20+08:00 ] 16.187.228.72 /thinkaaron/indexbuyer.php/home/prekit1/prekit2
INFO: [ app_init ] --START--
INFO: Run Behavior\BuildLiteBehavior [ RunTime:0.000040s ]
INFO: [ app_init ] --END-- [ RunTime:0.000692s ]
INFO: [ app_begin ] --START--
INFO: Run Behavior\ReadHtmlCacheBehavior [ RunTime:0.000993s ]
INFO: [ app_begin ] --END-- [ RunTime:0.001227s ]
SQL: SELECT   column_name,   data_type,   column_default,   is_nullable
        FROM    information_schema.tables AS t
        JOIN    information_schema.columns AS c
        ON  t.table_catalog = c.table_catalog
        AND t.table_schema  = c.table_schema
        AND t.table_name    = c.table_name
        WHERE   t.table_name = 'dbo.prekit1' [ RunTime:0.000381s ]
NOTIC: [2] mssql_result() [<a href='function.mssql-result'>function.mssql-result</a>]: Bad row offset (0) C:\wamp\www\thinkaaron\buyerteam\Home\Controller\Prekit1Controller.class.php 第 129 行.
NOTIC: [2] mssql_result() [<a href='function.mssql-result'>function.mssql-result</a>]: Bad row offset (1) C:\wamp\www\thinkaaron\buyerteam\Home\Controller\Prekit1Controller.class.php 第 130 行.
SQL: SELECT T1.* FROM (SELECT thinkphp.*, ROW_NUMBER() OVER ( ORDER BY rand()) AS ROW_NUMBER FROM (SELECT  * FROM dbo.prekit1 WHERE ( ZMODPN='' )) AS thinkphp) AS T1  [ RunTime:0.000209s ]
INFO: [ view_parse ] --START--
INFO: [ template_filter ] --START--
INFO: Run Behavior\ContentReplaceBehavior [ RunTime:0.000152s ]
INFO: [ template_filter ] --END-- [ RunTime:0.000359s ]
NOTIC: [8] Undefined variable: output1 C:\wamp\www\thinkaaron\buyerteam\Runtime\Cache\Home\b02b26698ed50d70e5089f98d63e0847.php 第 62 行.
NOTIC: [8] Undefined variable: output1 C:\wamp\www\thinkaaron\buyerteam\Runtime\Cache\Home\b02b26698ed50d70e5089f98d63e0847.php 第 97 行.
NOTIC: [8] Undefined offset: 1 C:\wamp\www\thinkaaron\buyerteam\Runtime\Cache\Home\b02b26698ed50d70e5089f98d63e0847.php 第 130 行.

[ 2015-12-08T21:44:39+08:00 ] 16.187.228.72 /thinkaaron/indexbuyer.php/home/prekit1/prekit2
INFO: [ app_init ] --START--
INFO: Run Behavior\BuildLiteBehavior [ RunTime:0.000041s ]
INFO: [ app_init ] --END-- [ RunTime:0.000646s ]
INFO: [ app_begin ] --START--
INFO: Run Behavior\ReadHtmlCacheBehavior [ RunTime:0.000739s ]
INFO: [ app_begin ] --END-- [ RunTime:0.000969s ]
SQL: SELECT   column_name,   data_type,   column_default,   is_nullable
        FROM    information_schema.tables AS t
        JOIN    information_schema.columns AS c
        ON  t.table_catalog = c.table_catalog
        AND t.table_schema  = c.table_schema
        AND t.table_name    = c.table_name
        WHERE   t.table_name = 'dbo.prekit1' [ RunTime:0.000308s ]
NOTIC: [2] mssql_result() [<a href='function.mssql-result'>function.mssql-result</a>]: Bad row offset (0) C:\wamp\www\thinkaaron\buyerteam\Home\Controller\Prekit1Controller.class.php 第 129 行.
NOTIC: [2] mssql_result() [<a href='function.mssql-result'>function.mssql-result</a>]: Bad row offset (1) C:\wamp\www\thinkaaron\buyerteam\Home\Controller\Prekit1Controller.class.php 第 130 行.
SQL: SELECT T1.* FROM (SELECT thinkphp.*, ROW_NUMBER() OVER ( ORDER BY rand()) AS ROW_NUMBER FROM (SELECT  * FROM dbo.prekit1 WHERE ( ZMODPN='' )) AS thinkphp) AS T1  [ RunTime:0.000198s ]
INFO: [ view_parse ] --START--
INFO: [ template_filter ] --START--
INFO: Run Behavior\ContentReplaceBehavior [ RunTime:0.000152s ]
INFO: [ template_filter ] --END-- [ RunTime:0.000356s ]
NOTIC: [8] Undefined variable: output1 C:\wamp\www\thinkaaron\buyerteam\Runtime\Cache\Home\b02b26698ed50d70e5089f98d63e0847.php 第 62 行.
NOTIC: [8] Undefined variable: output1 C:\wamp\www\thinkaaron\buyerteam\Runtime\Cache\Home\b02b26698ed50d70e5089f98d63e0847.php 第 97 行.
NOTIC: [8] Undefined offset: 1 C:\wamp\www\thinkaaron\buyerteam\Runtime\Cache\Home\b02b26698ed50d70e5089f98d63e0847.php 第 130 行.

[ 2015-12-08T21:45:34+08:00 ] 16.187.228.72 /thinkaaron/indexbuyer.php/home/prekit1/prekit2
INFO: [ app_init ] --START--
INFO: Run Behavior\BuildLiteBehavior [ RunTime:0.000041s ]
INFO: [ app_init ] --END-- [ RunTime:0.000647s ]
INFO: [ app_begin ] --START--
INFO: Run Behavior\ReadHtmlCacheBehavior [ RunTime:0.000738s ]
INFO: [ app_begin ] --END-- [ RunTime:0.000969s ]
SQL: SELECT   column_name,   data_type,   column_default,   is_nullable
        FROM    information_schema.tables AS t
        JOIN    information_schema.columns AS c
        ON  t.table_catalog = c.table_catalog
        AND t.table_schema  = c.table_schema
        AND t.table_name    = c.table_name
        WHERE   t.table_name = 'dbo.prekit1' [ RunTime:0.000282s ]
NOTIC: [2] mssql_result() [<a href='function.mssql-result'>function.mssql-result</a>]: Bad row offset (0) C:\wamp\www\thinkaaron\buyerteam\Home\Controller\Prekit1Controller.class.php 第 129 行.
NOTIC: [2] mssql_result() [<a href='function.mssql-result'>function.mssql-result</a>]: Bad row offset (1) C:\wamp\www\thinkaaron\buyerteam\Home\Controller\Prekit1Controller.class.php 第 130 行.
SQL: SELECT T1.* FROM (SELECT thinkphp.*, ROW_NUMBER() OVER ( ORDER BY rand()) AS ROW_NUMBER FROM (SELECT  * FROM dbo.prekit1 WHERE ( ZMODPN='' )) AS thinkphp) AS T1  [ RunTime:0.000187s ]
INFO: [ view_parse ] --START--
INFO: [ template_filter ] --START--
INFO: Run Behavior\ContentReplaceBehavior [ RunTime:0.000150s ]
INFO: [ template_filter ] --END-- [ RunTime:0.000355s ]
NOTIC: [8] Undefined variable: output1 C:\wamp\www\thinkaaron\buyerteam\Runtime\Cache\Home\b02b26698ed50d70e5089f98d63e0847.php 第 62 行.
NOTIC: [8] Undefined variable: output1 C:\wamp\www\thinkaaron\buyerteam\Runtime\Cache\Home\b02b26698ed50d70e5089f98d63e0847.php 第 97 行.
NOTIC: [8] Undefined offset: 1 C:\wamp\www\thinkaaron\buyerteam\Runtime\Cache\Home\b02b26698ed50d70e5089f98d63e0847.php 第 130 行.

[ 2015-12-08T21:51:58+08:00 ] 16.187.228.72 /thinkaaron/indexbuyer.php/home/prekit1/prekit2
INFO: [ app_init ] --START--
INFO: Run Behavior\BuildLiteBehavior [ RunTime:0.000040s ]
INFO: [ app_init ] --END-- [ RunTime:0.000685s ]
INFO: [ app_begin ] --START--
INFO: Run Behavior\ReadHtmlCacheBehavior [ RunTime:0.000853s ]
INFO: [ app_begin ] --END-- [ RunTime:0.001085s ]
SQL: SELECT   column_name,   data_type,   column_default,   is_nullable
        FROM    information_schema.tables AS t
        JOIN    information_schema.columns AS c
        ON  t.table_catalog = c.table_catalog
        AND t.table_schema  = c.table_schema
        AND t.table_name    = c.table_name
        WHERE   t.table_name = 'dbo.prekit1' [ RunTime:0.000300s ]
NOTIC: [2] mssql_result() [<a href='function.mssql-result'>function.mssql-result</a>]: Bad row offset (0) C:\wamp\www\thinkaaron\buyerteam\Home\Controller\Prekit1Controller.class.php 第 129 行.
NOTIC: [2] mssql_result() [<a href='function.mssql-result'>function.mssql-result</a>]: Bad row offset (1) C:\wamp\www\thinkaaron\buyerteam\Home\Controller\Prekit1Controller.class.php 第 130 行.
SQL: SELECT T1.* FROM (SELECT thinkphp.*, ROW_NUMBER() OVER ( ORDER BY rand()) AS ROW_NUMBER FROM (SELECT  * FROM dbo.prekit1 WHERE ( ZMODPN='' )) AS thinkphp) AS T1  [ RunTime:0.000195s ]
INFO: [ view_parse ] --START--
INFO: [ template_filter ] --START--
INFO: Run Behavior\ContentReplaceBehavior [ RunTime:0.000151s ]
INFO: [ template_filter ] --END-- [ RunTime:0.000355s ]
NOTIC: [8] Undefined variable: output1 C:\wamp\www\thinkaaron\buyerteam\Runtime\Cache\Home\b02b26698ed50d70e5089f98d63e0847.php 第 62 行.
NOTIC: [8] Undefined variable: output1 C:\wamp\www\thinkaaron\buyerteam\Runtime\Cache\Home\b02b26698ed50d70e5089f98d63e0847.php 第 97 行.
NOTIC: [8] Undefined offset: 1 C:\wamp\www\thinkaaron\buyerteam\Runtime\Cache\Home\b02b26698ed50d70e5089f98d63e0847.php 第 130 行.

[ 2015-12-08T21:56:21+08:00 ] 16.187.228.72 /thinkaaron/indexbuyer.php/home/prekit1/prekit2
INFO: [ app_init ] --START--
INFO: Run Behavior\BuildLiteBehavior [ RunTime:0.000040s ]
INFO: [ app_init ] --END-- [ RunTime:0.000684s ]
INFO: [ app_begin ] --START--
INFO: Run Behavior\ReadHtmlCacheBehavior [ RunTime:0.000851s ]
INFO: [ app_begin ] --END-- [ RunTime:0.001081s ]
SQL: SELECT   column_name,   data_type,   column_default,   is_nullable
        FROM    information_schema.tables AS t
        JOIN    information_schema.columns AS c
        ON  t.table_catalog = c.table_catalog
        AND t.table_schema  = c.table_schema
        AND t.table_name    = c.table_name
        WHERE   t.table_name = 'dbo.prekit1' [ RunTime:0.000294s ]
NOTIC: [2] mssql_result() [<a href='function.mssql-result'>function.mssql-result</a>]: Bad row offset (0) C:\wamp\www\thinkaaron\buyerteam\Home\Controller\Prekit1Controller.class.php 第 129 行.
NOTIC: [2] mssql_result() [<a href='function.mssql-result'>function.mssql-result</a>]: Bad row offset (1) C:\wamp\www\thinkaaron\buyerteam\Home\Controller\Prekit1Controller.class.php 第 130 行.
SQL: SELECT T1.* FROM (SELECT thinkphp.*, ROW_NUMBER() OVER ( ORDER BY rand()) AS ROW_NUMBER FROM (SELECT  * FROM dbo.prekit1 WHERE ( ZMODPN='' )) AS thinkphp) AS T1  [ RunTime:0.000216s ]
INFO: [ view_parse ] --START--
INFO: [ template_filter ] --START--
INFO: Run Behavior\ContentReplaceBehavior [ RunTime:0.000151s ]
INFO: [ template_filter ] --END-- [ RunTime:0.000357s ]
NOTIC: [8] Undefined variable: output1 C:\wamp\www\thinkaaron\buyerteam\Runtime\Cache\Home\b02b26698ed50d70e5089f98d63e0847.php 第 62 行.
NOTIC: [8] Undefined variable: output1 C:\wamp\www\thinkaaron\buyerteam\Runtime\Cache\Home\b02b26698ed50d70e5089f98d63e0847.php 第 97 行.
NOTIC: [8] Undefined offset: 1 C:\wamp\www\thinkaaron\buyerteam\Runtime\Cache\Home\b02b26698ed50d70e5089f98d63e0847.php 第 130 行.

[ 2015-12-08T21:56:39+08:00 ] 16.187.228.72 /thinkaaron/indexbuyer.php/home/prekit1/prekit2
INFO: [ app_init ] --START--
INFO: Run Behavior\BuildLiteBehavior [ RunTime:0.000041s ]
INFO: [ app_init ] --END-- [ RunTime:0.000686s ]
INFO: [ app_begin ] --START--
INFO: Run Behavior\ReadHtmlCacheBehavior [ RunTime:0.000859s ]
INFO: [ app_begin ] --END-- [ RunTime:0.001091s ]
SQL: SELECT   column_name,   data_type,   column_default,   is_nullable
        FROM    information_schema.tables AS t
        JOIN    information_schema.columns AS c
        ON  t.table_catalog = c.table_catalog
        AND t.table_schema  = c.table_schema
        AND t.table_name    = c.table_name
        WHERE   t.table_name = 'dbo.prekit1' [ RunTime:0.000307s ]
NOTIC: [2] mssql_result() [<a href='function.mssql-result'>function.mssql-result</a>]: Bad row offset (0) C:\wamp\www\thinkaaron\buyerteam\Home\Controller\Prekit1Controller.class.php 第 129 行.
NOTIC: [2] mssql_result() [<a href='function.mssql-result'>function.mssql-result</a>]: Bad row offset (1) C:\wamp\www\thinkaaron\buyerteam\Home\Controller\Prekit1Controller.class.php 第 130 行.
SQL: SELECT T1.* FROM (SELECT thinkphp.*, ROW_NUMBER() OVER ( ORDER BY rand()) AS ROW_NUMBER FROM (SELECT  * FROM dbo.prekit1 WHERE ( ZMODPN='' )) AS thinkphp) AS T1  [ RunTime:0.000208s ]
INFO: [ view_parse ] --START--
INFO: [ template_filter ] --START--
INFO: Run Behavior\ContentReplaceBehavior [ RunTime:0.000153s ]
INFO: [ template_filter ] --END-- [ RunTime:0.000363s ]
NOTIC: [8] Undefined variable: output1 C:\wamp\www\thinkaaron\buyerteam\Runtime\Cache\Home\b02b26698ed50d70e5089f98d63e0847.php 第 62 行.
NOTIC: [8] Undefined variable: output1 C:\wamp\www\thinkaaron\buyerteam\Runtime\Cache\Home\b02b26698ed50d70e5089f98d63e0847.php 第 97 行.
NOTIC: [8] Undefined offset: 1 C:\wamp\www\thinkaaron\buyerteam\Runtime\Cache\Home\b02b26698ed50d70e5089f98d63e0847.php 第 130 行.

[ 2015-12-08T21:57:32+08:00 ] 16.187.228.72 /thinkaaron/indexbuyer.php/home/prekit1/prekit2
INFO: [ app_init ] --START--
INFO: Run Behavior\BuildLiteBehavior [ RunTime:0.000040s ]
INFO: [ app_init ] --END-- [ RunTime:0.000684s ]
INFO: [ app_begin ] --START--
INFO: Run Behavior\ReadHtmlCacheBehavior [ RunTime:0.000847s ]
INFO: [ app_begin ] --END-- [ RunTime:0.001077s ]
SQL: SELECT   column_name,   data_type,   column_default,   is_nullable
        FROM    information_schema.tables AS t
        JOIN    information_schema.columns AS c
        ON  t.table_catalog = c.table_catalog
        AND t.table_schema  = c.table_schema
        AND t.table_name    = c.table_name
        WHERE   t.table_name = 'dbo.prekit1' [ RunTime:0.000297s ]
NOTIC: [2] mssql_result() [<a href='function.mssql-result'>function.mssql-result</a>]: Bad row offset (0) C:\wamp\www\thinkaaron\buyerteam\Home\Controller\Prekit1Controller.class.php 第 129 行.
NOTIC: [2] mssql_result() [<a href='function.mssql-result'>function.mssql-result</a>]: Bad row offset (1) C:\wamp\www\thinkaaron\buyerteam\Home\Controller\Prekit1Controller.class.php 第 130 行.
SQL: SELECT T1.* FROM (SELECT thinkphp.*, ROW_NUMBER() OVER ( ORDER BY rand()) AS ROW_NUMBER FROM (SELECT  * FROM dbo.prekit1 WHERE ( ZMODPN='' )) AS thinkphp) AS T1  [ RunTime:0.000194s ]
INFO: [ view_parse ] --START--
INFO: [ template_filter ] --START--
INFO: Run Behavior\ContentReplaceBehavior [ RunTime:0.000152s ]
INFO: [ template_filter ] --END-- [ RunTime:0.000358s ]
NOTIC: [8] Undefined variable: output1 C:\wamp\www\thinkaaron\buyerteam\Runtime\Cache\Home\b02b26698ed50d70e5089f98d63e0847.php 第 62 行.
NOTIC: [8] Undefined variable: output1 C:\wamp\www\thinkaaron\buyerteam\Runtime\Cache\Home\b02b26698ed50d70e5089f98d63e0847.php 第 97 行.
NOTIC: [8] Undefined offset: 1 C:\wamp\www\thinkaaron\buyerteam\Runtime\Cache\Home\b02b26698ed50d70e5089f98d63e0847.php 第 130 行.

