[ 2015-01-27T08:41:02+08:00 ] 16.165.62.198 /thinkaaron/index.php/home/index/insert
INFO: [ app_init ] --START--
INFO: Run Behavior\BuildLiteBehavior [ RunTime:0.000022s ]
INFO: [ app_init ] --END-- [ RunTime:0.000460s ]
INFO: [ app_begin ] --START--
INFO: Run Behavior\ReadHtmlCacheBehavior [ RunTime:0.000766s ]
INFO: [ app_begin ] --END-- [ RunTime:0.000888s ]
SQL: SELECT   column_name,   data_type,   column_default,   is_nullable
        FROM    information_schema.tables AS t
        JOIN    information_schema.columns AS c
        ON  t.table_catalog = c.table_catalog
        AND t.table_schema  = c.table_schema
        AND t.table_name    = c.table_name
        WHERE   t.table_name = 'dbo.option__view' [ RunTime:0.000244s ]
NOTIC: [2] mysql_query() [<a href='function.mysql-query'>function.mysql-query</a>]: Access denied for user ''@'localhost' (using password: NO) C:\wamp\www\thinkaaron\Optionkitting\Home\Controller\IndexController.class.php 第 31 行.
NOTIC: [2] mysql_query() [<a href='function.mysql-query'>function.mysql-query</a>]: A link to the server could not be established C:\wamp\www\thinkaaron\Optionkitting\Home\Controller\IndexController.class.php 第 31 行.
NOTIC: [2] mysql_query() [<a href='function.mysql-query'>function.mysql-query</a>]: Access denied for user ''@'localhost' (using password: NO) C:\wamp\www\thinkaaron\Optionkitting\Home\Controller\IndexController.class.php 第 31 行.
NOTIC: [2] mysql_query() [<a href='function.mysql-query'>function.mysql-query</a>]: A link to the server could not be established C:\wamp\www\thinkaaron\Optionkitting\Home\Controller\IndexController.class.php 第 31 行.
NOTIC: [8] Undefined offset: 1 C:\wamp\www\thinkaaron\Optionkitting\Home\Controller\IndexController.class.php 第 29 行.
NOTIC: [8] Undefined offset: 2 C:\wamp\www\thinkaaron\Optionkitting\Home\Controller\IndexController.class.php 第 29 行.
NOTIC: [8] Undefined offset: 3 C:\wamp\www\thinkaaron\Optionkitting\Home\Controller\IndexController.class.php 第 29 行.
NOTIC: [2] mysql_query() [<a href='function.mysql-query'>function.mysql-query</a>]: Access denied for user ''@'localhost' (using password: NO) C:\wamp\www\thinkaaron\Optionkitting\Home\Controller\IndexController.class.php 第 31 行.
NOTIC: [2] mysql_query() [<a href='function.mysql-query'>function.mysql-query</a>]: A link to the server could not be established C:\wamp\www\thinkaaron\Optionkitting\Home\Controller\IndexController.class.php 第 31 行.
INFO: [ app_end ] --START--
INFO: Run Behavior\ShowPageTraceBehavior [ RunTime:0.000795s ]
INFO: [ app_end ] --END-- [ RunTime:0.000906s ]

[ 2015-01-27T08:41:49+08:00 ] 16.165.62.198 /thinkaaron/index.php/home/index/insert
INFO: [ app_init ] --START--
INFO: Run Behavior\BuildLiteBehavior [ RunTime:0.000021s ]
INFO: [ app_init ] --END-- [ RunTime:0.000419s ]
INFO: [ app_begin ] --START--
INFO: Run Behavior\ReadHtmlCacheBehavior [ RunTime:0.000750s ]
INFO: [ app_begin ] --END-- [ RunTime:0.000873s ]
SQL: SELECT   column_name,   data_type,   column_default,   is_nullable
        FROM    information_schema.tables AS t
        JOIN    information_schema.columns AS c
        ON  t.table_catalog = c.table_catalog
        AND t.table_schema  = c.table_schema
        AND t.table_name    = c.table_name
        WHERE   t.table_name = 'dbo.option__view' [ RunTime:0.000276s ]
NOTIC: [2] mysql_query() [<a href='function.mysql-query'>function.mysql-query</a>]: Access denied for user ''@'localhost' (using password: NO) C:\wamp\www\thinkaaron\Optionkitting\Home\Controller\IndexController.class.php 第 31 行.
NOTIC: [2] mysql_query() [<a href='function.mysql-query'>function.mysql-query</a>]: A link to the server could not be established C:\wamp\www\thinkaaron\Optionkitting\Home\Controller\IndexController.class.php 第 31 行.
NOTIC: [2] mysql_query() [<a href='function.mysql-query'>function.mysql-query</a>]: Access denied for user ''@'localhost' (using password: NO) C:\wamp\www\thinkaaron\Optionkitting\Home\Controller\IndexController.class.php 第 31 行.
NOTIC: [2] mysql_query() [<a href='function.mysql-query'>function.mysql-query</a>]: A link to the server could not be established C:\wamp\www\thinkaaron\Optionkitting\Home\Controller\IndexController.class.php 第 31 行.
NOTIC: [8] Undefined offset: 1 C:\wamp\www\thinkaaron\Optionkitting\Home\Controller\IndexController.class.php 第 29 行.
NOTIC: [8] Undefined offset: 2 C:\wamp\www\thinkaaron\Optionkitting\Home\Controller\IndexController.class.php 第 29 行.
NOTIC: [8] Undefined offset: 3 C:\wamp\www\thinkaaron\Optionkitting\Home\Controller\IndexController.class.php 第 29 行.
NOTIC: [2] mysql_query() [<a href='function.mysql-query'>function.mysql-query</a>]: Access denied for user ''@'localhost' (using password: NO) C:\wamp\www\thinkaaron\Optionkitting\Home\Controller\IndexController.class.php 第 31 行.
NOTIC: [2] mysql_query() [<a href='function.mysql-query'>function.mysql-query</a>]: A link to the server could not be established C:\wamp\www\thinkaaron\Optionkitting\Home\Controller\IndexController.class.php 第 31 行.
INFO: [ app_end ] --START--
INFO: Run Behavior\ShowPageTraceBehavior [ RunTime:0.000804s ]
INFO: [ app_end ] --END-- [ RunTime:0.000915s ]

[ 2015-01-27T08:42:31+08:00 ] 16.165.62.198 /thinkaaron/index.php/home/index/insert
INFO: [ app_init ] --START--
INFO: Run Behavior\BuildLiteBehavior [ RunTime:0.000022s ]
INFO: [ app_init ] --END-- [ RunTime:0.000423s ]
INFO: [ app_begin ] --START--
INFO: Run Behavior\ReadHtmlCacheBehavior [ RunTime:0.000750s ]
INFO: [ app_begin ] --END-- [ RunTime:0.000873s ]
SQL: SELECT   column_name,   data_type,   column_default,   is_nullable
        FROM    information_schema.tables AS t
        JOIN    information_schema.columns AS c
        ON  t.table_catalog = c.table_catalog
        AND t.table_schema  = c.table_schema
        AND t.table_name    = c.table_name
        WHERE   t.table_name = 'dbo.option__view' [ RunTime:0.000210s ]
NOTIC: [2] mysql_query() [<a href='function.mysql-query'>function.mysql-query</a>]: Access denied for user ''@'localhost' (using password: NO) C:\wamp\www\thinkaaron\Optionkitting\Home\Controller\IndexController.class.php 第 31 行.
NOTIC: [2] mysql_query() [<a href='function.mysql-query'>function.mysql-query</a>]: A link to the server could not be established C:\wamp\www\thinkaaron\Optionkitting\Home\Controller\IndexController.class.php 第 31 行.
NOTIC: [2] mysql_query() [<a href='function.mysql-query'>function.mysql-query</a>]: Access denied for user ''@'localhost' (using password: NO) C:\wamp\www\thinkaaron\Optionkitting\Home\Controller\IndexController.class.php 第 31 行.
NOTIC: [2] mysql_query() [<a href='function.mysql-query'>function.mysql-query</a>]: A link to the server could not be established C:\wamp\www\thinkaaron\Optionkitting\Home\Controller\IndexController.class.php 第 31 行.
NOTIC: [8] Undefined offset: 1 C:\wamp\www\thinkaaron\Optionkitting\Home\Controller\IndexController.class.php 第 29 行.
NOTIC: [8] Undefined offset: 2 C:\wamp\www\thinkaaron\Optionkitting\Home\Controller\IndexController.class.php 第 29 行.
NOTIC: [8] Undefined offset: 3 C:\wamp\www\thinkaaron\Optionkitting\Home\Controller\IndexController.class.php 第 29 行.
NOTIC: [2] mysql_query() [<a href='function.mysql-query'>function.mysql-query</a>]: Access denied for user ''@'localhost' (using password: NO) C:\wamp\www\thinkaaron\Optionkitting\Home\Controller\IndexController.class.php 第 31 行.
NOTIC: [2] mysql_query() [<a href='function.mysql-query'>function.mysql-query</a>]: A link to the server could not be established C:\wamp\www\thinkaaron\Optionkitting\Home\Controller\IndexController.class.php 第 31 行.
INFO: [ app_end ] --START--
INFO: Run Behavior\ShowPageTraceBehavior [ RunTime:0.000804s ]
INFO: [ app_end ] --END-- [ RunTime:0.000914s ]

[ 2015-01-27T08:43:52+08:00 ] 16.165.62.198 /thinkaaron/index.php/home/index/insert
INFO: [ app_init ] --START--
INFO: Run Behavior\BuildLiteBehavior [ RunTime:0.000023s ]
INFO: [ app_init ] --END-- [ RunTime:0.000423s ]
INFO: [ app_begin ] --START--
INFO: Run Behavior\ReadHtmlCacheBehavior [ RunTime:0.000754s ]
INFO: [ app_begin ] --END-- [ RunTime:0.000877s ]
SQL: SELECT   column_name,   data_type,   column_default,   is_nullable
        FROM    information_schema.tables AS t
        JOIN    information_schema.columns AS c
        ON  t.table_catalog = c.table_catalog
        AND t.table_schema  = c.table_schema
        AND t.table_name    = c.table_name
        WHERE   t.table_name = 'dbo.option__view' [ RunTime:0.000221s ]
NOTIC: [2] mysql_query() [<a href='function.mysql-query'>function.mysql-query</a>]: Access denied for user ''@'localhost' (using password: NO) C:\wamp\www\thinkaaron\Optionkitting\Home\Controller\IndexController.class.php 第 31 行.
NOTIC: [2] mysql_query() [<a href='function.mysql-query'>function.mysql-query</a>]: A link to the server could not be established C:\wamp\www\thinkaaron\Optionkitting\Home\Controller\IndexController.class.php 第 31 行.
NOTIC: [2] mysql_query() [<a href='function.mysql-query'>function.mysql-query</a>]: Access denied for user ''@'localhost' (using password: NO) C:\wamp\www\thinkaaron\Optionkitting\Home\Controller\IndexController.class.php 第 31 行.
NOTIC: [2] mysql_query() [<a href='function.mysql-query'>function.mysql-query</a>]: A link to the server could not be established C:\wamp\www\thinkaaron\Optionkitting\Home\Controller\IndexController.class.php 第 31 行.
NOTIC: [8] Undefined offset: 1 C:\wamp\www\thinkaaron\Optionkitting\Home\Controller\IndexController.class.php 第 29 行.
NOTIC: [8] Undefined offset: 2 C:\wamp\www\thinkaaron\Optionkitting\Home\Controller\IndexController.class.php 第 29 行.
NOTIC: [8] Undefined offset: 3 C:\wamp\www\thinkaaron\Optionkitting\Home\Controller\IndexController.class.php 第 29 行.
NOTIC: [2] mysql_query() [<a href='function.mysql-query'>function.mysql-query</a>]: Access denied for user ''@'localhost' (using password: NO) C:\wamp\www\thinkaaron\Optionkitting\Home\Controller\IndexController.class.php 第 31 行.
NOTIC: [2] mysql_query() [<a href='function.mysql-query'>function.mysql-query</a>]: A link to the server could not be established C:\wamp\www\thinkaaron\Optionkitting\Home\Controller\IndexController.class.php 第 31 行.
INFO: [ app_end ] --START--
INFO: Run Behavior\ShowPageTraceBehavior [ RunTime:0.000808s ]
INFO: [ app_end ] --END-- [ RunTime:0.000919s ]

[ 2015-01-27T08:44:10+08:00 ] 16.165.62.198 /thinkaaron/index.php/home/index/insert
INFO: [ app_init ] --START--
INFO: Run Behavior\BuildLiteBehavior [ RunTime:0.000022s ]
INFO: [ app_init ] --END-- [ RunTime:0.000436s ]
INFO: [ app_begin ] --START--
INFO: Run Behavior\ReadHtmlCacheBehavior [ RunTime:0.000786s ]
INFO: [ app_begin ] --END-- [ RunTime:0.000910s ]
SQL: SELECT   column_name,   data_type,   column_default,   is_nullable
        FROM    information_schema.tables AS t
        JOIN    information_schema.columns AS c
        ON  t.table_catalog = c.table_catalog
        AND t.table_schema  = c.table_schema
        AND t.table_name    = c.table_name
        WHERE   t.table_name = 'dbo.option__view' [ RunTime:0.000289s ]
NOTIC: [2] mysql_query() [<a href='function.mysql-query'>function.mysql-query</a>]: Access denied for user ''@'localhost' (using password: NO) C:\wamp\www\thinkaaron\Optionkitting\Home\Controller\IndexController.class.php 第 31 行.
NOTIC: [2] mysql_query() [<a href='function.mysql-query'>function.mysql-query</a>]: A link to the server could not be established C:\wamp\www\thinkaaron\Optionkitting\Home\Controller\IndexController.class.php 第 31 行.
NOTIC: [2] mysql_query() [<a href='function.mysql-query'>function.mysql-query</a>]: Access denied for user ''@'localhost' (using password: NO) C:\wamp\www\thinkaaron\Optionkitting\Home\Controller\IndexController.class.php 第 31 行.
NOTIC: [2] mysql_query() [<a href='function.mysql-query'>function.mysql-query</a>]: A link to the server could not be established C:\wamp\www\thinkaaron\Optionkitting\Home\Controller\IndexController.class.php 第 31 行.
NOTIC: [8] Undefined offset: 1 C:\wamp\www\thinkaaron\Optionkitting\Home\Controller\IndexController.class.php 第 29 行.
NOTIC: [8] Undefined offset: 2 C:\wamp\www\thinkaaron\Optionkitting\Home\Controller\IndexController.class.php 第 29 行.
NOTIC: [8] Undefined offset: 3 C:\wamp\www\thinkaaron\Optionkitting\Home\Controller\IndexController.class.php 第 29 行.
NOTIC: [2] mysql_query() [<a href='function.mysql-query'>function.mysql-query</a>]: Access denied for user ''@'localhost' (using password: NO) C:\wamp\www\thinkaaron\Optionkitting\Home\Controller\IndexController.class.php 第 31 行.
NOTIC: [2] mysql_query() [<a href='function.mysql-query'>function.mysql-query</a>]: A link to the server could not be established C:\wamp\www\thinkaaron\Optionkitting\Home\Controller\IndexController.class.php 第 31 行.
INFO: [ app_end ] --START--
INFO: Run Behavior\ShowPageTraceBehavior [ RunTime:0.000802s ]
INFO: [ app_end ] --END-- [ RunTime:0.000911s ]

[ 2015-01-27T08:45:03+08:00 ] 16.165.62.198 /thinkaaron/index.php/home/index/insert
INFO: [ app_init ] --START--
INFO: Run Behavior\BuildLiteBehavior [ RunTime:0.000021s ]
INFO: [ app_init ] --END-- [ RunTime:0.000418s ]
INFO: [ app_begin ] --START--
INFO: Run Behavior\ReadHtmlCacheBehavior [ RunTime:0.000756s ]
INFO: [ app_begin ] --END-- [ RunTime:0.000881s ]
SQL: SELECT   column_name,   data_type,   column_default,   is_nullable
        FROM    information_schema.tables AS t
        JOIN    information_schema.columns AS c
        ON  t.table_catalog = c.table_catalog
        AND t.table_schema  = c.table_schema
        AND t.table_name    = c.table_name
        WHERE   t.table_name = 'dbo.option__view' [ RunTime:0.000280s ]
NOTIC: [2] mysql_query() [<a href='function.mysql-query'>function.mysql-query</a>]: Access denied for user ''@'localhost' (using password: NO) C:\wamp\www\thinkaaron\Optionkitting\Home\Controller\IndexController.class.php 第 31 行.
NOTIC: [2] mysql_query() [<a href='function.mysql-query'>function.mysql-query</a>]: A link to the server could not be established C:\wamp\www\thinkaaron\Optionkitting\Home\Controller\IndexController.class.php 第 31 行.
NOTIC: [2] mysql_query() [<a href='function.mysql-query'>function.mysql-query</a>]: Access denied for user ''@'localhost' (using password: NO) C:\wamp\www\thinkaaron\Optionkitting\Home\Controller\IndexController.class.php 第 31 行.
NOTIC: [2] mysql_query() [<a href='function.mysql-query'>function.mysql-query</a>]: A link to the server could not be established C:\wamp\www\thinkaaron\Optionkitting\Home\Controller\IndexController.class.php 第 31 行.
NOTIC: [8] Undefined offset: 1 C:\wamp\www\thinkaaron\Optionkitting\Home\Controller\IndexController.class.php 第 29 行.
NOTIC: [8] Undefined offset: 2 C:\wamp\www\thinkaaron\Optionkitting\Home\Controller\IndexController.class.php 第 29 行.
NOTIC: [8] Undefined offset: 3 C:\wamp\www\thinkaaron\Optionkitting\Home\Controller\IndexController.class.php 第 29 行.
NOTIC: [2] mysql_query() [<a href='function.mysql-query'>function.mysql-query</a>]: Access denied for user ''@'localhost' (using password: NO) C:\wamp\www\thinkaaron\Optionkitting\Home\Controller\IndexController.class.php 第 31 行.
NOTIC: [2] mysql_query() [<a href='function.mysql-query'>function.mysql-query</a>]: A link to the server could not be established C:\wamp\www\thinkaaron\Optionkitting\Home\Controller\IndexController.class.php 第 31 行.
INFO: [ app_end ] --START--
INFO: Run Behavior\ShowPageTraceBehavior [ RunTime:0.000796s ]
INFO: [ app_end ] --END-- [ RunTime:0.000907s ]

[ 2015-01-27T08:45:33+08:00 ] 16.165.62.198 /thinkaaron/index.php/home/index/insert
INFO: [ app_init ] --START--
INFO: Run Behavior\BuildLiteBehavior [ RunTime:0.000022s ]
INFO: [ app_init ] --END-- [ RunTime:0.000450s ]
INFO: [ app_begin ] --START--
INFO: Run Behavior\ReadHtmlCacheBehavior [ RunTime:0.000639s ]
INFO: [ app_begin ] --END-- [ RunTime:0.000760s ]
SQL: SELECT   column_name,   data_type,   column_default,   is_nullable
        FROM    information_schema.tables AS t
        JOIN    information_schema.columns AS c
        ON  t.table_catalog = c.table_catalog
        AND t.table_schema  = c.table_schema
        AND t.table_name    = c.table_name
        WHERE   t.table_name = 'dbo.option__view' [ RunTime:0.000276s ]
NOTIC: [2] mysql_query() [<a href='function.mysql-query'>function.mysql-query</a>]: Access denied for user ''@'localhost' (using password: NO) C:\wamp\www\thinkaaron\Optionkitting\Home\Controller\IndexController.class.php 第 28 行.
NOTIC: [2] mysql_query() [<a href='function.mysql-query'>function.mysql-query</a>]: A link to the server could not be established C:\wamp\www\thinkaaron\Optionkitting\Home\Controller\IndexController.class.php 第 28 行.
NOTIC: [2] mysql_query() [<a href='function.mysql-query'>function.mysql-query</a>]: Access denied for user ''@'localhost' (using password: NO) C:\wamp\www\thinkaaron\Optionkitting\Home\Controller\IndexController.class.php 第 28 行.
NOTIC: [2] mysql_query() [<a href='function.mysql-query'>function.mysql-query</a>]: A link to the server could not be established C:\wamp\www\thinkaaron\Optionkitting\Home\Controller\IndexController.class.php 第 28 行.
INFO: [ app_end ] --START--
INFO: Run Behavior\ShowPageTraceBehavior [ RunTime:0.000673s ]
INFO: [ app_end ] --END-- [ RunTime:0.000779s ]

[ 2015-01-27T09:11:50+08:00 ] 16.165.62.198 /thinkaaron/index.php/home/index/insert
INFO: [ app_init ] --START--
INFO: Run Behavior\BuildLiteBehavior [ RunTime:0.000035s ]
INFO: [ app_init ] --END-- [ RunTime:0.000618s ]
INFO: [ app_begin ] --START--
INFO: Run Behavior\ReadHtmlCacheBehavior [ RunTime:0.000944s ]
INFO: [ app_begin ] --END-- [ RunTime:0.001135s ]
SQL: SELECT   column_name,   data_type,   column_default,   is_nullable
        FROM    information_schema.tables AS t
        JOIN    information_schema.columns AS c
        ON  t.table_catalog = c.table_catalog
        AND t.table_schema  = c.table_schema
        AND t.table_name    = c.table_name
        WHERE   t.table_name = 'dbo.option__view' [ RunTime:0.000205s ]
NOTIC: [2] mysql_query() [<a href='function.mysql-query'>function.mysql-query</a>]: Access denied for user ''@'localhost' (using password: NO) C:\wamp\www\thinkaaron\Optionkitting\Home\Controller\IndexController.class.php 第 28 行.
NOTIC: [2] mysql_query() [<a href='function.mysql-query'>function.mysql-query</a>]: A link to the server could not be established C:\wamp\www\thinkaaron\Optionkitting\Home\Controller\IndexController.class.php 第 28 行.
INFO: [ app_end ] --START--
INFO: Run Behavior\ShowPageTraceBehavior [ RunTime:0.000956s ]
INFO: [ app_end ] --END-- [ RunTime:0.001135s ]

[ 2015-01-27T09:12:52+08:00 ] 16.165.62.198 /thinkaaron/index.php/home/index/insert
INFO: [ app_init ] --START--
INFO: Run Behavior\BuildLiteBehavior [ RunTime:0.000035s ]
INFO: [ app_init ] --END-- [ RunTime:0.000617s ]
INFO: [ app_begin ] --START--
INFO: Run Behavior\ReadHtmlCacheBehavior [ RunTime:0.000903s ]
INFO: [ app_begin ] --END-- [ RunTime:0.001096s ]
SQL: SELECT   column_name,   data_type,   column_default,   is_nullable
        FROM    information_schema.tables AS t
        JOIN    information_schema.columns AS c
        ON  t.table_catalog = c.table_catalog
        AND t.table_schema  = c.table_schema
        AND t.table_name    = c.table_name
        WHERE   t.table_name = 'dbo.option__view' [ RunTime:0.000302s ]
NOTIC: [2] mysql_query() [<a href='function.mysql-query'>function.mysql-query</a>]: Access denied for user ''@'localhost' (using password: NO) C:\wamp\www\thinkaaron\Optionkitting\Home\Controller\IndexController.class.php 第 28 行.
NOTIC: [2] mysql_query() [<a href='function.mysql-query'>function.mysql-query</a>]: A link to the server could not be established C:\wamp\www\thinkaaron\Optionkitting\Home\Controller\IndexController.class.php 第 28 行.
INFO: [ app_end ] --START--
INFO: Run Behavior\ShowPageTraceBehavior [ RunTime:0.000883s ]
INFO: [ app_end ] --END-- [ RunTime:0.001059s ]

[ 2015-01-27T09:13:19+08:00 ] 16.165.62.198 /thinkaaron/index.php/home/index/insert
INFO: [ app_init ] --START--
INFO: Run Behavior\BuildLiteBehavior [ RunTime:0.000035s ]
INFO: [ app_init ] --END-- [ RunTime:0.000627s ]
INFO: [ app_begin ] --START--
INFO: Run Behavior\ReadHtmlCacheBehavior [ RunTime:0.000898s ]
INFO: [ app_begin ] --END-- [ RunTime:0.001091s ]
SQL: SELECT   column_name,   data_type,   column_default,   is_nullable
        FROM    information_schema.tables AS t
        JOIN    information_schema.columns AS c
        ON  t.table_catalog = c.table_catalog
        AND t.table_schema  = c.table_schema
        AND t.table_name    = c.table_name
        WHERE   t.table_name = 'dbo.option__view' [ RunTime:0.000209s ]
NOTIC: [2] mysql_query() [<a href='function.mysql-query'>function.mysql-query</a>]: Access denied for user ''@'localhost' (using password: NO) C:\wamp\www\thinkaaron\Optionkitting\Home\Controller\IndexController.class.php 第 28 行.
NOTIC: [2] mysql_query() [<a href='function.mysql-query'>function.mysql-query</a>]: A link to the server could not be established C:\wamp\www\thinkaaron\Optionkitting\Home\Controller\IndexController.class.php 第 28 行.
INFO: [ app_end ] --START--
INFO: Run Behavior\ShowPageTraceBehavior [ RunTime:0.000887s ]
INFO: [ app_end ] --END-- [ RunTime:0.001064s ]

[ 2015-01-27T09:15:26+08:00 ] 16.165.62.198 /thinkaaron/index.php/home/index/insert
INFO: [ app_init ] --START--
INFO: Run Behavior\BuildLiteBehavior [ RunTime:0.000034s ]
INFO: [ app_init ] --END-- [ RunTime:0.000607s ]
INFO: [ app_begin ] --START--
INFO: Run Behavior\ReadHtmlCacheBehavior [ RunTime:0.000947s ]
INFO: [ app_begin ] --END-- [ RunTime:0.001138s ]
SQL: SELECT   column_name,   data_type,   column_default,   is_nullable
        FROM    information_schema.tables AS t
        JOIN    information_schema.columns AS c
        ON  t.table_catalog = c.table_catalog
        AND t.table_schema  = c.table_schema
        AND t.table_name    = c.table_name
        WHERE   t.table_name = 'dbo.option__view' [ RunTime:0.000294s ]
NOTIC: [2] mysql_query() [<a href='function.mysql-query'>function.mysql-query</a>]: Access denied for user ''@'localhost' (using password: NO) C:\wamp\www\thinkaaron\Optionkitting\Home\Controller\IndexController.class.php 第 28 行.
NOTIC: [2] mysql_query() [<a href='function.mysql-query'>function.mysql-query</a>]: A link to the server could not be established C:\wamp\www\thinkaaron\Optionkitting\Home\Controller\IndexController.class.php 第 28 行.
INFO: [ app_end ] --START--
INFO: Run Behavior\ShowPageTraceBehavior [ RunTime:0.000948s ]
INFO: [ app_end ] --END-- [ RunTime:0.001123s ]

[ 2015-01-27T09:16:00+08:00 ] 16.165.62.198 /thinkaaron/index.php/home/index/insert
INFO: [ app_init ] --START--
INFO: Run Behavior\BuildLiteBehavior [ RunTime:0.000035s ]
INFO: [ app_init ] --END-- [ RunTime:0.000615s ]
INFO: [ app_begin ] --START--
INFO: Run Behavior\ReadHtmlCacheBehavior [ RunTime:0.000879s ]
INFO: [ app_begin ] --END-- [ RunTime:0.001068s ]
SQL: SELECT   column_name,   data_type,   column_default,   is_nullable
        FROM    information_schema.tables AS t
        JOIN    information_schema.columns AS c
        ON  t.table_catalog = c.table_catalog
        AND t.table_schema  = c.table_schema
        AND t.table_name    = c.table_name
        WHERE   t.table_name = 'dbo.option__view' [ RunTime:0.000273s ]
NOTIC: [2] mysql_query() [<a href='function.mysql-query'>function.mysql-query</a>]: Access denied for user ''@'localhost' (using password: NO) C:\wamp\www\thinkaaron\Optionkitting\Home\Controller\IndexController.class.php 第 28 行.
NOTIC: [2] mysql_query() [<a href='function.mysql-query'>function.mysql-query</a>]: A link to the server could not be established C:\wamp\www\thinkaaron\Optionkitting\Home\Controller\IndexController.class.php 第 28 行.
NOTIC: [2] mssql_query() [<a href='function.mssql-query'>function.mssql-query</a>]: message: Incorrect syntax near '???'. (severity 15) C:\wamp\www\thinkaaron\Optionkitting\Home\Controller\IndexController.class.php 第 29 行.
NOTIC: [2] mssql_query() [<a href='function.mssql-query'>function.mssql-query</a>]: Query failed C:\wamp\www\thinkaaron\Optionkitting\Home\Controller\IndexController.class.php 第 29 行.
INFO: [ app_end ] --START--
INFO: Run Behavior\ShowPageTraceBehavior [ RunTime:0.000891s ]
INFO: [ app_end ] --END-- [ RunTime:0.001064s ]

[ 2015-01-27T09:17:45+08:00 ] 16.165.62.198 /thinkaaron/index.php/home/index/insert
INFO: [ app_init ] --START--
INFO: Run Behavior\BuildLiteBehavior [ RunTime:0.000021s ]
INFO: [ app_init ] --END-- [ RunTime:0.000455s ]
INFO: [ app_begin ] --START--
INFO: Run Behavior\ReadHtmlCacheBehavior [ RunTime:0.000625s ]
INFO: [ app_begin ] --END-- [ RunTime:0.000748s ]
SQL: SELECT   column_name,   data_type,   column_default,   is_nullable
        FROM    information_schema.tables AS t
        JOIN    information_schema.columns AS c
        ON  t.table_catalog = c.table_catalog
        AND t.table_schema  = c.table_schema
        AND t.table_name    = c.table_name
        WHERE   t.table_name = 'dbo.option__view' [ RunTime:0.000304s ]
NOTIC: [2] mysql_query() [<a href='function.mysql-query'>function.mysql-query</a>]: Access denied for user ''@'localhost' (using password: NO) C:\wamp\www\thinkaaron\Optionkitting\Home\Controller\IndexController.class.php 第 28 行.
NOTIC: [2] mysql_query() [<a href='function.mysql-query'>function.mysql-query</a>]: A link to the server could not be established C:\wamp\www\thinkaaron\Optionkitting\Home\Controller\IndexController.class.php 第 28 行.
INFO: [ app_end ] --START--
INFO: Run Behavior\ShowPageTraceBehavior [ RunTime:0.000629s ]
INFO: [ app_end ] --END-- [ RunTime:0.000736s ]

[ 2015-01-27T09:31:40+08:00 ] 16.165.62.198 /thinkaaron/index.php/home/index/insert
INFO: [ app_init ] --START--
INFO: Run Behavior\BuildLiteBehavior [ RunTime:0.000022s ]
INFO: [ app_init ] --END-- [ RunTime:0.000450s ]
INFO: [ app_begin ] --START--
INFO: Run Behavior\ReadHtmlCacheBehavior [ RunTime:0.000631s ]
INFO: [ app_begin ] --END-- [ RunTime:0.000751s ]
SQL: SELECT   column_name,   data_type,   column_default,   is_nullable
        FROM    information_schema.tables AS t
        JOIN    information_schema.columns AS c
        ON  t.table_catalog = c.table_catalog
        AND t.table_schema  = c.table_schema
        AND t.table_name    = c.table_name
        WHERE   t.table_name = 'dbo.option__view' [ RunTime:0.000264s ]
NOTIC: [2] mysql_query() [<a href='function.mysql-query'>function.mysql-query</a>]: Access denied for user ''@'localhost' (using password: NO) C:\wamp\www\thinkaaron\Optionkitting\Home\Controller\IndexController.class.php 第 28 行.
NOTIC: [2] mysql_query() [<a href='function.mysql-query'>function.mysql-query</a>]: A link to the server could not be established C:\wamp\www\thinkaaron\Optionkitting\Home\Controller\IndexController.class.php 第 28 行.
INFO: [ app_end ] --START--
INFO: Run Behavior\ShowPageTraceBehavior [ RunTime:0.001079s ]
INFO: [ app_end ] --END-- [ RunTime:0.001254s ]

[ 2015-01-27T09:32:26+08:00 ] 16.165.62.198 /thinkaaron/index.php/home/index/insert
INFO: [ app_init ] --START--
INFO: Run Behavior\BuildLiteBehavior [ RunTime:0.000022s ]
INFO: [ app_init ] --END-- [ RunTime:0.000455s ]
INFO: [ app_begin ] --START--
INFO: Run Behavior\ReadHtmlCacheBehavior [ RunTime:0.000596s ]
INFO: [ app_begin ] --END-- [ RunTime:0.000719s ]
SQL: SELECT   column_name,   data_type,   column_default,   is_nullable
        FROM    information_schema.tables AS t
        JOIN    information_schema.columns AS c
        ON  t.table_catalog = c.table_catalog
        AND t.table_schema  = c.table_schema
        AND t.table_name    = c.table_name
        WHERE   t.table_name = 'dbo.option__view' [ RunTime:0.000279s ]
NOTIC: [2] mysql_query() [<a href='function.mysql-query'>function.mysql-query</a>]: Access denied for user ''@'localhost' (using password: NO) C:\wamp\www\thinkaaron\Optionkitting\Home\Controller\IndexController.class.php 第 28 行.
NOTIC: [2] mysql_query() [<a href='function.mysql-query'>function.mysql-query</a>]: A link to the server could not be established C:\wamp\www\thinkaaron\Optionkitting\Home\Controller\IndexController.class.php 第 28 行.
INFO: [ app_end ] --START--
INFO: Run Behavior\ShowPageTraceBehavior [ RunTime:0.000750s ]
INFO: [ app_end ] --END-- [ RunTime:0.000893s ]

[ 2015-01-27T09:33:29+08:00 ] 16.165.62.198 /thinkaaron/index.php/home/index/insert
INFO: [ app_init ] --START--
INFO: Run Behavior\BuildLiteBehavior [ RunTime:0.000022s ]
INFO: [ app_init ] --END-- [ RunTime:0.000428s ]
INFO: [ app_begin ] --START--
INFO: Run Behavior\ReadHtmlCacheBehavior [ RunTime:0.000746s ]
INFO: [ app_begin ] --END-- [ RunTime:0.000871s ]
SQL: SELECT   column_name,   data_type,   column_default,   is_nullable
        FROM    information_schema.tables AS t
        JOIN    information_schema.columns AS c
        ON  t.table_catalog = c.table_catalog
        AND t.table_schema  = c.table_schema
        AND t.table_name    = c.table_name
        WHERE   t.table_name = 'dbo.option__view' [ RunTime:0.000204s ]
NOTIC: [2] mysql_query() [<a href='function.mysql-query'>function.mysql-query</a>]: Access denied for user ''@'localhost' (using password: NO) C:\wamp\www\thinkaaron\Optionkitting\Home\Controller\IndexController.class.php 第 28 行.
NOTIC: [2] mysql_query() [<a href='function.mysql-query'>function.mysql-query</a>]: A link to the server could not be established C:\wamp\www\thinkaaron\Optionkitting\Home\Controller\IndexController.class.php 第 28 行.
INFO: [ app_end ] --START--
INFO: Run Behavior\ShowPageTraceBehavior [ RunTime:0.000809s ]
INFO: [ app_end ] --END-- [ RunTime:0.000918s ]

[ 2015-01-27T09:45:04+08:00 ] 16.165.62.198 /thinkaaron/index.php/home/index/insert
INFO: [ app_init ] --START--
INFO: Run Behavior\BuildLiteBehavior [ RunTime:0.000022s ]
INFO: [ app_init ] --END-- [ RunTime:0.000433s ]
INFO: [ app_begin ] --START--
INFO: Run Behavior\ReadHtmlCacheBehavior [ RunTime:0.000751s ]
INFO: [ app_begin ] --END-- [ RunTime:0.000875s ]
SQL: SELECT   column_name,   data_type,   column_default,   is_nullable
        FROM    information_schema.tables AS t
        JOIN    information_schema.columns AS c
        ON  t.table_catalog = c.table_catalog
        AND t.table_schema  = c.table_schema
        AND t.table_name    = c.table_name
        WHERE   t.table_name = 'dbo.option__view' [ RunTime:0.000297s ]
NOTIC: [2] mysql_query() [<a href='function.mysql-query'>function.mysql-query</a>]: Access denied for user ''@'localhost' (using password: NO) C:\wamp\www\thinkaaron\Optionkitting\Home\Controller\IndexController.class.php 第 28 行.
NOTIC: [2] mysql_query() [<a href='function.mysql-query'>function.mysql-query</a>]: A link to the server could not be established C:\wamp\www\thinkaaron\Optionkitting\Home\Controller\IndexController.class.php 第 28 行.
INFO: [ app_end ] --START--
INFO: Run Behavior\ShowPageTraceBehavior [ RunTime:0.000801s ]
INFO: [ app_end ] --END-- [ RunTime:0.000910s ]

[ 2015-01-27T09:46:37+08:00 ] 16.165.62.198 /thinkaaron/index.php/home/index/insert
INFO: [ app_init ] --START--
INFO: Run Behavior\BuildLiteBehavior [ RunTime:0.000022s ]
INFO: [ app_init ] --END-- [ RunTime:0.000455s ]
INFO: [ app_begin ] --START--
INFO: Run Behavior\ReadHtmlCacheBehavior [ RunTime:0.000636s ]
INFO: [ app_begin ] --END-- [ RunTime:0.000758s ]
SQL: SELECT   column_name,   data_type,   column_default,   is_nullable
        FROM    information_schema.tables AS t
        JOIN    information_schema.columns AS c
        ON  t.table_catalog = c.table_catalog
        AND t.table_schema  = c.table_schema
        AND t.table_name    = c.table_name
        WHERE   t.table_name = 'dbo.option__view' [ RunTime:0.000248s ]
NOTIC: [2] mysql_query() [<a href='function.mysql-query'>function.mysql-query</a>]: Access denied for user ''@'localhost' (using password: NO) C:\wamp\www\thinkaaron\Optionkitting\Home\Controller\IndexController.class.php 第 28 行.
NOTIC: [2] mysql_query() [<a href='function.mysql-query'>function.mysql-query</a>]: A link to the server could not be established C:\wamp\www\thinkaaron\Optionkitting\Home\Controller\IndexController.class.php 第 28 行.
INFO: [ app_end ] --START--
INFO: Run Behavior\ShowPageTraceBehavior [ RunTime:0.000945s ]
INFO: [ app_end ] --END-- [ RunTime:0.001120s ]

[ 2015-01-27T09:47:16+08:00 ] 16.165.62.198 /thinkaaron/index.php/home/index/insert
INFO: [ app_init ] --START--
INFO: Run Behavior\BuildLiteBehavior [ RunTime:0.000024s ]
INFO: [ app_init ] --END-- [ RunTime:0.000457s ]
INFO: [ app_begin ] --START--
INFO: Run Behavior\ReadHtmlCacheBehavior [ RunTime:0.000598s ]
INFO: [ app_begin ] --END-- [ RunTime:0.000720s ]
SQL: SELECT   column_name,   data_type,   column_default,   is_nullable
        FROM    information_schema.tables AS t
        JOIN    information_schema.columns AS c
        ON  t.table_catalog = c.table_catalog
        AND t.table_schema  = c.table_schema
        AND t.table_name    = c.table_name
        WHERE   t.table_name = 'dbo.option__view' [ RunTime:0.000310s ]
NOTIC: [2] mysql_query() [<a href='function.mysql-query'>function.mysql-query</a>]: Access denied for user ''@'localhost' (using password: NO) C:\wamp\www\thinkaaron\Optionkitting\Home\Controller\IndexController.class.php 第 28 行.
NOTIC: [2] mysql_query() [<a href='function.mysql-query'>function.mysql-query</a>]: A link to the server could not be established C:\wamp\www\thinkaaron\Optionkitting\Home\Controller\IndexController.class.php 第 28 行.
INFO: [ app_end ] --START--
INFO: Run Behavior\ShowPageTraceBehavior [ RunTime:0.000634s ]
INFO: [ app_end ] --END-- [ RunTime:0.000742s ]

[ 2015-01-27T09:48:19+08:00 ] 16.165.62.198 /thinkaaron/index.php/home/index/insert
INFO: [ app_init ] --START--
INFO: Run Behavior\BuildLiteBehavior [ RunTime:0.000022s ]
INFO: [ app_init ] --END-- [ RunTime:0.000453s ]
INFO: [ app_begin ] --START--
INFO: Run Behavior\ReadHtmlCacheBehavior [ RunTime:0.000589s ]
INFO: [ app_begin ] --END-- [ RunTime:0.000709s ]
SQL: SELECT   column_name,   data_type,   column_default,   is_nullable
        FROM    information_schema.tables AS t
        JOIN    information_schema.columns AS c
        ON  t.table_catalog = c.table_catalog
        AND t.table_schema  = c.table_schema
        AND t.table_name    = c.table_name
        WHERE   t.table_name = 'dbo.option__view' [ RunTime:0.000265s ]
NOTIC: [2] mysql_query() [<a href='function.mysql-query'>function.mysql-query</a>]: Access denied for user ''@'localhost' (using password: NO) C:\wamp\www\thinkaaron\Optionkitting\Home\Controller\IndexController.class.php 第 28 行.
NOTIC: [2] mysql_query() [<a href='function.mysql-query'>function.mysql-query</a>]: A link to the server could not be established C:\wamp\www\thinkaaron\Optionkitting\Home\Controller\IndexController.class.php 第 28 行.
INFO: [ app_end ] --START--
INFO: Run Behavior\ShowPageTraceBehavior [ RunTime:0.000650s ]
INFO: [ app_end ] --END-- [ RunTime:0.000757s ]

[ 2015-01-27T09:51:01+08:00 ] 16.165.62.198 /thinkaaron/index.php/home/index/insert
INFO: [ app_init ] --START--
INFO: Run Behavior\BuildLiteBehavior [ RunTime:0.000022s ]
INFO: [ app_init ] --END-- [ RunTime:0.000426s ]
INFO: [ app_begin ] --START--
INFO: Run Behavior\ReadHtmlCacheBehavior [ RunTime:0.000752s ]
INFO: [ app_begin ] --END-- [ RunTime:0.000877s ]
SQL: SELECT   column_name,   data_type,   column_default,   is_nullable
        FROM    information_schema.tables AS t
        JOIN    information_schema.columns AS c
        ON  t.table_catalog = c.table_catalog
        AND t.table_schema  = c.table_schema
        AND t.table_name    = c.table_name
        WHERE   t.table_name = 'dbo.option__view' [ RunTime:0.000284s ]
NOTIC: [2] mysql_query() [<a href='function.mysql-query'>function.mysql-query</a>]: Access denied for user ''@'localhost' (using password: NO) C:\wamp\www\thinkaaron\Optionkitting\Home\Controller\IndexController.class.php 第 27 行.
NOTIC: [2] mysql_query() [<a href='function.mysql-query'>function.mysql-query</a>]: A link to the server could not be established C:\wamp\www\thinkaaron\Optionkitting\Home\Controller\IndexController.class.php 第 27 行.
INFO: [ app_end ] --START--
INFO: Run Behavior\ShowPageTraceBehavior [ RunTime:0.000815s ]
INFO: [ app_end ] --END-- [ RunTime:0.000923s ]

[ 2015-01-27T09:52:10+08:00 ] 16.165.62.198 /thinkaaron/index.php/home/index/insert
INFO: [ app_init ] --START--
INFO: Run Behavior\BuildLiteBehavior [ RunTime:0.000036s ]
INFO: [ app_init ] --END-- [ RunTime:0.000627s ]
INFO: [ app_begin ] --START--
INFO: Run Behavior\ReadHtmlCacheBehavior [ RunTime:0.000974s ]
INFO: [ app_begin ] --END-- [ RunTime:0.001168s ]
SQL: SELECT   column_name,   data_type,   column_default,   is_nullable
        FROM    information_schema.tables AS t
        JOIN    information_schema.columns AS c
        ON  t.table_catalog = c.table_catalog
        AND t.table_schema  = c.table_schema
        AND t.table_name    = c.table_name
        WHERE   t.table_name = 'dbo.option__view' [ RunTime:0.000239s ]
INFO: [ app_end ] --START--
INFO: Run Behavior\ShowPageTraceBehavior [ RunTime:0.000955s ]
INFO: [ app_end ] --END-- [ RunTime:0.001131s ]

[ 2015-01-27T09:53:17+08:00 ] 16.165.62.198 /thinkaaron/index.php/home/index/insert
INFO: [ app_init ] --START--
INFO: Run Behavior\BuildLiteBehavior [ RunTime:0.000022s ]
INFO: [ app_init ] --END-- [ RunTime:0.000453s ]
INFO: [ app_begin ] --START--
INFO: Run Behavior\ReadHtmlCacheBehavior [ RunTime:0.000638s ]
INFO: [ app_begin ] --END-- [ RunTime:0.000760s ]
SQL: SELECT   column_name,   data_type,   column_default,   is_nullable
        FROM    information_schema.tables AS t
        JOIN    information_schema.columns AS c
        ON  t.table_catalog = c.table_catalog
        AND t.table_schema  = c.table_schema
        AND t.table_name    = c.table_name
        WHERE   t.table_name = 'dbo.option__view' [ RunTime:0.000281s ]
INFO: [ app_end ] --START--
INFO: Run Behavior\ShowPageTraceBehavior [ RunTime:0.000633s ]
INFO: [ app_end ] --END-- [ RunTime:0.000740s ]

[ 2015-01-27T09:53:48+08:00 ] 16.165.62.198 /thinkaaron/index.php/home/index/insert
INFO: [ app_init ] --START--
INFO: Run Behavior\BuildLiteBehavior [ RunTime:0.000022s ]
INFO: [ app_init ] --END-- [ RunTime:0.000454s ]
INFO: [ app_begin ] --START--
INFO: Run Behavior\ReadHtmlCacheBehavior [ RunTime:0.000586s ]
INFO: [ app_begin ] --END-- [ RunTime:0.000710s ]
SQL: SELECT   column_name,   data_type,   column_default,   is_nullable
        FROM    information_schema.tables AS t
        JOIN    information_schema.columns AS c
        ON  t.table_catalog = c.table_catalog
        AND t.table_schema  = c.table_schema
        AND t.table_name    = c.table_name
        WHERE   t.table_name = 'dbo.option__view' [ RunTime:0.000210s ]
INFO: [ app_end ] --START--
INFO: Run Behavior\ShowPageTraceBehavior [ RunTime:0.000630s ]
INFO: [ app_end ] --END-- [ RunTime:0.000735s ]

[ 2015-01-27T09:54:20+08:00 ] 16.165.62.198 /thinkaaron/index.php/home/index/insert
INFO: [ app_init ] --START--
INFO: Run Behavior\BuildLiteBehavior [ RunTime:0.000035s ]
INFO: [ app_init ] --END-- [ RunTime:0.000616s ]
INFO: [ app_begin ] --START--
INFO: Run Behavior\ReadHtmlCacheBehavior [ RunTime:0.000973s ]
INFO: [ app_begin ] --END-- [ RunTime:0.001162s ]
SQL: SELECT   column_name,   data_type,   column_default,   is_nullable
        FROM    information_schema.tables AS t
        JOIN    information_schema.columns AS c
        ON  t.table_catalog = c.table_catalog
        AND t.table_schema  = c.table_schema
        AND t.table_name    = c.table_name
        WHERE   t.table_name = 'dbo.option__view' [ RunTime:0.000299s ]
INFO: [ app_end ] --START--
INFO: Run Behavior\ShowPageTraceBehavior [ RunTime:0.000952s ]
INFO: [ app_end ] --END-- [ RunTime:0.001129s ]

[ 2015-01-27T09:56:04+08:00 ] 16.165.62.198 /thinkaaron/index.php/home/index/insert
INFO: [ app_init ] --START--
INFO: Run Behavior\BuildLiteBehavior [ RunTime:0.000022s ]
INFO: [ app_init ] --END-- [ RunTime:0.000453s ]
INFO: [ app_begin ] --START--
INFO: Run Behavior\ReadHtmlCacheBehavior [ RunTime:0.000631s ]
INFO: [ app_begin ] --END-- [ RunTime:0.000752s ]
SQL: SELECT   column_name,   data_type,   column_default,   is_nullable
        FROM    information_schema.tables AS t
        JOIN    information_schema.columns AS c
        ON  t.table_catalog = c.table_catalog
        AND t.table_schema  = c.table_schema
        AND t.table_name    = c.table_name
        WHERE   t.table_name = 'dbo.option__view' [ RunTime:0.000286s ]
INFO: [ app_end ] --START--
INFO: Run Behavior\ShowPageTraceBehavior [ RunTime:0.000647s ]
INFO: [ app_end ] --END-- [ RunTime:0.000753s ]

[ 2015-01-27T09:56:14+08:00 ] 16.165.62.198 /thinkaaron/index.php/home/index/insert
INFO: [ app_init ] --START--
INFO: Run Behavior\BuildLiteBehavior [ RunTime:0.000037s ]
INFO: [ app_init ] --END-- [ RunTime:0.000627s ]
INFO: [ app_begin ] --START--
INFO: Run Behavior\ReadHtmlCacheBehavior [ RunTime:0.000882s ]
INFO: [ app_begin ] --END-- [ RunTime:0.001073s ]
SQL: SELECT   column_name,   data_type,   column_default,   is_nullable
        FROM    information_schema.tables AS t
        JOIN    information_schema.columns AS c
        ON  t.table_catalog = c.table_catalog
        AND t.table_schema  = c.table_schema
        AND t.table_name    = c.table_name
        WHERE   t.table_name = 'dbo.option__view' [ RunTime:0.000236s ]
INFO: [ app_end ] --START--
INFO: Run Behavior\ShowPageTraceBehavior [ RunTime:0.000893s ]
INFO: [ app_end ] --END-- [ RunTime:0.001067s ]

[ 2015-01-27T09:56:34+08:00 ] 16.165.62.198 /thinkaaron/index.php/home/index/insert
INFO: [ app_init ] --START--
INFO: Run Behavior\BuildLiteBehavior [ RunTime:0.000022s ]
INFO: [ app_init ] --END-- [ RunTime:0.000447s ]
INFO: [ app_begin ] --START--
INFO: Run Behavior\ReadHtmlCacheBehavior [ RunTime:0.000589s ]
INFO: [ app_begin ] --END-- [ RunTime:0.000711s ]
SQL: SELECT   column_name,   data_type,   column_default,   is_nullable
        FROM    information_schema.tables AS t
        JOIN    information_schema.columns AS c
        ON  t.table_catalog = c.table_catalog
        AND t.table_schema  = c.table_schema
        AND t.table_name    = c.table_name
        WHERE   t.table_name = 'dbo.option__view' [ RunTime:0.000293s ]
INFO: [ app_end ] --START--
INFO: Run Behavior\ShowPageTraceBehavior [ RunTime:0.000638s ]
INFO: [ app_end ] --END-- [ RunTime:0.000744s ]

[ 2015-01-27T09:56:49+08:00 ] 16.165.62.198 /thinkaaron/index.php/home/index/insert
INFO: [ app_init ] --START--
INFO: Run Behavior\BuildLiteBehavior [ RunTime:0.000034s ]
INFO: [ app_init ] --END-- [ RunTime:0.000620s ]
INFO: [ app_begin ] --START--
INFO: Run Behavior\ReadHtmlCacheBehavior [ RunTime:0.000941s ]
INFO: [ app_begin ] --END-- [ RunTime:0.001133s ]
SQL: SELECT   column_name,   data_type,   column_default,   is_nullable
        FROM    information_schema.tables AS t
        JOIN    information_schema.columns AS c
        ON  t.table_catalog = c.table_catalog
        AND t.table_schema  = c.table_schema
        AND t.table_name    = c.table_name
        WHERE   t.table_name = 'dbo.option__view' [ RunTime:0.000224s ]
INFO: [ app_end ] --START--
INFO: Run Behavior\ShowPageTraceBehavior [ RunTime:0.000943s ]
INFO: [ app_end ] --END-- [ RunTime:0.001115s ]

[ 2015-01-27T09:59:06+08:00 ] 16.165.4.103 /thinkaaron/index.php/home/index/insert
INFO: [ app_init ] --START--
INFO: Run Behavior\BuildLiteBehavior [ RunTime:0.000022s ]
INFO: [ app_init ] --END-- [ RunTime:0.000420s ]
INFO: [ app_begin ] --START--
INFO: Run Behavior\ReadHtmlCacheBehavior [ RunTime:0.000741s ]
INFO: [ app_begin ] --END-- [ RunTime:0.000864s ]
SQL: SELECT   column_name,   data_type,   column_default,   is_nullable
        FROM    information_schema.tables AS t
        JOIN    information_schema.columns AS c
        ON  t.table_catalog = c.table_catalog
        AND t.table_schema  = c.table_schema
        AND t.table_name    = c.table_name
        WHERE   t.table_name = 'dbo.option__view' [ RunTime:0.000276s ]
INFO: [ app_end ] --START--
INFO: Run Behavior\ShowPageTraceBehavior [ RunTime:0.000800s ]
INFO: [ app_end ] --END-- [ RunTime:0.000909s ]

[ 2015-01-27T10:06:59+08:00 ] 16.165.4.103 /thinkaaron/index.php/home/index/insert
INFO: [ app_init ] --START--
INFO: Run Behavior\BuildLiteBehavior [ RunTime:0.000022s ]
INFO: [ app_init ] --END-- [ RunTime:0.000426s ]
INFO: [ app_begin ] --START--
INFO: Run Behavior\ReadHtmlCacheBehavior [ RunTime:0.000754s ]
INFO: [ app_begin ] --END-- [ RunTime:0.000878s ]
SQL: SELECT   column_name,   data_type,   column_default,   is_nullable
        FROM    information_schema.tables AS t
        JOIN    information_schema.columns AS c
        ON  t.table_catalog = c.table_catalog
        AND t.table_schema  = c.table_schema
        AND t.table_name    = c.table_name
        WHERE   t.table_name = 'dbo.option__view' [ RunTime:0.000261s ]
INFO: [ app_end ] --START--
INFO: Run Behavior\ShowPageTraceBehavior [ RunTime:0.000831s ]
INFO: [ app_end ] --END-- [ RunTime:0.000950s ]

[ 2015-01-27T19:36:36+08:00 ] 16.165.62.198 /thinkaaron/index.php/home/index/insert
INFO: [ app_init ] --START--
INFO: Run Behavior\BuildLiteBehavior [ RunTime:0.000022s ]
INFO: [ app_init ] --END-- [ RunTime:0.000456s ]
INFO: [ app_begin ] --START--
INFO: Run Behavior\ReadHtmlCacheBehavior [ RunTime:0.000636s ]
INFO: [ app_begin ] --END-- [ RunTime:0.000758s ]
SQL: SELECT   column_name,   data_type,   column_default,   is_nullable
        FROM    information_schema.tables AS t
        JOIN    information_schema.columns AS c
        ON  t.table_catalog = c.table_catalog
        AND t.table_schema  = c.table_schema
        AND t.table_name    = c.table_name
        WHERE   t.table_name = 'dbo.option__view' [ RunTime:0.000428s ]
INFO: [ app_end ] --START--
INFO: Run Behavior\ShowPageTraceBehavior [ RunTime:0.000676s ]
INFO: [ app_end ] --END-- [ RunTime:0.000782s ]

[ 2015-01-27T19:39:51+08:00 ] 16.165.62.198 /thinkaaron/index.php/home/index/insert
INFO: [ app_init ] --START--
INFO: Run Behavior\BuildLiteBehavior [ RunTime:0.000022s ]
INFO: [ app_init ] --END-- [ RunTime:0.000456s ]
INFO: [ app_begin ] --START--
INFO: Run Behavior\ReadHtmlCacheBehavior [ RunTime:0.000626s ]
INFO: [ app_begin ] --END-- [ RunTime:0.000747s ]
SQL: SELECT   column_name,   data_type,   column_default,   is_nullable
        FROM    information_schema.tables AS t
        JOIN    information_schema.columns AS c
        ON  t.table_catalog = c.table_catalog
        AND t.table_schema  = c.table_schema
        AND t.table_name    = c.table_name
        WHERE   t.table_name = 'dbo.option__view' [ RunTime:0.000273s ]
INFO: [ app_end ] --START--
INFO: Run Behavior\ShowPageTraceBehavior [ RunTime:0.000655s ]
INFO: [ app_end ] --END-- [ RunTime:0.000766s ]

[ 2015-01-27T19:39:55+08:00 ] 16.165.62.198 /thinkaaron/index.php/home/index/insert
INFO: [ app_init ] --START--
INFO: Run Behavior\BuildLiteBehavior [ RunTime:0.000022s ]
INFO: [ app_init ] --END-- [ RunTime:0.000454s ]
INFO: [ app_begin ] --START--
INFO: Run Behavior\ReadHtmlCacheBehavior [ RunTime:0.000601s ]
INFO: [ app_begin ] --END-- [ RunTime:0.000725s ]
SQL: SELECT   column_name,   data_type,   column_default,   is_nullable
        FROM    information_schema.tables AS t
        JOIN    information_schema.columns AS c
        ON  t.table_catalog = c.table_catalog
        AND t.table_schema  = c.table_schema
        AND t.table_name    = c.table_name
        WHERE   t.table_name = 'dbo.option__view' [ RunTime:0.000287s ]
INFO: [ app_end ] --START--
INFO: Run Behavior\ShowPageTraceBehavior [ RunTime:0.000649s ]
INFO: [ app_end ] --END-- [ RunTime:0.000757s ]

[ 2015-01-27T19:41:16+08:00 ] 16.165.62.198 /thinkaaron/index.php/home/index/insert
INFO: [ app_init ] --START--
INFO: Run Behavior\BuildLiteBehavior [ RunTime:0.000036s ]
INFO: [ app_init ] --END-- [ RunTime:0.000615s ]
INFO: [ app_begin ] --START--
INFO: Run Behavior\ReadHtmlCacheBehavior [ RunTime:0.000960s ]
INFO: [ app_begin ] --END-- [ RunTime:0.001154s ]
SQL: SELECT   column_name,   data_type,   column_default,   is_nullable
        FROM    information_schema.tables AS t
        JOIN    information_schema.columns AS c
        ON  t.table_catalog = c.table_catalog
        AND t.table_schema  = c.table_schema
        AND t.table_name    = c.table_name
        WHERE   t.table_name = 'dbo.option__view' [ RunTime:0.000242s ]
INFO: [ app_end ] --START--
INFO: Run Behavior\ShowPageTraceBehavior [ RunTime:0.000956s ]
INFO: [ app_end ] --END-- [ RunTime:0.001131s ]

[ 2015-01-27T20:04:44+08:00 ] 16.165.62.198 /thinkaaron/index.php/home/index/insert
INFO: [ app_init ] --START--
INFO: Run Behavior\BuildLiteBehavior [ RunTime:0.000035s ]
INFO: [ app_init ] --END-- [ RunTime:0.000628s ]
INFO: [ app_begin ] --START--
INFO: Run Behavior\ReadHtmlCacheBehavior [ RunTime:0.000966s ]
INFO: [ app_begin ] --END-- [ RunTime:0.001159s ]
SQL: SELECT   column_name,   data_type,   column_default,   is_nullable
        FROM    information_schema.tables AS t
        JOIN    information_schema.columns AS c
        ON  t.table_catalog = c.table_catalog
        AND t.table_schema  = c.table_schema
        AND t.table_name    = c.table_name
        WHERE   t.table_name = 'dbo.option__view' [ RunTime:0.000230s ]
INFO: [ app_end ] --START--
INFO: Run Behavior\ShowPageTraceBehavior [ RunTime:0.000949s ]
INFO: [ app_end ] --END-- [ RunTime:0.001126s ]

