[ 2015-10-14T10:19:01+08:00 ] 16.187.194.13 /thinkaaron/index.php/home/index/insert
INFO: [ app_init ] --START--
INFO: Run Behavior\BuildLiteBehavior [ RunTime:0.000021s ]
INFO: [ app_init ] --END-- [ RunTime:0.000355s ]
INFO: [ app_begin ] --START--
INFO: Run Behavior\ReadHtmlCacheBehavior [ RunTime:0.000477s ]
INFO: [ app_begin ] --END-- [ RunTime:0.000596s ]
SQL: SELECT   column_name,   data_type,   column_default,   is_nullable
        FROM    information_schema.tables AS t
        JOIN    information_schema.columns AS c
        ON  t.table_catalog = c.table_catalog
        AND t.table_schema  = c.table_schema
        AND t.table_name    = c.table_name
        WHERE   t.table_name = 'dbo.option__view' [ RunTime:0.000418s ]
NOTIC: [2] mssql_query() [<a href='function.mssql-query'>function.mssql-query</a>]: message: Violation of PRIMARY KEY constraint 'PK_Option_View'. Cannot insert duplicate key in object 'dbo.Option_view'. (severity 14) C:\wamp\www\thinkaaron\Optionkitting\Home\Controller\IndexController.class.php 第 37 行.
NOTIC: [2] mssql_query() [<a href='function.mssql-query'>function.mssql-query</a>]: Query failed C:\wamp\www\thinkaaron\Optionkitting\Home\Controller\IndexController.class.php 第 37 行.
NOTIC: [2] mssql_query() [<a href='function.mssql-query'>function.mssql-query</a>]: message: Violation of PRIMARY KEY constraint 'PK_Option_SKU'. Cannot insert duplicate key in object 'dbo.Option_SKU'. (severity 14) C:\wamp\www\thinkaaron\Optionkitting\Home\Controller\IndexController.class.php 第 47 行.
NOTIC: [2] mssql_query() [<a href='function.mssql-query'>function.mssql-query</a>]: Query failed C:\wamp\www\thinkaaron\Optionkitting\Home\Controller\IndexController.class.php 第 47 行.
NOTIC: [2] mssql_query() [<a href='function.mssql-query'>function.mssql-query</a>]: message: Violation of PRIMARY KEY constraint 'PK_Option_View'. Cannot insert duplicate key in object 'dbo.Option_view'. (severity 14) C:\wamp\www\thinkaaron\Optionkitting\Home\Controller\IndexController.class.php 第 37 行.
NOTIC: [2] mssql_query() [<a href='function.mssql-query'>function.mssql-query</a>]: Query failed C:\wamp\www\thinkaaron\Optionkitting\Home\Controller\IndexController.class.php 第 37 行.
NOTIC: [2] mssql_query() [<a href='function.mssql-query'>function.mssql-query</a>]: message: Violation of PRIMARY KEY constraint 'PK_Option_SKU'. Cannot insert duplicate key in object 'dbo.Option_SKU'. (severity 14) C:\wamp\www\thinkaaron\Optionkitting\Home\Controller\IndexController.class.php 第 47 行.
NOTIC: [2] mssql_query() [<a href='function.mssql-query'>function.mssql-query</a>]: Query failed C:\wamp\www\thinkaaron\Optionkitting\Home\Controller\IndexController.class.php 第 47 行.
NOTIC: [2] mssql_query() [<a href='function.mssql-query'>function.mssql-query</a>]: message: Violation of PRIMARY KEY constraint 'PK_Option_View'. Cannot insert duplicate key in object 'dbo.Option_view'. (severity 14) C:\wamp\www\thinkaaron\Optionkitting\Home\Controller\IndexController.class.php 第 37 行.
NOTIC: [2] mssql_query() [<a href='function.mssql-query'>function.mssql-query</a>]: Query failed C:\wamp\www\thinkaaron\Optionkitting\Home\Controller\IndexController.class.php 第 37 行.
NOTIC: [2] mssql_query() [<a href='function.mssql-query'>function.mssql-query</a>]: message: Violation of PRIMARY KEY constraint 'PK_Option_SKU'. Cannot insert duplicate key in object 'dbo.Option_SKU'. (severity 14) C:\wamp\www\thinkaaron\Optionkitting\Home\Controller\IndexController.class.php 第 47 行.
NOTIC: [2] mssql_query() [<a href='function.mssql-query'>function.mssql-query</a>]: Query failed C:\wamp\www\thinkaaron\Optionkitting\Home\Controller\IndexController.class.php 第 47 行.
NOTIC: [2] mssql_query() [<a href='function.mssql-query'>function.mssql-query</a>]: message: Violation of PRIMARY KEY constraint 'PK_Option_View'. Cannot insert duplicate key in object 'dbo.Option_view'. (severity 14) C:\wamp\www\thinkaaron\Optionkitting\Home\Controller\IndexController.class.php 第 37 行.
NOTIC: [2] mssql_query() [<a href='function.mssql-query'>function.mssql-query</a>]: Query failed C:\wamp\www\thinkaaron\Optionkitting\Home\Controller\IndexController.class.php 第 37 行.
NOTIC: [2] mssql_query() [<a href='function.mssql-query'>function.mssql-query</a>]: message: Violation of PRIMARY KEY constraint 'PK_Option_SKU'. Cannot insert duplicate key in object 'dbo.Option_SKU'. (severity 14) C:\wamp\www\thinkaaron\Optionkitting\Home\Controller\IndexController.class.php 第 47 行.
NOTIC: [2] mssql_query() [<a href='function.mssql-query'>function.mssql-query</a>]: Query failed C:\wamp\www\thinkaaron\Optionkitting\Home\Controller\IndexController.class.php 第 47 行.
NOTIC: [2] mssql_query() [<a href='function.mssql-query'>function.mssql-query</a>]: message: Violation of PRIMARY KEY constraint 'PK_Option_View'. Cannot insert duplicate key in object 'dbo.Option_view'. (severity 14) C:\wamp\www\thinkaaron\Optionkitting\Home\Controller\IndexController.class.php 第 37 行.
NOTIC: [2] mssql_query() [<a href='function.mssql-query'>function.mssql-query</a>]: Query failed C:\wamp\www\thinkaaron\Optionkitting\Home\Controller\IndexController.class.php 第 37 行.
NOTIC: [2] mssql_query() [<a href='function.mssql-query'>function.mssql-query</a>]: message: Violation of PRIMARY KEY constraint 'PK_Option_SKU'. Cannot insert duplicate key in object 'dbo.Option_SKU'. (severity 14) C:\wamp\www\thinkaaron\Optionkitting\Home\Controller\IndexController.class.php 第 47 行.
NOTIC: [2] mssql_query() [<a href='function.mssql-query'>function.mssql-query</a>]: Query failed C:\wamp\www\thinkaaron\Optionkitting\Home\Controller\IndexController.class.php 第 47 行.
NOTIC: [2] mssql_query() [<a href='function.mssql-query'>function.mssql-query</a>]: message: Violation of PRIMARY KEY constraint 'PK_Option_View'. Cannot insert duplicate key in object 'dbo.Option_view'. (severity 14) C:\wamp\www\thinkaaron\Optionkitting\Home\Controller\IndexController.class.php 第 37 行.
NOTIC: [2] mssql_query() [<a href='function.mssql-query'>function.mssql-query</a>]: Query failed C:\wamp\www\thinkaaron\Optionkitting\Home\Controller\IndexController.class.php 第 37 行.
NOTIC: [2] mssql_query() [<a href='function.mssql-query'>function.mssql-query</a>]: message: Violation of PRIMARY KEY constraint 'PK_Option_SKU'. Cannot insert duplicate key in object 'dbo.Option_SKU'. (severity 14) C:\wamp\www\thinkaaron\Optionkitting\Home\Controller\IndexController.class.php 第 47 行.
NOTIC: [2] mssql_query() [<a href='function.mssql-query'>function.mssql-query</a>]: Query failed C:\wamp\www\thinkaaron\Optionkitting\Home\Controller\IndexController.class.php 第 47 行.
NOTIC: [2] mssql_query() [<a href='function.mssql-query'>function.mssql-query</a>]: message: Violation of PRIMARY KEY constraint 'PK_Option_View'. Cannot insert duplicate key in object 'dbo.Option_view'. (severity 14) C:\wamp\www\thinkaaron\Optionkitting\Home\Controller\IndexController.class.php 第 37 行.
NOTIC: [2] mssql_query() [<a href='function.mssql-query'>function.mssql-query</a>]: Query failed C:\wamp\www\thinkaaron\Optionkitting\Home\Controller\IndexController.class.php 第 37 行.
NOTIC: [2] mssql_query() [<a href='function.mssql-query'>function.mssql-query</a>]: message: Violation of PRIMARY KEY constraint 'PK_Option_SKU'. Cannot insert duplicate key in object 'dbo.Option_SKU'. (severity 14) C:\wamp\www\thinkaaron\Optionkitting\Home\Controller\IndexController.class.php 第 47 行.
NOTIC: [2] mssql_query() [<a href='function.mssql-query'>function.mssql-query</a>]: Query failed C:\wamp\www\thinkaaron\Optionkitting\Home\Controller\IndexController.class.php 第 47 行.
NOTIC: [2] mssql_query() [<a href='function.mssql-query'>function.mssql-query</a>]: message: Violation of PRIMARY KEY constraint 'PK_Option_View'. Cannot insert duplicate key in object 'dbo.Option_view'. (severity 14) C:\wamp\www\thinkaaron\Optionkitting\Home\Controller\IndexController.class.php 第 37 行.
NOTIC: [2] mssql_query() [<a href='function.mssql-query'>function.mssql-query</a>]: Query failed C:\wamp\www\thinkaaron\Optionkitting\Home\Controller\IndexController.class.php 第 37 行.
NOTIC: [2] mssql_query() [<a href='function.mssql-query'>function.mssql-query</a>]: message: Violation of PRIMARY KEY constraint 'PK_Option_SKU'. Cannot insert duplicate key in object 'dbo.Option_SKU'. (severity 14) C:\wamp\www\thinkaaron\Optionkitting\Home\Controller\IndexController.class.php 第 47 行.
NOTIC: [2] mssql_query() [<a href='function.mssql-query'>function.mssql-query</a>]: Query failed C:\wamp\www\thinkaaron\Optionkitting\Home\Controller\IndexController.class.php 第 47 行.
INFO: [ app_end ] --START--
INFO: Run Behavior\ShowPageTraceBehavior [ RunTime:0.000510s ]
INFO: [ app_end ] --END-- [ RunTime:0.000615s ]

[ 2015-10-14T15:04:16+08:00 ] 16.187.228.64 /THINKAARON/
INFO: [ app_init ] --START--
INFO: Run Behavior\BuildLiteBehavior [ RunTime:0.000040s ]
INFO: [ app_init ] --END-- [ RunTime:0.000695s ]
INFO: [ app_begin ] --START--
INFO: Run Behavior\ReadHtmlCacheBehavior [ RunTime:0.000930s ]
INFO: [ app_begin ] --END-- [ RunTime:0.001139s ]
INFO: [ view_parse ] --START--
INFO: Run Behavior\ParseTemplateBehavior [ RunTime:0.003366s ]
INFO: [ view_parse ] --END-- [ RunTime:0.003573s ]
INFO: [ view_filter ] --START--
INFO: Run Behavior\WriteHtmlCacheBehavior [ RunTime:0.000556s ]
INFO: [ view_filter ] --END-- [ RunTime:0.000753s ]
INFO: [ app_end ] --START--
INFO: Run Behavior\ShowPageTraceBehavior [ RunTime:0.000959s ]
INFO: [ app_end ] --END-- [ RunTime:0.001169s ]

[ 2015-10-14T15:04:39+08:00 ] 16.187.228.64 /THINKAARON/
INFO: [ app_init ] --START--
INFO: Run Behavior\BuildLiteBehavior [ RunTime:0.000022s ]
INFO: [ app_init ] --END-- [ RunTime:0.000374s ]
INFO: [ app_begin ] --START--
INFO: Run Behavior\ReadHtmlCacheBehavior [ RunTime:0.000518s ]
INFO: [ app_begin ] --END-- [ RunTime:0.000626s ]
INFO: [ view_parse ] --START--
INFO: Run Behavior\ParseTemplateBehavior [ RunTime:0.000359s ]
INFO: [ view_parse ] --END-- [ RunTime:0.000470s ]
INFO: [ view_filter ] --START--
INFO: Run Behavior\WriteHtmlCacheBehavior [ RunTime:0.000275s ]
INFO: [ view_filter ] --END-- [ RunTime:0.000377s ]
INFO: [ app_end ] --START--
INFO: Run Behavior\ShowPageTraceBehavior [ RunTime:0.000490s ]
INFO: [ app_end ] --END-- [ RunTime:0.000595s ]

