[ 2015-04-13T10:24:40+08:00 ] 16.165.4.52 /thinkaaron/indexbuyer.php/home/login/login
INFO: [ app_init ] --START--
INFO: Run Behavior\BuildLiteBehavior [ RunTime:0.000042s ]
INFO: [ app_init ] --END-- [ RunTime:0.001987s ]
INFO: [ app_begin ] --START--
INFO: Run Behavior\ReadHtmlCacheBehavior [ RunTime:0.006603s ]
INFO: [ app_begin ] --END-- [ RunTime:0.006831s ]
SQL: SELECT   column_name,   data_type,   column_default,   is_nullable
        FROM    information_schema.tables AS t
        JOIN    information_schema.columns AS c
        ON  t.table_catalog = c.table_catalog
        AND t.table_schema  = c.table_schema
        AND t.table_name    = c.table_name
        WHERE   t.table_name = 'dbo.register' [ RunTime:0.000504s ]
NOTIC: [2] in_array() expects parameter 2 to be array, boolean given C:\wamp\www\thinkaaron\ThinkPHP\Library\Think\Model.class.php 第 918 行.
NOTIC: [2] in_array() expects parameter 2 to be array, boolean given C:\wamp\www\thinkaaron\ThinkPHP\Library\Think\Model.class.php 第 918 行.
NOTIC: [2] in_array() expects parameter 2 to be array, boolean given C:\wamp\www\thinkaaron\ThinkPHP\Library\Think\Model.class.php 第 918 行.
SQL: SELECT T1.* FROM (SELECT thinkphp.*, ROW_NUMBER() OVER ( ORDER BY rand()) AS ROW_NUMBER FROM (SELECT  * FROM dbo.register WHERE ( username='zjiang@hp.com'And password='colinjz123' )) AS thinkphp) AS T1  [ RunTime:0.000325s ]
INFO: [ app_end ] --START--
INFO: Run Behavior\ShowPageTraceBehavior [ RunTime:0.003230s ]
INFO: [ app_end ] --END-- [ RunTime:0.003437s ]

[ 2015-04-13T11:45:45+08:00 ] 16.165.62.173 /thinkaaron/indexbuyer.php/home/login/login
INFO: [ app_init ] --START--
INFO: Run Behavior\BuildLiteBehavior [ RunTime:0.000042s ]
INFO: [ app_init ] --END-- [ RunTime:0.000787s ]
INFO: [ app_begin ] --START--
INFO: Run Behavior\ReadHtmlCacheBehavior [ RunTime:0.001170s ]
INFO: [ app_begin ] --END-- [ RunTime:0.001423s ]
SQL: SELECT   column_name,   data_type,   column_default,   is_nullable
        FROM    information_schema.tables AS t
        JOIN    information_schema.columns AS c
        ON  t.table_catalog = c.table_catalog
        AND t.table_schema  = c.table_schema
        AND t.table_name    = c.table_name
        WHERE   t.table_name = 'dbo.register' [ RunTime:0.000333s ]
NOTIC: [2] in_array() expects parameter 2 to be array, boolean given C:\wamp\www\thinkaaron\ThinkPHP\Library\Think\Model.class.php 第 918 行.
NOTIC: [2] in_array() expects parameter 2 to be array, boolean given C:\wamp\www\thinkaaron\ThinkPHP\Library\Think\Model.class.php 第 918 行.
NOTIC: [2] in_array() expects parameter 2 to be array, boolean given C:\wamp\www\thinkaaron\ThinkPHP\Library\Think\Model.class.php 第 918 行.
SQL: SELECT T1.* FROM (SELECT thinkphp.*, ROW_NUMBER() OVER ( ORDER BY rand()) AS ROW_NUMBER FROM (SELECT  * FROM dbo.register WHERE ( username='aaron'And password='aaron' )) AS thinkphp) AS T1  [ RunTime:0.016482s ]
INFO: [ app_end ] --START--
INFO: Run Behavior\ShowPageTraceBehavior [ RunTime:0.001178s ]
INFO: [ app_end ] --END-- [ RunTime:0.001390s ]

