[ 2015-06-06T02:45:46+08:00 ] 15.105.253.226 /thinkaaron/indexbuyer.php/home/prekit/query
INFO: [ app_init ] --START--
INFO: Run Behavior\BuildLiteBehavior [ RunTime:0.000040s ]
INFO: [ app_init ] --END-- [ RunTime:0.000787s ]
INFO: [ app_begin ] --START--
INFO: Run Behavior\ReadHtmlCacheBehavior [ RunTime:0.001217s ]
INFO: [ app_begin ] --END-- [ RunTime:0.001450s ]
SQL: SELECT   column_name,   data_type,   column_default,   is_nullable
        FROM    information_schema.tables AS t
        JOIN    information_schema.columns AS c
        ON  t.table_catalog = c.table_catalog
        AND t.table_schema  = c.table_schema
        AND t.table_name    = c.table_name
        WHERE   t.table_name = 'dbo.prekit' [ RunTime:0.000326s ]
SQL: SELECT T1.* FROM (SELECT thinkphp.*, ROW_NUMBER() OVER ( ORDER BY rand()) AS ROW_NUMBER FROM (SELECT  * FROM dbo.prekit WHERE ( PLO='1116098330' )) AS thinkphp) AS T1  [ RunTime:0.001579s ]
INFO: [ app_end ] --START--
INFO: Run Behavior\ShowPageTraceBehavior [ RunTime:0.001203s ]
INFO: [ app_end ] --END-- [ RunTime:0.001409s ]

[ 2015-06-06T02:45:50+08:00 ] 15.105.253.226 /thinkaaron/indexbuyer.php/home/prekit/query
INFO: [ app_init ] --START--
INFO: Run Behavior\BuildLiteBehavior [ RunTime:0.000041s ]
INFO: [ app_init ] --END-- [ RunTime:0.000781s ]
INFO: [ app_begin ] --START--
INFO: Run Behavior\ReadHtmlCacheBehavior [ RunTime:0.001120s ]
INFO: [ app_begin ] --END-- [ RunTime:0.001352s ]
SQL: SELECT   column_name,   data_type,   column_default,   is_nullable
        FROM    information_schema.tables AS t
        JOIN    information_schema.columns AS c
        ON  t.table_catalog = c.table_catalog
        AND t.table_schema  = c.table_schema
        AND t.table_name    = c.table_name
        WHERE   t.table_name = 'dbo.prekit' [ RunTime:0.000325s ]
SQL: SELECT T1.* FROM (SELECT thinkphp.*, ROW_NUMBER() OVER ( ORDER BY rand()) AS ROW_NUMBER FROM (SELECT  * FROM dbo.prekit WHERE ( PLO='1116098523' )) AS thinkphp) AS T1  [ RunTime:0.001692s ]
INFO: [ app_end ] --START--
INFO: Run Behavior\ShowPageTraceBehavior [ RunTime:0.001136s ]
INFO: [ app_end ] --END-- [ RunTime:0.001342s ]

[ 2015-06-06T03:33:38+08:00 ] 16.172.244.12 /thinkaaron/indexbuyer.php/home/prekit/query
INFO: [ app_init ] --START--
INFO: Run Behavior\BuildLiteBehavior [ RunTime:0.000041s ]
INFO: [ app_init ] --END-- [ RunTime:0.000846s ]
INFO: [ app_begin ] --START--
INFO: Run Behavior\ReadHtmlCacheBehavior [ RunTime:0.001204s ]
INFO: [ app_begin ] --END-- [ RunTime:0.001437s ]
SQL: SELECT   column_name,   data_type,   column_default,   is_nullable
        FROM    information_schema.tables AS t
        JOIN    information_schema.columns AS c
        ON  t.table_catalog = c.table_catalog
        AND t.table_schema  = c.table_schema
        AND t.table_name    = c.table_name
        WHERE   t.table_name = 'dbo.prekit' [ RunTime:0.000322s ]
SQL: SELECT T1.* FROM (SELECT thinkphp.*, ROW_NUMBER() OVER ( ORDER BY rand()) AS ROW_NUMBER FROM (SELECT  * FROM dbo.prekit WHERE ( PLO='1116098124' )) AS thinkphp) AS T1  [ RunTime:0.000334s ]
INFO: [ app_end ] --START--
INFO: Run Behavior\ShowPageTraceBehavior [ RunTime:0.001208s ]
INFO: [ app_end ] --END-- [ RunTime:0.001412s ]

[ 2015-06-06T03:33:52+08:00 ] 16.172.244.12 /thinkaaron/indexbuyer.php/home/prekit/query
INFO: [ app_init ] --START--
INFO: Run Behavior\BuildLiteBehavior [ RunTime:0.000041s ]
INFO: [ app_init ] --END-- [ RunTime:0.000855s ]
INFO: [ app_begin ] --START--
INFO: Run Behavior\ReadHtmlCacheBehavior [ RunTime:0.001115s ]
INFO: [ app_begin ] --END-- [ RunTime:0.001346s ]
SQL: SELECT   column_name,   data_type,   column_default,   is_nullable
        FROM    information_schema.tables AS t
        JOIN    information_schema.columns AS c
        ON  t.table_catalog = c.table_catalog
        AND t.table_schema  = c.table_schema
        AND t.table_name    = c.table_name
        WHERE   t.table_name = 'dbo.prekit' [ RunTime:0.000365s ]
SQL: SELECT T1.* FROM (SELECT thinkphp.*, ROW_NUMBER() OVER ( ORDER BY rand()) AS ROW_NUMBER FROM (SELECT  * FROM dbo.prekit WHERE ( PLO='1116093361' )) AS thinkphp) AS T1  [ RunTime:0.000221s ]
INFO: [ app_end ] --START--
INFO: Run Behavior\ShowPageTraceBehavior [ RunTime:0.001215s ]
INFO: [ app_end ] --END-- [ RunTime:0.001420s ]

[ 2015-06-06T03:35:48+08:00 ] 16.172.244.12 /thinkaaron/indexbuyer.php/home/prekit/query
INFO: [ app_init ] --START--
INFO: Run Behavior\BuildLiteBehavior [ RunTime:0.000041s ]
INFO: [ app_init ] --END-- [ RunTime:0.000848s ]
INFO: [ app_begin ] --START--
INFO: Run Behavior\ReadHtmlCacheBehavior [ RunTime:0.001187s ]
INFO: [ app_begin ] --END-- [ RunTime:0.001419s ]
SQL: SELECT   column_name,   data_type,   column_default,   is_nullable
        FROM    information_schema.tables AS t
        JOIN    information_schema.columns AS c
        ON  t.table_catalog = c.table_catalog
        AND t.table_schema  = c.table_schema
        AND t.table_name    = c.table_name
        WHERE   t.table_name = 'dbo.prekit' [ RunTime:0.000330s ]
SQL: SELECT T1.* FROM (SELECT thinkphp.*, ROW_NUMBER() OVER ( ORDER BY rand()) AS ROW_NUMBER FROM (SELECT  * FROM dbo.prekit WHERE ( PLO='1116092669' )) AS thinkphp) AS T1  [ RunTime:0.000234s ]
INFO: [ app_end ] --START--
INFO: Run Behavior\ShowPageTraceBehavior [ RunTime:0.001205s ]
INFO: [ app_end ] --END-- [ RunTime:0.001410s ]

[ 2015-06-06T03:37:38+08:00 ] 16.172.244.12 /thinkaaron/indexbuyer.php/home/prekit/query
INFO: [ app_init ] --START--
INFO: Run Behavior\BuildLiteBehavior [ RunTime:0.000041s ]
INFO: [ app_init ] --END-- [ RunTime:0.000782s ]
INFO: [ app_begin ] --START--
INFO: Run Behavior\ReadHtmlCacheBehavior [ RunTime:0.001183s ]
INFO: [ app_begin ] --END-- [ RunTime:0.001414s ]
SQL: SELECT   column_name,   data_type,   column_default,   is_nullable
        FROM    information_schema.tables AS t
        JOIN    information_schema.columns AS c
        ON  t.table_catalog = c.table_catalog
        AND t.table_schema  = c.table_schema
        AND t.table_name    = c.table_name
        WHERE   t.table_name = 'dbo.prekit' [ RunTime:0.000299s ]
SQL: SELECT T1.* FROM (SELECT thinkphp.*, ROW_NUMBER() OVER ( ORDER BY rand()) AS ROW_NUMBER FROM (SELECT  * FROM dbo.prekit WHERE ( PLO='1116095974' )) AS thinkphp) AS T1  [ RunTime:0.000286s ]
INFO: [ app_end ] --START--
INFO: Run Behavior\ShowPageTraceBehavior [ RunTime:0.001216s ]
INFO: [ app_end ] --END-- [ RunTime:0.001421s ]

[ 2015-06-06T03:37:52+08:00 ] 16.172.244.12 /thinkaaron/indexbuyer.php/home/prekit/query
INFO: [ app_init ] --START--
INFO: Run Behavior\BuildLiteBehavior [ RunTime:0.000040s ]
INFO: [ app_init ] --END-- [ RunTime:0.000778s ]
INFO: [ app_begin ] --START--
INFO: Run Behavior\ReadHtmlCacheBehavior [ RunTime:0.001117s ]
INFO: [ app_begin ] --END-- [ RunTime:0.001349s ]
SQL: SELECT   column_name,   data_type,   column_default,   is_nullable
        FROM    information_schema.tables AS t
        JOIN    information_schema.columns AS c
        ON  t.table_catalog = c.table_catalog
        AND t.table_schema  = c.table_schema
        AND t.table_name    = c.table_name
        WHERE   t.table_name = 'dbo.prekit' [ RunTime:0.000360s ]
SQL: SELECT T1.* FROM (SELECT thinkphp.*, ROW_NUMBER() OVER ( ORDER BY rand()) AS ROW_NUMBER FROM (SELECT  * FROM dbo.prekit WHERE ( PLO='1116095975' )) AS thinkphp) AS T1  [ RunTime:0.000352s ]
INFO: [ app_end ] --START--
INFO: Run Behavior\ShowPageTraceBehavior [ RunTime:0.001884s ]
INFO: [ app_end ] --END-- [ RunTime:0.002222s ]

[ 2015-06-06T08:44:22+08:00 ] 16.172.244.13 /thinkaaron/indexbuyer.php/home/prekit/query
INFO: [ app_init ] --START--
INFO: Run Behavior\BuildLiteBehavior [ RunTime:0.002446s ]
INFO: [ app_init ] --END-- [ RunTime:0.041956s ]
INFO: [ app_begin ] --START--
INFO: Run Behavior\ReadHtmlCacheBehavior [ RunTime:0.001705s ]
INFO: [ app_begin ] --END-- [ RunTime:0.002739s ]
SQL: SELECT   column_name,   data_type,   column_default,   is_nullable
        FROM    information_schema.tables AS t
        JOIN    information_schema.columns AS c
        ON  t.table_catalog = c.table_catalog
        AND t.table_schema  = c.table_schema
        AND t.table_name    = c.table_name
        WHERE   t.table_name = 'dbo.prekit' [ RunTime:0.000326s ]
SQL: SELECT T1.* FROM (SELECT thinkphp.*, ROW_NUMBER() OVER ( ORDER BY rand()) AS ROW_NUMBER FROM (SELECT  * FROM dbo.prekit WHERE ( PLO='1116086113' )) AS thinkphp) AS T1  [ RunTime:0.001646s ]
INFO: [ app_end ] --START--
INFO: Run Behavior\ShowPageTraceBehavior [ RunTime:0.003646s ]
INFO: [ app_end ] --END-- [ RunTime:0.005507s ]

[ 2015-06-06T08:45:54+08:00 ] 16.172.244.13 /thinkaaron/indexbuyer.php/home/prekit/query
INFO: [ app_init ] --START--
INFO: Run Behavior\BuildLiteBehavior [ RunTime:0.000040s ]
INFO: [ app_init ] --END-- [ RunTime:0.000786s ]
INFO: [ app_begin ] --START--
INFO: Run Behavior\ReadHtmlCacheBehavior [ RunTime:0.001181s ]
INFO: [ app_begin ] --END-- [ RunTime:0.001414s ]
SQL: SELECT   column_name,   data_type,   column_default,   is_nullable
        FROM    information_schema.tables AS t
        JOIN    information_schema.columns AS c
        ON  t.table_catalog = c.table_catalog
        AND t.table_schema  = c.table_schema
        AND t.table_name    = c.table_name
        WHERE   t.table_name = 'dbo.prekit' [ RunTime:0.000316s ]
SQL: SELECT T1.* FROM (SELECT thinkphp.*, ROW_NUMBER() OVER ( ORDER BY rand()) AS ROW_NUMBER FROM (SELECT  * FROM dbo.prekit WHERE ( PLO='1116074427' )) AS thinkphp) AS T1  [ RunTime:0.001596s ]
INFO: [ app_end ] --START--
INFO: Run Behavior\ShowPageTraceBehavior [ RunTime:0.001205s ]
INFO: [ app_end ] --END-- [ RunTime:0.001410s ]

