[ 2015-03-11T09:38:20+08:00 ] 16.165.4.115 /thinkaaron/indexbuyer.php/home/login/login
INFO: [ app_init ] --START--
INFO: Run Behavior\BuildLiteBehavior [ RunTime:0.000024s ]
INFO: [ app_init ] --END-- [ RunTime:0.000441s ]
INFO: [ app_begin ] --START--
INFO: Run Behavior\ReadHtmlCacheBehavior [ RunTime:0.000762s ]
INFO: [ app_begin ] --END-- [ RunTime:0.000912s ]
SQL: SELECT   column_name,   data_type,   column_default,   is_nullable
        FROM    information_schema.tables AS t
        JOIN    information_schema.columns AS c
        ON  t.table_catalog = c.table_catalog
        AND t.table_schema  = c.table_schema
        AND t.table_name    = c.table_name
        WHERE   t.table_name = 'dbo.register' [ RunTime:0.000319s ]
NOTIC: [2] in_array() expects parameter 2 to be array, boolean given C:\wamp\www\thinkaaron\ThinkPHP\Library\Think\Model.class.php 第 918 行.
NOTIC: [2] in_array() expects parameter 2 to be array, boolean given C:\wamp\www\thinkaaron\ThinkPHP\Library\Think\Model.class.php 第 918 行.
NOTIC: [2] in_array() expects parameter 2 to be array, boolean given C:\wamp\www\thinkaaron\ThinkPHP\Library\Think\Model.class.php 第 918 行.
SQL: SELECT T1.* FROM (SELECT thinkphp.*, ROW_NUMBER() OVER ( ORDER BY rand()) AS ROW_NUMBER FROM (SELECT  * FROM dbo.register WHERE ( username='aaron'And password='aaron' )) AS thinkphp) AS T1  [ RunTime:0.000210s ]
INFO: [ app_end ] --START--
INFO: Run Behavior\ShowPageTraceBehavior [ RunTime:0.001135s ]
INFO: [ app_end ] --END-- [ RunTime:0.001319s ]

[ 2015-03-11T11:27:08+08:00 ] 16.165.0.41 /thinkaaron/indexbuyer.php/home/login/login
INFO: [ app_init ] --START--
INFO: Run Behavior\BuildLiteBehavior [ RunTime:0.000022s ]
INFO: [ app_init ] --END-- [ RunTime:0.000463s ]
INFO: [ app_begin ] --START--
INFO: Run Behavior\ReadHtmlCacheBehavior [ RunTime:0.000659s ]
INFO: [ app_begin ] --END-- [ RunTime:0.000783s ]
SQL: SELECT   column_name,   data_type,   column_default,   is_nullable
        FROM    information_schema.tables AS t
        JOIN    information_schema.columns AS c
        ON  t.table_catalog = c.table_catalog
        AND t.table_schema  = c.table_schema
        AND t.table_name    = c.table_name
        WHERE   t.table_name = 'dbo.register' [ RunTime:0.000245s ]
NOTIC: [2] in_array() expects parameter 2 to be array, boolean given C:\wamp\www\thinkaaron\ThinkPHP\Library\Think\Model.class.php 第 918 行.
NOTIC: [2] in_array() expects parameter 2 to be array, boolean given C:\wamp\www\thinkaaron\ThinkPHP\Library\Think\Model.class.php 第 918 行.
NOTIC: [2] in_array() expects parameter 2 to be array, boolean given C:\wamp\www\thinkaaron\ThinkPHP\Library\Think\Model.class.php 第 918 行.
SQL: SELECT T1.* FROM (SELECT thinkphp.*, ROW_NUMBER() OVER ( ORDER BY rand()) AS ROW_NUMBER FROM (SELECT  * FROM dbo.register WHERE ( username='zjiang@hp.com'And password='colinjz123' )) AS thinkphp) AS T1  [ RunTime:0.000178s ]
INFO: [ app_end ] --START--
INFO: Run Behavior\ShowPageTraceBehavior [ RunTime:0.000654s ]
INFO: [ app_end ] --END-- [ RunTime:0.000760s ]

[ 2015-03-11T13:47:04+08:00 ] 16.165.61.31 /thinkaaron/indexbuyer.php/home/login/login
INFO: [ app_init ] --START--
INFO: Run Behavior\BuildLiteBehavior [ RunTime:0.000036s ]
INFO: [ app_init ] --END-- [ RunTime:0.000628s ]
INFO: [ app_begin ] --START--
INFO: Run Behavior\ReadHtmlCacheBehavior [ RunTime:0.000952s ]
INFO: [ app_begin ] --END-- [ RunTime:0.001145s ]
SQL: SELECT   column_name,   data_type,   column_default,   is_nullable
        FROM    information_schema.tables AS t
        JOIN    information_schema.columns AS c
        ON  t.table_catalog = c.table_catalog
        AND t.table_schema  = c.table_schema
        AND t.table_name    = c.table_name
        WHERE   t.table_name = 'dbo.register' [ RunTime:0.000296s ]
NOTIC: [2] in_array() expects parameter 2 to be array, boolean given C:\wamp\www\thinkaaron\ThinkPHP\Library\Think\Model.class.php 第 918 行.
NOTIC: [2] in_array() expects parameter 2 to be array, boolean given C:\wamp\www\thinkaaron\ThinkPHP\Library\Think\Model.class.php 第 918 行.
NOTIC: [2] in_array() expects parameter 2 to be array, boolean given C:\wamp\www\thinkaaron\ThinkPHP\Library\Think\Model.class.php 第 918 行.
SQL: SELECT T1.* FROM (SELECT thinkphp.*, ROW_NUMBER() OVER ( ORDER BY rand()) AS ROW_NUMBER FROM (SELECT  * FROM dbo.register WHERE ( username='aaron'And password='aaron' )) AS thinkphp) AS T1  [ RunTime:0.000286s ]
INFO: [ app_end ] --START--
INFO: Run Behavior\ShowPageTraceBehavior [ RunTime:0.000946s ]
INFO: [ app_end ] --END-- [ RunTime:0.001118s ]

[ 2015-03-11T14:14:43+08:00 ] 16.165.61.31 /thinkaaron/indexbuyer.php/home/login/login
INFO: [ app_init ] --START--
INFO: Run Behavior\BuildLiteBehavior [ RunTime:0.000036s ]
INFO: [ app_init ] --END-- [ RunTime:0.000618s ]
INFO: [ app_begin ] --START--
INFO: Run Behavior\ReadHtmlCacheBehavior [ RunTime:0.001122s ]
INFO: [ app_begin ] --END-- [ RunTime:0.001314s ]
SQL: SELECT   column_name,   data_type,   column_default,   is_nullable
        FROM    information_schema.tables AS t
        JOIN    information_schema.columns AS c
        ON  t.table_catalog = c.table_catalog
        AND t.table_schema  = c.table_schema
        AND t.table_name    = c.table_name
        WHERE   t.table_name = 'dbo.register' [ RunTime:0.000318s ]
NOTIC: [2] in_array() expects parameter 2 to be array, boolean given C:\wamp\www\thinkaaron\ThinkPHP\Library\Think\Model.class.php 第 918 行.
NOTIC: [2] in_array() expects parameter 2 to be array, boolean given C:\wamp\www\thinkaaron\ThinkPHP\Library\Think\Model.class.php 第 918 行.
NOTIC: [2] in_array() expects parameter 2 to be array, boolean given C:\wamp\www\thinkaaron\ThinkPHP\Library\Think\Model.class.php 第 918 行.
SQL: SELECT T1.* FROM (SELECT thinkphp.*, ROW_NUMBER() OVER ( ORDER BY rand()) AS ROW_NUMBER FROM (SELECT  * FROM dbo.register WHERE ( username='aaron'And password='aaron' )) AS thinkphp) AS T1  [ RunTime:0.000206s ]
INFO: [ app_end ] --START--
INFO: Run Behavior\ShowPageTraceBehavior [ RunTime:0.001037s ]
INFO: [ app_end ] --END-- [ RunTime:0.001176s ]

[ 2015-03-11T16:52:10+08:00 ] 16.165.61.31 /thinkaaron/indexbuyer.php/home/login/login
INFO: [ app_init ] --START--
INFO: Run Behavior\BuildLiteBehavior [ RunTime:0.000023s ]
INFO: [ app_init ] --END-- [ RunTime:0.000423s ]
INFO: [ app_begin ] --START--
INFO: Run Behavior\ReadHtmlCacheBehavior [ RunTime:0.000651s ]
INFO: [ app_begin ] --END-- [ RunTime:0.000785s ]
SQL: SELECT   column_name,   data_type,   column_default,   is_nullable
        FROM    information_schema.tables AS t
        JOIN    information_schema.columns AS c
        ON  t.table_catalog = c.table_catalog
        AND t.table_schema  = c.table_schema
        AND t.table_name    = c.table_name
        WHERE   t.table_name = 'dbo.register' [ RunTime:0.000246s ]
INFO: [ view_parse ] --START--
INFO: [ template_filter ] --START--
INFO: Run Behavior\ContentReplaceBehavior [ RunTime:0.000062s ]
INFO: [ template_filter ] --END-- [ RunTime:0.000176s ]
INFO: Run Behavior\ParseTemplateBehavior [ RunTime:0.011958s ]
INFO: [ view_parse ] --END-- [ RunTime:0.012071s ]
INFO: [ view_filter ] --START--
INFO: Run Behavior\WriteHtmlCacheBehavior [ RunTime:0.000407s ]
INFO: [ view_filter ] --END-- [ RunTime:0.000510s ]
INFO: [ app_end ] --START--
INFO: Run Behavior\ShowPageTraceBehavior [ RunTime:0.000638s ]
INFO: [ app_end ] --END-- [ RunTime:0.000744s ]

[ 2015-03-11T16:52:19+08:00 ] 16.165.61.31 /thinkaaron/indexbuyer.php/home/login/login
INFO: [ app_init ] --START--
INFO: Run Behavior\BuildLiteBehavior [ RunTime:0.000022s ]
INFO: [ app_init ] --END-- [ RunTime:0.000420s ]
INFO: [ app_begin ] --START--
INFO: Run Behavior\ReadHtmlCacheBehavior [ RunTime:0.000634s ]
INFO: [ app_begin ] --END-- [ RunTime:0.000763s ]
SQL: SELECT   column_name,   data_type,   column_default,   is_nullable
        FROM    information_schema.tables AS t
        JOIN    information_schema.columns AS c
        ON  t.table_catalog = c.table_catalog
        AND t.table_schema  = c.table_schema
        AND t.table_name    = c.table_name
        WHERE   t.table_name = 'dbo.register' [ RunTime:0.000330s ]
NOTIC: [2] in_array() expects parameter 2 to be array, boolean given C:\wamp\www\thinkaaron\ThinkPHP\Library\Think\Model.class.php 第 918 行.
NOTIC: [2] in_array() expects parameter 2 to be array, boolean given C:\wamp\www\thinkaaron\ThinkPHP\Library\Think\Model.class.php 第 918 行.
NOTIC: [2] in_array() expects parameter 2 to be array, boolean given C:\wamp\www\thinkaaron\ThinkPHP\Library\Think\Model.class.php 第 918 行.
SQL: SELECT T1.* FROM (SELECT thinkphp.*, ROW_NUMBER() OVER ( ORDER BY rand()) AS ROW_NUMBER FROM (SELECT  * FROM dbo.register WHERE ( username='aaron'And password='aaron' )) AS thinkphp) AS T1  [ RunTime:0.000207s ]
INFO: [ app_end ] --START--
INFO: Run Behavior\ShowPageTraceBehavior [ RunTime:0.000630s ]
INFO: [ app_end ] --END-- [ RunTime:0.000732s ]

