[ 2015-10-07T08:24:34+08:00 ] 16.172.244.13 /thinkaaron/indexbuyer.php/home/prekit/query
INFO: [ app_init ] --START--
INFO: Run Behavior\BuildLiteBehavior [ RunTime:0.000041s ]
INFO: [ app_init ] --END-- [ RunTime:0.000664s ]
INFO: [ app_begin ] --START--
INFO: Run Behavior\ReadHtmlCacheBehavior [ RunTime:0.000924s ]
INFO: [ app_begin ] --END-- [ RunTime:0.001151s ]
SQL: SELECT   column_name,   data_type,   column_default,   is_nullable
        FROM    information_schema.tables AS t
        JOIN    information_schema.columns AS c
        ON  t.table_catalog = c.table_catalog
        AND t.table_schema  = c.table_schema
        AND t.table_name    = c.table_name
        WHERE   t.table_name = 'dbo.prekit' [ RunTime:0.000566s ]
SQL: SELECT T1.* FROM (SELECT thinkphp.*, ROW_NUMBER() OVER ( ORDER BY rand()) AS ROW_NUMBER FROM (SELECT  * FROM dbo.prekit WHERE ( PLO='5000117142' )) AS thinkphp) AS T1  [ RunTime:0.022100s ]
INFO: [ app_end ] --START--
INFO: Run Behavior\ShowPageTraceBehavior [ RunTime:0.000959s ]
INFO: [ app_end ] --END-- [ RunTime:0.001270s ]

[ 2015-10-07T08:24:36+08:00 ] 16.172.244.13 /thinkaaron/indexbuyer.php/home/prekit/query
INFO: [ app_init ] --START--
INFO: Run Behavior\BuildLiteBehavior [ RunTime:0.000040s ]
INFO: [ app_init ] --END-- [ RunTime:0.000659s ]
INFO: [ app_begin ] --START--
INFO: Run Behavior\ReadHtmlCacheBehavior [ RunTime:0.000892s ]
INFO: [ app_begin ] --END-- [ RunTime:0.001119s ]
SQL: SELECT   column_name,   data_type,   column_default,   is_nullable
        FROM    information_schema.tables AS t
        JOIN    information_schema.columns AS c
        ON  t.table_catalog = c.table_catalog
        AND t.table_schema  = c.table_schema
        AND t.table_name    = c.table_name
        WHERE   t.table_name = 'dbo.prekit' [ RunTime:0.000274s ]
SQL: SELECT T1.* FROM (SELECT thinkphp.*, ROW_NUMBER() OVER ( ORDER BY rand()) AS ROW_NUMBER FROM (SELECT  * FROM dbo.prekit WHERE ( PLO='5000117141' )) AS thinkphp) AS T1  [ RunTime:0.001492s ]
INFO: [ app_end ] --START--
INFO: Run Behavior\ShowPageTraceBehavior [ RunTime:0.000908s ]
INFO: [ app_end ] --END-- [ RunTime:0.001110s ]

[ 2015-10-07T08:24:39+08:00 ] 16.172.244.13 /thinkaaron/indexbuyer.php/home/prekit/query
INFO: [ app_init ] --START--
INFO: Run Behavior\BuildLiteBehavior [ RunTime:0.000040s ]
INFO: [ app_init ] --END-- [ RunTime:0.000659s ]
INFO: [ app_begin ] --START--
INFO: Run Behavior\ReadHtmlCacheBehavior [ RunTime:0.000868s ]
INFO: [ app_begin ] --END-- [ RunTime:0.001093s ]
SQL: SELECT   column_name,   data_type,   column_default,   is_nullable
        FROM    information_schema.tables AS t
        JOIN    information_schema.columns AS c
        ON  t.table_catalog = c.table_catalog
        AND t.table_schema  = c.table_schema
        AND t.table_name    = c.table_name
        WHERE   t.table_name = 'dbo.prekit' [ RunTime:0.000267s ]
SQL: SELECT T1.* FROM (SELECT thinkphp.*, ROW_NUMBER() OVER ( ORDER BY rand()) AS ROW_NUMBER FROM (SELECT  * FROM dbo.prekit WHERE ( PLO='5000119024' )) AS thinkphp) AS T1  [ RunTime:0.001062s ]
INFO: [ app_end ] --START--
INFO: Run Behavior\ShowPageTraceBehavior [ RunTime:0.000908s ]
INFO: [ app_end ] --END-- [ RunTime:0.001111s ]

[ 2015-10-07T08:24:42+08:00 ] 16.172.244.13 /thinkaaron/indexbuyer.php/home/prekit/query
INFO: [ app_init ] --START--
INFO: Run Behavior\BuildLiteBehavior [ RunTime:0.000041s ]
INFO: [ app_init ] --END-- [ RunTime:0.000660s ]
INFO: [ app_begin ] --START--
INFO: Run Behavior\ReadHtmlCacheBehavior [ RunTime:0.000869s ]
INFO: [ app_begin ] --END-- [ RunTime:0.001094s ]
SQL: SELECT   column_name,   data_type,   column_default,   is_nullable
        FROM    information_schema.tables AS t
        JOIN    information_schema.columns AS c
        ON  t.table_catalog = c.table_catalog
        AND t.table_schema  = c.table_schema
        AND t.table_name    = c.table_name
        WHERE   t.table_name = 'dbo.prekit' [ RunTime:0.000280s ]
SQL: SELECT T1.* FROM (SELECT thinkphp.*, ROW_NUMBER() OVER ( ORDER BY rand()) AS ROW_NUMBER FROM (SELECT  * FROM dbo.prekit WHERE ( PLO='5000119025' )) AS thinkphp) AS T1  [ RunTime:0.001521s ]
INFO: [ app_end ] --START--
INFO: Run Behavior\ShowPageTraceBehavior [ RunTime:0.000909s ]
INFO: [ app_end ] --END-- [ RunTime:0.001111s ]

[ 2015-10-07T08:26:35+08:00 ] 16.172.244.13 /thinkaaron/indexbuyer.php/home/prekit/query
INFO: [ app_init ] --START--
INFO: Run Behavior\BuildLiteBehavior [ RunTime:0.000022s ]
INFO: [ app_init ] --END-- [ RunTime:0.000352s ]
INFO: [ app_begin ] --START--
INFO: Run Behavior\ReadHtmlCacheBehavior [ RunTime:0.000476s ]
INFO: [ app_begin ] --END-- [ RunTime:0.000595s ]
SQL: SELECT   column_name,   data_type,   column_default,   is_nullable
        FROM    information_schema.tables AS t
        JOIN    information_schema.columns AS c
        ON  t.table_catalog = c.table_catalog
        AND t.table_schema  = c.table_schema
        AND t.table_name    = c.table_name
        WHERE   t.table_name = 'dbo.prekit' [ RunTime:0.000261s ]
SQL: SELECT T1.* FROM (SELECT thinkphp.*, ROW_NUMBER() OVER ( ORDER BY rand()) AS ROW_NUMBER FROM (SELECT  * FROM dbo.prekit WHERE ( PLO='5000121815' )) AS thinkphp) AS T1  [ RunTime:0.001600s ]
INFO: [ app_end ] --START--
INFO: Run Behavior\ShowPageTraceBehavior [ RunTime:0.000494s ]
INFO: [ app_end ] --END-- [ RunTime:0.000598s ]

[ 2015-10-07T08:26:39+08:00 ] 16.172.244.13 /thinkaaron/indexbuyer.php/home/prekit/query
INFO: [ app_init ] --START--
INFO: Run Behavior\BuildLiteBehavior [ RunTime:0.000021s ]
INFO: [ app_init ] --END-- [ RunTime:0.000353s ]
INFO: [ app_begin ] --START--
INFO: Run Behavior\ReadHtmlCacheBehavior [ RunTime:0.000460s ]
INFO: [ app_begin ] --END-- [ RunTime:0.000578s ]
SQL: SELECT   column_name,   data_type,   column_default,   is_nullable
        FROM    information_schema.tables AS t
        JOIN    information_schema.columns AS c
        ON  t.table_catalog = c.table_catalog
        AND t.table_schema  = c.table_schema
        AND t.table_name    = c.table_name
        WHERE   t.table_name = 'dbo.prekit' [ RunTime:0.000202s ]
SQL: SELECT T1.* FROM (SELECT thinkphp.*, ROW_NUMBER() OVER ( ORDER BY rand()) AS ROW_NUMBER FROM (SELECT  * FROM dbo.prekit WHERE ( PLO='5000085699' )) AS thinkphp) AS T1  [ RunTime:0.000926s ]
INFO: [ app_end ] --START--
INFO: Run Behavior\ShowPageTraceBehavior [ RunTime:0.000487s ]
INFO: [ app_end ] --END-- [ RunTime:0.000590s ]

[ 2015-10-07T08:26:54+08:00 ] 16.172.244.13 /thinkaaron/indexbuyer.php/home/prekit/query
INFO: [ app_init ] --START--
INFO: Run Behavior\BuildLiteBehavior [ RunTime:0.000022s ]
INFO: [ app_init ] --END-- [ RunTime:0.000350s ]
INFO: [ app_begin ] --START--
INFO: Run Behavior\ReadHtmlCacheBehavior [ RunTime:0.000459s ]
INFO: [ app_begin ] --END-- [ RunTime:0.000578s ]
SQL: SELECT   column_name,   data_type,   column_default,   is_nullable
        FROM    information_schema.tables AS t
        JOIN    information_schema.columns AS c
        ON  t.table_catalog = c.table_catalog
        AND t.table_schema  = c.table_schema
        AND t.table_name    = c.table_name
        WHERE   t.table_name = 'dbo.prekit' [ RunTime:0.000281s ]
SQL: SELECT T1.* FROM (SELECT thinkphp.*, ROW_NUMBER() OVER ( ORDER BY rand()) AS ROW_NUMBER FROM (SELECT  * FROM dbo.prekit WHERE ( PLO='5000086653' )) AS thinkphp) AS T1  [ RunTime:0.001611s ]
INFO: [ app_end ] --START--
INFO: Run Behavior\ShowPageTraceBehavior [ RunTime:0.000476s ]
INFO: [ app_end ] --END-- [ RunTime:0.000580s ]

[ 2015-10-07T08:27:04+08:00 ] 16.172.244.13 /thinkaaron/indexbuyer.php/home/prekit/query
INFO: [ app_init ] --START--
INFO: Run Behavior\BuildLiteBehavior [ RunTime:0.000021s ]
INFO: [ app_init ] --END-- [ RunTime:0.000352s ]
INFO: [ app_begin ] --START--
INFO: Run Behavior\ReadHtmlCacheBehavior [ RunTime:0.000455s ]
INFO: [ app_begin ] --END-- [ RunTime:0.000575s ]
SQL: SELECT   column_name,   data_type,   column_default,   is_nullable
        FROM    information_schema.tables AS t
        JOIN    information_schema.columns AS c
        ON  t.table_catalog = c.table_catalog
        AND t.table_schema  = c.table_schema
        AND t.table_name    = c.table_name
        WHERE   t.table_name = 'dbo.prekit' [ RunTime:0.000197s ]
SQL: SELECT T1.* FROM (SELECT thinkphp.*, ROW_NUMBER() OVER ( ORDER BY rand()) AS ROW_NUMBER FROM (SELECT  * FROM dbo.prekit WHERE ( PLO='5000087046' )) AS thinkphp) AS T1  [ RunTime:0.000945s ]
INFO: [ app_end ] --START--
INFO: Run Behavior\ShowPageTraceBehavior [ RunTime:0.000485s ]
INFO: [ app_end ] --END-- [ RunTime:0.000589s ]

[ 2015-10-07T08:27:07+08:00 ] 16.172.244.13 /thinkaaron/indexbuyer.php/home/prekit/query
INFO: [ app_init ] --START--
INFO: Run Behavior\BuildLiteBehavior [ RunTime:0.000024s ]
INFO: [ app_init ] --END-- [ RunTime:0.000377s ]
INFO: [ app_begin ] --START--
INFO: Run Behavior\ReadHtmlCacheBehavior [ RunTime:0.001714s ]
INFO: [ app_begin ] --END-- [ RunTime:0.001853s ]
SQL: SELECT   column_name,   data_type,   column_default,   is_nullable
        FROM    information_schema.tables AS t
        JOIN    information_schema.columns AS c
        ON  t.table_catalog = c.table_catalog
        AND t.table_schema  = c.table_schema
        AND t.table_name    = c.table_name
        WHERE   t.table_name = 'dbo.prekit' [ RunTime:0.000268s ]
SQL: SELECT T1.* FROM (SELECT thinkphp.*, ROW_NUMBER() OVER ( ORDER BY rand()) AS ROW_NUMBER FROM (SELECT  * FROM dbo.prekit WHERE ( PLO='5000087373' )) AS thinkphp) AS T1  [ RunTime:0.001612s ]
INFO: [ app_end ] --START--
INFO: Run Behavior\ShowPageTraceBehavior [ RunTime:0.000486s ]
INFO: [ app_end ] --END-- [ RunTime:0.000601s ]

[ 2015-10-07T08:27:21+08:00 ] 16.172.244.13 /thinkaaron/indexbuyer.php/home/prekit/query
INFO: [ app_init ] --START--
INFO: Run Behavior\BuildLiteBehavior [ RunTime:0.000025s ]
INFO: [ app_init ] --END-- [ RunTime:0.000381s ]
INFO: [ app_begin ] --START--
INFO: Run Behavior\ReadHtmlCacheBehavior [ RunTime:0.000469s ]
INFO: [ app_begin ] --END-- [ RunTime:0.000609s ]
SQL: SELECT   column_name,   data_type,   column_default,   is_nullable
        FROM    information_schema.tables AS t
        JOIN    information_schema.columns AS c
        ON  t.table_catalog = c.table_catalog
        AND t.table_schema  = c.table_schema
        AND t.table_name    = c.table_name
        WHERE   t.table_name = 'dbo.prekit' [ RunTime:0.000217s ]
SQL: SELECT T1.* FROM (SELECT thinkphp.*, ROW_NUMBER() OVER ( ORDER BY rand()) AS ROW_NUMBER FROM (SELECT  * FROM dbo.prekit WHERE ( PLO='5000086186' )) AS thinkphp) AS T1  [ RunTime:0.000933s ]
INFO: [ app_end ] --START--
INFO: Run Behavior\ShowPageTraceBehavior [ RunTime:0.000491s ]
INFO: [ app_end ] --END-- [ RunTime:0.000606s ]

[ 2015-10-07T08:27:25+08:00 ] 16.172.244.13 /thinkaaron/indexbuyer.php/home/prekit/query
INFO: [ app_init ] --START--
INFO: Run Behavior\BuildLiteBehavior [ RunTime:0.000024s ]
INFO: [ app_init ] --END-- [ RunTime:0.000374s ]
INFO: [ app_begin ] --START--
INFO: Run Behavior\ReadHtmlCacheBehavior [ RunTime:0.000471s ]
INFO: [ app_begin ] --END-- [ RunTime:0.000607s ]
SQL: SELECT   column_name,   data_type,   column_default,   is_nullable
        FROM    information_schema.tables AS t
        JOIN    information_schema.columns AS c
        ON  t.table_catalog = c.table_catalog
        AND t.table_schema  = c.table_schema
        AND t.table_name    = c.table_name
        WHERE   t.table_name = 'dbo.prekit' [ RunTime:0.000249s ]
SQL: SELECT T1.* FROM (SELECT thinkphp.*, ROW_NUMBER() OVER ( ORDER BY rand()) AS ROW_NUMBER FROM (SELECT  * FROM dbo.prekit WHERE ( PLO='5000086187' )) AS thinkphp) AS T1  [ RunTime:0.001500s ]
INFO: [ app_end ] --START--
INFO: Run Behavior\ShowPageTraceBehavior [ RunTime:0.000490s ]
INFO: [ app_end ] --END-- [ RunTime:0.000603s ]

[ 2015-10-07T08:27:40+08:00 ] 16.172.244.13 /thinkaaron/indexbuyer.php/home/prekit/query
INFO: [ app_init ] --START--
INFO: Run Behavior\BuildLiteBehavior [ RunTime:0.000025s ]
INFO: [ app_init ] --END-- [ RunTime:0.000370s ]
INFO: [ app_begin ] --START--
INFO: Run Behavior\ReadHtmlCacheBehavior [ RunTime:0.000526s ]
INFO: [ app_begin ] --END-- [ RunTime:0.001798s ]
SQL: SELECT   column_name,   data_type,   column_default,   is_nullable
        FROM    information_schema.tables AS t
        JOIN    information_schema.columns AS c
        ON  t.table_catalog = c.table_catalog
        AND t.table_schema  = c.table_schema
        AND t.table_name    = c.table_name
        WHERE   t.table_name = 'dbo.prekit' [ RunTime:0.000223s ]
SQL: SELECT T1.* FROM (SELECT thinkphp.*, ROW_NUMBER() OVER ( ORDER BY rand()) AS ROW_NUMBER FROM (SELECT  * FROM dbo.prekit WHERE ( PLO='5000087253' )) AS thinkphp) AS T1  [ RunTime:0.000931s ]
INFO: [ app_end ] --START--
INFO: Run Behavior\ShowPageTraceBehavior [ RunTime:0.000491s ]
INFO: [ app_end ] --END-- [ RunTime:0.000608s ]

[ 2015-10-07T08:27:46+08:00 ] 16.172.244.13 /thinkaaron/indexbuyer.php/home/prekit/query
INFO: [ app_init ] --START--
INFO: Run Behavior\BuildLiteBehavior [ RunTime:0.000023s ]
INFO: [ app_init ] --END-- [ RunTime:0.000368s ]
INFO: [ app_begin ] --START--
INFO: Run Behavior\ReadHtmlCacheBehavior [ RunTime:0.000470s ]
INFO: [ app_begin ] --END-- [ RunTime:0.000597s ]
SQL: SELECT   column_name,   data_type,   column_default,   is_nullable
        FROM    information_schema.tables AS t
        JOIN    information_schema.columns AS c
        ON  t.table_catalog = c.table_catalog
        AND t.table_schema  = c.table_schema
        AND t.table_name    = c.table_name
        WHERE   t.table_name = 'dbo.prekit' [ RunTime:0.000283s ]
SQL: SELECT T1.* FROM (SELECT thinkphp.*, ROW_NUMBER() OVER ( ORDER BY rand()) AS ROW_NUMBER FROM (SELECT  * FROM dbo.prekit WHERE ( PLO='5000085575' )) AS thinkphp) AS T1  [ RunTime:0.001601s ]
INFO: [ app_end ] --START--
INFO: Run Behavior\ShowPageTraceBehavior [ RunTime:0.000486s ]
INFO: [ app_end ] --END-- [ RunTime:0.000599s ]

[ 2015-10-07T08:27:50+08:00 ] 16.172.244.13 /thinkaaron/indexbuyer.php/home/prekit/query
INFO: [ app_init ] --START--
INFO: Run Behavior\BuildLiteBehavior [ RunTime:0.000023s ]
INFO: [ app_init ] --END-- [ RunTime:0.000365s ]
INFO: [ app_begin ] --START--
INFO: Run Behavior\ReadHtmlCacheBehavior [ RunTime:0.000477s ]
INFO: [ app_begin ] --END-- [ RunTime:0.000601s ]
SQL: SELECT   column_name,   data_type,   column_default,   is_nullable
        FROM    information_schema.tables AS t
        JOIN    information_schema.columns AS c
        ON  t.table_catalog = c.table_catalog
        AND t.table_schema  = c.table_schema
        AND t.table_name    = c.table_name
        WHERE   t.table_name = 'dbo.prekit' [ RunTime:0.000196s ]
SQL: SELECT T1.* FROM (SELECT thinkphp.*, ROW_NUMBER() OVER ( ORDER BY rand()) AS ROW_NUMBER FROM (SELECT  * FROM dbo.prekit WHERE ( PLO='5000087047' )) AS thinkphp) AS T1  [ RunTime:0.000921s ]
INFO: [ app_end ] --START--
INFO: Run Behavior\ShowPageTraceBehavior [ RunTime:0.000505s ]
INFO: [ app_end ] --END-- [ RunTime:0.000619s ]

[ 2015-10-07T08:27:55+08:00 ] 16.172.244.13 /thinkaaron/indexbuyer.php/home/prekit/query
INFO: [ app_init ] --START--
INFO: Run Behavior\BuildLiteBehavior [ RunTime:0.000023s ]
INFO: [ app_init ] --END-- [ RunTime:0.000366s ]
INFO: [ app_begin ] --START--
INFO: Run Behavior\ReadHtmlCacheBehavior [ RunTime:0.000470s ]
INFO: [ app_begin ] --END-- [ RunTime:0.000599s ]
SQL: SELECT   column_name,   data_type,   column_default,   is_nullable
        FROM    information_schema.tables AS t
        JOIN    information_schema.columns AS c
        ON  t.table_catalog = c.table_catalog
        AND t.table_schema  = c.table_schema
        AND t.table_name    = c.table_name
        WHERE   t.table_name = 'dbo.prekit' [ RunTime:0.000235s ]
SQL: SELECT T1.* FROM (SELECT thinkphp.*, ROW_NUMBER() OVER ( ORDER BY rand()) AS ROW_NUMBER FROM (SELECT  * FROM dbo.prekit WHERE ( PLO='5000087200' )) AS thinkphp) AS T1  [ RunTime:0.001372s ]
INFO: [ app_end ] --START--
INFO: Run Behavior\ShowPageTraceBehavior [ RunTime:0.000503s ]
INFO: [ app_end ] --END-- [ RunTime:0.000619s ]

[ 2015-10-07T08:27:59+08:00 ] 16.172.244.13 /thinkaaron/indexbuyer.php/home/prekit/query
INFO: [ app_init ] --START--
INFO: Run Behavior\BuildLiteBehavior [ RunTime:0.000021s ]
INFO: [ app_init ] --END-- [ RunTime:0.000356s ]
INFO: [ app_begin ] --START--
INFO: Run Behavior\ReadHtmlCacheBehavior [ RunTime:0.000457s ]
INFO: [ app_begin ] --END-- [ RunTime:0.000575s ]
SQL: SELECT   column_name,   data_type,   column_default,   is_nullable
        FROM    information_schema.tables AS t
        JOIN    information_schema.columns AS c
        ON  t.table_catalog = c.table_catalog
        AND t.table_schema  = c.table_schema
        AND t.table_name    = c.table_name
        WHERE   t.table_name = 'dbo.prekit' [ RunTime:0.000224s ]
SQL: SELECT T1.* FROM (SELECT thinkphp.*, ROW_NUMBER() OVER ( ORDER BY rand()) AS ROW_NUMBER FROM (SELECT  * FROM dbo.prekit WHERE ( PLO='5000088009' )) AS thinkphp) AS T1  [ RunTime:0.000933s ]
INFO: [ app_end ] --START--
INFO: Run Behavior\ShowPageTraceBehavior [ RunTime:0.000478s ]
INFO: [ app_end ] --END-- [ RunTime:0.000581s ]

[ 2015-10-07T08:28:03+08:00 ] 16.172.244.13 /thinkaaron/indexbuyer.php/home/prekit/query
INFO: [ app_init ] --START--
INFO: Run Behavior\BuildLiteBehavior [ RunTime:0.000022s ]
INFO: [ app_init ] --END-- [ RunTime:0.000352s ]
INFO: [ app_begin ] --START--
INFO: Run Behavior\ReadHtmlCacheBehavior [ RunTime:0.000457s ]
INFO: [ app_begin ] --END-- [ RunTime:0.000576s ]
SQL: SELECT   column_name,   data_type,   column_default,   is_nullable
        FROM    information_schema.tables AS t
        JOIN    information_schema.columns AS c
        ON  t.table_catalog = c.table_catalog
        AND t.table_schema  = c.table_schema
        AND t.table_name    = c.table_name
        WHERE   t.table_name = 'dbo.prekit' [ RunTime:0.000280s ]
SQL: SELECT T1.* FROM (SELECT thinkphp.*, ROW_NUMBER() OVER ( ORDER BY rand()) AS ROW_NUMBER FROM (SELECT  * FROM dbo.prekit WHERE ( PLO='5000086654' )) AS thinkphp) AS T1  [ RunTime:0.001584s ]
INFO: [ app_end ] --START--
INFO: Run Behavior\ShowPageTraceBehavior [ RunTime:0.000473s ]
INFO: [ app_end ] --END-- [ RunTime:0.000576s ]

[ 2015-10-07T08:28:07+08:00 ] 16.172.244.13 /thinkaaron/indexbuyer.php/home/prekit/query
INFO: [ app_init ] --START--
INFO: Run Behavior\BuildLiteBehavior [ RunTime:0.000020s ]
INFO: [ app_init ] --END-- [ RunTime:0.000347s ]
INFO: [ app_begin ] --START--
INFO: Run Behavior\ReadHtmlCacheBehavior [ RunTime:0.000454s ]
INFO: [ app_begin ] --END-- [ RunTime:0.000571s ]
SQL: SELECT   column_name,   data_type,   column_default,   is_nullable
        FROM    information_schema.tables AS t
        JOIN    information_schema.columns AS c
        ON  t.table_catalog = c.table_catalog
        AND t.table_schema  = c.table_schema
        AND t.table_name    = c.table_name
        WHERE   t.table_name = 'dbo.prekit' [ RunTime:0.000189s ]
SQL: SELECT T1.* FROM (SELECT thinkphp.*, ROW_NUMBER() OVER ( ORDER BY rand()) AS ROW_NUMBER FROM (SELECT  * FROM dbo.prekit WHERE ( PLO='5000087254' )) AS thinkphp) AS T1  [ RunTime:0.000913s ]
INFO: [ app_end ] --START--
INFO: Run Behavior\ShowPageTraceBehavior [ RunTime:0.000476s ]
INFO: [ app_end ] --END-- [ RunTime:0.000579s ]

[ 2015-10-07T08:34:42+08:00 ] 16.172.244.13 /thinkaaron/indexbuyer.php/home/prekit/query
INFO: [ app_init ] --START--
INFO: Run Behavior\BuildLiteBehavior [ RunTime:0.000021s ]
INFO: [ app_init ] --END-- [ RunTime:0.000353s ]
INFO: [ app_begin ] --START--
INFO: Run Behavior\ReadHtmlCacheBehavior [ RunTime:0.000476s ]
INFO: [ app_begin ] --END-- [ RunTime:0.000595s ]
SQL: SELECT   column_name,   data_type,   column_default,   is_nullable
        FROM    information_schema.tables AS t
        JOIN    information_schema.columns AS c
        ON  t.table_catalog = c.table_catalog
        AND t.table_schema  = c.table_schema
        AND t.table_name    = c.table_name
        WHERE   t.table_name = 'dbo.prekit' [ RunTime:0.000202s ]
SQL: SELECT T1.* FROM (SELECT thinkphp.*, ROW_NUMBER() OVER ( ORDER BY rand()) AS ROW_NUMBER FROM (SELECT  * FROM dbo.prekit WHERE ( PLO='5000083656' )) AS thinkphp) AS T1  [ RunTime:0.000944s ]
INFO: [ app_end ] --START--
INFO: Run Behavior\ShowPageTraceBehavior [ RunTime:0.000515s ]
INFO: [ app_end ] --END-- [ RunTime:0.000620s ]

[ 2015-10-07T08:35:17+08:00 ] 16.172.244.13 /thinkaaron/indexbuyer.php/home/prekit/query
INFO: [ app_init ] --START--
INFO: Run Behavior\BuildLiteBehavior [ RunTime:0.000021s ]
INFO: [ app_init ] --END-- [ RunTime:0.000353s ]
INFO: [ app_begin ] --START--
INFO: Run Behavior\ReadHtmlCacheBehavior [ RunTime:0.000457s ]
INFO: [ app_begin ] --END-- [ RunTime:0.000575s ]
SQL: SELECT   column_name,   data_type,   column_default,   is_nullable
        FROM    information_schema.tables AS t
        JOIN    information_schema.columns AS c
        ON  t.table_catalog = c.table_catalog
        AND t.table_schema  = c.table_schema
        AND t.table_name    = c.table_name
        WHERE   t.table_name = 'dbo.prekit' [ RunTime:0.000267s ]
SQL: SELECT T1.* FROM (SELECT thinkphp.*, ROW_NUMBER() OVER ( ORDER BY rand()) AS ROW_NUMBER FROM (SELECT  * FROM dbo.prekit WHERE ( PLO='5000086280' )) AS thinkphp) AS T1  [ RunTime:0.001616s ]
INFO: [ app_end ] --START--
INFO: Run Behavior\ShowPageTraceBehavior [ RunTime:0.000475s ]
INFO: [ app_end ] --END-- [ RunTime:0.000578s ]

[ 2015-10-07T08:35:21+08:00 ] 16.172.244.13 /thinkaaron/indexbuyer.php/home/prekit/query
INFO: [ app_init ] --START--
INFO: Run Behavior\BuildLiteBehavior [ RunTime:0.000021s ]
INFO: [ app_init ] --END-- [ RunTime:0.000352s ]
INFO: [ app_begin ] --START--
INFO: Run Behavior\ReadHtmlCacheBehavior [ RunTime:0.000456s ]
INFO: [ app_begin ] --END-- [ RunTime:0.000574s ]
SQL: SELECT   column_name,   data_type,   column_default,   is_nullable
        FROM    information_schema.tables AS t
        JOIN    information_schema.columns AS c
        ON  t.table_catalog = c.table_catalog
        AND t.table_schema  = c.table_schema
        AND t.table_name    = c.table_name
        WHERE   t.table_name = 'dbo.prekit' [ RunTime:0.000189s ]
SQL: SELECT T1.* FROM (SELECT thinkphp.*, ROW_NUMBER() OVER ( ORDER BY rand()) AS ROW_NUMBER FROM (SELECT  * FROM dbo.prekit WHERE ( PLO='5000087964' )) AS thinkphp) AS T1  [ RunTime:0.000912s ]
INFO: [ app_end ] --START--
INFO: Run Behavior\ShowPageTraceBehavior [ RunTime:0.000481s ]
INFO: [ app_end ] --END-- [ RunTime:0.000584s ]

[ 2015-10-07T08:35:28+08:00 ] 16.172.244.13 /thinkaaron/indexbuyer.php/home/prekit/query
INFO: [ app_init ] --START--
INFO: Run Behavior\BuildLiteBehavior [ RunTime:0.000021s ]
INFO: [ app_init ] --END-- [ RunTime:0.000350s ]
INFO: [ app_begin ] --START--
INFO: Run Behavior\ReadHtmlCacheBehavior [ RunTime:0.000457s ]
INFO: [ app_begin ] --END-- [ RunTime:0.000575s ]
SQL: SELECT   column_name,   data_type,   column_default,   is_nullable
        FROM    information_schema.tables AS t
        JOIN    information_schema.columns AS c
        ON  t.table_catalog = c.table_catalog
        AND t.table_schema  = c.table_schema
        AND t.table_name    = c.table_name
        WHERE   t.table_name = 'dbo.prekit' [ RunTime:0.000227s ]
SQL: SELECT T1.* FROM (SELECT thinkphp.*, ROW_NUMBER() OVER ( ORDER BY rand()) AS ROW_NUMBER FROM (SELECT  * FROM dbo.prekit WHERE ( PLO='5000090116' )) AS thinkphp) AS T1  [ RunTime:0.001355s ]
INFO: [ app_end ] --START--
INFO: Run Behavior\ShowPageTraceBehavior [ RunTime:0.000473s ]
INFO: [ app_end ] --END-- [ RunTime:0.000577s ]

[ 2015-10-07T08:35:40+08:00 ] 16.172.244.13 /thinkaaron/indexbuyer.php/home/prekit/query
INFO: [ app_init ] --START--
INFO: Run Behavior\BuildLiteBehavior [ RunTime:0.000021s ]
INFO: [ app_init ] --END-- [ RunTime:0.000351s ]
INFO: [ app_begin ] --START--
INFO: Run Behavior\ReadHtmlCacheBehavior [ RunTime:0.000458s ]
INFO: [ app_begin ] --END-- [ RunTime:0.000577s ]
SQL: SELECT   column_name,   data_type,   column_default,   is_nullable
        FROM    information_schema.tables AS t
        JOIN    information_schema.columns AS c
        ON  t.table_catalog = c.table_catalog
        AND t.table_schema  = c.table_schema
        AND t.table_name    = c.table_name
        WHERE   t.table_name = 'dbo.prekit' [ RunTime:0.000219s ]
SQL: SELECT T1.* FROM (SELECT thinkphp.*, ROW_NUMBER() OVER ( ORDER BY rand()) AS ROW_NUMBER FROM (SELECT  * FROM dbo.prekit WHERE ( PLO='5000089438' )) AS thinkphp) AS T1  [ RunTime:0.000923s ]
INFO: [ app_end ] --START--
INFO: Run Behavior\ShowPageTraceBehavior [ RunTime:0.000476s ]
INFO: [ app_end ] --END-- [ RunTime:0.000579s ]

[ 2015-10-07T08:36:20+08:00 ] 16.172.244.13 /thinkaaron/indexbuyer.php/home/prekit/query
INFO: [ app_init ] --START--
INFO: Run Behavior\BuildLiteBehavior [ RunTime:0.000040s ]
INFO: [ app_init ] --END-- [ RunTime:0.000662s ]
INFO: [ app_begin ] --START--
INFO: Run Behavior\ReadHtmlCacheBehavior [ RunTime:0.000868s ]
INFO: [ app_begin ] --END-- [ RunTime:0.001094s ]
SQL: SELECT   column_name,   data_type,   column_default,   is_nullable
        FROM    information_schema.tables AS t
        JOIN    information_schema.columns AS c
        ON  t.table_catalog = c.table_catalog
        AND t.table_schema  = c.table_schema
        AND t.table_name    = c.table_name
        WHERE   t.table_name = 'dbo.prekit' [ RunTime:0.000248s ]
SQL: SELECT T1.* FROM (SELECT thinkphp.*, ROW_NUMBER() OVER ( ORDER BY rand()) AS ROW_NUMBER FROM (SELECT  * FROM dbo.prekit WHERE ( PLO='5000105691' )) AS thinkphp) AS T1  [ RunTime:0.001121s ]
INFO: [ app_end ] --START--
INFO: Run Behavior\ShowPageTraceBehavior [ RunTime:0.000901s ]
INFO: [ app_end ] --END-- [ RunTime:0.001103s ]

[ 2015-10-07T08:36:24+08:00 ] 16.172.244.13 /thinkaaron/indexbuyer.php/home/prekit/query
INFO: [ app_init ] --START--
INFO: Run Behavior\BuildLiteBehavior [ RunTime:0.000040s ]
INFO: [ app_init ] --END-- [ RunTime:0.000660s ]
INFO: [ app_begin ] --START--
INFO: Run Behavior\ReadHtmlCacheBehavior [ RunTime:0.000869s ]
INFO: [ app_begin ] --END-- [ RunTime:0.001094s ]
SQL: SELECT   column_name,   data_type,   column_default,   is_nullable
        FROM    information_schema.tables AS t
        JOIN    information_schema.columns AS c
        ON  t.table_catalog = c.table_catalog
        AND t.table_schema  = c.table_schema
        AND t.table_name    = c.table_name
        WHERE   t.table_name = 'dbo.prekit' [ RunTime:0.000277s ]
SQL: SELECT T1.* FROM (SELECT thinkphp.*, ROW_NUMBER() OVER ( ORDER BY rand()) AS ROW_NUMBER FROM (SELECT  * FROM dbo.prekit WHERE ( PLO='5000118625' )) AS thinkphp) AS T1  [ RunTime:0.001482s ]
INFO: [ app_end ] --START--
INFO: Run Behavior\ShowPageTraceBehavior [ RunTime:0.000904s ]
INFO: [ app_end ] --END-- [ RunTime:0.001106s ]

[ 2015-10-07T08:36:37+08:00 ] 16.172.244.13 /thinkaaron/indexbuyer.php/home/prekit/query
INFO: [ app_init ] --START--
INFO: Run Behavior\BuildLiteBehavior [ RunTime:0.000040s ]
INFO: [ app_init ] --END-- [ RunTime:0.000662s ]
INFO: [ app_begin ] --START--
INFO: Run Behavior\ReadHtmlCacheBehavior [ RunTime:0.000870s ]
INFO: [ app_begin ] --END-- [ RunTime:0.001098s ]
SQL: SELECT   column_name,   data_type,   column_default,   is_nullable
        FROM    information_schema.tables AS t
        JOIN    information_schema.columns AS c
        ON  t.table_catalog = c.table_catalog
        AND t.table_schema  = c.table_schema
        AND t.table_name    = c.table_name
        WHERE   t.table_name = 'dbo.prekit' [ RunTime:0.000243s ]
SQL: SELECT T1.* FROM (SELECT thinkphp.*, ROW_NUMBER() OVER ( ORDER BY rand()) AS ROW_NUMBER FROM (SELECT  * FROM dbo.prekit WHERE ( PLO='5000120442' )) AS thinkphp) AS T1  [ RunTime:0.001121s ]
INFO: [ app_end ] --START--
INFO: Run Behavior\ShowPageTraceBehavior [ RunTime:0.000903s ]
INFO: [ app_end ] --END-- [ RunTime:0.001105s ]

[ 2015-10-07T08:36:45+08:00 ] 16.172.244.13 /thinkaaron/indexbuyer.php/home/prekit/query
INFO: [ app_init ] --START--
INFO: Run Behavior\BuildLiteBehavior [ RunTime:0.000032s ]
INFO: [ app_init ] --END-- [ RunTime:0.000496s ]
INFO: [ app_begin ] --START--
INFO: Run Behavior\ReadHtmlCacheBehavior [ RunTime:0.000681s ]
INFO: [ app_begin ] --END-- [ RunTime:0.000852s ]
SQL: SELECT   column_name,   data_type,   column_default,   is_nullable
        FROM    information_schema.tables AS t
        JOIN    information_schema.columns AS c
        ON  t.table_catalog = c.table_catalog
        AND t.table_schema  = c.table_schema
        AND t.table_name    = c.table_name
        WHERE   t.table_name = 'dbo.prekit' [ RunTime:0.000207s ]
SQL: SELECT T1.* FROM (SELECT thinkphp.*, ROW_NUMBER() OVER ( ORDER BY rand()) AS ROW_NUMBER FROM (SELECT  * FROM dbo.prekit WHERE ( PLO='5000119035' )) AS thinkphp) AS T1  [ RunTime:0.000950s ]
INFO: [ app_end ] --START--
INFO: Run Behavior\ShowPageTraceBehavior [ RunTime:0.000709s ]
INFO: [ app_end ] --END-- [ RunTime:0.000865s ]

[ 2015-10-07T08:45:10+08:00 ] 16.172.244.13 /thinkaaron/indexbuyer.php/home/prekit/query
INFO: [ app_init ] --START--
INFO: Run Behavior\BuildLiteBehavior [ RunTime:0.000021s ]
INFO: [ app_init ] --END-- [ RunTime:0.000354s ]
INFO: [ app_begin ] --START--
INFO: Run Behavior\ReadHtmlCacheBehavior [ RunTime:0.000485s ]
INFO: [ app_begin ] --END-- [ RunTime:0.000603s ]
SQL: SELECT   column_name,   data_type,   column_default,   is_nullable
        FROM    information_schema.tables AS t
        JOIN    information_schema.columns AS c
        ON  t.table_catalog = c.table_catalog
        AND t.table_schema  = c.table_schema
        AND t.table_name    = c.table_name
        WHERE   t.table_name = 'dbo.prekit' [ RunTime:0.000199s ]
SQL: SELECT T1.* FROM (SELECT thinkphp.*, ROW_NUMBER() OVER ( ORDER BY rand()) AS ROW_NUMBER FROM (SELECT  * FROM dbo.prekit WHERE ( PLO='5000119938' )) AS thinkphp) AS T1  [ RunTime:0.000917s ]
INFO: [ app_end ] --START--
INFO: Run Behavior\ShowPageTraceBehavior [ RunTime:0.000506s ]
INFO: [ app_end ] --END-- [ RunTime:0.000609s ]

[ 2015-10-07T16:01:13+08:00 ] 16.172.244.13 /thinkaaron/indexbuyer.php/home/prekit/query
INFO: [ app_init ] --START--
INFO: Run Behavior\BuildLiteBehavior [ RunTime:0.000021s ]
INFO: [ app_init ] --END-- [ RunTime:0.000352s ]
INFO: [ app_begin ] --START--
INFO: Run Behavior\ReadHtmlCacheBehavior [ RunTime:0.000493s ]
INFO: [ app_begin ] --END-- [ RunTime:0.000618s ]
SQL: SELECT   column_name,   data_type,   column_default,   is_nullable
        FROM    information_schema.tables AS t
        JOIN    information_schema.columns AS c
        ON  t.table_catalog = c.table_catalog
        AND t.table_schema  = c.table_schema
        AND t.table_name    = c.table_name
        WHERE   t.table_name = 'dbo.prekit' [ RunTime:0.005988s ]
SQL: SELECT T1.* FROM (SELECT thinkphp.*, ROW_NUMBER() OVER ( ORDER BY rand()) AS ROW_NUMBER FROM (SELECT  * FROM dbo.prekit WHERE ( PLO='5000118772' )) AS thinkphp) AS T1  [ RunTime:0.012380s ]
INFO: [ app_end ] --START--
INFO: Run Behavior\ShowPageTraceBehavior [ RunTime:0.000506s ]
INFO: [ app_end ] --END-- [ RunTime:0.000610s ]

[ 2015-10-07T16:01:16+08:00 ] 16.172.244.13 /thinkaaron/indexbuyer.php/home/prekit/query
INFO: [ app_init ] --START--
INFO: Run Behavior\BuildLiteBehavior [ RunTime:0.000022s ]
INFO: [ app_init ] --END-- [ RunTime:0.000349s ]
INFO: [ app_begin ] --START--
INFO: Run Behavior\ReadHtmlCacheBehavior [ RunTime:0.000456s ]
INFO: [ app_begin ] --END-- [ RunTime:0.000575s ]
SQL: SELECT   column_name,   data_type,   column_default,   is_nullable
        FROM    information_schema.tables AS t
        JOIN    information_schema.columns AS c
        ON  t.table_catalog = c.table_catalog
        AND t.table_schema  = c.table_schema
        AND t.table_name    = c.table_name
        WHERE   t.table_name = 'dbo.prekit' [ RunTime:0.000248s ]
SQL: SELECT T1.* FROM (SELECT thinkphp.*, ROW_NUMBER() OVER ( ORDER BY rand()) AS ROW_NUMBER FROM (SELECT  * FROM dbo.prekit WHERE ( PLO='5000118771' )) AS thinkphp) AS T1  [ RunTime:0.001553s ]
INFO: [ app_end ] --START--
INFO: Run Behavior\ShowPageTraceBehavior [ RunTime:0.000481s ]
INFO: [ app_end ] --END-- [ RunTime:0.000585s ]

