[ 2015-11-20T14:35:54+08:00 ] 16.187.228.72 /thinkaaron/indexbuyer.php/home/login/login
INFO: [ app_init ] --START--
INFO: Run Behavior\BuildLiteBehavior [ RunTime:0.000041s ]
INFO: [ app_init ] --END-- [ RunTime:0.003670s ]
INFO: [ app_begin ] --START--
INFO: Run Behavior\ReadHtmlCacheBehavior [ RunTime:0.005494s ]
INFO: [ app_begin ] --END-- [ RunTime:0.005722s ]
SQL: SELECT   column_name,   data_type,   column_default,   is_nullable
        FROM    information_schema.tables AS t
        JOIN    information_schema.columns AS c
        ON  t.table_catalog = c.table_catalog
        AND t.table_schema  = c.table_schema
        AND t.table_name    = c.table_name
        WHERE   t.table_name = 'dbo.register' [ RunTime:0.013434s ]
NOTIC: [2] in_array() expects parameter 2 to be array, boolean given C:\wamp\www\thinkaaron\ThinkPHP\Library\Think\Model.class.php 第 918 行.
NOTIC: [2] in_array() expects parameter 2 to be array, boolean given C:\wamp\www\thinkaaron\ThinkPHP\Library\Think\Model.class.php 第 918 行.
NOTIC: [2] in_array() expects parameter 2 to be array, boolean given C:\wamp\www\thinkaaron\ThinkPHP\Library\Think\Model.class.php 第 918 行.
SQL: SELECT T1.* FROM (SELECT thinkphp.*, ROW_NUMBER() OVER ( ORDER BY rand()) AS ROW_NUMBER FROM (SELECT  * FROM dbo.register WHERE ( username='aaron'And password='aaron' )) AS thinkphp) AS T1  [ RunTime:0.000286s ]
INFO: [ app_end ] --START--
INFO: Run Behavior\ShowPageTraceBehavior [ RunTime:0.007443s ]
INFO: [ app_end ] --END-- [ RunTime:0.007643s ]

[ 2015-11-20T14:49:55+08:00 ] 16.187.194.24 /thinkaaron/indexbuyer.php/home/prekit1/prekit2
INFO: [ app_init ] --START--
INFO: Run Behavior\BuildLiteBehavior [ RunTime:0.000040s ]
INFO: [ app_init ] --END-- [ RunTime:0.000673s ]
INFO: [ app_begin ] --START--
INFO: Run Behavior\ReadHtmlCacheBehavior [ RunTime:0.000835s ]
INFO: [ app_begin ] --END-- [ RunTime:0.001062s ]
SQL: SELECT   column_name,   data_type,   column_default,   is_nullable
        FROM    information_schema.tables AS t
        JOIN    information_schema.columns AS c
        ON  t.table_catalog = c.table_catalog
        AND t.table_schema  = c.table_schema
        AND t.table_name    = c.table_name
        WHERE   t.table_name = 'dbo.prekit1' [ RunTime:0.000276s ]
NOTIC: [2] mssql_result() [<a href='function.mssql-result'>function.mssql-result</a>]: Bad row offset (0) C:\wamp\www\thinkaaron\buyerteam\Home\Controller\Prekit1Controller.class.php 第 129 行.
NOTIC: [2] mssql_result() [<a href='function.mssql-result'>function.mssql-result</a>]: Bad row offset (1) C:\wamp\www\thinkaaron\buyerteam\Home\Controller\Prekit1Controller.class.php 第 130 行.
SQL: SELECT T1.* FROM (SELECT thinkphp.*, ROW_NUMBER() OVER ( ORDER BY rand()) AS ROW_NUMBER FROM (SELECT  * FROM dbo.prekit1 WHERE ( ZMODPN='' )) AS thinkphp) AS T1  [ RunTime:0.003592s ]
INFO: [ view_parse ] --START--
INFO: [ template_filter ] --START--
INFO: Run Behavior\ContentReplaceBehavior [ RunTime:0.000146s ]
INFO: [ template_filter ] --END-- [ RunTime:0.000354s ]
NOTIC: [8] Undefined variable: output1 C:\wamp\www\thinkaaron\buyerteam\Runtime\Cache\Home\b02b26698ed50d70e5089f98d63e0847.php 第 62 行.
NOTIC: [8] Undefined variable: output1 C:\wamp\www\thinkaaron\buyerteam\Runtime\Cache\Home\b02b26698ed50d70e5089f98d63e0847.php 第 97 行.
NOTIC: [8] Undefined offset: 1 C:\wamp\www\thinkaaron\buyerteam\Runtime\Cache\Home\b02b26698ed50d70e5089f98d63e0847.php 第 130 行.

[ 2015-11-20T14:50:22+08:00 ] 16.187.194.24 /thinkaaron/indexbuyer.php/home/prekit1/prekit3
INFO: [ app_init ] --START--
INFO: Run Behavior\BuildLiteBehavior [ RunTime:0.000041s ]
INFO: [ app_init ] --END-- [ RunTime:0.000633s ]
INFO: [ app_begin ] --START--
INFO: Run Behavior\ReadHtmlCacheBehavior [ RunTime:0.000765s ]
INFO: [ app_begin ] --END-- [ RunTime:0.000990s ]
SQL: SELECT   column_name,   data_type,   column_default,   is_nullable
        FROM    information_schema.tables AS t
        JOIN    information_schema.columns AS c
        ON  t.table_catalog = c.table_catalog
        AND t.table_schema  = c.table_schema
        AND t.table_name    = c.table_name
        WHERE   t.table_name = 'dbo.prekit3' [ RunTime:0.000437s ]
NOTIC: [2] in_array() expects parameter 2 to be array, boolean given C:\wamp\www\thinkaaron\ThinkPHP\Library\Think\Model.class.php 第 918 行.
NOTIC: [2] in_array() expects parameter 2 to be array, boolean given C:\wamp\www\thinkaaron\ThinkPHP\Library\Think\Model.class.php 第 918 行.
NOTIC: [2] in_array() expects parameter 2 to be array, boolean given C:\wamp\www\thinkaaron\ThinkPHP\Library\Think\Model.class.php 第 918 行.
SQL: INSERT INTO dbo.prekit3 (KEYPN,ZMODPN) VALUES ('728712-B21','728713-B21') [ RunTime:0.000520s ]
INFO: [ view_parse ] --START--
INFO: [ template_filter ] --START--
INFO: Run Behavior\ContentReplaceBehavior [ RunTime:0.000113s ]
INFO: [ template_filter ] --END-- [ RunTime:0.000323s ]
INFO: Run Behavior\ParseTemplateBehavior [ RunTime:0.012188s ]
INFO: [ view_parse ] --END-- [ RunTime:0.012402s ]
INFO: [ view_filter ] --START--
INFO: Run Behavior\WriteHtmlCacheBehavior [ RunTime:0.007743s ]
INFO: [ view_filter ] --END-- [ RunTime:0.007938s ]

[ 2015-11-20T14:51:19+08:00 ] 16.187.194.24 /thinkaaron/indexbuyer.php/home/prekit1/prekit1
INFO: [ app_init ] --START--
INFO: Run Behavior\BuildLiteBehavior [ RunTime:0.000049s ]
INFO: [ app_init ] --END-- [ RunTime:0.000734s ]
INFO: [ app_begin ] --START--
INFO: Run Behavior\ReadHtmlCacheBehavior [ RunTime:0.000933s ]
INFO: [ app_begin ] --END-- [ RunTime:0.001161s ]
SQL: SELECT   column_name,   data_type,   column_default,   is_nullable
        FROM    information_schema.tables AS t
        JOIN    information_schema.columns AS c
        ON  t.table_catalog = c.table_catalog
        AND t.table_schema  = c.table_schema
        AND t.table_name    = c.table_name
        WHERE   t.table_name = 'dbo.prekit1' [ RunTime:0.000289s ]
NOTIC: [2] in_array() expects parameter 2 to be array, boolean given C:\wamp\www\thinkaaron\ThinkPHP\Library\Think\Model.class.php 第 918 行.
NOTIC: [2] in_array() expects parameter 2 to be array, boolean given C:\wamp\www\thinkaaron\ThinkPHP\Library\Think\Model.class.php 第 918 行.
NOTIC: [2] in_array() expects parameter 2 to be array, boolean given C:\wamp\www\thinkaaron\ThinkPHP\Library\Think\Model.class.php 第 918 行.
NOTIC: [2] in_array() expects parameter 2 to be array, boolean given C:\wamp\www\thinkaaron\ThinkPHP\Library\Think\Model.class.php 第 918 行.
NOTIC: [2] in_array() expects parameter 2 to be array, boolean given C:\wamp\www\thinkaaron\ThinkPHP\Library\Think\Model.class.php 第 918 行.
NOTIC: [2] in_array() expects parameter 2 to be array, boolean given C:\wamp\www\thinkaaron\ThinkPHP\Library\Think\Model.class.php 第 918 行.
NOTIC: [2] in_array() expects parameter 2 to be array, boolean given C:\wamp\www\thinkaaron\ThinkPHP\Library\Think\Model.class.php 第 918 行.
SQL: SELECT   column_name,   data_type,   column_default,   is_nullable
        FROM    information_schema.tables AS t
        JOIN    information_schema.columns AS c
        ON  t.table_catalog = c.table_catalog
        AND t.table_schema  = c.table_schema
        AND t.table_name    = c.table_name
        WHERE   t.table_name = 'dbo.prekit1' [ RunTime:0.000241s ]
SQL: SELECT T1.* FROM (SELECT thinkphp.*, ROW_NUMBER() OVER ( ORDER BY rand()) AS ROW_NUMBER FROM (SELECT  * FROM dbo.prekit1 WHERE ZMODPN = '728713-B21') AS thinkphp) AS T1 WHERE (T1.ROW_NUMBER BETWEEN 1 AND 1) [ RunTime:0.002076s ]
SQL: INSERT INTO dbo.prekit1 (ZMODPN,RAWPN,COMPN,SCREWPN,CARRIERPN,HOLDERPN,RECORDTIME) VALUES ('728713-B21','693569-001','678759-016','653077-001','651687-001','','2015-11-20 14:51') [ RunTime:0.000519s ]
INFO: [ view_parse ] --START--
INFO: [ template_filter ] --START--
INFO: Run Behavior\ContentReplaceBehavior [ RunTime:0.000113s ]
INFO: [ template_filter ] --END-- [ RunTime:0.000317s ]
INFO: Run Behavior\ParseTemplateBehavior [ RunTime:0.017158s ]
INFO: [ view_parse ] --END-- [ RunTime:0.017368s ]
INFO: [ view_filter ] --START--
INFO: Run Behavior\WriteHtmlCacheBehavior [ RunTime:0.000509s ]
INFO: [ view_filter ] --END-- [ RunTime:0.000701s ]
INFO: [ app_end ] --START--
INFO: Run Behavior\ShowPageTraceBehavior [ RunTime:0.000971s ]
INFO: [ app_end ] --END-- [ RunTime:0.001171s ]

[ 2015-11-20T14:56:10+08:00 ] 16.187.228.72 /thinkaaron/indexbuyer.php/home/prekit1/prekit2
INFO: [ app_init ] --START--
INFO: Run Behavior\BuildLiteBehavior [ RunTime:0.000041s ]
INFO: [ app_init ] --END-- [ RunTime:0.000688s ]
INFO: [ app_begin ] --START--
INFO: Run Behavior\ReadHtmlCacheBehavior [ RunTime:0.000854s ]
INFO: [ app_begin ] --END-- [ RunTime:0.001082s ]
SQL: SELECT   column_name,   data_type,   column_default,   is_nullable
        FROM    information_schema.tables AS t
        JOIN    information_schema.columns AS c
        ON  t.table_catalog = c.table_catalog
        AND t.table_schema  = c.table_schema
        AND t.table_name    = c.table_name
        WHERE   t.table_name = 'dbo.prekit1' [ RunTime:0.000279s ]
NOTIC: [2] mssql_result() [<a href='function.mssql-result'>function.mssql-result</a>]: Bad row offset (1) C:\wamp\www\thinkaaron\buyerteam\Home\Controller\Prekit1Controller.class.php 第 130 行.
SQL: SELECT T1.* FROM (SELECT thinkphp.*, ROW_NUMBER() OVER ( ORDER BY rand()) AS ROW_NUMBER FROM (SELECT  * FROM dbo.prekit1 WHERE ( ZMODPN='765254-B21' )) AS thinkphp) AS T1  [ RunTime:0.001473s ]
INFO: [ view_parse ] --START--
INFO: [ template_filter ] --START--
INFO: Run Behavior\ContentReplaceBehavior [ RunTime:0.000153s ]
INFO: [ template_filter ] --END-- [ RunTime:0.000360s ]
NOTIC: [8] Undefined variable: output1 C:\wamp\www\thinkaaron\buyerteam\Runtime\Cache\Home\b02b26698ed50d70e5089f98d63e0847.php 第 62 行.
NOTIC: [8] Undefined variable: output1 C:\wamp\www\thinkaaron\buyerteam\Runtime\Cache\Home\b02b26698ed50d70e5089f98d63e0847.php 第 97 行.
NOTIC: [8] Undefined offset: 1 C:\wamp\www\thinkaaron\buyerteam\Runtime\Cache\Home\b02b26698ed50d70e5089f98d63e0847.php 第 130 行.
NOTIC: [8] Undefined variable: output1 C:\wamp\www\thinkaaron\buyerteam\Runtime\Cache\Home\b02b26698ed50d70e5089f98d63e0847.php 第 174 行.
NOTIC: [8] Undefined offset: 1 C:\wamp\www\thinkaaron\buyerteam\Runtime\Cache\Home\b02b26698ed50d70e5089f98d63e0847.php 第 190 行.
INFO: Run Behavior\ParseTemplateBehavior [ RunTime:0.014650s ]
INFO: [ view_parse ] --END-- [ RunTime:0.014858s ]
INFO: [ view_filter ] --START--
INFO: Run Behavior\WriteHtmlCacheBehavior [ RunTime:0.000401s ]
INFO: [ view_filter ] --END-- [ RunTime:0.000595s ]
INFO: [ app_end ] --START--
INFO: Run Behavior\ShowPageTraceBehavior [ RunTime:0.000861s ]
INFO: [ app_end ] --END-- [ RunTime:0.001063s ]

[ 2015-11-20T14:57:37+08:00 ] 16.187.228.72 /thinkaaron/indexbuyer.php/home/prekit1/prekit2
INFO: [ app_init ] --START--
INFO: Run Behavior\BuildLiteBehavior [ RunTime:0.000041s ]
INFO: [ app_init ] --END-- [ RunTime:0.000643s ]
INFO: [ app_begin ] --START--
INFO: Run Behavior\ReadHtmlCacheBehavior [ RunTime:0.000724s ]
INFO: [ app_begin ] --END-- [ RunTime:0.000949s ]
SQL: SELECT   column_name,   data_type,   column_default,   is_nullable
        FROM    information_schema.tables AS t
        JOIN    information_schema.columns AS c
        ON  t.table_catalog = c.table_catalog
        AND t.table_schema  = c.table_schema
        AND t.table_name    = c.table_name
        WHERE   t.table_name = 'dbo.prekit1' [ RunTime:0.000279s ]
NOTIC: [2] mssql_result() [<a href='function.mssql-result'>function.mssql-result</a>]: Bad row offset (1) C:\wamp\www\thinkaaron\buyerteam\Home\Controller\Prekit1Controller.class.php 第 130 行.
SQL: SELECT T1.* FROM (SELECT thinkphp.*, ROW_NUMBER() OVER ( ORDER BY rand()) AS ROW_NUMBER FROM (SELECT  * FROM dbo.prekit1 WHERE ( ZMODPN='785104-B21' )) AS thinkphp) AS T1  [ RunTime:0.001498s ]
INFO: [ view_parse ] --START--
INFO: [ template_filter ] --START--
INFO: Run Behavior\ContentReplaceBehavior [ RunTime:0.000149s ]
INFO: [ template_filter ] --END-- [ RunTime:0.000354s ]
NOTIC: [8] Undefined variable: output1 C:\wamp\www\thinkaaron\buyerteam\Runtime\Cache\Home\b02b26698ed50d70e5089f98d63e0847.php 第 62 行.
NOTIC: [8] Undefined variable: output1 C:\wamp\www\thinkaaron\buyerteam\Runtime\Cache\Home\b02b26698ed50d70e5089f98d63e0847.php 第 97 行.
NOTIC: [8] Undefined offset: 1 C:\wamp\www\thinkaaron\buyerteam\Runtime\Cache\Home\b02b26698ed50d70e5089f98d63e0847.php 第 130 行.
NOTIC: [8] Undefined variable: output1 C:\wamp\www\thinkaaron\buyerteam\Runtime\Cache\Home\b02b26698ed50d70e5089f98d63e0847.php 第 174 行.
NOTIC: [8] Undefined offset: 1 C:\wamp\www\thinkaaron\buyerteam\Runtime\Cache\Home\b02b26698ed50d70e5089f98d63e0847.php 第 190 行.
INFO: Run Behavior\ParseTemplateBehavior [ RunTime:0.014116s ]
INFO: [ view_parse ] --END-- [ RunTime:0.014323s ]
INFO: [ view_filter ] --START--
INFO: Run Behavior\WriteHtmlCacheBehavior [ RunTime:0.000312s ]
INFO: [ view_filter ] --END-- [ RunTime:0.000503s ]
INFO: [ app_end ] --START--
INFO: Run Behavior\ShowPageTraceBehavior [ RunTime:0.000772s ]
INFO: [ app_end ] --END-- [ RunTime:0.000976s ]

[ 2015-11-20T14:59:41+08:00 ] 16.187.194.24 /thinkaaron/indexbuyer.php/home/User/Uploadfile
INFO: [ app_init ] --START--
INFO: Run Behavior\BuildLiteBehavior [ RunTime:0.000041s ]
INFO: [ app_init ] --END-- [ RunTime:0.000675s ]
INFO: [ app_begin ] --START--
INFO: Run Behavior\ReadHtmlCacheBehavior [ RunTime:0.000834s ]
INFO: [ app_begin ] --END-- [ RunTime:0.001072s ]
INFO: [ view_parse ] --START--
INFO: [ template_filter ] --START--
INFO: Run Behavior\ContentReplaceBehavior [ RunTime:0.000107s ]
INFO: [ template_filter ] --END-- [ RunTime:0.000309s ]
INFO: Run Behavior\ParseTemplateBehavior [ RunTime:0.021115s ]
INFO: [ view_parse ] --END-- [ RunTime:0.021323s ]
INFO: [ view_filter ] --START--
INFO: Run Behavior\WriteHtmlCacheBehavior [ RunTime:0.000813s ]
INFO: [ view_filter ] --END-- [ RunTime:0.001007s ]

[ 2015-11-20T15:00:01+08:00 ] 16.187.194.24 /thinkaaron/indexbuyer.php/home/User/Uploadfile
INFO: [ app_init ] --START--
INFO: Run Behavior\BuildLiteBehavior [ RunTime:0.000040s ]
INFO: [ app_init ] --END-- [ RunTime:0.000694s ]
INFO: [ app_begin ] --START--
INFO: Run Behavior\ReadHtmlCacheBehavior [ RunTime:0.000889s ]
INFO: [ app_begin ] --END-- [ RunTime:0.001120s ]
NOTIC: [2] call_user_func() expects parameter 1 to be a valid callback, no array or string given C:\wamp\www\thinkaaron\ThinkPHP\Library\Think\Upload.class.php 第 170 行.
NOTIC: [8] Undefined index: saveName C:\wamp\www\thinkaaron\ThinkPHP\Library\Think\Upload.class.php 第 79 行.
NOTIC: [8] Undefined index: subName C:\wamp\www\thinkaaron\ThinkPHP\Library\Think\Upload.class.php 第 79 行.
INFO: [ view_parse ] --START--
INFO: [ template_filter ] --START--
INFO: Run Behavior\ContentReplaceBehavior [ RunTime:0.000107s ]
INFO: [ template_filter ] --END-- [ RunTime:0.000310s ]
INFO: Run Behavior\ParseTemplateBehavior [ RunTime:0.011361s ]
INFO: [ view_parse ] --END-- [ RunTime:0.011572s ]
INFO: [ view_filter ] --START--
INFO: Run Behavior\WriteHtmlCacheBehavior [ RunTime:0.000488s ]
INFO: [ view_filter ] --END-- [ RunTime:0.000686s ]
NOTIC: [8] Undefined variable: info C:\wamp\www\thinkaaron\buyerteam\Home\Controller\UserController.class.php 第 30 行.
NOTIC: [2] Invalid argument supplied for foreach() C:\wamp\www\thinkaaron\buyerteam\Home\Controller\UserController.class.php 第 30 行.
INFO: [ app_end ] --START--
INFO: Run Behavior\ShowPageTraceBehavior [ RunTime:0.000881s ]
INFO: [ app_end ] --END-- [ RunTime:0.001078s ]

[ 2015-11-20T15:00:15+08:00 ] 16.187.228.72 /thinkaaron/indexbuyer.php/home/prekit1/prekit2
INFO: [ app_init ] --START--
INFO: Run Behavior\BuildLiteBehavior [ RunTime:0.000041s ]
INFO: [ app_init ] --END-- [ RunTime:0.000687s ]
INFO: [ app_begin ] --START--
INFO: Run Behavior\ReadHtmlCacheBehavior [ RunTime:0.000910s ]
INFO: [ app_begin ] --END-- [ RunTime:0.001137s ]
SQL: SELECT   column_name,   data_type,   column_default,   is_nullable
        FROM    information_schema.tables AS t
        JOIN    information_schema.columns AS c
        ON  t.table_catalog = c.table_catalog
        AND t.table_schema  = c.table_schema
        AND t.table_name    = c.table_name
        WHERE   t.table_name = 'dbo.prekit1' [ RunTime:0.000295s ]
NOTIC: [2] mssql_result() [<a href='function.mssql-result'>function.mssql-result</a>]: Bad row offset (0) C:\wamp\www\thinkaaron\buyerteam\Home\Controller\Prekit1Controller.class.php 第 129 行.
NOTIC: [2] mssql_result() [<a href='function.mssql-result'>function.mssql-result</a>]: Bad row offset (1) C:\wamp\www\thinkaaron\buyerteam\Home\Controller\Prekit1Controller.class.php 第 130 行.
SQL: SELECT T1.* FROM (SELECT thinkphp.*, ROW_NUMBER() OVER ( ORDER BY rand()) AS ROW_NUMBER FROM (SELECT  * FROM dbo.prekit1 WHERE ( ZMODPN='' )) AS thinkphp) AS T1  [ RunTime:0.000191s ]
INFO: [ view_parse ] --START--
INFO: [ template_filter ] --START--
INFO: Run Behavior\ContentReplaceBehavior [ RunTime:0.000145s ]
INFO: [ template_filter ] --END-- [ RunTime:0.000349s ]
NOTIC: [8] Undefined variable: output1 C:\wamp\www\thinkaaron\buyerteam\Runtime\Cache\Home\b02b26698ed50d70e5089f98d63e0847.php 第 62 行.
NOTIC: [8] Undefined variable: output1 C:\wamp\www\thinkaaron\buyerteam\Runtime\Cache\Home\b02b26698ed50d70e5089f98d63e0847.php 第 97 行.
NOTIC: [8] Undefined offset: 1 C:\wamp\www\thinkaaron\buyerteam\Runtime\Cache\Home\b02b26698ed50d70e5089f98d63e0847.php 第 130 行.

[ 2015-11-20T15:00:15+08:00 ] 16.187.194.24 /thinkaaron/indexbuyer.php/home/prekit1/prekit2
INFO: [ app_init ] --START--
INFO: Run Behavior\BuildLiteBehavior [ RunTime:0.000039s ]
INFO: [ app_init ] --END-- [ RunTime:0.000678s ]
INFO: [ app_begin ] --START--
INFO: Run Behavior\ReadHtmlCacheBehavior [ RunTime:0.000860s ]
INFO: [ app_begin ] --END-- [ RunTime:0.001090s ]
SQL: SELECT   column_name,   data_type,   column_default,   is_nullable
        FROM    information_schema.tables AS t
        JOIN    information_schema.columns AS c
        ON  t.table_catalog = c.table_catalog
        AND t.table_schema  = c.table_schema
        AND t.table_name    = c.table_name
        WHERE   t.table_name = 'dbo.prekit1' [ RunTime:0.000258s ]
NOTIC: [2] mssql_result() [<a href='function.mssql-result'>function.mssql-result</a>]: Bad row offset (1) C:\wamp\www\thinkaaron\buyerteam\Home\Controller\Prekit1Controller.class.php 第 130 行.
SQL: SELECT T1.* FROM (SELECT thinkphp.*, ROW_NUMBER() OVER ( ORDER BY rand()) AS ROW_NUMBER FROM (SELECT  * FROM dbo.prekit1 WHERE ( ZMODPN='728713-B21' )) AS thinkphp) AS T1  [ RunTime:0.001494s ]
INFO: [ view_parse ] --START--
INFO: [ template_filter ] --START--
INFO: Run Behavior\ContentReplaceBehavior [ RunTime:0.000156s ]
INFO: [ template_filter ] --END-- [ RunTime:0.000366s ]
NOTIC: [8] Undefined variable: output1 C:\wamp\www\thinkaaron\buyerteam\Runtime\Cache\Home\b02b26698ed50d70e5089f98d63e0847.php 第 62 行.
NOTIC: [8] Undefined variable: output1 C:\wamp\www\thinkaaron\buyerteam\Runtime\Cache\Home\b02b26698ed50d70e5089f98d63e0847.php 第 97 行.
NOTIC: [8] Undefined offset: 1 C:\wamp\www\thinkaaron\buyerteam\Runtime\Cache\Home\b02b26698ed50d70e5089f98d63e0847.php 第 130 行.
NOTIC: [8] Undefined variable: output1 C:\wamp\www\thinkaaron\buyerteam\Runtime\Cache\Home\b02b26698ed50d70e5089f98d63e0847.php 第 174 行.
NOTIC: [8] Undefined offset: 1 C:\wamp\www\thinkaaron\buyerteam\Runtime\Cache\Home\b02b26698ed50d70e5089f98d63e0847.php 第 190 行.
INFO: Run Behavior\ParseTemplateBehavior [ RunTime:0.015108s ]
INFO: [ view_parse ] --END-- [ RunTime:0.015316s ]
INFO: [ view_filter ] --START--
INFO: Run Behavior\WriteHtmlCacheBehavior [ RunTime:0.000401s ]
INFO: [ view_filter ] --END-- [ RunTime:0.000595s ]
INFO: [ app_end ] --START--
INFO: Run Behavior\ShowPageTraceBehavior [ RunTime:0.000861s ]
INFO: [ app_end ] --END-- [ RunTime:0.001063s ]

[ 2015-11-20T15:00:31+08:00 ] 16.187.228.72 /thinkaaron/indexbuyer.php/home/prekit1/prekit2
INFO: [ app_init ] --START--
INFO: Run Behavior\BuildLiteBehavior [ RunTime:0.000041s ]
INFO: [ app_init ] --END-- [ RunTime:0.000690s ]
INFO: [ app_begin ] --START--
INFO: Run Behavior\ReadHtmlCacheBehavior [ RunTime:0.000934s ]
INFO: [ app_begin ] --END-- [ RunTime:0.001162s ]
SQL: SELECT   column_name,   data_type,   column_default,   is_nullable
        FROM    information_schema.tables AS t
        JOIN    information_schema.columns AS c
        ON  t.table_catalog = c.table_catalog
        AND t.table_schema  = c.table_schema
        AND t.table_name    = c.table_name
        WHERE   t.table_name = 'dbo.prekit1' [ RunTime:0.000284s ]
NOTIC: [2] mssql_result() [<a href='function.mssql-result'>function.mssql-result</a>]: Bad row offset (0) C:\wamp\www\thinkaaron\buyerteam\Home\Controller\Prekit1Controller.class.php 第 129 行.
NOTIC: [2] mssql_result() [<a href='function.mssql-result'>function.mssql-result</a>]: Bad row offset (1) C:\wamp\www\thinkaaron\buyerteam\Home\Controller\Prekit1Controller.class.php 第 130 行.
SQL: SELECT T1.* FROM (SELECT thinkphp.*, ROW_NUMBER() OVER ( ORDER BY rand()) AS ROW_NUMBER FROM (SELECT  * FROM dbo.prekit1 WHERE ( ZMODPN='' )) AS thinkphp) AS T1  [ RunTime:0.000190s ]
INFO: [ view_parse ] --START--
INFO: [ template_filter ] --START--
INFO: Run Behavior\ContentReplaceBehavior [ RunTime:0.000145s ]
INFO: [ template_filter ] --END-- [ RunTime:0.000350s ]
NOTIC: [8] Undefined variable: output1 C:\wamp\www\thinkaaron\buyerteam\Runtime\Cache\Home\b02b26698ed50d70e5089f98d63e0847.php 第 62 行.
NOTIC: [8] Undefined variable: output1 C:\wamp\www\thinkaaron\buyerteam\Runtime\Cache\Home\b02b26698ed50d70e5089f98d63e0847.php 第 97 行.
NOTIC: [8] Undefined offset: 1 C:\wamp\www\thinkaaron\buyerteam\Runtime\Cache\Home\b02b26698ed50d70e5089f98d63e0847.php 第 130 行.

[ 2015-11-20T15:02:36+08:00 ] 16.187.228.72 /thinkaaron/indexbuyer.php/home/prekit1/prekit2
INFO: [ app_init ] --START--
INFO: Run Behavior\BuildLiteBehavior [ RunTime:0.000040s ]
INFO: [ app_init ] --END-- [ RunTime:0.000693s ]
INFO: [ app_begin ] --START--
INFO: Run Behavior\ReadHtmlCacheBehavior [ RunTime:0.000934s ]
INFO: [ app_begin ] --END-- [ RunTime:0.001163s ]
SQL: SELECT   column_name,   data_type,   column_default,   is_nullable
        FROM    information_schema.tables AS t
        JOIN    information_schema.columns AS c
        ON  t.table_catalog = c.table_catalog
        AND t.table_schema  = c.table_schema
        AND t.table_name    = c.table_name
        WHERE   t.table_name = 'dbo.prekit1' [ RunTime:0.000288s ]
NOTIC: [2] mssql_result() [<a href='function.mssql-result'>function.mssql-result</a>]: Bad row offset (1) C:\wamp\www\thinkaaron\buyerteam\Home\Controller\Prekit1Controller.class.php 第 130 行.
SQL: SELECT T1.* FROM (SELECT thinkphp.*, ROW_NUMBER() OVER ( ORDER BY rand()) AS ROW_NUMBER FROM (SELECT  * FROM dbo.prekit1 WHERE ( ZMODPN='728713-B21' )) AS thinkphp) AS T1  [ RunTime:0.000219s ]
INFO: [ view_parse ] --START--
INFO: [ template_filter ] --START--
INFO: Run Behavior\ContentReplaceBehavior [ RunTime:0.000153s ]
INFO: [ template_filter ] --END-- [ RunTime:0.000360s ]
NOTIC: [8] Undefined variable: output1 C:\wamp\www\thinkaaron\buyerteam\Runtime\Cache\Home\b02b26698ed50d70e5089f98d63e0847.php 第 62 行.
NOTIC: [8] Undefined variable: output1 C:\wamp\www\thinkaaron\buyerteam\Runtime\Cache\Home\b02b26698ed50d70e5089f98d63e0847.php 第 97 行.
NOTIC: [8] Undefined offset: 1 C:\wamp\www\thinkaaron\buyerteam\Runtime\Cache\Home\b02b26698ed50d70e5089f98d63e0847.php 第 130 行.
NOTIC: [8] Undefined variable: output1 C:\wamp\www\thinkaaron\buyerteam\Runtime\Cache\Home\b02b26698ed50d70e5089f98d63e0847.php 第 174 行.
NOTIC: [8] Undefined offset: 1 C:\wamp\www\thinkaaron\buyerteam\Runtime\Cache\Home\b02b26698ed50d70e5089f98d63e0847.php 第 190 行.
INFO: Run Behavior\ParseTemplateBehavior [ RunTime:0.015230s ]
INFO: [ view_parse ] --END-- [ RunTime:0.015438s ]
INFO: [ view_filter ] --START--
INFO: Run Behavior\WriteHtmlCacheBehavior [ RunTime:0.000531s ]
INFO: [ view_filter ] --END-- [ RunTime:0.000724s ]
INFO: [ app_end ] --START--
INFO: Run Behavior\ShowPageTraceBehavior [ RunTime:0.000939s ]
INFO: [ app_end ] --END-- [ RunTime:0.001142s ]

[ 2015-11-20T15:09:45+08:00 ] 15.109.93.34 /thinkaaron/indexbuyer.php/home/login/login
INFO: [ app_init ] --START--
INFO: Run Behavior\BuildLiteBehavior [ RunTime:0.000040s ]
INFO: [ app_init ] --END-- [ RunTime:0.000677s ]
INFO: [ app_begin ] --START--
INFO: Run Behavior\ReadHtmlCacheBehavior [ RunTime:0.000842s ]
INFO: [ app_begin ] --END-- [ RunTime:0.001069s ]
SQL: SELECT   column_name,   data_type,   column_default,   is_nullable
        FROM    information_schema.tables AS t
        JOIN    information_schema.columns AS c
        ON  t.table_catalog = c.table_catalog
        AND t.table_schema  = c.table_schema
        AND t.table_name    = c.table_name
        WHERE   t.table_name = 'dbo.register' [ RunTime:0.000290s ]
NOTIC: [2] in_array() expects parameter 2 to be array, boolean given C:\wamp\www\thinkaaron\ThinkPHP\Library\Think\Model.class.php 第 918 行.
NOTIC: [2] in_array() expects parameter 2 to be array, boolean given C:\wamp\www\thinkaaron\ThinkPHP\Library\Think\Model.class.php 第 918 行.
NOTIC: [2] in_array() expects parameter 2 to be array, boolean given C:\wamp\www\thinkaaron\ThinkPHP\Library\Think\Model.class.php 第 918 行.
SQL: SELECT T1.* FROM (SELECT thinkphp.*, ROW_NUMBER() OVER ( ORDER BY rand()) AS ROW_NUMBER FROM (SELECT  * FROM dbo.register WHERE ( username='wweihua'And password='12345678' )) AS thinkphp) AS T1  [ RunTime:0.001603s ]
INFO: [ app_end ] --START--
INFO: Run Behavior\ShowPageTraceBehavior [ RunTime:0.001023s ]
INFO: [ app_end ] --END-- [ RunTime:0.001225s ]

[ 2015-11-20T15:11:01+08:00 ] 15.109.93.34 /thinkaaron/indexbuyer.php/home/prekit1/prekit1
INFO: [ app_init ] --START--
INFO: Run Behavior\BuildLiteBehavior [ RunTime:0.000040s ]
INFO: [ app_init ] --END-- [ RunTime:0.000675s ]
INFO: [ app_begin ] --START--
INFO: Run Behavior\ReadHtmlCacheBehavior [ RunTime:0.000918s ]
INFO: [ app_begin ] --END-- [ RunTime:0.001144s ]
SQL: SELECT   column_name,   data_type,   column_default,   is_nullable
        FROM    information_schema.tables AS t
        JOIN    information_schema.columns AS c
        ON  t.table_catalog = c.table_catalog
        AND t.table_schema  = c.table_schema
        AND t.table_name    = c.table_name
        WHERE   t.table_name = 'dbo.prekit1' [ RunTime:0.000332s ]
NOTIC: [2] in_array() expects parameter 2 to be array, boolean given C:\wamp\www\thinkaaron\ThinkPHP\Library\Think\Model.class.php 第 918 行.
NOTIC: [2] in_array() expects parameter 2 to be array, boolean given C:\wamp\www\thinkaaron\ThinkPHP\Library\Think\Model.class.php 第 918 行.
NOTIC: [2] in_array() expects parameter 2 to be array, boolean given C:\wamp\www\thinkaaron\ThinkPHP\Library\Think\Model.class.php 第 918 行.
NOTIC: [2] in_array() expects parameter 2 to be array, boolean given C:\wamp\www\thinkaaron\ThinkPHP\Library\Think\Model.class.php 第 918 行.
NOTIC: [2] in_array() expects parameter 2 to be array, boolean given C:\wamp\www\thinkaaron\ThinkPHP\Library\Think\Model.class.php 第 918 行.
NOTIC: [2] in_array() expects parameter 2 to be array, boolean given C:\wamp\www\thinkaaron\ThinkPHP\Library\Think\Model.class.php 第 918 行.
NOTIC: [2] in_array() expects parameter 2 to be array, boolean given C:\wamp\www\thinkaaron\ThinkPHP\Library\Think\Model.class.php 第 918 行.
SQL: SELECT   column_name,   data_type,   column_default,   is_nullable
        FROM    information_schema.tables AS t
        JOIN    information_schema.columns AS c
        ON  t.table_catalog = c.table_catalog
        AND t.table_schema  = c.table_schema
        AND t.table_name    = c.table_name
        WHERE   t.table_name = 'dbo.prekit1' [ RunTime:0.000240s ]
SQL: SELECT T1.* FROM (SELECT thinkphp.*, ROW_NUMBER() OVER ( ORDER BY rand()) AS ROW_NUMBER FROM (SELECT  * FROM dbo.prekit1 WHERE ZMODPN = '507128-B21') AS thinkphp) AS T1 WHERE (T1.ROW_NUMBER BETWEEN 1 AND 1) [ RunTime:0.002450s ]
SQL: INSERT INTO dbo.prekit1 (ZMODPN,RAWPN,COMPN,SCREWPN,CARRIERPN,HOLDERPN,RECORDTIME) VALUES ('507128-B21','507129-004','536690-001','194601-003','515978-001','','2015-11-20 15:11') [ RunTime:0.000535s ]
INFO: [ view_parse ] --START--
INFO: [ template_filter ] --START--
INFO: Run Behavior\ContentReplaceBehavior [ RunTime:0.000114s ]
INFO: [ template_filter ] --END-- [ RunTime:0.000317s ]
INFO: Run Behavior\ParseTemplateBehavior [ RunTime:0.010782s ]
INFO: [ view_parse ] --END-- [ RunTime:0.010989s ]
INFO: [ view_filter ] --START--
INFO: Run Behavior\WriteHtmlCacheBehavior [ RunTime:0.000477s ]
INFO: [ view_filter ] --END-- [ RunTime:0.000669s ]
INFO: [ app_end ] --START--
INFO: Run Behavior\ShowPageTraceBehavior [ RunTime:0.000941s ]
INFO: [ app_end ] --END-- [ RunTime:0.001140s ]

[ 2015-11-20T15:12:32+08:00 ] 15.109.93.34 /thinkaaron/indexbuyer.php/home/prekit1/prekit1
INFO: [ app_init ] --START--
INFO: Run Behavior\BuildLiteBehavior [ RunTime:0.000040s ]
INFO: [ app_init ] --END-- [ RunTime:0.000674s ]
INFO: [ app_begin ] --START--
INFO: Run Behavior\ReadHtmlCacheBehavior [ RunTime:0.000883s ]
INFO: [ app_begin ] --END-- [ RunTime:0.001107s ]
SQL: SELECT   column_name,   data_type,   column_default,   is_nullable
        FROM    information_schema.tables AS t
        JOIN    information_schema.columns AS c
        ON  t.table_catalog = c.table_catalog
        AND t.table_schema  = c.table_schema
        AND t.table_name    = c.table_name
        WHERE   t.table_name = 'dbo.prekit1' [ RunTime:0.000286s ]
NOTIC: [2] in_array() expects parameter 2 to be array, boolean given C:\wamp\www\thinkaaron\ThinkPHP\Library\Think\Model.class.php 第 918 行.
NOTIC: [2] in_array() expects parameter 2 to be array, boolean given C:\wamp\www\thinkaaron\ThinkPHP\Library\Think\Model.class.php 第 918 行.
NOTIC: [2] in_array() expects parameter 2 to be array, boolean given C:\wamp\www\thinkaaron\ThinkPHP\Library\Think\Model.class.php 第 918 行.
NOTIC: [2] in_array() expects parameter 2 to be array, boolean given C:\wamp\www\thinkaaron\ThinkPHP\Library\Think\Model.class.php 第 918 行.
NOTIC: [2] in_array() expects parameter 2 to be array, boolean given C:\wamp\www\thinkaaron\ThinkPHP\Library\Think\Model.class.php 第 918 行.
NOTIC: [2] in_array() expects parameter 2 to be array, boolean given C:\wamp\www\thinkaaron\ThinkPHP\Library\Think\Model.class.php 第 918 行.
NOTIC: [2] in_array() expects parameter 2 to be array, boolean given C:\wamp\www\thinkaaron\ThinkPHP\Library\Think\Model.class.php 第 918 行.
SQL: SELECT   column_name,   data_type,   column_default,   is_nullable
        FROM    information_schema.tables AS t
        JOIN    information_schema.columns AS c
        ON  t.table_catalog = c.table_catalog
        AND t.table_schema  = c.table_schema
        AND t.table_name    = c.table_name
        WHERE   t.table_name = 'dbo.prekit1' [ RunTime:0.000234s ]
SQL: SELECT T1.* FROM (SELECT thinkphp.*, ROW_NUMBER() OVER ( ORDER BY rand()) AS ROW_NUMBER FROM (SELECT  * FROM dbo.prekit1 WHERE ZMODPN = '728713-B21') AS thinkphp) AS T1 WHERE (T1.ROW_NUMBER BETWEEN 1 AND 1) [ RunTime:0.000316s ]
SQL: UPDATE dbo.prekit1 SET ZMODPN='728713-B21',RAWPN='693569-001',COMPN='678759-016',SCREWPN='653077-001',CARRIERPN='651687-001',HOLDERPN='',RECORDTIME='2015-11-20 15:12' WHERE ( ZMODPN='728713-B21' ) [ RunTime:0.019133s ]
INFO: [ view_parse ] --START--
INFO: [ template_filter ] --START--
INFO: Run Behavior\ContentReplaceBehavior [ RunTime:0.000112s ]
INFO: [ template_filter ] --END-- [ RunTime:0.000314s ]
INFO: Run Behavior\ParseTemplateBehavior [ RunTime:0.010738s ]
INFO: [ view_parse ] --END-- [ RunTime:0.010945s ]
INFO: [ view_filter ] --START--
INFO: Run Behavior\WriteHtmlCacheBehavior [ RunTime:0.000476s ]
INFO: [ view_filter ] --END-- [ RunTime:0.000668s ]
INFO: [ app_end ] --START--
INFO: Run Behavior\ShowPageTraceBehavior [ RunTime:0.000942s ]
INFO: [ app_end ] --END-- [ RunTime:0.001142s ]

[ 2015-11-20T15:13:09+08:00 ] 15.109.93.34 /thinkaaron/indexbuyer.php/home/prekit1/prekit2
INFO: [ app_init ] --START--
INFO: Run Behavior\BuildLiteBehavior [ RunTime:0.000041s ]
INFO: [ app_init ] --END-- [ RunTime:0.000676s ]
INFO: [ app_begin ] --START--
INFO: Run Behavior\ReadHtmlCacheBehavior [ RunTime:0.000910s ]
INFO: [ app_begin ] --END-- [ RunTime:0.001137s ]
SQL: SELECT   column_name,   data_type,   column_default,   is_nullable
        FROM    information_schema.tables AS t
        JOIN    information_schema.columns AS c
        ON  t.table_catalog = c.table_catalog
        AND t.table_schema  = c.table_schema
        AND t.table_name    = c.table_name
        WHERE   t.table_name = 'dbo.prekit1' [ RunTime:0.000318s ]
NOTIC: [2] mssql_result() [<a href='function.mssql-result'>function.mssql-result</a>]: Bad row offset (1) C:\wamp\www\thinkaaron\buyerteam\Home\Controller\Prekit1Controller.class.php 第 130 行.
SQL: SELECT T1.* FROM (SELECT thinkphp.*, ROW_NUMBER() OVER ( ORDER BY rand()) AS ROW_NUMBER FROM (SELECT  * FROM dbo.prekit1 WHERE ( ZMODPN='728713-B21' )) AS thinkphp) AS T1  [ RunTime:0.000364s ]
INFO: [ view_parse ] --START--
INFO: [ template_filter ] --START--
INFO: Run Behavior\ContentReplaceBehavior [ RunTime:0.000149s ]
INFO: [ template_filter ] --END-- [ RunTime:0.000355s ]
NOTIC: [8] Undefined variable: output1 C:\wamp\www\thinkaaron\buyerteam\Runtime\Cache\Home\b02b26698ed50d70e5089f98d63e0847.php 第 62 行.
NOTIC: [8] Undefined variable: output1 C:\wamp\www\thinkaaron\buyerteam\Runtime\Cache\Home\b02b26698ed50d70e5089f98d63e0847.php 第 97 行.
NOTIC: [8] Undefined offset: 1 C:\wamp\www\thinkaaron\buyerteam\Runtime\Cache\Home\b02b26698ed50d70e5089f98d63e0847.php 第 130 行.
NOTIC: [8] Undefined variable: output1 C:\wamp\www\thinkaaron\buyerteam\Runtime\Cache\Home\b02b26698ed50d70e5089f98d63e0847.php 第 174 行.
NOTIC: [8] Undefined offset: 1 C:\wamp\www\thinkaaron\buyerteam\Runtime\Cache\Home\b02b26698ed50d70e5089f98d63e0847.php 第 190 行.
INFO: Run Behavior\ParseTemplateBehavior [ RunTime:0.014903s ]
INFO: [ view_parse ] --END-- [ RunTime:0.015109s ]
INFO: [ view_filter ] --START--
INFO: Run Behavior\WriteHtmlCacheBehavior [ RunTime:0.000513s ]
INFO: [ view_filter ] --END-- [ RunTime:0.000707s ]
INFO: [ app_end ] --START--
INFO: Run Behavior\ShowPageTraceBehavior [ RunTime:0.000951s ]
INFO: [ app_end ] --END-- [ RunTime:0.001153s ]

[ 2015-11-20T15:13:32+08:00 ] 15.109.93.34 /thinkaaron/indexbuyer.php/home/prekit1/prekit2
INFO: [ app_init ] --START--
INFO: Run Behavior\BuildLiteBehavior [ RunTime:0.000041s ]
INFO: [ app_init ] --END-- [ RunTime:0.000689s ]
INFO: [ app_begin ] --START--
INFO: Run Behavior\ReadHtmlCacheBehavior [ RunTime:0.000930s ]
INFO: [ app_begin ] --END-- [ RunTime:0.001157s ]
SQL: SELECT   column_name,   data_type,   column_default,   is_nullable
        FROM    information_schema.tables AS t
        JOIN    information_schema.columns AS c
        ON  t.table_catalog = c.table_catalog
        AND t.table_schema  = c.table_schema
        AND t.table_name    = c.table_name
        WHERE   t.table_name = 'dbo.prekit1' [ RunTime:0.000294s ]
NOTIC: [2] mssql_result() [<a href='function.mssql-result'>function.mssql-result</a>]: Bad row offset (0) C:\wamp\www\thinkaaron\buyerteam\Home\Controller\Prekit1Controller.class.php 第 129 行.
NOTIC: [2] mssql_result() [<a href='function.mssql-result'>function.mssql-result</a>]: Bad row offset (1) C:\wamp\www\thinkaaron\buyerteam\Home\Controller\Prekit1Controller.class.php 第 130 行.
SQL: SELECT T1.* FROM (SELECT thinkphp.*, ROW_NUMBER() OVER ( ORDER BY rand()) AS ROW_NUMBER FROM (SELECT  * FROM dbo.prekit1 WHERE ( ZMODPN='' )) AS thinkphp) AS T1  [ RunTime:0.000315s ]
INFO: [ view_parse ] --START--
INFO: [ template_filter ] --START--
INFO: Run Behavior\ContentReplaceBehavior [ RunTime:0.000143s ]
INFO: [ template_filter ] --END-- [ RunTime:0.000344s ]
NOTIC: [8] Undefined variable: output1 C:\wamp\www\thinkaaron\buyerteam\Runtime\Cache\Home\b02b26698ed50d70e5089f98d63e0847.php 第 62 行.
NOTIC: [8] Undefined variable: output1 C:\wamp\www\thinkaaron\buyerteam\Runtime\Cache\Home\b02b26698ed50d70e5089f98d63e0847.php 第 97 行.
NOTIC: [8] Undefined offset: 1 C:\wamp\www\thinkaaron\buyerteam\Runtime\Cache\Home\b02b26698ed50d70e5089f98d63e0847.php 第 130 行.

[ 2015-11-20T15:13:48+08:00 ] 15.109.93.34 /thinkaaron/indexbuyer.php/home/prekit1/prekit3
INFO: [ app_init ] --START--
INFO: Run Behavior\BuildLiteBehavior [ RunTime:0.000040s ]
INFO: [ app_init ] --END-- [ RunTime:0.000654s ]
INFO: [ app_begin ] --START--
INFO: Run Behavior\ReadHtmlCacheBehavior [ RunTime:0.000811s ]
INFO: [ app_begin ] --END-- [ RunTime:0.001035s ]
SQL: SELECT   column_name,   data_type,   column_default,   is_nullable
        FROM    information_schema.tables AS t
        JOIN    information_schema.columns AS c
        ON  t.table_catalog = c.table_catalog
        AND t.table_schema  = c.table_schema
        AND t.table_name    = c.table_name
        WHERE   t.table_name = 'dbo.prekit3' [ RunTime:0.000327s ]
NOTIC: [2] in_array() expects parameter 2 to be array, boolean given C:\wamp\www\thinkaaron\ThinkPHP\Library\Think\Model.class.php 第 918 行.
NOTIC: [2] in_array() expects parameter 2 to be array, boolean given C:\wamp\www\thinkaaron\ThinkPHP\Library\Think\Model.class.php 第 918 行.
NOTIC: [2] in_array() expects parameter 2 to be array, boolean given C:\wamp\www\thinkaaron\ThinkPHP\Library\Think\Model.class.php 第 918 行.
SQL: INSERT INTO dbo.prekit3 (KEYPN,ZMODPN) VALUES ('507127-B21','507128-B21') [ RunTime:0.000532s ]
INFO: [ view_parse ] --START--
INFO: [ template_filter ] --START--
INFO: Run Behavior\ContentReplaceBehavior [ RunTime:0.000113s ]
INFO: [ template_filter ] --END-- [ RunTime:0.000329s ]
INFO: Run Behavior\ParseTemplateBehavior [ RunTime:0.010692s ]
INFO: [ view_parse ] --END-- [ RunTime:0.010903s ]
INFO: [ view_filter ] --START--
INFO: Run Behavior\WriteHtmlCacheBehavior [ RunTime:0.000401s ]
INFO: [ view_filter ] --END-- [ RunTime:0.000599s ]

[ 2015-11-20T15:14:29+08:00 ] 15.109.93.34 /thinkaaron/indexbuyer.php/home/prekit1/prekit3
INFO: [ app_init ] --START--
INFO: Run Behavior\BuildLiteBehavior [ RunTime:0.000041s ]
INFO: [ app_init ] --END-- [ RunTime:0.000676s ]
INFO: [ app_begin ] --START--
INFO: Run Behavior\ReadHtmlCacheBehavior [ RunTime:0.000914s ]
INFO: [ app_begin ] --END-- [ RunTime:0.001140s ]
SQL: SELECT   column_name,   data_type,   column_default,   is_nullable
        FROM    information_schema.tables AS t
        JOIN    information_schema.columns AS c
        ON  t.table_catalog = c.table_catalog
        AND t.table_schema  = c.table_schema
        AND t.table_name    = c.table_name
        WHERE   t.table_name = 'dbo.prekit3' [ RunTime:0.000287s ]
NOTIC: [2] in_array() expects parameter 2 to be array, boolean given C:\wamp\www\thinkaaron\ThinkPHP\Library\Think\Model.class.php 第 918 行.
NOTIC: [2] in_array() expects parameter 2 to be array, boolean given C:\wamp\www\thinkaaron\ThinkPHP\Library\Think\Model.class.php 第 918 行.
NOTIC: [2] in_array() expects parameter 2 to be array, boolean given C:\wamp\www\thinkaaron\ThinkPHP\Library\Think\Model.class.php 第 918 行.
SQL: INSERT INTO dbo.prekit3 (KEYPN,ZMODPN) VALUES ('E9Z45A','507128-B21') [ RunTime:0.000481s ]
INFO: [ view_parse ] --START--
INFO: [ template_filter ] --START--
INFO: Run Behavior\ContentReplaceBehavior [ RunTime:0.000113s ]
INFO: [ template_filter ] --END-- [ RunTime:0.000318s ]
INFO: Run Behavior\ParseTemplateBehavior [ RunTime:0.010801s ]
INFO: [ view_parse ] --END-- [ RunTime:0.011009s ]
INFO: [ view_filter ] --START--
INFO: Run Behavior\WriteHtmlCacheBehavior [ RunTime:0.000481s ]
INFO: [ view_filter ] --END-- [ RunTime:0.000678s ]

[ 2015-11-20T15:14:59+08:00 ] 15.109.93.34 /thinkaaron/indexbuyer.php/home/prekit1/prekit3
INFO: [ app_init ] --START--
INFO: Run Behavior\BuildLiteBehavior [ RunTime:0.000040s ]
INFO: [ app_init ] --END-- [ RunTime:0.000683s ]
INFO: [ app_begin ] --START--
INFO: Run Behavior\ReadHtmlCacheBehavior [ RunTime:0.000834s ]
INFO: [ app_begin ] --END-- [ RunTime:0.001060s ]
SQL: SELECT   column_name,   data_type,   column_default,   is_nullable
        FROM    information_schema.tables AS t
        JOIN    information_schema.columns AS c
        ON  t.table_catalog = c.table_catalog
        AND t.table_schema  = c.table_schema
        AND t.table_name    = c.table_name
        WHERE   t.table_name = 'dbo.prekit3' [ RunTime:0.000273s ]
NOTIC: [2] in_array() expects parameter 2 to be array, boolean given C:\wamp\www\thinkaaron\ThinkPHP\Library\Think\Model.class.php 第 918 行.
NOTIC: [2] in_array() expects parameter 2 to be array, boolean given C:\wamp\www\thinkaaron\ThinkPHP\Library\Think\Model.class.php 第 918 行.
NOTIC: [2] in_array() expects parameter 2 to be array, boolean given C:\wamp\www\thinkaaron\ThinkPHP\Library\Think\Model.class.php 第 918 行.
SQL: INSERT INTO dbo.prekit3 (KEYPN,ZMODPN) VALUES ('E9Z46A','507128-B21') [ RunTime:0.000457s ]
INFO: [ view_parse ] --START--
INFO: [ template_filter ] --START--
INFO: Run Behavior\ContentReplaceBehavior [ RunTime:0.000113s ]
INFO: [ template_filter ] --END-- [ RunTime:0.000323s ]
INFO: Run Behavior\ParseTemplateBehavior [ RunTime:0.010198s ]
INFO: [ view_parse ] --END-- [ RunTime:0.010406s ]
INFO: [ view_filter ] --START--
INFO: Run Behavior\WriteHtmlCacheBehavior [ RunTime:0.000398s ]
INFO: [ view_filter ] --END-- [ RunTime:0.000595s ]

[ 2015-11-20T15:15:36+08:00 ] 15.109.93.34 /thinkaaron/indexbuyer.php/home/prekit1/prekit2
INFO: [ app_init ] --START--
INFO: Run Behavior\BuildLiteBehavior [ RunTime:0.000040s ]
INFO: [ app_init ] --END-- [ RunTime:0.000679s ]
INFO: [ app_begin ] --START--
INFO: Run Behavior\ReadHtmlCacheBehavior [ RunTime:0.000922s ]
INFO: [ app_begin ] --END-- [ RunTime:0.001148s ]
SQL: SELECT   column_name,   data_type,   column_default,   is_nullable
        FROM    information_schema.tables AS t
        JOIN    information_schema.columns AS c
        ON  t.table_catalog = c.table_catalog
        AND t.table_schema  = c.table_schema
        AND t.table_name    = c.table_name
        WHERE   t.table_name = 'dbo.prekit1' [ RunTime:0.000290s ]
NOTIC: [2] mssql_result() [<a href='function.mssql-result'>function.mssql-result</a>]: Bad row offset (0) C:\wamp\www\thinkaaron\buyerteam\Home\Controller\Prekit1Controller.class.php 第 129 行.
NOTIC: [2] mssql_result() [<a href='function.mssql-result'>function.mssql-result</a>]: Bad row offset (1) C:\wamp\www\thinkaaron\buyerteam\Home\Controller\Prekit1Controller.class.php 第 130 行.
SQL: SELECT T1.* FROM (SELECT thinkphp.*, ROW_NUMBER() OVER ( ORDER BY rand()) AS ROW_NUMBER FROM (SELECT  * FROM dbo.prekit1 WHERE ( ZMODPN='' )) AS thinkphp) AS T1  [ RunTime:0.000208s ]
INFO: [ view_parse ] --START--
INFO: [ template_filter ] --START--
INFO: Run Behavior\ContentReplaceBehavior [ RunTime:0.000145s ]
INFO: [ template_filter ] --END-- [ RunTime:0.000347s ]
NOTIC: [8] Undefined variable: output1 C:\wamp\www\thinkaaron\buyerteam\Runtime\Cache\Home\b02b26698ed50d70e5089f98d63e0847.php 第 62 行.
NOTIC: [8] Undefined variable: output1 C:\wamp\www\thinkaaron\buyerteam\Runtime\Cache\Home\b02b26698ed50d70e5089f98d63e0847.php 第 97 行.
NOTIC: [8] Undefined offset: 1 C:\wamp\www\thinkaaron\buyerteam\Runtime\Cache\Home\b02b26698ed50d70e5089f98d63e0847.php 第 130 行.

[ 2015-11-20T15:25:56+08:00 ] 15.109.93.34 /thinkaaron/indexbuyer.php/home/prekit1/prekit3
INFO: [ app_init ] --START--
INFO: Run Behavior\BuildLiteBehavior [ RunTime:0.000040s ]
INFO: [ app_init ] --END-- [ RunTime:0.000689s ]
INFO: [ app_begin ] --START--
INFO: Run Behavior\ReadHtmlCacheBehavior [ RunTime:0.000851s ]
INFO: [ app_begin ] --END-- [ RunTime:0.001080s ]
SQL: SELECT   column_name,   data_type,   column_default,   is_nullable
        FROM    information_schema.tables AS t
        JOIN    information_schema.columns AS c
        ON  t.table_catalog = c.table_catalog
        AND t.table_schema  = c.table_schema
        AND t.table_name    = c.table_name
        WHERE   t.table_name = 'dbo.prekit3' [ RunTime:0.000334s ]
NOTIC: [2] in_array() expects parameter 2 to be array, boolean given C:\wamp\www\thinkaaron\ThinkPHP\Library\Think\Model.class.php 第 918 行.
NOTIC: [2] in_array() expects parameter 2 to be array, boolean given C:\wamp\www\thinkaaron\ThinkPHP\Library\Think\Model.class.php 第 918 行.
NOTIC: [2] in_array() expects parameter 2 to be array, boolean given C:\wamp\www\thinkaaron\ThinkPHP\Library\Think\Model.class.php 第 918 行.
SQL: INSERT INTO dbo.prekit3 (KEYPN,ZMODPN) VALUES ('E6B91A','728713-B21') [ RunTime:0.000515s ]
INFO: [ view_parse ] --START--
INFO: [ template_filter ] --START--
INFO: Run Behavior\ContentReplaceBehavior [ RunTime:0.000111s ]
INFO: [ template_filter ] --END-- [ RunTime:0.000319s ]
INFO: Run Behavior\ParseTemplateBehavior [ RunTime:0.010219s ]
INFO: [ view_parse ] --END-- [ RunTime:0.010427s ]
INFO: [ view_filter ] --START--
INFO: Run Behavior\WriteHtmlCacheBehavior [ RunTime:0.000400s ]
INFO: [ view_filter ] --END-- [ RunTime:0.000598s ]

[ 2015-11-20T15:26:08+08:00 ] 15.109.93.34 /thinkaaron/indexbuyer.php/home/prekit1/prekit2
INFO: [ app_init ] --START--
INFO: Run Behavior\BuildLiteBehavior [ RunTime:0.000040s ]
INFO: [ app_init ] --END-- [ RunTime:0.000654s ]
INFO: [ app_begin ] --START--
INFO: Run Behavior\ReadHtmlCacheBehavior [ RunTime:0.000814s ]
INFO: [ app_begin ] --END-- [ RunTime:0.001036s ]
SQL: SELECT   column_name,   data_type,   column_default,   is_nullable
        FROM    information_schema.tables AS t
        JOIN    information_schema.columns AS c
        ON  t.table_catalog = c.table_catalog
        AND t.table_schema  = c.table_schema
        AND t.table_name    = c.table_name
        WHERE   t.table_name = 'dbo.prekit1' [ RunTime:0.000265s ]
NOTIC: [2] mssql_result() [<a href='function.mssql-result'>function.mssql-result</a>]: Bad row offset (0) C:\wamp\www\thinkaaron\buyerteam\Home\Controller\Prekit1Controller.class.php 第 129 行.
NOTIC: [2] mssql_result() [<a href='function.mssql-result'>function.mssql-result</a>]: Bad row offset (1) C:\wamp\www\thinkaaron\buyerteam\Home\Controller\Prekit1Controller.class.php 第 130 行.
SQL: SELECT T1.* FROM (SELECT thinkphp.*, ROW_NUMBER() OVER ( ORDER BY rand()) AS ROW_NUMBER FROM (SELECT  * FROM dbo.prekit1 WHERE ( ZMODPN='' )) AS thinkphp) AS T1  [ RunTime:0.000201s ]
INFO: [ view_parse ] --START--
INFO: [ template_filter ] --START--
INFO: Run Behavior\ContentReplaceBehavior [ RunTime:0.000142s ]
INFO: [ template_filter ] --END-- [ RunTime:0.000345s ]
NOTIC: [8] Undefined variable: output1 C:\wamp\www\thinkaaron\buyerteam\Runtime\Cache\Home\b02b26698ed50d70e5089f98d63e0847.php 第 62 行.
NOTIC: [8] Undefined variable: output1 C:\wamp\www\thinkaaron\buyerteam\Runtime\Cache\Home\b02b26698ed50d70e5089f98d63e0847.php 第 97 行.
NOTIC: [8] Undefined offset: 1 C:\wamp\www\thinkaaron\buyerteam\Runtime\Cache\Home\b02b26698ed50d70e5089f98d63e0847.php 第 130 行.

[ 2015-11-20T15:26:29+08:00 ] 15.109.93.34 /thinkaaron/indexbuyer.php/home/prekit1/prekit3
INFO: [ app_init ] --START--
INFO: Run Behavior\BuildLiteBehavior [ RunTime:0.000041s ]
INFO: [ app_init ] --END-- [ RunTime:0.000688s ]
INFO: [ app_begin ] --START--
INFO: Run Behavior\ReadHtmlCacheBehavior [ RunTime:0.000841s ]
INFO: [ app_begin ] --END-- [ RunTime:0.001068s ]
SQL: SELECT   column_name,   data_type,   column_default,   is_nullable
        FROM    information_schema.tables AS t
        JOIN    information_schema.columns AS c
        ON  t.table_catalog = c.table_catalog
        AND t.table_schema  = c.table_schema
        AND t.table_name    = c.table_name
        WHERE   t.table_name = 'dbo.prekit3' [ RunTime:0.000258s ]
NOTIC: [2] in_array() expects parameter 2 to be array, boolean given C:\wamp\www\thinkaaron\ThinkPHP\Library\Think\Model.class.php 第 918 行.
NOTIC: [2] in_array() expects parameter 2 to be array, boolean given C:\wamp\www\thinkaaron\ThinkPHP\Library\Think\Model.class.php 第 918 行.
NOTIC: [2] in_array() expects parameter 2 to be array, boolean given C:\wamp\www\thinkaaron\ThinkPHP\Library\Think\Model.class.php 第 918 行.
SQL: INSERT INTO dbo.prekit3 (KEYPN,ZMODPN) VALUES ('E6P02A','728713-B21') [ RunTime:0.000435s ]
INFO: [ view_parse ] --START--
INFO: [ template_filter ] --START--
INFO: Run Behavior\ContentReplaceBehavior [ RunTime:0.000113s ]
INFO: [ template_filter ] --END-- [ RunTime:0.000320s ]
INFO: Run Behavior\ParseTemplateBehavior [ RunTime:0.010279s ]
INFO: [ view_parse ] --END-- [ RunTime:0.010487s ]
INFO: [ view_filter ] --START--
INFO: Run Behavior\WriteHtmlCacheBehavior [ RunTime:0.000400s ]
INFO: [ view_filter ] --END-- [ RunTime:0.000598s ]

[ 2015-11-20T15:26:45+08:00 ] 15.109.93.34 /thinkaaron/indexbuyer.php/home/prekit1/prekit2
INFO: [ app_init ] --START--
INFO: Run Behavior\BuildLiteBehavior [ RunTime:0.000040s ]
INFO: [ app_init ] --END-- [ RunTime:0.000693s ]
INFO: [ app_begin ] --START--
INFO: Run Behavior\ReadHtmlCacheBehavior [ RunTime:0.000937s ]
INFO: [ app_begin ] --END-- [ RunTime:0.001166s ]
SQL: SELECT   column_name,   data_type,   column_default,   is_nullable
        FROM    information_schema.tables AS t
        JOIN    information_schema.columns AS c
        ON  t.table_catalog = c.table_catalog
        AND t.table_schema  = c.table_schema
        AND t.table_name    = c.table_name
        WHERE   t.table_name = 'dbo.prekit1' [ RunTime:0.000290s ]
NOTIC: [2] mssql_result() [<a href='function.mssql-result'>function.mssql-result</a>]: Bad row offset (0) C:\wamp\www\thinkaaron\buyerteam\Home\Controller\Prekit1Controller.class.php 第 129 行.
NOTIC: [2] mssql_result() [<a href='function.mssql-result'>function.mssql-result</a>]: Bad row offset (1) C:\wamp\www\thinkaaron\buyerteam\Home\Controller\Prekit1Controller.class.php 第 130 行.
SQL: SELECT T1.* FROM (SELECT thinkphp.*, ROW_NUMBER() OVER ( ORDER BY rand()) AS ROW_NUMBER FROM (SELECT  * FROM dbo.prekit1 WHERE ( ZMODPN='' )) AS thinkphp) AS T1  [ RunTime:0.000204s ]
INFO: [ view_parse ] --START--
INFO: [ template_filter ] --START--
INFO: Run Behavior\ContentReplaceBehavior [ RunTime:0.000148s ]
INFO: [ template_filter ] --END-- [ RunTime:0.000352s ]
NOTIC: [8] Undefined variable: output1 C:\wamp\www\thinkaaron\buyerteam\Runtime\Cache\Home\b02b26698ed50d70e5089f98d63e0847.php 第 62 行.
NOTIC: [8] Undefined variable: output1 C:\wamp\www\thinkaaron\buyerteam\Runtime\Cache\Home\b02b26698ed50d70e5089f98d63e0847.php 第 97 行.
NOTIC: [8] Undefined offset: 1 C:\wamp\www\thinkaaron\buyerteam\Runtime\Cache\Home\b02b26698ed50d70e5089f98d63e0847.php 第 130 行.

[ 2015-11-20T15:27:00+08:00 ] 15.109.93.34 /thinkaaron/indexbuyer.php/home/prekit1/prekit3
INFO: [ app_init ] --START--
INFO: Run Behavior\BuildLiteBehavior [ RunTime:0.000040s ]
INFO: [ app_init ] --END-- [ RunTime:0.000690s ]
INFO: [ app_begin ] --START--
INFO: Run Behavior\ReadHtmlCacheBehavior [ RunTime:0.000930s ]
INFO: [ app_begin ] --END-- [ RunTime:0.001158s ]
SQL: SELECT   column_name,   data_type,   column_default,   is_nullable
        FROM    information_schema.tables AS t
        JOIN    information_schema.columns AS c
        ON  t.table_catalog = c.table_catalog
        AND t.table_schema  = c.table_schema
        AND t.table_name    = c.table_name
        WHERE   t.table_name = 'dbo.prekit3' [ RunTime:0.000280s ]
NOTIC: [2] in_array() expects parameter 2 to be array, boolean given C:\wamp\www\thinkaaron\ThinkPHP\Library\Think\Model.class.php 第 918 行.
NOTIC: [2] in_array() expects parameter 2 to be array, boolean given C:\wamp\www\thinkaaron\ThinkPHP\Library\Think\Model.class.php 第 918 行.
NOTIC: [2] in_array() expects parameter 2 to be array, boolean given C:\wamp\www\thinkaaron\ThinkPHP\Library\Think\Model.class.php 第 918 行.
SQL: INSERT INTO dbo.prekit3 (KEYPN,ZMODPN) VALUES ('G5U87A','728713-B21') [ RunTime:0.000465s ]
INFO: [ view_parse ] --START--
INFO: [ template_filter ] --START--
INFO: Run Behavior\ContentReplaceBehavior [ RunTime:0.000112s ]
INFO: [ template_filter ] --END-- [ RunTime:0.000320s ]
INFO: Run Behavior\ParseTemplateBehavior [ RunTime:0.010627s ]
INFO: [ view_parse ] --END-- [ RunTime:0.010837s ]
INFO: [ view_filter ] --START--
INFO: Run Behavior\WriteHtmlCacheBehavior [ RunTime:0.000509s ]
INFO: [ view_filter ] --END-- [ RunTime:0.000706s ]

[ 2015-11-20T15:27:22+08:00 ] 15.109.93.34 /thinkaaron/indexbuyer.php/home/prekit1/prekit3
INFO: [ app_init ] --START--
INFO: Run Behavior\BuildLiteBehavior [ RunTime:0.000040s ]
INFO: [ app_init ] --END-- [ RunTime:0.000645s ]
INFO: [ app_begin ] --START--
INFO: Run Behavior\ReadHtmlCacheBehavior [ RunTime:0.000734s ]
INFO: [ app_begin ] --END-- [ RunTime:0.000960s ]
SQL: SELECT   column_name,   data_type,   column_default,   is_nullable
        FROM    information_schema.tables AS t
        JOIN    information_schema.columns AS c
        ON  t.table_catalog = c.table_catalog
        AND t.table_schema  = c.table_schema
        AND t.table_name    = c.table_name
        WHERE   t.table_name = 'dbo.prekit3' [ RunTime:0.000291s ]
NOTIC: [2] in_array() expects parameter 2 to be array, boolean given C:\wamp\www\thinkaaron\ThinkPHP\Library\Think\Model.class.php 第 918 行.
NOTIC: [2] in_array() expects parameter 2 to be array, boolean given C:\wamp\www\thinkaaron\ThinkPHP\Library\Think\Model.class.php 第 918 行.
NOTIC: [2] in_array() expects parameter 2 to be array, boolean given C:\wamp\www\thinkaaron\ThinkPHP\Library\Think\Model.class.php 第 918 行.
SQL: INSERT INTO dbo.prekit3 (KEYPN,ZMODPN) VALUES ('G6Z30A','728713-B21') [ RunTime:0.000441s ]
INFO: [ view_parse ] --START--
INFO: [ template_filter ] --START--
INFO: Run Behavior\ContentReplaceBehavior [ RunTime:0.000112s ]
INFO: [ template_filter ] --END-- [ RunTime:0.000321s ]
INFO: Run Behavior\ParseTemplateBehavior [ RunTime:0.009881s ]
INFO: [ view_parse ] --END-- [ RunTime:0.010088s ]
INFO: [ view_filter ] --START--
INFO: Run Behavior\WriteHtmlCacheBehavior [ RunTime:0.000313s ]
INFO: [ view_filter ] --END-- [ RunTime:0.000511s ]

[ 2015-11-20T15:27:35+08:00 ] 15.109.93.34 /thinkaaron/indexbuyer.php/home/prekit1/prekit2
INFO: [ app_init ] --START--
INFO: Run Behavior\BuildLiteBehavior [ RunTime:0.000040s ]
INFO: [ app_init ] --END-- [ RunTime:0.000688s ]
INFO: [ app_begin ] --START--
INFO: Run Behavior\ReadHtmlCacheBehavior [ RunTime:0.000927s ]
INFO: [ app_begin ] --END-- [ RunTime:0.001155s ]
SQL: SELECT   column_name,   data_type,   column_default,   is_nullable
        FROM    information_schema.tables AS t
        JOIN    information_schema.columns AS c
        ON  t.table_catalog = c.table_catalog
        AND t.table_schema  = c.table_schema
        AND t.table_name    = c.table_name
        WHERE   t.table_name = 'dbo.prekit1' [ RunTime:0.000278s ]
NOTIC: [2] mssql_result() [<a href='function.mssql-result'>function.mssql-result</a>]: Bad row offset (0) C:\wamp\www\thinkaaron\buyerteam\Home\Controller\Prekit1Controller.class.php 第 129 行.
NOTIC: [2] mssql_result() [<a href='function.mssql-result'>function.mssql-result</a>]: Bad row offset (1) C:\wamp\www\thinkaaron\buyerteam\Home\Controller\Prekit1Controller.class.php 第 130 行.
SQL: SELECT T1.* FROM (SELECT thinkphp.*, ROW_NUMBER() OVER ( ORDER BY rand()) AS ROW_NUMBER FROM (SELECT  * FROM dbo.prekit1 WHERE ( ZMODPN='' )) AS thinkphp) AS T1  [ RunTime:0.000200s ]
INFO: [ view_parse ] --START--
INFO: [ template_filter ] --START--
INFO: Run Behavior\ContentReplaceBehavior [ RunTime:0.000143s ]
INFO: [ template_filter ] --END-- [ RunTime:0.000347s ]
NOTIC: [8] Undefined variable: output1 C:\wamp\www\thinkaaron\buyerteam\Runtime\Cache\Home\b02b26698ed50d70e5089f98d63e0847.php 第 62 行.
NOTIC: [8] Undefined variable: output1 C:\wamp\www\thinkaaron\buyerteam\Runtime\Cache\Home\b02b26698ed50d70e5089f98d63e0847.php 第 97 行.
NOTIC: [8] Undefined offset: 1 C:\wamp\www\thinkaaron\buyerteam\Runtime\Cache\Home\b02b26698ed50d70e5089f98d63e0847.php 第 130 行.

[ 2015-11-20T15:27:48+08:00 ] 15.109.93.34 /thinkaaron/indexbuyer.php/home/prekit1/prekit3
INFO: [ app_init ] --START--
INFO: Run Behavior\BuildLiteBehavior [ RunTime:0.000040s ]
INFO: [ app_init ] --END-- [ RunTime:0.000685s ]
INFO: [ app_begin ] --START--
INFO: Run Behavior\ReadHtmlCacheBehavior [ RunTime:0.000929s ]
INFO: [ app_begin ] --END-- [ RunTime:0.001156s ]
SQL: SELECT   column_name,   data_type,   column_default,   is_nullable
        FROM    information_schema.tables AS t
        JOIN    information_schema.columns AS c
        ON  t.table_catalog = c.table_catalog
        AND t.table_schema  = c.table_schema
        AND t.table_name    = c.table_name
        WHERE   t.table_name = 'dbo.prekit3' [ RunTime:0.000303s ]
NOTIC: [2] in_array() expects parameter 2 to be array, boolean given C:\wamp\www\thinkaaron\ThinkPHP\Library\Think\Model.class.php 第 918 行.
NOTIC: [2] in_array() expects parameter 2 to be array, boolean given C:\wamp\www\thinkaaron\ThinkPHP\Library\Think\Model.class.php 第 918 行.
NOTIC: [2] in_array() expects parameter 2 to be array, boolean given C:\wamp\www\thinkaaron\ThinkPHP\Library\Think\Model.class.php 第 918 行.
SQL: INSERT INTO dbo.prekit3 (KEYPN,ZMODPN) VALUES ('G6Z31A','728713-B21') [ RunTime:0.000491s ]
INFO: [ view_parse ] --START--
INFO: [ template_filter ] --START--
INFO: Run Behavior\ContentReplaceBehavior [ RunTime:0.000113s ]
INFO: [ template_filter ] --END-- [ RunTime:0.000322s ]
INFO: Run Behavior\ParseTemplateBehavior [ RunTime:0.010951s ]
INFO: [ view_parse ] --END-- [ RunTime:0.011158s ]
INFO: [ view_filter ] --START--
INFO: Run Behavior\WriteHtmlCacheBehavior [ RunTime:0.000480s ]
INFO: [ view_filter ] --END-- [ RunTime:0.000677s ]

[ 2015-11-20T15:28:04+08:00 ] 15.109.93.34 /thinkaaron/indexbuyer.php/home/prekit1/prekit2
INFO: [ app_init ] --START--
INFO: Run Behavior\BuildLiteBehavior [ RunTime:0.000041s ]
INFO: [ app_init ] --END-- [ RunTime:0.000693s ]
INFO: [ app_begin ] --START--
INFO: Run Behavior\ReadHtmlCacheBehavior [ RunTime:0.000902s ]
INFO: [ app_begin ] --END-- [ RunTime:0.001131s ]
SQL: SELECT   column_name,   data_type,   column_default,   is_nullable
        FROM    information_schema.tables AS t
        JOIN    information_schema.columns AS c
        ON  t.table_catalog = c.table_catalog
        AND t.table_schema  = c.table_schema
        AND t.table_name    = c.table_name
        WHERE   t.table_name = 'dbo.prekit1' [ RunTime:0.000299s ]
NOTIC: [2] mssql_result() [<a href='function.mssql-result'>function.mssql-result</a>]: Bad row offset (0) C:\wamp\www\thinkaaron\buyerteam\Home\Controller\Prekit1Controller.class.php 第 129 行.
NOTIC: [2] mssql_result() [<a href='function.mssql-result'>function.mssql-result</a>]: Bad row offset (1) C:\wamp\www\thinkaaron\buyerteam\Home\Controller\Prekit1Controller.class.php 第 130 行.
SQL: SELECT T1.* FROM (SELECT thinkphp.*, ROW_NUMBER() OVER ( ORDER BY rand()) AS ROW_NUMBER FROM (SELECT  * FROM dbo.prekit1 WHERE ( ZMODPN='' )) AS thinkphp) AS T1  [ RunTime:0.000207s ]
INFO: [ view_parse ] --START--
INFO: [ template_filter ] --START--
INFO: Run Behavior\ContentReplaceBehavior [ RunTime:0.000148s ]
INFO: [ template_filter ] --END-- [ RunTime:0.000352s ]
NOTIC: [8] Undefined variable: output1 C:\wamp\www\thinkaaron\buyerteam\Runtime\Cache\Home\b02b26698ed50d70e5089f98d63e0847.php 第 62 行.
NOTIC: [8] Undefined variable: output1 C:\wamp\www\thinkaaron\buyerteam\Runtime\Cache\Home\b02b26698ed50d70e5089f98d63e0847.php 第 97 行.
NOTIC: [8] Undefined offset: 1 C:\wamp\www\thinkaaron\buyerteam\Runtime\Cache\Home\b02b26698ed50d70e5089f98d63e0847.php 第 130 行.

[ 2015-11-20T15:28:16+08:00 ] 15.109.93.34 /thinkaaron/indexbuyer.php/home/prekit1/prekit3
INFO: [ app_init ] --START--
INFO: Run Behavior\BuildLiteBehavior [ RunTime:0.000041s ]
INFO: [ app_init ] --END-- [ RunTime:0.000683s ]
INFO: [ app_begin ] --START--
INFO: Run Behavior\ReadHtmlCacheBehavior [ RunTime:0.000848s ]
INFO: [ app_begin ] --END-- [ RunTime:0.001075s ]
SQL: SELECT   column_name,   data_type,   column_default,   is_nullable
        FROM    information_schema.tables AS t
        JOIN    information_schema.columns AS c
        ON  t.table_catalog = c.table_catalog
        AND t.table_schema  = c.table_schema
        AND t.table_name    = c.table_name
        WHERE   t.table_name = 'dbo.prekit3' [ RunTime:0.000292s ]
NOTIC: [2] in_array() expects parameter 2 to be array, boolean given C:\wamp\www\thinkaaron\ThinkPHP\Library\Think\Model.class.php 第 918 行.
NOTIC: [2] in_array() expects parameter 2 to be array, boolean given C:\wamp\www\thinkaaron\ThinkPHP\Library\Think\Model.class.php 第 918 行.
NOTIC: [2] in_array() expects parameter 2 to be array, boolean given C:\wamp\www\thinkaaron\ThinkPHP\Library\Think\Model.class.php 第 918 行.
SQL: INSERT INTO dbo.prekit3 (KEYPN,ZMODPN) VALUES ('G6Z32A','728713-B21') [ RunTime:0.000475s ]
INFO: [ view_parse ] --START--
INFO: [ template_filter ] --START--
INFO: Run Behavior\ContentReplaceBehavior [ RunTime:0.000112s ]
INFO: [ template_filter ] --END-- [ RunTime:0.000320s ]
INFO: Run Behavior\ParseTemplateBehavior [ RunTime:0.010347s ]
INFO: [ view_parse ] --END-- [ RunTime:0.010555s ]
INFO: [ view_filter ] --START--
INFO: Run Behavior\WriteHtmlCacheBehavior [ RunTime:0.000398s ]
INFO: [ view_filter ] --END-- [ RunTime:0.000597s ]

[ 2015-11-20T15:28:29+08:00 ] 15.109.93.34 /thinkaaron/indexbuyer.php/home/prekit1/prekit2
INFO: [ app_init ] --START--
INFO: Run Behavior\BuildLiteBehavior [ RunTime:0.000040s ]
INFO: [ app_init ] --END-- [ RunTime:0.000700s ]
INFO: [ app_begin ] --START--
INFO: Run Behavior\ReadHtmlCacheBehavior [ RunTime:0.000928s ]
INFO: [ app_begin ] --END-- [ RunTime:0.001156s ]
SQL: SELECT   column_name,   data_type,   column_default,   is_nullable
        FROM    information_schema.tables AS t
        JOIN    information_schema.columns AS c
        ON  t.table_catalog = c.table_catalog
        AND t.table_schema  = c.table_schema
        AND t.table_name    = c.table_name
        WHERE   t.table_name = 'dbo.prekit1' [ RunTime:0.000283s ]
NOTIC: [2] mssql_result() [<a href='function.mssql-result'>function.mssql-result</a>]: Bad row offset (0) C:\wamp\www\thinkaaron\buyerteam\Home\Controller\Prekit1Controller.class.php 第 129 行.
NOTIC: [2] mssql_result() [<a href='function.mssql-result'>function.mssql-result</a>]: Bad row offset (1) C:\wamp\www\thinkaaron\buyerteam\Home\Controller\Prekit1Controller.class.php 第 130 行.
SQL: SELECT T1.* FROM (SELECT thinkphp.*, ROW_NUMBER() OVER ( ORDER BY rand()) AS ROW_NUMBER FROM (SELECT  * FROM dbo.prekit1 WHERE ( ZMODPN='' )) AS thinkphp) AS T1  [ RunTime:0.000197s ]
INFO: [ view_parse ] --START--
INFO: [ template_filter ] --START--
INFO: Run Behavior\ContentReplaceBehavior [ RunTime:0.000144s ]
INFO: [ template_filter ] --END-- [ RunTime:0.000347s ]
NOTIC: [8] Undefined variable: output1 C:\wamp\www\thinkaaron\buyerteam\Runtime\Cache\Home\b02b26698ed50d70e5089f98d63e0847.php 第 62 行.
NOTIC: [8] Undefined variable: output1 C:\wamp\www\thinkaaron\buyerteam\Runtime\Cache\Home\b02b26698ed50d70e5089f98d63e0847.php 第 97 行.
NOTIC: [8] Undefined offset: 1 C:\wamp\www\thinkaaron\buyerteam\Runtime\Cache\Home\b02b26698ed50d70e5089f98d63e0847.php 第 130 行.

[ 2015-11-20T15:28:46+08:00 ] 15.109.93.34 /thinkaaron/indexbuyer.php/home/prekit1/prekit2
INFO: [ app_init ] --START--
INFO: Run Behavior\BuildLiteBehavior [ RunTime:0.000040s ]
INFO: [ app_init ] --END-- [ RunTime:0.000690s ]
INFO: [ app_begin ] --START--
INFO: Run Behavior\ReadHtmlCacheBehavior [ RunTime:0.000869s ]
INFO: [ app_begin ] --END-- [ RunTime:0.001096s ]
SQL: SELECT   column_name,   data_type,   column_default,   is_nullable
        FROM    information_schema.tables AS t
        JOIN    information_schema.columns AS c
        ON  t.table_catalog = c.table_catalog
        AND t.table_schema  = c.table_schema
        AND t.table_name    = c.table_name
        WHERE   t.table_name = 'dbo.prekit1' [ RunTime:0.000247s ]
NOTIC: [2] mssql_result() [<a href='function.mssql-result'>function.mssql-result</a>]: Bad row offset (0) C:\wamp\www\thinkaaron\buyerteam\Home\Controller\Prekit1Controller.class.php 第 129 行.
NOTIC: [2] mssql_result() [<a href='function.mssql-result'>function.mssql-result</a>]: Bad row offset (1) C:\wamp\www\thinkaaron\buyerteam\Home\Controller\Prekit1Controller.class.php 第 130 行.
SQL: SELECT T1.* FROM (SELECT thinkphp.*, ROW_NUMBER() OVER ( ORDER BY rand()) AS ROW_NUMBER FROM (SELECT  * FROM dbo.prekit1 WHERE ( ZMODPN='' )) AS thinkphp) AS T1  [ RunTime:0.000184s ]
INFO: [ view_parse ] --START--
INFO: [ template_filter ] --START--
INFO: Run Behavior\ContentReplaceBehavior [ RunTime:0.000144s ]
INFO: [ template_filter ] --END-- [ RunTime:0.000346s ]
NOTIC: [8] Undefined variable: output1 C:\wamp\www\thinkaaron\buyerteam\Runtime\Cache\Home\b02b26698ed50d70e5089f98d63e0847.php 第 62 行.
NOTIC: [8] Undefined variable: output1 C:\wamp\www\thinkaaron\buyerteam\Runtime\Cache\Home\b02b26698ed50d70e5089f98d63e0847.php 第 97 行.
NOTIC: [8] Undefined offset: 1 C:\wamp\www\thinkaaron\buyerteam\Runtime\Cache\Home\b02b26698ed50d70e5089f98d63e0847.php 第 130 行.

[ 2015-11-20T15:28:58+08:00 ] 15.109.93.34 /thinkaaron/indexbuyer.php/home/prekit1/prekit3
INFO: [ app_init ] --START--
INFO: Run Behavior\BuildLiteBehavior [ RunTime:0.000040s ]
INFO: [ app_init ] --END-- [ RunTime:0.000690s ]
INFO: [ app_begin ] --START--
INFO: Run Behavior\ReadHtmlCacheBehavior [ RunTime:0.000942s ]
INFO: [ app_begin ] --END-- [ RunTime:0.001170s ]
SQL: SELECT   column_name,   data_type,   column_default,   is_nullable
        FROM    information_schema.tables AS t
        JOIN    information_schema.columns AS c
        ON  t.table_catalog = c.table_catalog
        AND t.table_schema  = c.table_schema
        AND t.table_name    = c.table_name
        WHERE   t.table_name = 'dbo.prekit3' [ RunTime:0.000300s ]
NOTIC: [2] in_array() expects parameter 2 to be array, boolean given C:\wamp\www\thinkaaron\ThinkPHP\Library\Think\Model.class.php 第 918 行.
NOTIC: [2] in_array() expects parameter 2 to be array, boolean given C:\wamp\www\thinkaaron\ThinkPHP\Library\Think\Model.class.php 第 918 行.
NOTIC: [2] in_array() expects parameter 2 to be array, boolean given C:\wamp\www\thinkaaron\ThinkPHP\Library\Think\Model.class.php 第 918 行.
SQL: INSERT INTO dbo.prekit3 (KEYPN,ZMODPN) VALUES ('J6X49A','728713-B21') [ RunTime:0.000499s ]
INFO: [ view_parse ] --START--
INFO: [ template_filter ] --START--
INFO: Run Behavior\ContentReplaceBehavior [ RunTime:0.000113s ]
INFO: [ template_filter ] --END-- [ RunTime:0.000320s ]
INFO: Run Behavior\ParseTemplateBehavior [ RunTime:0.010583s ]
INFO: [ view_parse ] --END-- [ RunTime:0.010791s ]
INFO: [ view_filter ] --START--
INFO: Run Behavior\WriteHtmlCacheBehavior [ RunTime:0.000512s ]
INFO: [ view_filter ] --END-- [ RunTime:0.000709s ]

[ 2015-11-20T15:29:21+08:00 ] 15.109.93.34 /thinkaaron/indexbuyer.php/home/prekit1/prekit3
INFO: [ app_init ] --START--
INFO: Run Behavior\BuildLiteBehavior [ RunTime:0.000041s ]
INFO: [ app_init ] --END-- [ RunTime:0.000687s ]
INFO: [ app_begin ] --START--
INFO: Run Behavior\ReadHtmlCacheBehavior [ RunTime:0.000898s ]
INFO: [ app_begin ] --END-- [ RunTime:0.001126s ]
SQL: SELECT   column_name,   data_type,   column_default,   is_nullable
        FROM    information_schema.tables AS t
        JOIN    information_schema.columns AS c
        ON  t.table_catalog = c.table_catalog
        AND t.table_schema  = c.table_schema
        AND t.table_name    = c.table_name
        WHERE   t.table_name = 'dbo.prekit3' [ RunTime:0.000282s ]
NOTIC: [2] in_array() expects parameter 2 to be array, boolean given C:\wamp\www\thinkaaron\ThinkPHP\Library\Think\Model.class.php 第 918 行.
NOTIC: [2] in_array() expects parameter 2 to be array, boolean given C:\wamp\www\thinkaaron\ThinkPHP\Library\Think\Model.class.php 第 918 行.
NOTIC: [2] in_array() expects parameter 2 to be array, boolean given C:\wamp\www\thinkaaron\ThinkPHP\Library\Think\Model.class.php 第 918 行.
SQL: INSERT INTO dbo.prekit3 (KEYPN,ZMODPN) VALUES ('J6X50A','728713-B21') [ RunTime:0.000456s ]
INFO: [ view_parse ] --START--
INFO: [ template_filter ] --START--
INFO: Run Behavior\ContentReplaceBehavior [ RunTime:0.000113s ]
INFO: [ template_filter ] --END-- [ RunTime:0.000323s ]
INFO: Run Behavior\ParseTemplateBehavior [ RunTime:0.010866s ]
INFO: [ view_parse ] --END-- [ RunTime:0.011075s ]
INFO: [ view_filter ] --START--
INFO: Run Behavior\WriteHtmlCacheBehavior [ RunTime:0.000481s ]
INFO: [ view_filter ] --END-- [ RunTime:0.000679s ]

[ 2015-11-20T15:29:41+08:00 ] 15.109.93.34 /thinkaaron/indexbuyer.php/home/prekit1/prekit3
INFO: [ app_init ] --START--
INFO: Run Behavior\BuildLiteBehavior [ RunTime:0.000041s ]
INFO: [ app_init ] --END-- [ RunTime:0.000642s ]
INFO: [ app_begin ] --START--
INFO: Run Behavior\ReadHtmlCacheBehavior [ RunTime:0.000732s ]
INFO: [ app_begin ] --END-- [ RunTime:0.000960s ]
SQL: SELECT   column_name,   data_type,   column_default,   is_nullable
        FROM    information_schema.tables AS t
        JOIN    information_schema.columns AS c
        ON  t.table_catalog = c.table_catalog
        AND t.table_schema  = c.table_schema
        AND t.table_name    = c.table_name
        WHERE   t.table_name = 'dbo.prekit3' [ RunTime:0.000283s ]
NOTIC: [2] in_array() expects parameter 2 to be array, boolean given C:\wamp\www\thinkaaron\ThinkPHP\Library\Think\Model.class.php 第 918 行.
NOTIC: [2] in_array() expects parameter 2 to be array, boolean given C:\wamp\www\thinkaaron\ThinkPHP\Library\Think\Model.class.php 第 918 行.
NOTIC: [2] in_array() expects parameter 2 to be array, boolean given C:\wamp\www\thinkaaron\ThinkPHP\Library\Think\Model.class.php 第 918 行.
SQL: INSERT INTO dbo.prekit3 (KEYPN,ZMODPN) VALUES ('J6X85A','728713-B21') [ RunTime:0.000469s ]
INFO: [ view_parse ] --START--
INFO: [ template_filter ] --START--
INFO: Run Behavior\ContentReplaceBehavior [ RunTime:0.000113s ]
INFO: [ template_filter ] --END-- [ RunTime:0.000319s ]
INFO: Run Behavior\ParseTemplateBehavior [ RunTime:0.009770s ]
INFO: [ view_parse ] --END-- [ RunTime:0.009977s ]
INFO: [ view_filter ] --START--
INFO: Run Behavior\WriteHtmlCacheBehavior [ RunTime:0.000312s ]
INFO: [ view_filter ] --END-- [ RunTime:0.000510s ]

[ 2015-11-20T15:30:01+08:00 ] 15.109.93.34 /thinkaaron/indexbuyer.php/home/prekit1/prekit3
INFO: [ app_init ] --START--
INFO: Run Behavior\BuildLiteBehavior [ RunTime:0.000041s ]
INFO: [ app_init ] --END-- [ RunTime:0.000689s ]
INFO: [ app_begin ] --START--
INFO: Run Behavior\ReadHtmlCacheBehavior [ RunTime:0.000929s ]
INFO: [ app_begin ] --END-- [ RunTime:0.001157s ]
SQL: SELECT   column_name,   data_type,   column_default,   is_nullable
        FROM    information_schema.tables AS t
        JOIN    information_schema.columns AS c
        ON  t.table_catalog = c.table_catalog
        AND t.table_schema  = c.table_schema
        AND t.table_name    = c.table_name
        WHERE   t.table_name = 'dbo.prekit3' [ RunTime:0.000273s ]
NOTIC: [2] in_array() expects parameter 2 to be array, boolean given C:\wamp\www\thinkaaron\ThinkPHP\Library\Think\Model.class.php 第 918 行.
NOTIC: [2] in_array() expects parameter 2 to be array, boolean given C:\wamp\www\thinkaaron\ThinkPHP\Library\Think\Model.class.php 第 918 行.
NOTIC: [2] in_array() expects parameter 2 to be array, boolean given C:\wamp\www\thinkaaron\ThinkPHP\Library\Think\Model.class.php 第 918 行.
SQL: INSERT INTO dbo.prekit3 (KEYPN,ZMODPN) VALUES ('J6X86A','728713-B21') [ RunTime:0.000447s ]
INFO: [ view_parse ] --START--
INFO: [ template_filter ] --START--
INFO: Run Behavior\ContentReplaceBehavior [ RunTime:0.000111s ]
INFO: [ template_filter ] --END-- [ RunTime:0.000317s ]
INFO: Run Behavior\ParseTemplateBehavior [ RunTime:0.010645s ]
INFO: [ view_parse ] --END-- [ RunTime:0.010854s ]
INFO: [ view_filter ] --START--
INFO: Run Behavior\WriteHtmlCacheBehavior [ RunTime:0.000511s ]
INFO: [ view_filter ] --END-- [ RunTime:0.000709s ]

[ 2015-11-20T15:30:23+08:00 ] 15.109.93.34 /thinkaaron/indexbuyer.php/home/prekit1/prekit3
INFO: [ app_init ] --START--
INFO: Run Behavior\BuildLiteBehavior [ RunTime:0.000040s ]
INFO: [ app_init ] --END-- [ RunTime:0.000644s ]
INFO: [ app_begin ] --START--
INFO: Run Behavior\ReadHtmlCacheBehavior [ RunTime:0.000734s ]
INFO: [ app_begin ] --END-- [ RunTime:0.000960s ]
SQL: SELECT   column_name,   data_type,   column_default,   is_nullable
        FROM    information_schema.tables AS t
        JOIN    information_schema.columns AS c
        ON  t.table_catalog = c.table_catalog
        AND t.table_schema  = c.table_schema
        AND t.table_name    = c.table_name
        WHERE   t.table_name = 'dbo.prekit3' [ RunTime:0.000275s ]
NOTIC: [2] in_array() expects parameter 2 to be array, boolean given C:\wamp\www\thinkaaron\ThinkPHP\Library\Think\Model.class.php 第 918 行.
NOTIC: [2] in_array() expects parameter 2 to be array, boolean given C:\wamp\www\thinkaaron\ThinkPHP\Library\Think\Model.class.php 第 918 行.
NOTIC: [2] in_array() expects parameter 2 to be array, boolean given C:\wamp\www\thinkaaron\ThinkPHP\Library\Think\Model.class.php 第 918 行.
SQL: INSERT INTO dbo.prekit3 (KEYPN,ZMODPN) VALUES ('K1Z00A','728713-B21') [ RunTime:0.000456s ]
INFO: [ view_parse ] --START--
INFO: [ template_filter ] --START--
INFO: Run Behavior\ContentReplaceBehavior [ RunTime:0.000113s ]
INFO: [ template_filter ] --END-- [ RunTime:0.000322s ]
INFO: Run Behavior\ParseTemplateBehavior [ RunTime:0.009923s ]
INFO: [ view_parse ] --END-- [ RunTime:0.010130s ]
INFO: [ view_filter ] --START--
INFO: Run Behavior\WriteHtmlCacheBehavior [ RunTime:0.000403s ]
INFO: [ view_filter ] --END-- [ RunTime:0.000601s ]

[ 2015-11-20T15:30:46+08:00 ] 15.109.93.34 /thinkaaron/indexbuyer.php/home/prekit1/prekit3
INFO: [ app_init ] --START--
INFO: Run Behavior\BuildLiteBehavior [ RunTime:0.000040s ]
INFO: [ app_init ] --END-- [ RunTime:0.000696s ]
INFO: [ app_begin ] --START--
INFO: Run Behavior\ReadHtmlCacheBehavior [ RunTime:0.000848s ]
INFO: [ app_begin ] --END-- [ RunTime:0.001076s ]
SQL: SELECT   column_name,   data_type,   column_default,   is_nullable
        FROM    information_schema.tables AS t
        JOIN    information_schema.columns AS c
        ON  t.table_catalog = c.table_catalog
        AND t.table_schema  = c.table_schema
        AND t.table_name    = c.table_name
        WHERE   t.table_name = 'dbo.prekit3' [ RunTime:0.000264s ]
NOTIC: [2] in_array() expects parameter 2 to be array, boolean given C:\wamp\www\thinkaaron\ThinkPHP\Library\Think\Model.class.php 第 918 行.
NOTIC: [2] in_array() expects parameter 2 to be array, boolean given C:\wamp\www\thinkaaron\ThinkPHP\Library\Think\Model.class.php 第 918 行.
NOTIC: [2] in_array() expects parameter 2 to be array, boolean given C:\wamp\www\thinkaaron\ThinkPHP\Library\Think\Model.class.php 第 918 行.
SQL: INSERT INTO dbo.prekit3 (KEYPN,ZMODPN) VALUES ('K1Z03A','728713-B21') [ RunTime:0.000434s ]
INFO: [ view_parse ] --START--
INFO: [ template_filter ] --START--
INFO: Run Behavior\ContentReplaceBehavior [ RunTime:0.000113s ]
INFO: [ template_filter ] --END-- [ RunTime:0.000321s ]
INFO: Run Behavior\ParseTemplateBehavior [ RunTime:0.010291s ]
INFO: [ view_parse ] --END-- [ RunTime:0.010501s ]
INFO: [ view_filter ] --START--
INFO: Run Behavior\WriteHtmlCacheBehavior [ RunTime:0.000400s ]
INFO: [ view_filter ] --END-- [ RunTime:0.000599s ]

[ 2015-11-20T15:31:13+08:00 ] 15.109.93.34 /thinkaaron/indexbuyer.php/home/prekit1/prekit3
INFO: [ app_init ] --START--
INFO: Run Behavior\BuildLiteBehavior [ RunTime:0.000041s ]
INFO: [ app_init ] --END-- [ RunTime:0.000685s ]
INFO: [ app_begin ] --START--
INFO: Run Behavior\ReadHtmlCacheBehavior [ RunTime:0.000967s ]
INFO: [ app_begin ] --END-- [ RunTime:0.001195s ]
SQL: SELECT   column_name,   data_type,   column_default,   is_nullable
        FROM    information_schema.tables AS t
        JOIN    information_schema.columns AS c
        ON  t.table_catalog = c.table_catalog
        AND t.table_schema  = c.table_schema
        AND t.table_name    = c.table_name
        WHERE   t.table_name = 'dbo.prekit3' [ RunTime:0.000275s ]
NOTIC: [2] in_array() expects parameter 2 to be array, boolean given C:\wamp\www\thinkaaron\ThinkPHP\Library\Think\Model.class.php 第 918 行.
NOTIC: [2] in_array() expects parameter 2 to be array, boolean given C:\wamp\www\thinkaaron\ThinkPHP\Library\Think\Model.class.php 第 918 行.
NOTIC: [2] in_array() expects parameter 2 to be array, boolean given C:\wamp\www\thinkaaron\ThinkPHP\Library\Think\Model.class.php 第 918 行.
SQL: INSERT INTO dbo.prekit3 (KEYPN,ZMODPN) VALUES ('K2K55A','728713-B21') [ RunTime:0.000465s ]
INFO: [ view_parse ] --START--
INFO: [ template_filter ] --START--
INFO: Run Behavior\ContentReplaceBehavior [ RunTime:0.000112s ]
INFO: [ template_filter ] --END-- [ RunTime:0.000320s ]
INFO: Run Behavior\ParseTemplateBehavior [ RunTime:0.010183s ]
INFO: [ view_parse ] --END-- [ RunTime:0.010391s ]
INFO: [ view_filter ] --START--
INFO: Run Behavior\WriteHtmlCacheBehavior [ RunTime:0.000399s ]
INFO: [ view_filter ] --END-- [ RunTime:0.000596s ]

[ 2015-11-20T15:31:34+08:00 ] 15.109.93.34 /thinkaaron/indexbuyer.php/home/prekit1/prekit3
INFO: [ app_init ] --START--
INFO: Run Behavior\BuildLiteBehavior [ RunTime:0.000040s ]
INFO: [ app_init ] --END-- [ RunTime:0.000646s ]
INFO: [ app_begin ] --START--
INFO: Run Behavior\ReadHtmlCacheBehavior [ RunTime:0.000741s ]
INFO: [ app_begin ] --END-- [ RunTime:0.000970s ]
SQL: SELECT   column_name,   data_type,   column_default,   is_nullable
        FROM    information_schema.tables AS t
        JOIN    information_schema.columns AS c
        ON  t.table_catalog = c.table_catalog
        AND t.table_schema  = c.table_schema
        AND t.table_name    = c.table_name
        WHERE   t.table_name = 'dbo.prekit3' [ RunTime:0.000287s ]
NOTIC: [2] in_array() expects parameter 2 to be array, boolean given C:\wamp\www\thinkaaron\ThinkPHP\Library\Think\Model.class.php 第 918 行.
NOTIC: [2] in_array() expects parameter 2 to be array, boolean given C:\wamp\www\thinkaaron\ThinkPHP\Library\Think\Model.class.php 第 918 行.
NOTIC: [2] in_array() expects parameter 2 to be array, boolean given C:\wamp\www\thinkaaron\ThinkPHP\Library\Think\Model.class.php 第 918 行.
SQL: INSERT INTO dbo.prekit3 (KEYPN,ZMODPN) VALUES ('K3Z39A','728713-B21') [ RunTime:0.000444s ]
INFO: [ view_parse ] --START--
INFO: [ template_filter ] --START--
INFO: Run Behavior\ContentReplaceBehavior [ RunTime:0.000112s ]
INFO: [ template_filter ] --END-- [ RunTime:0.000320s ]
INFO: Run Behavior\ParseTemplateBehavior [ RunTime:0.009840s ]
INFO: [ view_parse ] --END-- [ RunTime:0.010047s ]
INFO: [ view_filter ] --START--
INFO: Run Behavior\WriteHtmlCacheBehavior [ RunTime:0.000312s ]
INFO: [ view_filter ] --END-- [ RunTime:0.000510s ]

[ 2015-11-20T15:31:56+08:00 ] 15.109.93.34 /thinkaaron/indexbuyer.php/home/prekit1/prekit3
INFO: [ app_init ] --START--
INFO: Run Behavior\BuildLiteBehavior [ RunTime:0.000040s ]
INFO: [ app_init ] --END-- [ RunTime:0.000688s ]
INFO: [ app_begin ] --START--
INFO: Run Behavior\ReadHtmlCacheBehavior [ RunTime:0.000864s ]
INFO: [ app_begin ] --END-- [ RunTime:0.001090s ]
SQL: SELECT   column_name,   data_type,   column_default,   is_nullable
        FROM    information_schema.tables AS t
        JOIN    information_schema.columns AS c
        ON  t.table_catalog = c.table_catalog
        AND t.table_schema  = c.table_schema
        AND t.table_name    = c.table_name
        WHERE   t.table_name = 'dbo.prekit3' [ RunTime:0.000284s ]
NOTIC: [2] in_array() expects parameter 2 to be array, boolean given C:\wamp\www\thinkaaron\ThinkPHP\Library\Think\Model.class.php 第 918 行.
NOTIC: [2] in_array() expects parameter 2 to be array, boolean given C:\wamp\www\thinkaaron\ThinkPHP\Library\Think\Model.class.php 第 918 行.
NOTIC: [2] in_array() expects parameter 2 to be array, boolean given C:\wamp\www\thinkaaron\ThinkPHP\Library\Think\Model.class.php 第 918 行.
SQL: INSERT INTO dbo.prekit3 (KEYPN,ZMODPN) VALUES ('L2E31A','728713-B21') [ RunTime:0.000464s ]
INFO: [ view_parse ] --START--
INFO: [ template_filter ] --START--
INFO: Run Behavior\ContentReplaceBehavior [ RunTime:0.000112s ]
INFO: [ template_filter ] --END-- [ RunTime:0.000319s ]
INFO: Run Behavior\ParseTemplateBehavior [ RunTime:0.010123s ]
INFO: [ view_parse ] --END-- [ RunTime:0.010329s ]
INFO: [ view_filter ] --START--
INFO: Run Behavior\WriteHtmlCacheBehavior [ RunTime:0.000312s ]
INFO: [ view_filter ] --END-- [ RunTime:0.000509s ]

[ 2015-11-20T15:32:22+08:00 ] 15.109.93.34 /thinkaaron/indexbuyer.php/home/prekit1/prekit3
INFO: [ app_init ] --START--
INFO: Run Behavior\BuildLiteBehavior [ RunTime:0.000039s ]
INFO: [ app_init ] --END-- [ RunTime:0.000611s ]
INFO: [ app_begin ] --START--
INFO: Run Behavior\ReadHtmlCacheBehavior [ RunTime:0.000698s ]
INFO: [ app_begin ] --END-- [ RunTime:0.000917s ]
SQL: SELECT   column_name,   data_type,   column_default,   is_nullable
        FROM    information_schema.tables AS t
        JOIN    information_schema.columns AS c
        ON  t.table_catalog = c.table_catalog
        AND t.table_schema  = c.table_schema
        AND t.table_name    = c.table_name
        WHERE   t.table_name = 'dbo.prekit3' [ RunTime:0.000331s ]
NOTIC: [2] in_array() expects parameter 2 to be array, boolean given C:\wamp\www\thinkaaron\ThinkPHP\Library\Think\Model.class.php 第 918 行.
NOTIC: [2] in_array() expects parameter 2 to be array, boolean given C:\wamp\www\thinkaaron\ThinkPHP\Library\Think\Model.class.php 第 918 行.
NOTIC: [2] in_array() expects parameter 2 to be array, boolean given C:\wamp\www\thinkaaron\ThinkPHP\Library\Think\Model.class.php 第 918 行.
SQL: INSERT INTO dbo.prekit3 (KEYPN,ZMODPN) VALUES ('L4W92A','728713-B21') [ RunTime:0.000508s ]
INFO: [ view_parse ] --START--
INFO: [ template_filter ] --START--
INFO: Run Behavior\ContentReplaceBehavior [ RunTime:0.000112s ]
INFO: [ template_filter ] --END-- [ RunTime:0.000316s ]
INFO: Run Behavior\ParseTemplateBehavior [ RunTime:0.009553s ]
INFO: [ view_parse ] --END-- [ RunTime:0.009758s ]
INFO: [ view_filter ] --START--
INFO: Run Behavior\WriteHtmlCacheBehavior [ RunTime:0.000310s ]
INFO: [ view_filter ] --END-- [ RunTime:0.000505s ]

[ 2015-11-20T15:32:40+08:00 ] 15.109.93.34 /thinkaaron/indexbuyer.php/home/prekit1/prekit3
INFO: [ app_init ] --START--
INFO: Run Behavior\BuildLiteBehavior [ RunTime:0.000040s ]
INFO: [ app_init ] --END-- [ RunTime:0.000674s ]
INFO: [ app_begin ] --START--
INFO: Run Behavior\ReadHtmlCacheBehavior [ RunTime:0.000915s ]
INFO: [ app_begin ] --END-- [ RunTime:0.001140s ]
SQL: SELECT   column_name,   data_type,   column_default,   is_nullable
        FROM    information_schema.tables AS t
        JOIN    information_schema.columns AS c
        ON  t.table_catalog = c.table_catalog
        AND t.table_schema  = c.table_schema
        AND t.table_name    = c.table_name
        WHERE   t.table_name = 'dbo.prekit3' [ RunTime:0.000292s ]
NOTIC: [2] in_array() expects parameter 2 to be array, boolean given C:\wamp\www\thinkaaron\ThinkPHP\Library\Think\Model.class.php 第 918 行.
NOTIC: [2] in_array() expects parameter 2 to be array, boolean given C:\wamp\www\thinkaaron\ThinkPHP\Library\Think\Model.class.php 第 918 行.
NOTIC: [2] in_array() expects parameter 2 to be array, boolean given C:\wamp\www\thinkaaron\ThinkPHP\Library\Think\Model.class.php 第 918 行.
SQL: INSERT INTO dbo.prekit3 (KEYPN,ZMODPN) VALUES ('M8X02A','728713-B21') [ RunTime:0.000518s ]
INFO: [ view_parse ] --START--
INFO: [ template_filter ] --START--
INFO: Run Behavior\ContentReplaceBehavior [ RunTime:0.000111s ]
INFO: [ template_filter ] --END-- [ RunTime:0.000319s ]
INFO: Run Behavior\ParseTemplateBehavior [ RunTime:0.010793s ]
INFO: [ view_parse ] --END-- [ RunTime:0.011002s ]
INFO: [ view_filter ] --START--
INFO: Run Behavior\WriteHtmlCacheBehavior [ RunTime:0.000481s ]
INFO: [ view_filter ] --END-- [ RunTime:0.000679s ]

[ 2015-11-20T15:33:01+08:00 ] 15.109.93.34 /thinkaaron/indexbuyer.php/home/prekit1/prekit3
INFO: [ app_init ] --START--
INFO: Run Behavior\BuildLiteBehavior [ RunTime:0.000041s ]
INFO: [ app_init ] --END-- [ RunTime:0.000704s ]
INFO: [ app_begin ] --START--
INFO: Run Behavior\ReadHtmlCacheBehavior [ RunTime:0.000940s ]
INFO: [ app_begin ] --END-- [ RunTime:0.001168s ]
SQL: SELECT   column_name,   data_type,   column_default,   is_nullable
        FROM    information_schema.tables AS t
        JOIN    information_schema.columns AS c
        ON  t.table_catalog = c.table_catalog
        AND t.table_schema  = c.table_schema
        AND t.table_name    = c.table_name
        WHERE   t.table_name = 'dbo.prekit3' [ RunTime:0.000296s ]
NOTIC: [2] in_array() expects parameter 2 to be array, boolean given C:\wamp\www\thinkaaron\ThinkPHP\Library\Think\Model.class.php 第 918 行.
NOTIC: [2] in_array() expects parameter 2 to be array, boolean given C:\wamp\www\thinkaaron\ThinkPHP\Library\Think\Model.class.php 第 918 行.
NOTIC: [2] in_array() expects parameter 2 to be array, boolean given C:\wamp\www\thinkaaron\ThinkPHP\Library\Think\Model.class.php 第 918 行.
SQL: INSERT INTO dbo.prekit3 (KEYPN,ZMODPN) VALUES ('N4E86A','728713-B21') [ RunTime:0.000451s ]
INFO: [ view_parse ] --START--
INFO: [ template_filter ] --START--
INFO: Run Behavior\ContentReplaceBehavior [ RunTime:0.000112s ]
INFO: [ template_filter ] --END-- [ RunTime:0.000320s ]
INFO: Run Behavior\ParseTemplateBehavior [ RunTime:0.010579s ]
INFO: [ view_parse ] --END-- [ RunTime:0.010793s ]
INFO: [ view_filter ] --START--
INFO: Run Behavior\WriteHtmlCacheBehavior [ RunTime:0.000415s ]
INFO: [ view_filter ] --END-- [ RunTime:0.000614s ]

[ 2015-11-20T15:33:21+08:00 ] 15.109.93.34 /thinkaaron/indexbuyer.php/home/prekit1/prekit3
INFO: [ app_init ] --START--
INFO: Run Behavior\BuildLiteBehavior [ RunTime:0.000040s ]
INFO: [ app_init ] --END-- [ RunTime:0.000669s ]
INFO: [ app_begin ] --START--
INFO: Run Behavior\ReadHtmlCacheBehavior [ RunTime:0.000846s ]
INFO: [ app_begin ] --END-- [ RunTime:0.001074s ]
SQL: SELECT   column_name,   data_type,   column_default,   is_nullable
        FROM    information_schema.tables AS t
        JOIN    information_schema.columns AS c
        ON  t.table_catalog = c.table_catalog
        AND t.table_schema  = c.table_schema
        AND t.table_name    = c.table_name
        WHERE   t.table_name = 'dbo.prekit3' [ RunTime:0.000301s ]
NOTIC: [2] in_array() expects parameter 2 to be array, boolean given C:\wamp\www\thinkaaron\ThinkPHP\Library\Think\Model.class.php 第 918 行.
NOTIC: [2] in_array() expects parameter 2 to be array, boolean given C:\wamp\www\thinkaaron\ThinkPHP\Library\Think\Model.class.php 第 918 行.
NOTIC: [2] in_array() expects parameter 2 to be array, boolean given C:\wamp\www\thinkaaron\ThinkPHP\Library\Think\Model.class.php 第 918 行.
SQL: INSERT INTO dbo.prekit3 (KEYPN,ZMODPN) VALUES ('N4E87A','728713-B21') [ RunTime:0.000740s ]
INFO: [ view_parse ] --START--
INFO: [ template_filter ] --START--
INFO: Run Behavior\ContentReplaceBehavior [ RunTime:0.000112s ]
INFO: [ template_filter ] --END-- [ RunTime:0.000320s ]
INFO: Run Behavior\ParseTemplateBehavior [ RunTime:0.010312s ]
INFO: [ view_parse ] --END-- [ RunTime:0.010521s ]
INFO: [ view_filter ] --START--
INFO: Run Behavior\WriteHtmlCacheBehavior [ RunTime:0.000399s ]
INFO: [ view_filter ] --END-- [ RunTime:0.000598s ]

[ 2015-11-20T15:33:40+08:00 ] 15.109.93.34 /thinkaaron/indexbuyer.php/home/prekit1/prekit3
INFO: [ app_init ] --START--
INFO: Run Behavior\BuildLiteBehavior [ RunTime:0.000041s ]
INFO: [ app_init ] --END-- [ RunTime:0.000684s ]
INFO: [ app_begin ] --START--
INFO: Run Behavior\ReadHtmlCacheBehavior [ RunTime:0.000847s ]
INFO: [ app_begin ] --END-- [ RunTime:0.001075s ]
SQL: SELECT   column_name,   data_type,   column_default,   is_nullable
        FROM    information_schema.tables AS t
        JOIN    information_schema.columns AS c
        ON  t.table_catalog = c.table_catalog
        AND t.table_schema  = c.table_schema
        AND t.table_name    = c.table_name
        WHERE   t.table_name = 'dbo.prekit3' [ RunTime:0.000286s ]
NOTIC: [2] in_array() expects parameter 2 to be array, boolean given C:\wamp\www\thinkaaron\ThinkPHP\Library\Think\Model.class.php 第 918 行.
NOTIC: [2] in_array() expects parameter 2 to be array, boolean given C:\wamp\www\thinkaaron\ThinkPHP\Library\Think\Model.class.php 第 918 行.
NOTIC: [2] in_array() expects parameter 2 to be array, boolean given C:\wamp\www\thinkaaron\ThinkPHP\Library\Think\Model.class.php 第 918 行.
SQL: INSERT INTO dbo.prekit3 (KEYPN,ZMODPN) VALUES ('P5E03A','728713-B21') [ RunTime:0.000437s ]
INFO: [ view_parse ] --START--
INFO: [ template_filter ] --START--
INFO: Run Behavior\ContentReplaceBehavior [ RunTime:0.000111s ]
INFO: [ template_filter ] --END-- [ RunTime:0.000319s ]
INFO: Run Behavior\ParseTemplateBehavior [ RunTime:0.010189s ]
INFO: [ view_parse ] --END-- [ RunTime:0.010397s ]
INFO: [ view_filter ] --START--
INFO: Run Behavior\WriteHtmlCacheBehavior [ RunTime:0.000397s ]
INFO: [ view_filter ] --END-- [ RunTime:0.000596s ]

[ 2015-11-20T15:34:00+08:00 ] 15.109.93.34 /thinkaaron/indexbuyer.php/home/prekit1/prekit3
INFO: [ app_init ] --START--
INFO: Run Behavior\BuildLiteBehavior [ RunTime:0.000040s ]
INFO: [ app_init ] --END-- [ RunTime:0.000688s ]
INFO: [ app_begin ] --START--
INFO: Run Behavior\ReadHtmlCacheBehavior [ RunTime:0.000854s ]
INFO: [ app_begin ] --END-- [ RunTime:0.001083s ]
SQL: SELECT   column_name,   data_type,   column_default,   is_nullable
        FROM    information_schema.tables AS t
        JOIN    information_schema.columns AS c
        ON  t.table_catalog = c.table_catalog
        AND t.table_schema  = c.table_schema
        AND t.table_name    = c.table_name
        WHERE   t.table_name = 'dbo.prekit3' [ RunTime:0.000294s ]
NOTIC: [2] in_array() expects parameter 2 to be array, boolean given C:\wamp\www\thinkaaron\ThinkPHP\Library\Think\Model.class.php 第 918 行.
NOTIC: [2] in_array() expects parameter 2 to be array, boolean given C:\wamp\www\thinkaaron\ThinkPHP\Library\Think\Model.class.php 第 918 行.
NOTIC: [2] in_array() expects parameter 2 to be array, boolean given C:\wamp\www\thinkaaron\ThinkPHP\Library\Think\Model.class.php 第 918 行.
SQL: INSERT INTO dbo.prekit3 (KEYPN,ZMODPN) VALUES ('P5E04A','728713-B21') [ RunTime:0.000457s ]
INFO: [ view_parse ] --START--
INFO: [ template_filter ] --START--
INFO: Run Behavior\ContentReplaceBehavior [ RunTime:0.000120s ]
INFO: [ template_filter ] --END-- [ RunTime:0.000352s ]
INFO: Run Behavior\ParseTemplateBehavior [ RunTime:0.010356s ]
INFO: [ view_parse ] --END-- [ RunTime:0.010577s ]
INFO: [ view_filter ] --START--
INFO: Run Behavior\WriteHtmlCacheBehavior [ RunTime:0.000440s ]
INFO: [ view_filter ] --END-- [ RunTime:0.000656s ]

[ 2015-11-20T15:34:26+08:00 ] 15.109.93.34 /thinkaaron/indexbuyer.php/home/prekit1/prekit3
INFO: [ app_init ] --START--
INFO: Run Behavior\BuildLiteBehavior [ RunTime:0.000040s ]
INFO: [ app_init ] --END-- [ RunTime:0.000688s ]
INFO: [ app_begin ] --START--
INFO: Run Behavior\ReadHtmlCacheBehavior [ RunTime:0.000930s ]
INFO: [ app_begin ] --END-- [ RunTime:0.001157s ]
SQL: SELECT   column_name,   data_type,   column_default,   is_nullable
        FROM    information_schema.tables AS t
        JOIN    information_schema.columns AS c
        ON  t.table_catalog = c.table_catalog
        AND t.table_schema  = c.table_schema
        AND t.table_name    = c.table_name
        WHERE   t.table_name = 'dbo.prekit3' [ RunTime:0.000307s ]
NOTIC: [2] in_array() expects parameter 2 to be array, boolean given C:\wamp\www\thinkaaron\ThinkPHP\Library\Think\Model.class.php 第 918 行.
NOTIC: [2] in_array() expects parameter 2 to be array, boolean given C:\wamp\www\thinkaaron\ThinkPHP\Library\Think\Model.class.php 第 918 行.
NOTIC: [2] in_array() expects parameter 2 to be array, boolean given C:\wamp\www\thinkaaron\ThinkPHP\Library\Think\Model.class.php 第 918 行.
SQL: INSERT INTO dbo.prekit3 (KEYPN,ZMODPN) VALUES ('P5E05A','728713-B21') [ RunTime:0.000508s ]
INFO: [ view_parse ] --START--
INFO: [ template_filter ] --START--
INFO: Run Behavior\ContentReplaceBehavior [ RunTime:0.000112s ]
INFO: [ template_filter ] --END-- [ RunTime:0.000320s ]
INFO: Run Behavior\ParseTemplateBehavior [ RunTime:0.010653s ]
INFO: [ view_parse ] --END-- [ RunTime:0.010861s ]
INFO: [ view_filter ] --START--
INFO: Run Behavior\WriteHtmlCacheBehavior [ RunTime:0.000509s ]
INFO: [ view_filter ] --END-- [ RunTime:0.000707s ]

[ 2015-11-20T18:26:17+08:00 ] 16.187.194.24 /thinkaaron/indexbuyer.php/home/prekit1/prekit2
INFO: [ app_init ] --START--
INFO: Run Behavior\BuildLiteBehavior [ RunTime:0.000040s ]
INFO: [ app_init ] --END-- [ RunTime:0.000688s ]
INFO: [ app_begin ] --START--
INFO: Run Behavior\ReadHtmlCacheBehavior [ RunTime:0.000931s ]
INFO: [ app_begin ] --END-- [ RunTime:0.001157s ]
SQL: SELECT   column_name,   data_type,   column_default,   is_nullable
        FROM    information_schema.tables AS t
        JOIN    information_schema.columns AS c
        ON  t.table_catalog = c.table_catalog
        AND t.table_schema  = c.table_schema
        AND t.table_name    = c.table_name
        WHERE   t.table_name = 'dbo.prekit1' [ RunTime:0.000308s ]
NOTIC: [2] mssql_result() [<a href='function.mssql-result'>function.mssql-result</a>]: Bad row offset (1) C:\wamp\www\thinkaaron\buyerteam\Home\Controller\Prekit1Controller.class.php 第 130 行.
SQL: SELECT T1.* FROM (SELECT thinkphp.*, ROW_NUMBER() OVER ( ORDER BY rand()) AS ROW_NUMBER FROM (SELECT  * FROM dbo.prekit1 WHERE ( ZMODPN='728713-B21' )) AS thinkphp) AS T1  [ RunTime:0.000240s ]
INFO: [ view_parse ] --START--
INFO: [ template_filter ] --START--
INFO: Run Behavior\ContentReplaceBehavior [ RunTime:0.000159s ]
INFO: [ template_filter ] --END-- [ RunTime:0.000364s ]
NOTIC: [8] Undefined variable: output1 C:\wamp\www\thinkaaron\buyerteam\Runtime\Cache\Home\b02b26698ed50d70e5089f98d63e0847.php 第 62 行.
NOTIC: [8] Undefined variable: output1 C:\wamp\www\thinkaaron\buyerteam\Runtime\Cache\Home\b02b26698ed50d70e5089f98d63e0847.php 第 97 行.
NOTIC: [8] Undefined offset: 1 C:\wamp\www\thinkaaron\buyerteam\Runtime\Cache\Home\b02b26698ed50d70e5089f98d63e0847.php 第 130 行.
NOTIC: [8] Undefined variable: output1 C:\wamp\www\thinkaaron\buyerteam\Runtime\Cache\Home\b02b26698ed50d70e5089f98d63e0847.php 第 174 行.
NOTIC: [8] Undefined offset: 1 C:\wamp\www\thinkaaron\buyerteam\Runtime\Cache\Home\b02b26698ed50d70e5089f98d63e0847.php 第 190 行.
INFO: Run Behavior\ParseTemplateBehavior [ RunTime:0.014954s ]
INFO: [ view_parse ] --END-- [ RunTime:0.015160s ]
INFO: [ view_filter ] --START--
INFO: Run Behavior\WriteHtmlCacheBehavior [ RunTime:0.000415s ]
INFO: [ view_filter ] --END-- [ RunTime:0.000606s ]
INFO: [ app_end ] --START--
INFO: Run Behavior\ShowPageTraceBehavior [ RunTime:0.000864s ]
INFO: [ app_end ] --END-- [ RunTime:0.001065s ]

[ 2015-11-20T20:51:38+08:00 ] 16.187.228.72 /thinkaaron/indexbuyer.php/home/prekit1/prekit2
INFO: [ app_init ] --START--
INFO: Run Behavior\BuildLiteBehavior [ RunTime:0.000040s ]
INFO: [ app_init ] --END-- [ RunTime:0.000689s ]
INFO: [ app_begin ] --START--
INFO: Run Behavior\ReadHtmlCacheBehavior [ RunTime:0.000936s ]
INFO: [ app_begin ] --END-- [ RunTime:0.001162s ]
SQL: SELECT   column_name,   data_type,   column_default,   is_nullable
        FROM    information_schema.tables AS t
        JOIN    information_schema.columns AS c
        ON  t.table_catalog = c.table_catalog
        AND t.table_schema  = c.table_schema
        AND t.table_name    = c.table_name
        WHERE   t.table_name = 'dbo.prekit1' [ RunTime:0.000292s ]
NOTIC: [2] mssql_result() [<a href='function.mssql-result'>function.mssql-result</a>]: Bad row offset (1) C:\wamp\www\thinkaaron\buyerteam\Home\Controller\Prekit1Controller.class.php 第 130 行.
SQL: SELECT T1.* FROM (SELECT thinkphp.*, ROW_NUMBER() OVER ( ORDER BY rand()) AS ROW_NUMBER FROM (SELECT  * FROM dbo.prekit1 WHERE ( ZMODPN='728713-B21' )) AS thinkphp) AS T1  [ RunTime:0.000231s ]
INFO: [ view_parse ] --START--
INFO: [ template_filter ] --START--
INFO: Run Behavior\ContentReplaceBehavior [ RunTime:0.000150s ]
INFO: [ template_filter ] --END-- [ RunTime:0.000354s ]
NOTIC: [8] Undefined variable: output1 C:\wamp\www\thinkaaron\buyerteam\Runtime\Cache\Home\b02b26698ed50d70e5089f98d63e0847.php 第 62 行.
NOTIC: [8] Undefined variable: output1 C:\wamp\www\thinkaaron\buyerteam\Runtime\Cache\Home\b02b26698ed50d70e5089f98d63e0847.php 第 97 行.
NOTIC: [8] Undefined offset: 1 C:\wamp\www\thinkaaron\buyerteam\Runtime\Cache\Home\b02b26698ed50d70e5089f98d63e0847.php 第 130 行.
NOTIC: [8] Undefined variable: output1 C:\wamp\www\thinkaaron\buyerteam\Runtime\Cache\Home\b02b26698ed50d70e5089f98d63e0847.php 第 174 行.
NOTIC: [8] Undefined offset: 1 C:\wamp\www\thinkaaron\buyerteam\Runtime\Cache\Home\b02b26698ed50d70e5089f98d63e0847.php 第 190 行.
INFO: Run Behavior\ParseTemplateBehavior [ RunTime:0.015131s ]
INFO: [ view_parse ] --END-- [ RunTime:0.015339s ]
INFO: [ view_filter ] --START--
INFO: Run Behavior\WriteHtmlCacheBehavior [ RunTime:0.000483s ]
INFO: [ view_filter ] --END-- [ RunTime:0.000675s ]
INFO: [ app_end ] --START--
INFO: Run Behavior\ShowPageTraceBehavior [ RunTime:0.000925s ]
INFO: [ app_end ] --END-- [ RunTime:0.001126s ]

